#
# A fatal error has been detected by the Java Runtime Environment:
#
#  SIGSEGV (0xb) at pc=0x00007fc247decfe5, pid=32220, tid=140472359716608
#
# JRE version: Java(TM) SE Runtime Environment (7.0_80-b15) (build 1.7.0_80-b15)
# Java VM: Java HotSpot(TM) 64-Bit Server VM (24.80-b11 mixed mode linux-amd64 compressed oops)
# Problematic frame:
# V  [libjvm.so+0x5bcfe5]  instanceKlass::oop_follow_contents(ParCompactionManager*, oopDesc*)+0x2c5
#
# Failed to write core dump. Core dumps have been disabled. To enable core dumping, try "ulimit -c unlimited" before starting Java again
#
# If you would like to submit a bug report, please visit:
#   http://bugreport.java.com/bugreport/crash.jsp
#

---------------  T H R E A D  ---------------

Current thread (0x00007fc24002b000):  GCTaskThread [stack: 0x00007fc2450a0000,0x00007fc2451a1000] [id=32231]

siginfo:si_signo=SIGSEGV: si_errno=0, si_code=128 (), si_addr=0x0000000000000000

Registers:
RAX=0x00007fc208400000, RBX=0x0000000713ea580c, RCX=0x0000000000000000, RDX=0x007ffffffc7c2000
RSP=0x00007fc24519fa30, RBP=0x00007fc24519fa90, RSI=0x0000000000000000, RDI=0x0000000000000003
R8 =0x0000000000000001, R9 =0x000000000000017d, R10=0x0000000000000008, R11=0x00007fc24867b800
R12=0x00007fc24867f860, R13=0x0000000000400000, R14=0x00007fc24006f500, R15=0x00007fc24006f500
RIP=0x00007fc247decfe5, EFLAGS=0x0000000000010216, CSGSFS=0x0000000000000033, ERR=0x0000000000000000
  TRAPNO=0x000000000000000d

Top of Stack: (sp=0x00007fc24519fa30)
0x00007fc24519fa30:   0000000713ea57e0 0000000708cf52d8
0x00007fc24519fa40:   0000000708cf52e0 0000000713ea581c
0x00007fc24519fa50:   0000000715780908 00007fc24006f540
0x00007fc24519fa60:   000000071392ab80 00007fc24006f500
0x00007fc24519fa70:   00007fc24867b800 00007fc248671bf8
0x00007fc24519fa80:   00007fc24006f500 00007fc24006f510
0x00007fc24519fa90:   00007fc24519fb80 00007fc2480a4e2c
0x00007fc24519faa0:   00007fc24006f540 00007fc24519faf0
0x00007fc24519fab0:   00007fc24519fb00 00007fc24519fae0
0x00007fc24519fac0:   00007fc24519fb20 00007fc24519fb30
0x00007fc24519fad0:   00007fc24006f540 00007fc24006f5c0
0x00007fc24519fae0:   0000000000000000 00007fc200000000
0x00007fc24519faf0:   00007fc24519fb80 000000071246f340
0x00007fc24519fb00:   000000071393f4a4 00007fc24867f860
0x00007fc24519fb10:   00007fc24519fb80 00007fc247ded036
0x00007fc24519fb20:   000000071393f498 0000000708c5c6d0
0x00007fc24519fb30:   0000002000000002 000000071393f4a8
0x00007fc24519fb40:   0000002100000002 00007fc24006f540
0x00007fc24519fb50:   0000000000000000 0000000000000000
0x00007fc24519fb60:   00007fc24006e930 0000000000000006
0x00007fc24519fb70:   00007fc24006f500 00007fc248244e95
0x00007fc24519fb80:   00007fc24519fcb0 00007fc24808c4fe
0x00007fc24519fb90:   0000000000000000 00007fc24519fc50
0x00007fc24519fba0:   00007fc24519fc40 00007fc24519fc30
0x00007fc24519fbb0:   00007fc24519fc20 00007fc24519fc60
0x00007fc24519fbc0:   00007fc24519fc70 00007fc24519fc7c
0x00007fc24519fbd0:   00007fc1f82c0f60 0000000000000000
0x00007fc24519fbe0:   00007fc24519fc20 00007fc24801445f
0x00007fc24519fbf0:   00007fc24002b000 0000000000000001
0x00007fc24519fc00:   0000000000000000 00007fc24002b000
0x00007fc24519fc10:   00007fc24006f540 00007fc24006f5c0
0x00007fc24519fc20:   00007fc24519fc70 00007fc248014b8e 

Instructions: (pc=0x00007fc247decfe5)
0x00007fc247decfc5:   89 c1 49 8b 44 24 30 49 d3 e8 4c 89 c2 44 89 c1
0x00007fc247decfd5:   41 b8 01 00 00 00 83 e1 3f 48 c1 ea 06 49 d3 e0
0x00007fc247decfe5:   4c 85 04 d0 75 8d 48 8b 05 a6 f3 84 00 80 38 00
0x00007fc247decff5:   0f 85 05 02 00 00 49 8b 45 08 48 8d 70 10 4c 89 

Register to memory mapping:

RAX=0x00007fc208400000 is an unknown value
RBX=0x0000000713ea580c is pointing into object: 0x0000000713ea57e0
evolutionaryrobotics.evolution.neat.core.NEATNeuron 
 - klass: 'evolutionaryrobotics/evolution/neat/core/NEATNeuron'
RCX=0x0000000000000000 is an unknown value
RDX=0x007ffffffc7c2000 is an unknown value
RSP=0x00007fc24519fa30 is an unknown value
RBP=0x00007fc24519fa90 is an unknown value
RSI=0x0000000000000000 is an unknown value
RDI=0x0000000000000003 is an unknown value
R8 =0x0000000000000001 is an unknown value
R9 =0x000000000000017d is an unknown value
R10=0x0000000000000008 is an unknown value
R11=0x00007fc24867b800: <offset 0xe4b800> in /usr/lib/jvm/java-7-oracle/jre/lib/amd64/server/libjvm.so at 0x00007fc247830000
R12=0x00007fc24867f860: <offset 0xe4f860> in /usr/lib/jvm/java-7-oracle/jre/lib/amd64/server/libjvm.so at 0x00007fc247830000
R13=0x0000000000400000: <offset 0> in /usr/lib/jvm/java-7-oracle/bin/java at 0x0000000000400000
R14=0x00007fc24006f500 is an unknown value
R15=0x00007fc24006f500 is an unknown value


Stack: [0x00007fc2450a0000,0x00007fc2451a1000],  sp=0x00007fc24519fa30,  free space=1022k
Native frames: (J=compiled Java code, j=interpreted, Vv=VM code, C=native code)
V  [libjvm.so+0x5bcfe5]  instanceKlass::oop_follow_contents(ParCompactionManager*, oopDesc*)+0x2c5
V  [libjvm.so+0x874e2c]  ParCompactionManager::follow_marking_stacks()+0x1ec
V  [libjvm.so+0x85c4fe]  StealMarkingTask::do_it(GCTaskManager*, unsigned int)+0x30e
V  [libjvm.so+0x5590bf]  GCTaskThread::run()+0x12f
V  [libjvm.so+0x8238c8]  java_start(Thread*)+0x108


---------------  P R O C E S S  ---------------

Java Threads: ( => current thread )
  0x00007fc1bc027000 JavaThread "TimerQueue" daemon [_thread_blocked, id=32253, stack(0x00007fc1d91af000,0x00007fc1d92b0000)]
  0x00007fc24000a000 JavaThread "DestroyJavaVM" [_thread_blocked, id=32224, stack(0x00007fc2491d7000,0x00007fc2492d8000)]
  0x00007fc240532800 JavaThread "Thread-2" [_thread_blocked, id=32252, stack(0x00007fc1d958d000,0x00007fc1d968e000)]
  0x00007fc240477000 JavaThread "AWT-EventQueue-0" [_thread_blocked, id=32251, stack(0x00007fc1d968e000,0x00007fc1d978f000)]
  0x00007fc240475800 JavaThread "AWT-Shutdown" [_thread_blocked, id=32250, stack(0x00007fc1d978f000,0x00007fc1d9890000)]
  0x00007fc240441800 JavaThread "Thread-1" [_thread_blocked, id=32249, stack(0x00007fc2080c7000,0x00007fc2081c8000)]
  0x00007fc240440800 JavaThread "Thread-0" [_thread_blocked, id=32248, stack(0x00007fc2140ef000,0x00007fc2141f0000)]
  0x00007fc2401da000 JavaThread "AWT-XAWT" daemon [_thread_in_native, id=32242, stack(0x00007fc22cbff000,0x00007fc22cd00000)]
  0x00007fc2401b8800 JavaThread "Java2D Disposer" daemon [_thread_blocked, id=32241, stack(0x00007fc22d117000,0x00007fc22d218000)]
  0x00007fc2400a2800 JavaThread "Service Thread" daemon [_thread_blocked, id=32239, stack(0x00007fc22ea0c000,0x00007fc22eb0d000)]
  0x00007fc2400a0000 JavaThread "C2 CompilerThread1" daemon [_thread_blocked, id=32238, stack(0x00007fc22eb0d000,0x00007fc22ec0e000)]
  0x00007fc24009d800 JavaThread "C2 CompilerThread0" daemon [_thread_blocked, id=32237, stack(0x00007fc22ec0e000,0x00007fc22ed0f000)]
  0x00007fc24009b000 JavaThread "Signal Dispatcher" daemon [_thread_blocked, id=32236, stack(0x00007fc22ed0f000,0x00007fc22ee10000)]
  0x00007fc240079000 JavaThread "Finalizer" daemon [_thread_blocked, id=32235, stack(0x00007fc22f4f5000,0x00007fc22f5f6000)]
  0x00007fc240077000 JavaThread "Reference Handler" daemon [_thread_blocked, id=32234, stack(0x00007fc22f5f6000,0x00007fc22f6f7000)]

Other Threads:
  0x00007fc240072800 VMThread [stack: 0x00007fc22f6f7000,0x00007fc22f7f8000] [id=32233]
  0x00007fc2400ad800 WatcherThread [stack: 0x00007fc22e90b000,0x00007fc22ea0c000] [id=32240]

=>0x00007fc24002b000 (exited) GCTaskThread [stack: 0x00007fc2450a0000,0x00007fc2451a1000] [id=32231]

VM state:at safepoint (normal execution)

VM Mutex/Monitor currently owned by a thread:  ([mutex/lock_event])
[0x00007fc240006470] Threads_lock - owner thread: 0x00007fc240072800
[0x00007fc240006970] Heap_lock - owner thread: 0x00007fc240477000

Heap
 PSYoungGen      total 51200K, used 1668K [0x00000007af080000, 0x00000007b2d00000, 0x0000000800000000)
  eden space 49152K, 0% used [0x00000007af080000,0x00000007af080000,0x00000007b2080000)
  from space 2048K, 81% used [0x00000007b2900000,0x00000007b2aa1190,0x00000007b2b00000)
  to   space 2048K, 0% used [0x00000007b2b00000,0x00000007b2b00000,0x00000007b2d00000)
 ParOldGen       total 165376K, used 161895K [0x000000070d200000, 0x0000000717380000, 0x00000007af080000)
  object space 165376K, 97% used [0x000000070d200000,0x0000000717019d78,0x0000000717380000)
 PSPermGen       total 21504K, used 19732K [0x0000000708000000, 0x0000000709500000, 0x000000070d200000)
  object space 21504K, 91% used [0x0000000708000000,0x0000000709345128,0x0000000709500000)

Card table byte_map: [0x00007fc245cb7000,0x00007fc246478000] byte_map_base: 0x00007fc242477000

Polling page: 0x00007fc2492dd000

Code Cache  [0x00007fc23d000000, 0x00007fc23d460000, 0x00007fc240000000)
 total_blobs=2182 nmethods=1602 adapters=533 free_code_cache=44991Kb largest_free_block=45808000

Compilation events (10 events):
Event: 490,629 Thread 0x00007fc24009d800 1866             javax.swing.JComponent::paintImmediately (155 bytes)
Event: 490,636 Thread 0x00007fc24009d800 nmethod 1866 0x00007fc23d405590 code [0x00007fc23d405740, 0x00007fc23d405ac8]
Event: 495,426 Thread 0x00007fc2400a0000 1867             java.awt.Component::getBounds (50 bytes)
Event: 495,429 Thread 0x00007fc2400a0000 nmethod 1867 0x00007fc23d14b9d0 code [0x00007fc23d14bb40, 0x00007fc23d14bcd8]
Event: 503,883 Thread 0x00007fc2400a0000 1868             javax.swing.text.AbstractDocument::removeUpdate (1 bytes)
Event: 503,883 Thread 0x00007fc2400a0000 nmethod 1868 0x00007fc23d14b710 code [0x00007fc23d14b840, 0x00007fc23d14b898]
Event: 506,162 Thread 0x00007fc24009d800 1869             javax.swing.text.PlainDocument::removeUpdate (307 bytes)
Event: 506,183 Thread 0x00007fc24009d800 nmethod 1869 0x00007fc23d32b990 code [0x00007fc23d32bc00, 0x00007fc23d32c770]
Event: 537,566 Thread 0x00007fc2400a0000 1870             java.awt.Component::getHWPeerAboveMe (90 bytes)
Event: 537,582 Thread 0x00007fc2400a0000 nmethod 1870 0x00007fc23d370710 code [0x00007fc23d370920, 0x00007fc23d3714a8]

GC Heap History (10 events):
Event: 492,604 GC heap after
Heap after GC invocations=61 (full 0):
 PSYoungGen      total 55296K, used 339K [0x00000007af080000, 0x00000007b3000000, 0x0000000800000000)
  eden space 53248K, 0% used [0x00000007af080000,0x00000007af080000,0x00000007b2480000)
  from space 2048K, 16% used [0x00000007b2c00000,0x00000007b2c54fd8,0x00000007b2e00000)
  to   space 2048K, 0% used [0x00000007b2e00000,0x00000007b2e00000,0x00000007b3000000)
 ParOldGen       total 165376K, used 139362K [0x000000070d200000, 0x0000000717380000, 0x00000007af080000)
  object space 165376K, 84% used [0x000000070d200000,0x0000000715a18840,0x0000000717380000)
 PSPermGen       total 21504K, used 19720K [0x0000000708000000, 0x0000000709500000, 0x000000070d200000)
  object space 21504K, 91% used [0x0000000708000000,0x00000007093422c0,0x0000000709500000)
}
Event: 496,308 GC heap before
{Heap before GC invocations=62 (full 0):
 PSYoungGen      total 55296K, used 53587K [0x00000007af080000, 0x00000007b3000000, 0x0000000800000000)
  eden space 53248K, 100% used [0x00000007af080000,0x00000007b2480000,0x00000007b2480000)
  from space 2048K, 16% used [0x00000007b2c00000,0x00000007b2c54fd8,0x00000007b2e00000)
  to   space 2048K, 0% used [0x00000007b2e00000,0x00000007b2e00000,0x00000007b3000000)
 ParOldGen       total 165376K, used 139363K [0x000000070d200000, 0x0000000717380000, 0x00000007af080000)
  object space 165376K, 84% used [0x000000070d200000,0x0000000715a18e98,0x0000000717380000)
 PSPermGen       total 21504K, used 19720K [0x0000000708000000, 0x0000000709500000, 0x000000070d200000)
  object space 21504K, 91% used [0x0000000708000000,0x00000007093422c0,0x0000000709500000)
Event: 496,312 GC heap after
Heap after GC invocations=62 (full 0):
 PSYoungGen      total 52736K, used 224K [0x00000007af080000, 0x00000007b2e80000, 0x0000000800000000)
  eden space 52224K, 0% used [0x00000007af080000,0x00000007af080000,0x00000007b2380000)
  from space 512K, 43% used [0x00000007b2e00000,0x00000007b2e38000,0x00000007b2e80000)
  to   space 2048K, 0% used [0x00000007b2a80000,0x00000007b2a80000,0x00000007b2c80000)
 ParOldGen       total 165376K, used 139403K [0x000000070d200000, 0x0000000717380000, 0x00000007af080000)
  object space 165376K, 84% used [0x000000070d200000,0x0000000715a22e98,0x0000000717380000)
 PSPermGen       total 21504K, used 19720K [0x0000000708000000, 0x0000000709500000, 0x000000070d200000)
  object space 21504K, 91% used [0x0000000708000000,0x00000007093422c0,0x0000000709500000)
}
Event: 500,001 GC heap before
{Heap before GC invocations=63 (full 0):
 PSYoungGen      total 52736K, used 52448K [0x00000007af080000, 0x00000007b2e80000, 0x0000000800000000)
  eden space 52224K, 100% used [0x00000007af080000,0x00000007b2380000,0x00000007b2380000)
  from space 512K, 43% used [0x00000007b2e00000,0x00000007b2e38000,0x00000007b2e80000)
  to   space 2048K, 0% used [0x00000007b2a80000,0x00000007b2a80000,0x00000007b2c80000)
 ParOldGen       total 165376K, used 139406K [0x000000070d200000, 0x0000000717380000, 0x00000007af080000)
  object space 165376K, 84% used [0x000000070d200000,0x0000000715a239b8,0x0000000717380000)
 PSPermGen       total 21504K, used 19720K [0x0000000708000000, 0x0000000709500000, 0x000000070d200000)
  object space 21504K, 91% used [0x0000000708000000,0x00000007093422c0,0x0000000709500000)
Event: 500,004 GC heap after
Heap after GC invocations=63 (full 0):
 PSYoungGen      total 53248K, used 288K [0x00000007af080000, 0x00000007b2e80000, 0x0000000800000000)
  eden space 51200K, 0% used [0x00000007af080000,0x00000007af080000,0x00000007b2280000)
  from space 2048K, 14% used [0x00000007b2a80000,0x00000007b2ac8000,0x00000007b2c80000)
  to   space 2048K, 0% used [0x00000007b2c80000,0x00000007b2c80000,0x00000007b2e80000)
 ParOldGen       total 165376K, used 139462K [0x000000070d200000, 0x0000000717380000, 0x00000007af080000)
  object space 165376K, 84% used [0x000000070d200000,0x0000000715a319b8,0x0000000717380000)
 PSPermGen       total 21504K, used 19720K [0x0000000708000000, 0x0000000709500000, 0x000000070d200000)
  object space 21504K, 91% used [0x0000000708000000,0x00000007093422c0,0x0000000709500000)
}
Event: 503,526 GC heap before
{Heap before GC invocations=64 (full 0):
 PSYoungGen      total 53248K, used 51488K [0x00000007af080000, 0x00000007b2e80000, 0x0000000800000000)
  eden space 51200K, 100% used [0x00000007af080000,0x00000007b2280000,0x00000007b2280000)
  from space 2048K, 14% used [0x00000007b2a80000,0x00000007b2ac8000,0x00000007b2c80000)
  to   space 2048K, 0% used [0x00000007b2c80000,0x00000007b2c80000,0x00000007b2e80000)
 ParOldGen       total 165376K, used 139477K [0x000000070d200000, 0x0000000717380000, 0x00000007af080000)
  object space 165376K, 84% used [0x000000070d200000,0x0000000715a354f8,0x0000000717380000)
 PSPermGen       total 21504K, used 19720K [0x0000000708000000, 0x0000000709500000, 0x000000070d200000)
  object space 21504K, 91% used [0x0000000708000000,0x00000007093422c0,0x0000000709500000)
Event: 503,529 GC heap after
Heap after GC invocations=64 (full 0):
 PSYoungGen      total 50688K, used 288K [0x00000007af080000, 0x00000007b2d00000, 0x0000000800000000)
  eden space 50176K, 0% used [0x00000007af080000,0x00000007af080000,0x00000007b2180000)
  from space 512K, 56% used [0x00000007b2c80000,0x00000007b2cc8000,0x00000007b2d00000)
  to   space 2048K, 0% used [0x00000007b2900000,0x00000007b2900000,0x00000007b2b00000)
 ParOldGen       total 165376K, used 139533K [0x000000070d200000, 0x0000000717380000, 0x00000007af080000)
  object space 165376K, 84% used [0x000000070d200000,0x0000000715a434f8,0x0000000717380000)
 PSPermGen       total 21504K, used 19720K [0x0000000708000000, 0x0000000709500000, 0x000000070d200000)
  object space 21504K, 91% used [0x0000000708000000,0x00000007093422c0,0x0000000709500000)
}
Event: 539,244 GC heap before
{Heap before GC invocations=65 (full 0):
 PSYoungGen      total 50688K, used 50464K [0x00000007af080000, 0x00000007b2d00000, 0x0000000800000000)
  eden space 50176K, 100% used [0x00000007af080000,0x00000007b2180000,0x00000007b2180000)
  from space 512K, 56% used [0x00000007b2c80000,0x00000007b2cc8000,0x00000007b2d00000)
  to   space 2048K, 0% used [0x00000007b2900000,0x00000007b2900000,0x00000007b2b00000)
 ParOldGen       total 165376K, used 139545K [0x000000070d200000, 0x0000000717380000, 0x00000007af080000)
  object space 165376K, 84% used [0x000000070d200000,0x0000000715a46478,0x0000000717380000)
 PSPermGen       total 21504K, used 19732K [0x0000000708000000, 0x0000000709500000, 0x000000070d200000)
  object space 21504K, 91% used [0x0000000708000000,0x0000000709345128,0x0000000709500000)
Event: 539,251 GC heap after
Heap after GC invocations=65 (full 0):
 PSYoungGen      total 51200K, used 1668K [0x00000007af080000, 0x00000007b2d00000, 0x0000000800000000)
  eden space 49152K, 0% used [0x00000007af080000,0x00000007af080000,0x00000007b2080000)
  from space 2048K, 81% used [0x00000007b2900000,0x00000007b2aa1190,0x00000007b2b00000)
  to   space 2048K, 0% used [0x00000007b2b00000,0x00000007b2b00000,0x00000007b2d00000)
 ParOldGen       total 165376K, used 161895K [0x000000070d200000, 0x0000000717380000, 0x00000007af080000)
  object space 165376K, 97% used [0x000000070d200000,0x0000000717019d78,0x0000000717380000)
 PSPermGen       total 21504K, used 19732K [0x0000000708000000, 0x0000000709500000, 0x000000070d200000)
  object space 21504K, 91% used [0x0000000708000000,0x0000000709345128,0x0000000709500000)
}
Event: 539,251 GC heap before
{Heap before GC invocations=66 (full 1):
 PSYoungGen      total 51200K, used 1668K [0x00000007af080000, 0x00000007b2d00000, 0x0000000800000000)
  eden space 49152K, 0% used [0x00000007af080000,0x00000007af080000,0x00000007b2080000)
  from space 2048K, 81% used [0x00000007b2900000,0x00000007b2aa1190,0x00000007b2b00000)
  to   space 2048K, 0% used [0x00000007b2b00000,0x00000007b2b00000,0x00000007b2d00000)
 ParOldGen       total 165376K, used 161895K [0x000000070d200000, 0x0000000717380000, 0x00000007af080000)
  object space 165376K, 97% used [0x000000070d200000,0x0000000717019d78,0x0000000717380000)
 PSPermGen       total 21504K, used 19732K [0x0000000708000000, 0x0000000709500000, 0x000000070d200000)
  object space 21504K, 91% used [0x0000000708000000,0x0000000709345128,0x0000000709500000)

Deoptimization events (10 events):
Event: 398,761 Thread 0x00007fc240477000 Uncommon trap: reason=bimorphic action=maybe_recompile pc=0x00007fc23d43dd40 method=javax.swing.RepaintManager$3.run()Ljava/lang/Void; @ 85
Event: 398,761 Thread 0x00007fc240477000 Uncommon trap: reason=unstable_if action=reinterpret pc=0x00007fc23d2cd25c method=java.awt.Component.getBackground()Ljava/awt/Color; @ 17
Event: 398,761 Thread 0x00007fc240477000 Uncommon trap: reason=unstable_if action=reinterpret pc=0x00007fc23d41bc58 method=java.awt.Component$BltBufferStrategy.revalidate(Z)V @ 50
Event: 400,052 Thread 0x00007fc240477000 Uncommon trap: reason=unstable_if action=reinterpret pc=0x00007fc23d26b8fc method=javax.swing.JComponent.getInsets()Ljava/awt/Insets; @ 4
Event: 400,053 Thread 0x00007fc240477000 Uncommon trap: reason=bimorphic action=maybe_recompile pc=0x00007fc23d43dd40 method=javax.swing.RepaintManager$3.run()Ljava/lang/Void; @ 85
Event: 448,261 Thread 0x00007fc240477000 Uncommon trap: reason=unstable_if action=reinterpret pc=0x00007fc23d3081a0 method=javax.swing.text.PlainDocument.removeUpdate(Ljavax/swing/text/AbstractDocument$DefaultDocumentEvent;)V @ 47
Event: 448,261 Thread 0x00007fc240477000 Uncommon trap: reason=class_check action=maybe_recompile pc=0x00007fc23d397bbc method=javax.swing.undo.CompoundEdit.lastEdit()Ljavax/swing/undo/UndoableEdit; @ 22
Event: 448,261 Thread 0x00007fc240477000 Uncommon trap: reason=unstable_if action=reinterpret pc=0x00007fc23d367e80 method=javax.swing.text.AbstractDocument$BranchElement.getElementIndex(I)I @ 57
Event: 448,438 Thread 0x00007fc240477000 Uncommon trap: reason=unstable_if action=reinterpret pc=0x00007fc23d3cb6f4 method=java.util.IdentityHashMap.nextKeyIndex(II)I @ 4
Event: 538,371 Thread 0x00007fc240477000 Uncommon trap: reason=unstable_if action=reinterpret pc=0x00007fc23d34fcf8 method=sun.font.GlyphList.ensureCapacity(I)V @ 49

Internal exceptions (10 events):
Event: 207,257 Thread 0x00007fc240477000 Implicit null exception at 0x00007fc23d13506b to 0x00007fc23d135431
Event: 207,338 Thread 0x00007fc240477000 Threw 0x00000007b3d23310 at /HUDSON/workspace/7u-2-build-linux-amd64/jdk7u80/2329/hotspot/src/share/vm/prims/jni.cpp:743
Event: 216,380 Thread 0x00007fc240477000 Implicit null exception at 0x00007fc23d30d488 to 0x00007fc23d30e76d
Event: 216,380 Thread 0x00007fc240477000 Implicit null exception at 0x00007fc23d2c4a6c to 0x00007fc23d2c4acd
Event: 236,840 Thread 0x00007fc1bc172800 Threw 0x00000007b3a21bc0 at /HUDSON/workspace/7u-2-build-linux-amd64/jdk7u80/2329/hotspot/src/share/vm/prims/jvm.cpp:3040
Event: 289,365 Thread 0x00007fc1bc154000 Threw 0x00000007afdc0e70 at /HUDSON/workspace/7u-2-build-linux-amd64/jdk7u80/2329/hotspot/src/share/vm/prims/jvm.cpp:3040
Event: 319,507 Thread 0x00007fc240477000 Threw 0x00000007af0b1868 at /HUDSON/workspace/7u-2-build-linux-amd64/jdk7u80/2329/hotspot/src/share/vm/prims/jni.cpp:743
Event: 366,770 Thread 0x00007fc240477000 Threw 0x00000007b015aba0 at /HUDSON/workspace/7u-2-build-linux-amd64/jdk7u80/2329/hotspot/src/share/vm/prims/jni.cpp:743
Event: 400,052 Thread 0x00007fc240477000 Implicit null exception at 0x00007fc23d26b7f7 to 0x00007fc23d26b8e9
Event: 448,333 Thread 0x00007fc1bc154000 Threw 0x00000007b00a14c8 at /HUDSON/workspace/7u-2-build-linux-amd64/jdk7u80/2329/hotspot/src/share/vm/prims/jvm.cpp:3040

Events (10 events):
Event: 503,529 Executing VM operation: ParallelGCSystemGC done
Event: 506,294 Executing VM operation: RevokeBias
Event: 506,294 Executing VM operation: RevokeBias done
Event: 506,294 Thread 0x00007fc1bc154000 Thread exited: 0x00007fc1bc154000
Event: 537,568 Executing VM operation: BulkRevokeBias
Event: 537,568 Executing VM operation: BulkRevokeBias done
Event: 538,371 Thread 0x00007fc240477000 Uncommon trap: trap_request=0xffffff75 fr.pc=0x00007fc23d34fcf8
Event: 538,371 Thread 0x00007fc240477000 DEOPT PACKING pc=0x00007fc23d34fcf8 sp=0x00007fc1d978b310
Event: 538,371 Thread 0x00007fc240477000 DEOPT UNPACKING pc=0x00007fc23d039045 sp=0x00007fc1d978b150 mode 2
Event: 539,243 Executing VM operation: ParallelGCFailedAllocation


Dynamic libraries:
00400000-00401000 r-xp 00000000 08:01 6032014                            /usr/lib/jvm/java-7-oracle/bin/java
00600000-00601000 rw-p 00000000 08:01 6032014                            /usr/lib/jvm/java-7-oracle/bin/java
01d61000-01d82000 rw-p 00000000 00:00 0                                  [heap]
708000000-709500000 rw-p 00000000 00:00 0 
709500000-70d200000 rw-p 00000000 00:00 0 
70d200000-717380000 rw-p 00000000 00:00 0 
717380000-7af080000 rw-p 00000000 00:00 0 
7af080000-7b2d00000 rw-p 00000000 00:00 0 
7b2d00000-7b8700000 ---p 00000000 00:00 0 
7b8700000-800000000 rw-p 00000000 00:00 0 
7fc1a23c8000-7fc1a2b4c000 rw-s 00000000 00:05 576815154                  /SYSV00000000 (deleted)
7fc1a2b52000-7fc1a39da000 rw-p 00000000 00:00 0 
7fc1a3f80000-7fc1a3fa1000 r-xp 00000000 08:01 11407507                   /lib/x86_64-linux-gnu/liblzma.so.5.0.0
7fc1a3fa1000-7fc1a41a0000 ---p 00021000 08:01 11407507                   /lib/x86_64-linux-gnu/liblzma.so.5.0.0
7fc1a41a0000-7fc1a41a1000 r--p 00020000 08:01 11407507                   /lib/x86_64-linux-gnu/liblzma.so.5.0.0
7fc1a41a1000-7fc1a41a2000 rw-p 00021000 08:01 11407507                   /lib/x86_64-linux-gnu/liblzma.so.5.0.0
7fc1a41a8000-7fc1a4304000 r-xp 00000000 08:01 6031958                    /usr/lib/x86_64-linux-gnu/libxml2.so.2.9.1
7fc1a4304000-7fc1a4504000 ---p 0015c000 08:01 6031958                    /usr/lib/x86_64-linux-gnu/libxml2.so.2.9.1
7fc1a4504000-7fc1a450c000 r--p 0015c000 08:01 6031958                    /usr/lib/x86_64-linux-gnu/libxml2.so.2.9.1
7fc1a450c000-7fc1a450e000 rw-p 00164000 08:01 6031958                    /usr/lib/x86_64-linux-gnu/libxml2.so.2.9.1
7fc1a450e000-7fc1a450f000 rw-p 00000000 00:00 0 
7fc1a4510000-7fc1a69b5000 r--p 00000000 08:01 7491858                    /usr/share/icons/hicolor/icon-theme.cache
7fc1a69b8000-7fc1a7ffc000 r--p 00000000 08:01 7486191                    /usr/share/icons/gnome/icon-theme.cache
7fc1a8000000-7fc1a8021000 rw-p 00000000 00:00 0 
7fc1a8021000-7fc1ac000000 ---p 00000000 00:00 0 
7fc1ac000000-7fc1ac021000 rw-p 00000000 00:00 0 
7fc1ac021000-7fc1b0000000 ---p 00000000 00:00 0 
7fc1b0000000-7fc1b0021000 rw-p 00000000 00:00 0 
7fc1b0021000-7fc1b4000000 ---p 00000000 00:00 0 
7fc1b4000000-7fc1b4021000 rw-p 00000000 00:00 0 
7fc1b4021000-7fc1b8000000 ---p 00000000 00:00 0 
7fc1b8000000-7fc1b8021000 rw-p 00000000 00:00 0 
7fc1b8021000-7fc1bc000000 ---p 00000000 00:00 0 
7fc1bc000000-7fc1bc1fb000 rw-p 00000000 00:00 0 
7fc1bc1fb000-7fc1c0000000 ---p 00000000 00:00 0 
7fc1c0000000-7fc1c0021000 rw-p 00000000 00:00 0 
7fc1c0021000-7fc1c4000000 ---p 00000000 00:00 0 
7fc1c4000000-7fc1c4021000 rw-p 00000000 00:00 0 
7fc1c4021000-7fc1c8000000 ---p 00000000 00:00 0 
7fc1c8000000-7fc1c8022000 rw-p 00000000 00:00 0 
7fc1c8022000-7fc1cc000000 ---p 00000000 00:00 0 
7fc1cc000000-7fc1cc25a000 rw-p 00000000 00:00 0 
7fc1cc25a000-7fc1d0000000 ---p 00000000 00:00 0 
7fc1d0000000-7fc1d0021000 rw-p 00000000 00:00 0 
7fc1d0021000-7fc1d4000000 ---p 00000000 00:00 0 
7fc1d4000000-7fc1d4022000 rw-p 00000000 00:00 0 
7fc1d4022000-7fc1d8000000 ---p 00000000 00:00 0 
7fc1d81d0000-7fc1d8208000 r-xp 00000000 08:01 6037336                    /usr/lib/x86_64-linux-gnu/libcroco-0.6.so.3.0.1
7fc1d8208000-7fc1d8407000 ---p 00038000 08:01 6037336                    /usr/lib/x86_64-linux-gnu/libcroco-0.6.so.3.0.1
7fc1d8407000-7fc1d840a000 r--p 00037000 08:01 6037336                    /usr/lib/x86_64-linux-gnu/libcroco-0.6.so.3.0.1
7fc1d840a000-7fc1d840b000 rw-p 0003a000 08:01 6037336                    /usr/lib/x86_64-linux-gnu/libcroco-0.6.so.3.0.1
7fc1d8410000-7fc1d8444000 r-xp 00000000 08:01 6037985                    /usr/lib/x86_64-linux-gnu/librsvg-2.so.2.40.2
7fc1d8444000-7fc1d8643000 ---p 00034000 08:01 6037985                    /usr/lib/x86_64-linux-gnu/librsvg-2.so.2.40.2
7fc1d8643000-7fc1d8644000 r--p 00033000 08:01 6037985                    /usr/lib/x86_64-linux-gnu/librsvg-2.so.2.40.2
7fc1d8644000-7fc1d8645000 rw-p 00034000 08:01 6037985                    /usr/lib/x86_64-linux-gnu/librsvg-2.so.2.40.2
7fc1d8648000-7fc1d864a000 r-xp 00000000 08:01 6423547                    /usr/lib/x86_64-linux-gnu/gdk-pixbuf-2.0/2.10.0/loaders/libpixbufloader-svg.so
7fc1d864a000-7fc1d8849000 ---p 00002000 08:01 6423547                    /usr/lib/x86_64-linux-gnu/gdk-pixbuf-2.0/2.10.0/loaders/libpixbufloader-svg.so
7fc1d8849000-7fc1d884a000 r--p 00001000 08:01 6423547                    /usr/lib/x86_64-linux-gnu/gdk-pixbuf-2.0/2.10.0/loaders/libpixbufloader-svg.so
7fc1d884a000-7fc1d884b000 rw-p 00002000 08:01 6423547                    /usr/lib/x86_64-linux-gnu/gdk-pixbuf-2.0/2.10.0/loaders/libpixbufloader-svg.so
7fc1d8dc0000-7fc1d8ea9000 r--p 00000000 08:01 7475382                    /usr/share/icons/Humanity/icon-theme.cache
7fc1d8eac000-7fc1d8eaf000 ---p 00000000 00:00 0 
7fc1d8eaf000-7fc1d8fad000 rw-p 00000000 00:00 0 
7fc1d8fad000-7fc1d8fb0000 ---p 00000000 00:00 0 
7fc1d8fb0000-7fc1d90ae000 rw-p 00000000 00:00 0 
7fc1d90ae000-7fc1d90b1000 ---p 00000000 00:00 0 
7fc1d90b1000-7fc1d91af000 rw-p 00000000 00:00 0 
7fc1d91af000-7fc1d91b2000 ---p 00000000 00:00 0 
7fc1d91b2000-7fc1d92b0000 rw-p 00000000 00:00 0 
7fc1d958d000-7fc1d9590000 ---p 00000000 00:00 0 
7fc1d9590000-7fc1d968e000 rw-p 00000000 00:00 0 
7fc1d968e000-7fc1d9691000 ---p 00000000 00:00 0 
7fc1d9691000-7fc1d978f000 rw-p 00000000 00:00 0 
7fc1d978f000-7fc1d9792000 ---p 00000000 00:00 0 
7fc1d9792000-7fc1d9890000 rw-p 00000000 00:00 0 
7fc1d9890000-7fc1d98f9000 r-xp 00000000 08:01 6430554                    /usr/lib/jvm/java-7-oracle/jre/lib/amd64/libt2k.so
7fc1d98f9000-7fc1d9af8000 ---p 00069000 08:01 6430554                    /usr/lib/jvm/java-7-oracle/jre/lib/amd64/libt2k.so
7fc1d9af8000-7fc1d9aff000 rw-p 00068000 08:01 6430554                    /usr/lib/jvm/java-7-oracle/jre/lib/amd64/libt2k.so
7fc1d9aff000-7fc1d9b0f000 rw-p 00000000 00:00 0 
7fc1d9b15000-7fc1d9b16000 ---p 00000000 00:00 0 
7fc1d9b16000-7fc1da316000 rw-p 00000000 00:00 0 
7fc1da316000-7fc1da317000 ---p 00000000 00:00 0 
7fc1da317000-7fc1dab17000 rw-p 00000000 00:00 0 
7fc1dab17000-7fc1dab18000 ---p 00000000 00:00 0 
7fc1dab18000-7fc1db318000 rw-p 00000000 00:00 0 
7fc1db318000-7fc1db35c000 r-xp 00000000 08:01 11407474                   /lib/x86_64-linux-gnu/libdbus-1.so.3.7.6
7fc1db35c000-7fc1db55b000 ---p 00044000 08:01 11407474                   /lib/x86_64-linux-gnu/libdbus-1.so.3.7.6
7fc1db55b000-7fc1db55c000 r--p 00043000 08:01 11407474                   /lib/x86_64-linux-gnu/libdbus-1.so.3.7.6
7fc1db55c000-7fc1db55d000 rw-p 00044000 08:01 11407474                   /lib/x86_64-linux-gnu/libdbus-1.so.3.7.6
7fc1db560000-7fc1db568000 r-xp 00000000 08:01 11407522                   /lib/x86_64-linux-gnu/libnih-dbus.so.1.0.0
7fc1db568000-7fc1db768000 ---p 00008000 08:01 11407522                   /lib/x86_64-linux-gnu/libnih-dbus.so.1.0.0
7fc1db768000-7fc1db769000 r--p 00008000 08:01 11407522                   /lib/x86_64-linux-gnu/libnih-dbus.so.1.0.0
7fc1db769000-7fc1db76a000 rw-p 00009000 08:01 11407522                   /lib/x86_64-linux-gnu/libnih-dbus.so.1.0.0
7fc1db770000-7fc1db787000 r-xp 00000000 08:01 11407524                   /lib/x86_64-linux-gnu/libnih.so.1.0.0
7fc1db787000-7fc1db986000 ---p 00017000 08:01 11407524                   /lib/x86_64-linux-gnu/libnih.so.1.0.0
7fc1db986000-7fc1db987000 r--p 00016000 08:01 11407524                   /lib/x86_64-linux-gnu/libnih.so.1.0.0
7fc1db987000-7fc1db988000 rw-p 00017000 08:01 11407524                   /lib/x86_64-linux-gnu/libnih.so.1.0.0
7fc1db988000-7fc1db9a1000 r-xp 00000000 08:01 11403363                   /lib/x86_64-linux-gnu/libcgmanager.so.0.0.0
7fc1db9a1000-7fc1dbba0000 ---p 00019000 08:01 11403363                   /lib/x86_64-linux-gnu/libcgmanager.so.0.0.0
7fc1dbba0000-7fc1dbba2000 r--p 00018000 08:01 11403363                   /lib/x86_64-linux-gnu/libcgmanager.so.0.0.0
7fc1dbba2000-7fc1dbba3000 rw-p 0001a000 08:01 11403363                   /lib/x86_64-linux-gnu/libcgmanager.so.0.0.0
7fc1dbba8000-7fc1dbbb8000 r-xp 00000000 08:01 11403366                   /lib/x86_64-linux-gnu/libudev.so.1.3.5
7fc1dbbb8000-7fc1dbdb7000 ---p 00010000 08:01 11403366                   /lib/x86_64-linux-gnu/libudev.so.1.3.5
7fc1dbdb7000-7fc1dbdb8000 r--p 0000f000 08:01 11403366                   /lib/x86_64-linux-gnu/libudev.so.1.3.5
7fc1dbdb8000-7fc1dbdb9000 rw-p 00010000 08:01 11403366                   /lib/x86_64-linux-gnu/libudev.so.1.3.5
7fc1dbdc0000-7fc1dbdf4000 r-xp 00000000 08:01 6424669                    /usr/lib/x86_64-linux-gnu/gvfs/libgvfscommon.so
7fc1dbdf4000-7fc1dbff4000 ---p 00034000 08:01 6424669                    /usr/lib/x86_64-linux-gnu/gvfs/libgvfscommon.so
7fc1dbff4000-7fc1dbff9000 r--p 00034000 08:01 6424669                    /usr/lib/x86_64-linux-gnu/gvfs/libgvfscommon.so
7fc1dbff9000-7fc1dbffa000 rw-p 00039000 08:01 6424669                    /usr/lib/x86_64-linux-gnu/gvfs/libgvfscommon.so
7fc1dc000000-7fc1dc030000 rw-p 00000000 00:00 0 
7fc1dc030000-7fc1e0000000 ---p 00000000 00:00 0 
7fc1e0000000-7fc1e0021000 rw-p 00000000 00:00 0 
7fc1e0021000-7fc1e4000000 ---p 00000000 00:00 0 
7fc1e4000000-7fc1e4021000 rw-p 00000000 00:00 0 
7fc1e4021000-7fc1e8000000 ---p 00000000 00:00 0 
7fc1e8000000-7fc1e8021000 rw-p 00000000 00:00 0 
7fc1e8021000-7fc1ec000000 ---p 00000000 00:00 0 
7fc1ec000000-7fc1ed6d8000 rw-p 00000000 00:00 0 
7fc1ed6d8000-7fc1f0000000 ---p 00000000 00:00 0 
7fc1f0000000-7fc1f0021000 rw-p 00000000 00:00 0 
7fc1f0021000-7fc1f4000000 ---p 00000000 00:00 0 
7fc1f4000000-7fc1f4021000 rw-p 00000000 00:00 0 
7fc1f4021000-7fc1f8000000 ---p 00000000 00:00 0 
7fc1f8000000-7fc1f9527000 rw-p 00000000 00:00 0 
7fc1f9527000-7fc1fc000000 ---p 00000000 00:00 0 
7fc1fc000000-7fc1fc021000 rw-p 00000000 00:00 0 
7fc1fc021000-7fc200000000 ---p 00000000 00:00 0 
7fc200000000-7fc200021000 rw-p 00000000 00:00 0 
7fc200021000-7fc204000000 ---p 00000000 00:00 0 
7fc204000000-7fc204029000 rw-p 00000000 00:00 0 
7fc204029000-7fc208000000 ---p 00000000 00:00 0 
7fc2080c7000-7fc2080ca000 ---p 00000000 00:00 0 
7fc2080ca000-7fc2081c8000 rw-p 00000000 00:00 0 
7fc2081c8000-7fc2081f7000 r-xp 00000000 08:01 6424670                    /usr/lib/x86_64-linux-gnu/gio/modules/libgvfsdbus.so
7fc2081f7000-7fc2083f7000 ---p 0002f000 08:01 6424670                    /usr/lib/x86_64-linux-gnu/gio/modules/libgvfsdbus.so
7fc2083f7000-7fc2083f8000 r--p 0002f000 08:01 6424670                    /usr/lib/x86_64-linux-gnu/gio/modules/libgvfsdbus.so
7fc2083f8000-7fc2083f9000 rw-p 00030000 08:01 6424670                    /usr/lib/x86_64-linux-gnu/gio/modules/libgvfsdbus.so
7fc2083f9000-7fc2083fa000 rw-p 00000000 00:00 0 
7fc208400000-7fc210000000 rw-p 00000000 00:00 0 
7fc210000000-7fc210021000 rw-p 00000000 00:00 0 
7fc210021000-7fc214000000 ---p 00000000 00:00 0 
7fc214008000-7fc214068000 rw-s 00000000 00:05 576127023                  /SYSV00000000 (deleted)
7fc214068000-7fc2140e8000 rw-s 00000000 00:05 576094251                  /SYSV00000000 (deleted)
7fc2140ef000-7fc2140f2000 ---p 00000000 00:00 0 
7fc2140f2000-7fc2141f0000 rw-p 00000000 00:00 0 
7fc2141f0000-7fc214249000 r-xp 00000000 08:01 6033892                    /usr/lib/x86_64-linux-gnu/libibus-1.0.so.5.0.505
7fc214249000-7fc214449000 ---p 00059000 08:01 6033892                    /usr/lib/x86_64-linux-gnu/libibus-1.0.so.5.0.505
7fc214449000-7fc21444b000 r--p 00059000 08:01 6033892                    /usr/lib/x86_64-linux-gnu/libibus-1.0.so.5.0.505
7fc21444b000-7fc21444c000 rw-p 0005b000 08:01 6033892                    /usr/lib/x86_64-linux-gnu/libibus-1.0.so.5.0.505
7fc21444c000-7fc21444d000 rw-p 00000000 00:00 0 
7fc214463000-7fc21446d000 r--s 00253000 08:01 6297991                    /usr/lib/jvm/java-7-oracle/jre/lib/resources.jar
7fc214470000-7fc214476000 r-xp 00000000 08:01 6422809                    /usr/lib/x86_64-linux-gnu/gtk-2.0/2.10.0/immodules/im-ibus.so
7fc214476000-7fc214676000 ---p 00006000 08:01 6422809                    /usr/lib/x86_64-linux-gnu/gtk-2.0/2.10.0/immodules/im-ibus.so
7fc214676000-7fc214677000 r--p 00006000 08:01 6422809                    /usr/lib/x86_64-linux-gnu/gtk-2.0/2.10.0/immodules/im-ibus.so
7fc214677000-7fc214678000 rw-p 00007000 08:01 6422809                    /usr/lib/x86_64-linux-gnu/gtk-2.0/2.10.0/immodules/im-ibus.so
7fc214678000-7fc2146ca000 r--p 00000000 08:01 7079085                    /usr/share/fonts/truetype/dejavu/DejaVuSansMono.ttf
7fc2146d0000-7fc214727000 r--p 00000000 08:01 7079248                    /usr/share/fonts/truetype/ubuntu-font-family/Ubuntu-R.ttf
7fc214728000-7fc214729000 r--s 00000000 08:01 10748034                   /var/cache/fontconfig/c05880de57d1f5e948fdfacc138775d9-le64.cache-4
7fc214730000-7fc21473b000 r--s 00000000 08:01 10748028                   /var/cache/fontconfig/945677eb7aeaf62f1d50efc3fb3ec7d8-le64.cache-4
7fc214740000-7fc214746000 r--s 00000000 08:01 10748014                   /var/cache/fontconfig/2cd17615ca594fa2959ae173292e504c-le64.cache-4
7fc214748000-7fc214749000 r--s 00000000 08:01 10748044                   /var/cache/fontconfig/e7071f4a29fa870f4323321c154eba04-le64.cache-4
7fc214750000-7fc214751000 r--s 00000000 08:01 10748011                   /var/cache/fontconfig/0d8c3b2ac0904cb8a57a757ad11a4a08-le64.cache-4
7fc214758000-7fc21475f000 r--s 00000000 08:01 10748031                   /var/cache/fontconfig/a755afe4a08bf5b97852ceb7400b47bc-le64.cache-4
7fc214760000-7fc214774000 r--s 00000000 08:01 10748009                   /var/cache/fontconfig/04aabc0a78ac019cf9454389977116d2-le64.cache-4
7fc214778000-7fc214779000 r--s 00000000 08:01 10748013                   /var/cache/fontconfig/1ac9eb803944fde146138c791f5cc56a-le64.cache-4
7fc214780000-7fc214784000 r--s 00000000 08:01 10748017                   /var/cache/fontconfig/385c0604a188198f04d133e54aba7fe7-le64.cache-4
7fc214788000-7fc214789000 r--s 00000000 08:01 10748041                   /var/cache/fontconfig/dc05db6664285cc2f12bf69c139ae4c3-le64.cache-4
7fc214790000-7fc214792000 r--s 00000000 08:01 10748025                   /var/cache/fontconfig/767a8244fc0220cfb567a839d0392e0b-le64.cache-4
7fc214798000-7fc21479d000 r--s 00000000 08:01 10748027                   /var/cache/fontconfig/8801497958630a81b71ace7c5f9b32a8-le64.cache-4
7fc2147a0000-7fc2147a4000 r--s 00000000 08:01 10756493                   /var/cache/fontconfig/c57959a16110560c8d0fcea73374aeeb-le64.cache-4
7fc2147a8000-7fc2147af000 r--s 00000000 08:01 10748015                   /var/cache/fontconfig/3047814df9a2f067bd2d96a2b9c36e5a-le64.cache-4
7fc2147b0000-7fc2147b6000 r--s 00000000 08:01 10748032                   /var/cache/fontconfig/b47c4e1ecd0709278f4910c18777a504-le64.cache-4
7fc2147b8000-7fc2147cb000 r--s 00000000 08:01 10748038                   /var/cache/fontconfig/d52a8644073d54c13679302ca1180695-le64.cache-4
7fc2147d0000-7fc2147d9000 r--s 00000000 08:01 10748018                   /var/cache/fontconfig/3f7329c5293ffd510edef78f73874cfd-le64.cache-4
7fc2147e0000-7fc2147eb000 r--s 00000000 08:01 10758016                   /var/cache/fontconfig/d589a48862398ed80a3d6066f4f56f4c-le64.cache-4
7fc2147f0000-7fc214800000 r-xp 00000000 08:01 6430563                    /usr/lib/jvm/java-7-oracle/jre/lib/amd64/libnio.so
7fc214800000-7fc214a00000 ---p 00010000 08:01 6430563                    /usr/lib/jvm/java-7-oracle/jre/lib/amd64/libnio.so
7fc214a00000-7fc214a01000 rw-p 00010000 08:01 6430563                    /usr/lib/jvm/java-7-oracle/jre/lib/amd64/libnio.so
7fc214a08000-7fc214a1f000 r-xp 00000000 08:01 6430537                    /usr/lib/jvm/java-7-oracle/jre/lib/amd64/libnet.so
7fc214a1f000-7fc214c1e000 ---p 00017000 08:01 6430537                    /usr/lib/jvm/java-7-oracle/jre/lib/amd64/libnet.so
7fc214c1e000-7fc214c1f000 rw-p 00016000 08:01 6430537                    /usr/lib/jvm/java-7-oracle/jre/lib/amd64/libnet.so
7fc214c20000-7fc214c36000 r-xp 00000000 08:01 11410705                   /lib/x86_64-linux-gnu/libgcc_s.so.1
7fc214c36000-7fc214e35000 ---p 00016000 08:01 11410705                   /lib/x86_64-linux-gnu/libgcc_s.so.1
7fc214e35000-7fc214e36000 rw-p 00015000 08:01 11410705                   /lib/x86_64-linux-gnu/libgcc_s.so.1
7fc214e38000-7fc214e9d000 r-xp 00000000 08:01 6425829                    /usr/lib/jvm/java-7-oracle/jre/lib/amd64/libfontmanager.so
7fc214e9d000-7fc21509c000 ---p 00065000 08:01 6425829                    /usr/lib/jvm/java-7-oracle/jre/lib/amd64/libfontmanager.so
7fc21509c000-7fc2150a1000 rw-p 00064000 08:01 6425829                    /usr/lib/jvm/java-7-oracle/jre/lib/amd64/libfontmanager.so
7fc2150a1000-7fc2150b1000 rw-p 00000000 00:00 0 
7fc2150b6000-7fc2150b7000 ---p 00000000 00:00 0 
7fc2150b7000-7fc2158b7000 rw-p 00000000 00:00 0 
7fc2158b7000-7fc2158b8000 ---p 00000000 00:00 0 
7fc2158b8000-7fc2160b8000 rw-p 00000000 00:00 0 
7fc2160b8000-7fc2160c3000 r-xp 00000000 08:01 6423616                    /usr/lib/x86_64-linux-gnu/gio/modules/libdconfsettings.so
7fc2160c3000-7fc2162c3000 ---p 0000b000 08:01 6423616                    /usr/lib/x86_64-linux-gnu/gio/modules/libdconfsettings.so
7fc2162c3000-7fc2162c4000 r--p 0000b000 08:01 6423616                    /usr/lib/x86_64-linux-gnu/gio/modules/libdconfsettings.so
7fc2162c4000-7fc2162c5000 rw-p 0000c000 08:01 6423616                    /usr/lib/x86_64-linux-gnu/gio/modules/libdconfsettings.so
7fc2162c8000-7fc2162cf000 r-xp 00000000 08:01 6037873                    /usr/lib/x86_64-linux-gnu/libogg.so.0.8.1
7fc2162cf000-7fc2164cf000 ---p 00007000 08:01 6037873                    /usr/lib/x86_64-linux-gnu/libogg.so.0.8.1
7fc2164cf000-7fc2164d0000 r--p 00007000 08:01 6037873                    /usr/lib/x86_64-linux-gnu/libogg.so.0.8.1
7fc2164d0000-7fc2164d1000 rw-p 00008000 08:01 6037873                    /usr/lib/x86_64-linux-gnu/libogg.so.0.8.1
7fc2164d8000-7fc216504000 r-xp 00000000 08:01 6038147                    /usr/lib/x86_64-linux-gnu/libvorbis.so.0.4.5
7fc216504000-7fc216703000 ---p 0002c000 08:01 6038147                    /usr/lib/x86_64-linux-gnu/libvorbis.so.0.4.5
7fc216703000-7fc216704000 r--p 0002b000 08:01 6038147                    /usr/lib/x86_64-linux-gnu/libvorbis.so.0.4.5
7fc216704000-7fc216705000 rw-p 0002c000 08:01 6038147                    /usr/lib/x86_64-linux-gnu/libvorbis.so.0.4.5
7fc216708000-7fc216711000 r-xp 00000000 08:01 6037779                    /usr/lib/x86_64-linux-gnu/libltdl.so.7.3.0
7fc216711000-7fc216910000 ---p 00009000 08:01 6037779                    /usr/lib/x86_64-linux-gnu/libltdl.so.7.3.0
7fc216910000-7fc216911000 r--p 00008000 08:01 6037779                    /usr/lib/x86_64-linux-gnu/libltdl.so.7.3.0
7fc216911000-7fc216912000 rw-p 00009000 08:01 6037779                    /usr/lib/x86_64-linux-gnu/libltdl.so.7.3.0
7fc216918000-7fc21692c000 r-xp 00000000 08:01 6031630                    /usr/lib/x86_64-linux-gnu/libtdb.so.1.3.8
7fc21692c000-7fc216b2b000 ---p 00014000 08:01 6031630                    /usr/lib/x86_64-linux-gnu/libtdb.so.1.3.8
7fc216b2b000-7fc216b2c000 r--p 00013000 08:01 6031630                    /usr/lib/x86_64-linux-gnu/libtdb.so.1.3.8
7fc216b2c000-7fc216b2d000 rw-p 00014000 08:01 6031630                    /usr/lib/x86_64-linux-gnu/libtdb.so.1.3.8
7fc216b30000-7fc216b37000 r-xp 00000000 08:01 6038151                    /usr/lib/x86_64-linux-gnu/libvorbisfile.so.3.3.4
7fc216b37000-7fc216d36000 ---p 00007000 08:01 6038151                    /usr/lib/x86_64-linux-gnu/libvorbisfile.so.3.3.4
7fc216d36000-7fc216d37000 r--p 00006000 08:01 6038151                    /usr/lib/x86_64-linux-gnu/libvorbisfile.so.3.3.4
7fc216d37000-7fc216d38000 rw-p 00007000 08:01 6038151                    /usr/lib/x86_64-linux-gnu/libvorbisfile.so.3.3.4
7fc216d38000-7fc216d47000 r-xp 00000000 08:01 6037293                    /usr/lib/x86_64-linux-gnu/libcanberra.so.0.2.5
7fc216d47000-7fc216f46000 ---p 0000f000 08:01 6037293                    /usr/lib/x86_64-linux-gnu/libcanberra.so.0.2.5
7fc216f46000-7fc216f47000 r--p 0000e000 08:01 6037293                    /usr/lib/x86_64-linux-gnu/libcanberra.so.0.2.5
7fc216f47000-7fc216f48000 rw-p 0000f000 08:01 6037293                    /usr/lib/x86_64-linux-gnu/libcanberra.so.0.2.5
7fc216f48000-7fc216f4c000 r-xp 00000000 08:01 6037289                    /usr/lib/x86_64-linux-gnu/libcanberra-gtk.so.0.1.9
7fc216f4c000-7fc21714b000 ---p 00004000 08:01 6037289                    /usr/lib/x86_64-linux-gnu/libcanberra-gtk.so.0.1.9
7fc21714b000-7fc21714c000 r--p 00003000 08:01 6037289                    /usr/lib/x86_64-linux-gnu/libcanberra-gtk.so.0.1.9
7fc21714c000-7fc21714d000 rw-p 00004000 08:01 6037289                    /usr/lib/x86_64-linux-gnu/libcanberra-gtk.so.0.1.9
7fc217150000-7fc217155000 r-xp 00000000 08:01 6423871                    /usr/lib/x86_64-linux-gnu/gtk-2.0/modules/libcanberra-gtk-module.so
7fc217155000-7fc217354000 ---p 00005000 08:01 6423871                    /usr/lib/x86_64-linux-gnu/gtk-2.0/modules/libcanberra-gtk-module.so
7fc217354000-7fc217355000 r--p 00004000 08:01 6423871                    /usr/lib/x86_64-linux-gnu/gtk-2.0/modules/libcanberra-gtk-module.so
7fc217355000-7fc217356000 rw-p 00005000 08:01 6423871                    /usr/lib/x86_64-linux-gnu/gtk-2.0/modules/libcanberra-gtk-module.so
7fc217358000-7fc217387000 r-xp 00000000 08:01 6423853                    /usr/lib/x86_64-linux-gnu/gtk-2.0/2.10.0/engines/libmurrine.so
7fc217387000-7fc217587000 ---p 0002f000 08:01 6423853                    /usr/lib/x86_64-linux-gnu/gtk-2.0/2.10.0/engines/libmurrine.so
7fc217587000-7fc217588000 r--p 0002f000 08:01 6423853                    /usr/lib/x86_64-linux-gnu/gtk-2.0/2.10.0/engines/libmurrine.so
7fc217588000-7fc217589000 rw-p 00030000 08:01 6423853                    /usr/lib/x86_64-linux-gnu/gtk-2.0/2.10.0/engines/libmurrine.so
7fc217590000-7fc2175a0000 r-xp 00000000 08:01 6038117                    /usr/lib/x86_64-linux-gnu/libunity-gtk2-parser.so.0.0.0
7fc2175a0000-7fc21779f000 ---p 00010000 08:01 6038117                    /usr/lib/x86_64-linux-gnu/libunity-gtk2-parser.so.0.0.0
7fc21779f000-7fc2177a0000 r--p 0000f000 08:01 6038117                    /usr/lib/x86_64-linux-gnu/libunity-gtk2-parser.so.0.0.0
7fc2177a0000-7fc2177a1000 rw-p 00010000 08:01 6038117                    /usr/lib/x86_64-linux-gnu/libunity-gtk2-parser.so.0.0.0
7fc2177a8000-7fc2177ad000 r-xp 00000000 08:01 6423875                    /usr/lib/x86_64-linux-gnu/gtk-2.0/modules/libunity-gtk-module.so
7fc2177ad000-7fc2179ac000 ---p 00005000 08:01 6423875                    /usr/lib/x86_64-linux-gnu/gtk-2.0/modules/libunity-gtk-module.so
7fc2179ac000-7fc2179ad000 r--p 00004000 08:01 6423875                    /usr/lib/x86_64-linux-gnu/gtk-2.0/modules/libunity-gtk-module.so
7fc2179ad000-7fc2179ae000 rw-p 00005000 08:01 6423875                    /usr/lib/x86_64-linux-gnu/gtk-2.0/modules/libunity-gtk-module.so
7fc2179b0000-7fc2179c1000 r-xp 00000000 08:01 6423874                    /usr/lib/x86_64-linux-gnu/gtk-2.0/modules/liboverlay-scrollbar.so
7fc2179c1000-7fc217bc0000 ---p 00011000 08:01 6423874                    /usr/lib/x86_64-linux-gnu/gtk-2.0/modules/liboverlay-scrollbar.so
7fc217bc0000-7fc217bc1000 r--p 00010000 08:01 6423874                    /usr/lib/x86_64-linux-gnu/gtk-2.0/modules/liboverlay-scrollbar.so
7fc217bc1000-7fc217bc2000 rw-p 00011000 08:01 6423874                    /usr/lib/x86_64-linux-gnu/gtk-2.0/modules/liboverlay-scrollbar.so
7fc217bc8000-7fc217bc9000 r-xp 00000000 08:01 6037672                    /usr/lib/x86_64-linux-gnu/libgthread-2.0.so.0.4002.0
7fc217bc9000-7fc217dc8000 ---p 00001000 08:01 6037672                    /usr/lib/x86_64-linux-gnu/libgthread-2.0.so.0.4002.0
7fc217dc8000-7fc217dc9000 r--p 00000000 08:01 6037672                    /usr/lib/x86_64-linux-gnu/libgthread-2.0.so.0.4002.0
7fc217dc9000-7fc217dca000 rw-p 00001000 08:01 6037672                    /usr/lib/x86_64-linux-gnu/libgthread-2.0.so.0.4002.0
7fc217dd0000-7fc217df7000 r-xp 00000000 08:01 11404027                   /lib/x86_64-linux-gnu/libexpat.so.1.6.0
7fc217df7000-7fc217ff7000 ---p 00027000 08:01 11404027                   /lib/x86_64-linux-gnu/libexpat.so.1.6.0
7fc217ff7000-7fc217ff9000 r--p 00027000 08:01 11404027                   /lib/x86_64-linux-gnu/libexpat.so.1.6.0
7fc217ff9000-7fc217ffa000 rw-p 00029000 08:01 11404027                   /lib/x86_64-linux-gnu/libexpat.so.1.6.0
7fc218000000-7fc218021000 rw-p 00000000 00:00 0 
7fc218021000-7fc21c000000 ---p 00000000 00:00 0 
7fc21c000000-7fc21c021000 rw-p 00000000 00:00 0 
7fc21c021000-7fc220000000 ---p 00000000 00:00 0 
7fc220000000-7fc220021000 rw-p 00000000 00:00 0 
7fc220021000-7fc224000000 ---p 00000000 00:00 0 
7fc224000000-7fc224001000 r--s 00000000 08:01 10751354                   /var/cache/fontconfig/4794a0821666d79190d59a36cb4f44b5-le64.cache-4
7fc224008000-7fc22400e000 r-xp 00000000 08:01 6037357                    /usr/lib/x86_64-linux-gnu/libdatrie.so.1.3.1
7fc22400e000-7fc22420d000 ---p 00006000 08:01 6037357                    /usr/lib/x86_64-linux-gnu/libdatrie.so.1.3.1
7fc22420d000-7fc22420e000 r--p 00005000 08:01 6037357                    /usr/lib/x86_64-linux-gnu/libdatrie.so.1.3.1
7fc22420e000-7fc22420f000 rw-p 00006000 08:01 6037357                    /usr/lib/x86_64-linux-gnu/libdatrie.so.1.3.1
7fc224210000-7fc22424d000 r-xp 00000000 08:01 11404023                   /lib/x86_64-linux-gnu/libpcre.so.3.13.1
7fc22424d000-7fc22444c000 ---p 0003d000 08:01 11404023                   /lib/x86_64-linux-gnu/libpcre.so.3.13.1
7fc22444c000-7fc22444d000 r--p 0003c000 08:01 11404023                   /lib/x86_64-linux-gnu/libpcre.so.3.13.1
7fc22444d000-7fc22444e000 rw-p 0003d000 08:01 11404023                   /lib/x86_64-linux-gnu/libpcre.so.3.13.1
7fc224450000-7fc224457000 r-xp 00000000 08:01 6029545                    /usr/lib/x86_64-linux-gnu/libffi.so.6.0.1
7fc224457000-7fc224656000 ---p 00007000 08:01 6029545                    /usr/lib/x86_64-linux-gnu/libffi.so.6.0.1
7fc224656000-7fc224657000 r--p 00006000 08:01 6029545                    /usr/lib/x86_64-linux-gnu/libffi.so.6.0.1
7fc224657000-7fc224658000 rw-p 00007000 08:01 6029545                    /usr/lib/x86_64-linux-gnu/libffi.so.6.0.1
7fc224658000-7fc224659000 r--s 00000000 08:01 10748021                   /var/cache/fontconfig/56cf4f4769d0f4abc89a4895d7bd3ae1-le64.cache-4
7fc224660000-7fc224684000 r-xp 00000000 08:01 6033886                    /usr/lib/x86_64-linux-gnu/libgraphite2.so.3.0.1
7fc224684000-7fc224883000 ---p 00024000 08:01 6033886                    /usr/lib/x86_64-linux-gnu/libgraphite2.so.3.0.1
7fc224883000-7fc224885000 r--p 00023000 08:01 6033886                    /usr/lib/x86_64-linux-gnu/libgraphite2.so.3.0.1
7fc224885000-7fc224886000 rw-p 00025000 08:01 6033886                    /usr/lib/x86_64-linux-gnu/libgraphite2.so.3.0.1
7fc224888000-7fc224890000 r-xp 00000000 08:01 6038080                    /usr/lib/x86_64-linux-gnu/libthai.so.0.2.0
7fc224890000-7fc224a8f000 ---p 00008000 08:01 6038080                    /usr/lib/x86_64-linux-gnu/libthai.so.0.2.0
7fc224a8f000-7fc224a90000 r--p 00007000 08:01 6038080                    /usr/lib/x86_64-linux-gnu/libthai.so.0.2.0
7fc224a90000-7fc224a91000 rw-p 00008000 08:01 6038080                    /usr/lib/x86_64-linux-gnu/libthai.so.0.2.0
7fc224a98000-7fc224aeb000 r-xp 00000000 08:01 6037696                    /usr/lib/x86_64-linux-gnu/libharfbuzz.so.0.927.0
7fc224aeb000-7fc224ceb000 ---p 00053000 08:01 6037696                    /usr/lib/x86_64-linux-gnu/libharfbuzz.so.0.927.0
7fc224ceb000-7fc224cec000 r--p 00053000 08:01 6037696                    /usr/lib/x86_64-linux-gnu/libharfbuzz.so.0.927.0
7fc224cec000-7fc224ced000 rw-p 00054000 08:01 6037696                    /usr/lib/x86_64-linux-gnu/libharfbuzz.so.0.927.0
7fc224cf0000-7fc224d07000 r-xp 00000000 08:01 11409595                   /lib/x86_64-linux-gnu/libresolv-2.19.so
7fc224d07000-7fc224f07000 ---p 00017000 08:01 11409595                   /lib/x86_64-linux-gnu/libresolv-2.19.so
7fc224f07000-7fc224f08000 r--p 00017000 08:01 11409595                   /lib/x86_64-linux-gnu/libresolv-2.19.so
7fc224f08000-7fc224f09000 rw-p 00018000 08:01 11409595                   /lib/x86_64-linux-gnu/libresolv-2.19.so
7fc224f09000-7fc224f0b000 rw-p 00000000 00:00 0 
7fc224f10000-7fc224f30000 r-xp 00000000 08:01 11407590                   /lib/x86_64-linux-gnu/libselinux.so.1
7fc224f30000-7fc22512f000 ---p 00020000 08:01 11407590                   /lib/x86_64-linux-gnu/libselinux.so.1
7fc22512f000-7fc225130000 r--p 0001f000 08:01 11407590                   /lib/x86_64-linux-gnu/libselinux.so.1
7fc225130000-7fc225131000 rw-p 00020000 08:01 11407590                   /lib/x86_64-linux-gnu/libselinux.so.1
7fc225131000-7fc225133000 rw-p 00000000 00:00 0 
7fc225138000-7fc225150000 r-xp 00000000 08:01 11407623                   /lib/x86_64-linux-gnu/libz.so.1.2.8
7fc225150000-7fc22534f000 ---p 00018000 08:01 11407623                   /lib/x86_64-linux-gnu/libz.so.1.2.8
7fc22534f000-7fc225350000 r--p 00017000 08:01 11407623                   /lib/x86_64-linux-gnu/libz.so.1.2.8
7fc225350000-7fc225351000 rw-p 00018000 08:01 11407623                   /lib/x86_64-linux-gnu/libz.so.1.2.8
7fc225358000-7fc225360000 r-xp 00000000 08:01 6038206                    /usr/lib/x86_64-linux-gnu/libxcb-render.so.0.0.0
7fc225360000-7fc22555f000 ---p 00008000 08:01 6038206                    /usr/lib/x86_64-linux-gnu/libxcb-render.so.0.0.0
7fc22555f000-7fc225560000 r--p 00007000 08:01 6038206                    /usr/lib/x86_64-linux-gnu/libxcb-render.so.0.0.0
7fc225560000-7fc225561000 rw-p 00008000 08:01 6038206                    /usr/lib/x86_64-linux-gnu/libxcb-render.so.0.0.0
7fc225568000-7fc22556a000 r-xp 00000000 08:01 6038210                    /usr/lib/x86_64-linux-gnu/libxcb-shm.so.0.0.0
7fc22556a000-7fc225769000 ---p 00002000 08:01 6038210                    /usr/lib/x86_64-linux-gnu/libxcb-shm.so.0.0.0
7fc225769000-7fc22576a000 r--p 00001000 08:01 6038210                    /usr/lib/x86_64-linux-gnu/libxcb-shm.so.0.0.0
7fc22576a000-7fc22576b000 rw-p 00002000 08:01 6038210                    /usr/lib/x86_64-linux-gnu/libxcb-shm.so.0.0.0
7fc225770000-7fc225795000 r-xp 00000000 08:01 11404068                   /lib/x86_64-linux-gnu/libpng12.so.0.50.0
7fc225795000-7fc225994000 ---p 00025000 08:01 11404068                   /lib/x86_64-linux-gnu/libpng12.so.0.50.0
7fc225994000-7fc225995000 r--p 00024000 08:01 11404068                   /lib/x86_64-linux-gnu/libpng12.so.0.50.0
7fc225995000-7fc225996000 rw-p 00025000 08:01 11404068                   /lib/x86_64-linux-gnu/libpng12.so.0.50.0
7fc225998000-7fc225a38000 r-xp 00000000 08:01 6033500                    /usr/lib/x86_64-linux-gnu/libpixman-1.so.0.30.2
7fc225a38000-7fc225c38000 ---p 000a0000 08:01 6033500                    /usr/lib/x86_64-linux-gnu/libpixman-1.so.0.30.2
7fc225c38000-7fc225c3f000 r--p 000a0000 08:01 6033500                    /usr/lib/x86_64-linux-gnu/libpixman-1.so.0.30.2
7fc225c3f000-7fc225c40000 rw-p 000a7000 08:01 6033500                    /usr/lib/x86_64-linux-gnu/libpixman-1.so.0.30.2
7fc225c40000-7fc225cdd000 r-xp 00000000 08:01 6036593                    /usr/lib/x86_64-linux-gnu/libfreetype.so.6.11.1
7fc225cdd000-7fc225edc000 ---p 0009d000 08:01 6036593                    /usr/lib/x86_64-linux-gnu/libfreetype.so.6.11.1
7fc225edc000-7fc225ee2000 r--p 0009c000 08:01 6036593                    /usr/lib/x86_64-linux-gnu/libfreetype.so.6.11.1
7fc225ee2000-7fc225ee3000 rw-p 000a2000 08:01 6036593                    /usr/lib/x86_64-linux-gnu/libfreetype.so.6.11.1
7fc225ee8000-7fc225eea000 r-xp 00000000 08:01 6037163                    /usr/lib/x86_64-linux-gnu/libXdamage.so.1.1.0
7fc225eea000-7fc2260e9000 ---p 00002000 08:01 6037163                    /usr/lib/x86_64-linux-gnu/libXdamage.so.1.1.0
7fc2260e9000-7fc2260ea000 r--p 00001000 08:01 6037163                    /usr/lib/x86_64-linux-gnu/libXdamage.so.1.1.0
7fc2260ea000-7fc2260eb000 rw-p 00002000 08:01 6037163                    /usr/lib/x86_64-linux-gnu/libXdamage.so.1.1.0
7fc2260f0000-7fc2260f2000 r-xp 00000000 08:01 6037159                    /usr/lib/x86_64-linux-gnu/libXcomposite.so.1.0.0
7fc2260f2000-7fc2262f1000 ---p 00002000 08:01 6037159                    /usr/lib/x86_64-linux-gnu/libXcomposite.so.1.0.0
7fc2262f1000-7fc2262f2000 r--p 00001000 08:01 6037159                    /usr/lib/x86_64-linux-gnu/libXcomposite.so.1.0.0
7fc2262f2000-7fc2262f3000 rw-p 00002000 08:01 6037159                    /usr/lib/x86_64-linux-gnu/libXcomposite.so.1.0.0
7fc2262f8000-7fc226301000 r-xp 00000000 08:01 6037187                    /usr/lib/x86_64-linux-gnu/libXrandr.so.2.2.0
7fc226301000-7fc226500000 ---p 00009000 08:01 6037187                    /usr/lib/x86_64-linux-gnu/libXrandr.so.2.2.0
7fc226500000-7fc226501000 r--p 00008000 08:01 6037187                    /usr/lib/x86_64-linux-gnu/libXrandr.so.2.2.0
7fc226501000-7fc226502000 rw-p 00009000 08:01 6037187                    /usr/lib/x86_64-linux-gnu/libXrandr.so.2.2.0
7fc226508000-7fc22650a000 r-xp 00000000 08:01 6037177                    /usr/lib/x86_64-linux-gnu/libXinerama.so.1.0.0
7fc22650a000-7fc226709000 ---p 00002000 08:01 6037177                    /usr/lib/x86_64-linux-gnu/libXinerama.so.1.0.0
7fc226709000-7fc22670a000 r--p 00001000 08:01 6037177                    /usr/lib/x86_64-linux-gnu/libXinerama.so.1.0.0
7fc22670a000-7fc22670b000 rw-p 00002000 08:01 6037177                    /usr/lib/x86_64-linux-gnu/libXinerama.so.1.0.0
7fc226710000-7fc226816000 r-xp 00000000 08:01 11407491                   /lib/x86_64-linux-gnu/libglib-2.0.so.0.4002.0
7fc226816000-7fc226a15000 ---p 00106000 08:01 11407491                   /lib/x86_64-linux-gnu/libglib-2.0.so.0.4002.0
7fc226a15000-7fc226a16000 r--p 00105000 08:01 11407491                   /lib/x86_64-linux-gnu/libglib-2.0.so.0.4002.0
7fc226a16000-7fc226a17000 rw-p 00106000 08:01 11407491                   /lib/x86_64-linux-gnu/libglib-2.0.so.0.4002.0
7fc226a17000-7fc226a18000 rw-p 00000000 00:00 0 
7fc226a18000-7fc226a67000 r-xp 00000000 08:01 6037565                    /usr/lib/x86_64-linux-gnu/libgobject-2.0.so.0.4002.0
7fc226a67000-7fc226c67000 ---p 0004f000 08:01 6037565                    /usr/lib/x86_64-linux-gnu/libgobject-2.0.so.0.4002.0
7fc226c67000-7fc226c68000 r--p 0004f000 08:01 6037565                    /usr/lib/x86_64-linux-gnu/libgobject-2.0.so.0.4002.0
7fc226c68000-7fc226c69000 rw-p 00050000 08:01 6037565                    /usr/lib/x86_64-linux-gnu/libgobject-2.0.so.0.4002.0
7fc226c70000-7fc226caa000 r-xp 00000000 08:01 6037450                    /usr/lib/x86_64-linux-gnu/libfontconfig.so.1.8.0
7fc226caa000-7fc226ea9000 ---p 0003a000 08:01 6037450                    /usr/lib/x86_64-linux-gnu/libfontconfig.so.1.8.0
7fc226ea9000-7fc226eab000 r--p 00039000 08:01 6037450                    /usr/lib/x86_64-linux-gnu/libfontconfig.so.1.8.0
7fc226eab000-7fc226eac000 rw-p 0003b000 08:01 6037450                    /usr/lib/x86_64-linux-gnu/libfontconfig.so.1.8.0
7fc226eb0000-7fc226efa000 r-xp 00000000 08:01 6037889                    /usr/lib/x86_64-linux-gnu/libpango-1.0.so.0.3600.3
7fc226efa000-7fc2270fa000 ---p 0004a000 08:01 6037889                    /usr/lib/x86_64-linux-gnu/libpango-1.0.so.0.3600.3
7fc2270fa000-7fc2270fc000 r--p 0004a000 08:01 6037889                    /usr/lib/x86_64-linux-gnu/libpango-1.0.so.0.3600.3
7fc2270fc000-7fc2270fd000 rw-p 0004c000 08:01 6037889                    /usr/lib/x86_64-linux-gnu/libpango-1.0.so.0.3600.3
7fc227100000-7fc227114000 r-xp 00000000 08:01 6037893                    /usr/lib/x86_64-linux-gnu/libpangoft2-1.0.so.0.3600.3
7fc227114000-7fc227313000 ---p 00014000 08:01 6037893                    /usr/lib/x86_64-linux-gnu/libpangoft2-1.0.so.0.3600.3
7fc227313000-7fc227314000 r--p 00013000 08:01 6037893                    /usr/lib/x86_64-linux-gnu/libpangoft2-1.0.so.0.3600.3
7fc227314000-7fc227315000 rw-p 00014000 08:01 6037893                    /usr/lib/x86_64-linux-gnu/libpangoft2-1.0.so.0.3600.3
7fc227318000-7fc227484000 r-xp 00000000 08:01 6037537                    /usr/lib/x86_64-linux-gnu/libgio-2.0.so.0.4002.0
7fc227484000-7fc227683000 ---p 0016c000 08:01 6037537                    /usr/lib/x86_64-linux-gnu/libgio-2.0.so.0.4002.0
7fc227683000-7fc227687000 r--p 0016b000 08:01 6037537                    /usr/lib/x86_64-linux-gnu/libgio-2.0.so.0.4002.0
7fc227687000-7fc227689000 rw-p 0016f000 08:01 6037537                    /usr/lib/x86_64-linux-gnu/libgio-2.0.so.0.4002.0
7fc227689000-7fc22768b000 rw-p 00000000 00:00 0 
7fc227690000-7fc2276b0000 r-xp 00000000 08:01 6036595                    /usr/lib/x86_64-linux-gnu/libgdk_pixbuf-2.0.so.0.3000.7
7fc2276b0000-7fc2278af000 ---p 00020000 08:01 6036595                    /usr/lib/x86_64-linux-gnu/libgdk_pixbuf-2.0.so.0.3000.7
7fc2278af000-7fc2278b0000 r--p 0001f000 08:01 6036595                    /usr/lib/x86_64-linux-gnu/libgdk_pixbuf-2.0.so.0.3000.7
7fc2278b0000-7fc2278b1000 rw-p 00020000 08:01 6036595                    /usr/lib/x86_64-linux-gnu/libgdk_pixbuf-2.0.so.0.3000.7
7fc2278b8000-7fc2279be000 r-xp 00000000 08:01 6037285                    /usr/lib/x86_64-linux-gnu/libcairo.so.2.11301.0
7fc2279be000-7fc227bbd000 ---p 00106000 08:01 6037285                    /usr/lib/x86_64-linux-gnu/libcairo.so.2.11301.0
7fc227bbd000-7fc227bc0000 r--p 00105000 08:01 6037285                    /usr/lib/x86_64-linux-gnu/libcairo.so.2.11301.0
7fc227bc0000-7fc227bc1000 rw-p 00108000 08:01 6037285                    /usr/lib/x86_64-linux-gnu/libcairo.so.2.11301.0
7fc227bc1000-7fc227bc3000 rw-p 00000000 00:00 0 
7fc227bc8000-7fc227be7000 r-xp 00000000 08:01 6037246                    /usr/lib/x86_64-linux-gnu/libatk-1.0.so.0.21009.1
7fc227be7000-7fc227de7000 ---p 0001f000 08:01 6037246                    /usr/lib/x86_64-linux-gnu/libatk-1.0.so.0.21009.1
7fc227de7000-7fc227de9000 r--p 0001f000 08:01 6037246                    /usr/lib/x86_64-linux-gnu/libatk-1.0.so.0.21009.1
7fc227de9000-7fc227dea000 rw-p 00021000 08:01 6037246                    /usr/lib/x86_64-linux-gnu/libatk-1.0.so.0.21009.1
7fc227df0000-7fc227dfb000 r-xp 00000000 08:01 6037891                    /usr/lib/x86_64-linux-gnu/libpangocairo-1.0.so.0.3600.3
7fc227dfb000-7fc227ffb000 ---p 0000b000 08:01 6037891                    /usr/lib/x86_64-linux-gnu/libpangocairo-1.0.so.0.3600.3
7fc227ffb000-7fc227ffc000 r--p 0000b000 08:01 6037891                    /usr/lib/x86_64-linux-gnu/libpangocairo-1.0.so.0.3600.3
7fc227ffc000-7fc227ffd000 rw-p 0000c000 08:01 6037891                    /usr/lib/x86_64-linux-gnu/libpangocairo-1.0.so.0.3600.3
7fc228000000-7fc228021000 rw-p 00000000 00:00 0 
7fc228021000-7fc22c000000 ---p 00000000 00:00 0 
7fc22c000000-7fc22c001000 r--s 00000000 08:01 10748033                   /var/cache/fontconfig/b9d506c9ac06c20b433354fa67a72993-le64.cache-4
7fc22c008000-7fc22c020000 r--s 00000000 08:01 10753619                   /var/cache/fontconfig/e13b20fdb08344e0e664864cc2ede53d-le64.cache-4
7fc22c020000-7fc22c03e000 r--s 00000000 08:01 10375488                   /home/gus/.cache/fontconfig/467c019e582ee353435ea5c21d137ef6-le64.cache-4
7fc22c053000-7fc22c057000 r--s 0008b000 08:01 6298005                    /usr/lib/jvm/java-7-oracle/jre/lib/jsse.jar
7fc22c058000-7fc22c076000 r--s 00000000 08:01 6422562                    /usr/share/mime/mime.cache
7fc22c078000-7fc22c083000 r--p 00000000 08:01 7482663                    /usr/share/icons/Humanity-Dark/icon-theme.cache
7fc22c087000-7fc22c0b8000 rw-p 00000000 00:00 0 
7fc22c0b8000-7fc22c0f9000 r--p 00000000 08:01 7079384                    /usr/share/glib-2.0/schemas/gschemas.compiled
7fc22c100000-7fc22c103000 r-xp 00000000 08:01 6037549                    /usr/lib/x86_64-linux-gnu/libgmodule-2.0.so.0.4002.0
7fc22c103000-7fc22c302000 ---p 00003000 08:01 6037549                    /usr/lib/x86_64-linux-gnu/libgmodule-2.0.so.0.4002.0
7fc22c302000-7fc22c303000 r--p 00002000 08:01 6037549                    /usr/lib/x86_64-linux-gnu/libgmodule-2.0.so.0.4002.0
7fc22c303000-7fc22c304000 rw-p 00003000 08:01 6037549                    /usr/lib/x86_64-linux-gnu/libgmodule-2.0.so.0.4002.0
7fc22c308000-7fc22c3b5000 r-xp 00000000 08:01 6029794                    /usr/lib/x86_64-linux-gnu/libgdk-x11-2.0.so.0.2400.23
7fc22c3b5000-7fc22c5b5000 ---p 000ad000 08:01 6029794                    /usr/lib/x86_64-linux-gnu/libgdk-x11-2.0.so.0.2400.23
7fc22c5b5000-7fc22c5b9000 r--p 000ad000 08:01 6029794                    /usr/lib/x86_64-linux-gnu/libgdk-x11-2.0.so.0.2400.23
7fc22c5b9000-7fc22c5bb000 rw-p 000b1000 08:01 6029794                    /usr/lib/x86_64-linux-gnu/libgdk-x11-2.0.so.0.2400.23
7fc22c5c0000-7fc22c9f0000 r-xp 00000000 08:01 6033884                    /usr/lib/x86_64-linux-gnu/libgtk-x11-2.0.so.0.2400.23
7fc22c9f0000-7fc22cbef000 ---p 00430000 08:01 6033884                    /usr/lib/x86_64-linux-gnu/libgtk-x11-2.0.so.0.2400.23
7fc22cbef000-7fc22cbf6000 r--p 0042f000 08:01 6033884                    /usr/lib/x86_64-linux-gnu/libgtk-x11-2.0.so.0.2400.23
7fc22cbf6000-7fc22cbfa000 rw-p 00436000 08:01 6033884                    /usr/lib/x86_64-linux-gnu/libgtk-x11-2.0.so.0.2400.23
7fc22cbfa000-7fc22cbfd000 rw-p 00000000 00:00 0 
7fc22cbff000-7fc22cc02000 ---p 00000000 00:00 0 
7fc22cc02000-7fc22cd00000 rw-p 00000000 00:00 0 
7fc22cd00000-7fc22cd05000 r-xp 00000000 08:01 6037169                    /usr/lib/x86_64-linux-gnu/libXfixes.so.3.1.0
7fc22cd05000-7fc22cf04000 ---p 00005000 08:01 6037169                    /usr/lib/x86_64-linux-gnu/libXfixes.so.3.1.0
7fc22cf04000-7fc22cf05000 r--p 00004000 08:01 6037169                    /usr/lib/x86_64-linux-gnu/libXfixes.so.3.1.0
7fc22cf05000-7fc22cf06000 rw-p 00005000 08:01 6037169                    /usr/lib/x86_64-linux-gnu/libXfixes.so.3.1.0
7fc22cf08000-7fc22cf11000 r-xp 00000000 08:01 6037161                    /usr/lib/x86_64-linux-gnu/libXcursor.so.1.0.2
7fc22cf11000-7fc22d110000 ---p 00009000 08:01 6037161                    /usr/lib/x86_64-linux-gnu/libXcursor.so.1.0.2
7fc22d110000-7fc22d111000 r--p 00008000 08:01 6037161                    /usr/lib/x86_64-linux-gnu/libXcursor.so.1.0.2
7fc22d111000-7fc22d112000 rw-p 00009000 08:01 6037161                    /usr/lib/x86_64-linux-gnu/libXcursor.so.1.0.2
7fc22d117000-7fc22d11a000 ---p 00000000 00:00 0 
7fc22d11a000-7fc22d218000 rw-p 00000000 00:00 0 
7fc22d218000-7fc22d21d000 r-xp 00000000 08:01 6037165                    /usr/lib/x86_64-linux-gnu/libXdmcp.so.6.0.0
7fc22d21d000-7fc22d41c000 ---p 00005000 08:01 6037165                    /usr/lib/x86_64-linux-gnu/libXdmcp.so.6.0.0
7fc22d41c000-7fc22d41d000 r--p 00004000 08:01 6037165                    /usr/lib/x86_64-linux-gnu/libXdmcp.so.6.0.0
7fc22d41d000-7fc22d41e000 rw-p 00005000 08:01 6037165                    /usr/lib/x86_64-linux-gnu/libXdmcp.so.6.0.0
7fc22d420000-7fc22d422000 r-xp 00000000 08:01 6037154                    /usr/lib/x86_64-linux-gnu/libXau.so.6.0.0
7fc22d422000-7fc22d622000 ---p 00002000 08:01 6037154                    /usr/lib/x86_64-linux-gnu/libXau.so.6.0.0
7fc22d622000-7fc22d623000 r--p 00002000 08:01 6037154                    /usr/lib/x86_64-linux-gnu/libXau.so.6.0.0
7fc22d623000-7fc22d624000 rw-p 00003000 08:01 6037154                    /usr/lib/x86_64-linux-gnu/libXau.so.6.0.0
7fc22d628000-7fc22d645000 r-xp 00000000 08:01 6038220                    /usr/lib/x86_64-linux-gnu/libxcb.so.1.1.0
7fc22d645000-7fc22d845000 ---p 0001d000 08:01 6038220                    /usr/lib/x86_64-linux-gnu/libxcb.so.1.1.0
7fc22d845000-7fc22d846000 r--p 0001d000 08:01 6038220                    /usr/lib/x86_64-linux-gnu/libxcb.so.1.1.0
7fc22d846000-7fc22d847000 rw-p 0001e000 08:01 6038220                    /usr/lib/x86_64-linux-gnu/libxcb.so.1.1.0
7fc22d848000-7fc22d857000 r-xp 00000000 08:01 6037175                    /usr/lib/x86_64-linux-gnu/libXi.so.6.1.0
7fc22d857000-7fc22da56000 ---p 0000f000 08:01 6037175                    /usr/lib/x86_64-linux-gnu/libXi.so.6.1.0
7fc22da56000-7fc22da57000 r--p 0000e000 08:01 6037175                    /usr/lib/x86_64-linux-gnu/libXi.so.6.1.0
7fc22da57000-7fc22da58000 rw-p 0000f000 08:01 6037175                    /usr/lib/x86_64-linux-gnu/libXi.so.6.1.0
7fc22da58000-7fc22da5d000 r-xp 00000000 08:01 6037195                    /usr/lib/x86_64-linux-gnu/libXtst.so.6.1.0
7fc22da5d000-7fc22dc5c000 ---p 00005000 08:01 6037195                    /usr/lib/x86_64-linux-gnu/libXtst.so.6.1.0
7fc22dc5c000-7fc22dc5d000 r--p 00004000 08:01 6037195                    /usr/lib/x86_64-linux-gnu/libXtst.so.6.1.0
7fc22dc5d000-7fc22dc5e000 rw-p 00005000 08:01 6037195                    /usr/lib/x86_64-linux-gnu/libXtst.so.6.1.0
7fc22dc60000-7fc22dc69000 r-xp 00000000 08:01 6037189                    /usr/lib/x86_64-linux-gnu/libXrender.so.1.3.0
7fc22dc69000-7fc22de68000 ---p 00009000 08:01 6037189                    /usr/lib/x86_64-linux-gnu/libXrender.so.1.3.0
7fc22de68000-7fc22de69000 r--p 00008000 08:01 6037189                    /usr/lib/x86_64-linux-gnu/libXrender.so.1.3.0
7fc22de69000-7fc22de6a000 rw-p 00009000 08:01 6037189                    /usr/lib/x86_64-linux-gnu/libXrender.so.1.3.0
7fc22de70000-7fc22dfa0000 r-xp 00000000 08:01 6037150                    /usr/lib/x86_64-linux-gnu/libX11.so.6.3.0
7fc22dfa0000-7fc22e1a0000 ---p 00130000 08:01 6037150                    /usr/lib/x86_64-linux-gnu/libX11.so.6.3.0
7fc22e1a0000-7fc22e1a1000 r--p 00130000 08:01 6037150                    /usr/lib/x86_64-linux-gnu/libX11.so.6.3.0
7fc22e1a1000-7fc22e1a5000 rw-p 00131000 08:01 6037150                    /usr/lib/x86_64-linux-gnu/libX11.so.6.3.0
7fc22e1a8000-7fc22e1b9000 r-xp 00000000 08:01 6037167                    /usr/lib/x86_64-linux-gnu/libXext.so.6.4.0
7fc22e1b9000-7fc22e3b8000 ---p 00011000 08:01 6037167                    /usr/lib/x86_64-linux-gnu/libXext.so.6.4.0
7fc22e3b8000-7fc22e3b9000 r--p 00010000 08:01 6037167                    /usr/lib/x86_64-linux-gnu/libXext.so.6.4.0
7fc22e3b9000-7fc22e3ba000 rw-p 00011000 08:01 6037167                    /usr/lib/x86_64-linux-gnu/libXext.so.6.4.0
7fc22e3c0000-7fc22e3c4000 r--s 00000000 08:01 10756467                   /var/cache/fontconfig/7ef2298fde41cc6eeb7af42e48b7d293-le64.cache-4
7fc22e3c8000-7fc22e3da000 r--p 00000000 08:01 7486227                    /usr/share/icons/ubuntu-mono-dark/icon-theme.cache
7fc22e3e0000-7fc22e430000 r-xp 00000000 08:01 6563007                    /usr/lib/jvm/java-7-oracle/jre/lib/amd64/xawt/libmawt.so
7fc22e430000-7fc22e630000 ---p 00050000 08:01 6563007                    /usr/lib/jvm/java-7-oracle/jre/lib/amd64/xawt/libmawt.so
7fc22e630000-7fc22e634000 rw-p 00050000 08:01 6563007                    /usr/lib/jvm/java-7-oracle/jre/lib/amd64/xawt/libmawt.so
7fc22e634000-7fc22e635000 rw-p 00000000 00:00 0 
7fc22e638000-7fc22e6da000 r-xp 00000000 08:01 6430562                    /usr/lib/jvm/java-7-oracle/jre/lib/amd64/libawt.so
7fc22e6da000-7fc22e8da000 ---p 000a2000 08:01 6430562                    /usr/lib/jvm/java-7-oracle/jre/lib/amd64/libawt.so
7fc22e8da000-7fc22e8e6000 rw-p 000a2000 08:01 6430562                    /usr/lib/jvm/java-7-oracle/jre/lib/amd64/libawt.so
7fc22e8e6000-7fc22e90a000 rw-p 00000000 00:00 0 
7fc22e90b000-7fc22e90c000 ---p 00000000 00:00 0 
7fc22e90c000-7fc22ea0c000 rw-p 00000000 00:00 0 
7fc22ea0c000-7fc22ea0f000 ---p 00000000 00:00 0 
7fc22ea0f000-7fc22eb0d000 rw-p 00000000 00:00 0 
7fc22eb0d000-7fc22eb10000 ---p 00000000 00:00 0 
7fc22eb10000-7fc22ec0e000 rw-p 00000000 00:00 0 
7fc22ec0e000-7fc22ec11000 ---p 00000000 00:00 0 
7fc22ec11000-7fc22ed0f000 rw-p 00000000 00:00 0 
7fc22ed0f000-7fc22ed12000 ---p 00000000 00:00 0 
7fc22ed12000-7fc22ee10000 rw-p 00000000 00:00 0 
7fc22ee10000-7fc22f4f3000 r--p 00000000 08:01 6036148                    /usr/lib/locale/locale-archive
7fc22f4f5000-7fc22f4f8000 ---p 00000000 00:00 0 
7fc22f4f8000-7fc22f5f6000 rw-p 00000000 00:00 0 
7fc22f5f6000-7fc22f5f9000 ---p 00000000 00:00 0 
7fc22f5f9000-7fc22f6f7000 rw-p 00000000 00:00 0 
7fc22f6f7000-7fc22f6f8000 ---p 00000000 00:00 0 
7fc22f6f8000-7fc230000000 rw-p 00000000 00:00 0 
7fc230000000-7fc230021000 rw-p 00000000 00:00 0 
7fc230021000-7fc234000000 ---p 00000000 00:00 0 
7fc234000000-7fc234250000 rw-p 00000000 00:00 0 
7fc234250000-7fc238000000 ---p 00000000 00:00 0 
7fc238000000-7fc238021000 rw-p 00000000 00:00 0 
7fc238021000-7fc23c000000 ---p 00000000 00:00 0 
7fc23c000000-7fc23c001000 r--s 00000000 08:01 10748010                   /var/cache/fontconfig/0c9eb80ebd1c36541ebe2852d3bb0c49-le64.cache-4
7fc23c008000-7fc23c009000 r--s 00000000 08:01 10375562                   /home/gus/.cache/fontconfig/e0aa53bcfa504e64f87823c16bc01eb6-le64.cache-4
7fc23c010000-7fc23c014000 r--p 00000000 08:01 10377318                   /home/gus/.config/dconf/user
7fc23c018000-7fc23c019000 r--s 00000000 00:16 33436915                   /run/user/1000/dconf/user
7fc23c01f000-7fc23c023000 r--s 00027000 08:01 13370844                   /home/gus/NetBeansProjects/jbotevolver/JBotEvolver/commons-io-2.2.jar
7fc23c028000-7fc23c02a000 r--s 00008000 08:01 13765769                   /home/gus/NetBeansProjects/jbotevolver/JBotSim/jfreesvg-3.0.jar
7fc23c02e000-7fc23c036000 r--s 0008e000 08:01 13765753                   /home/gus/NetBeansProjects/jbotevolver/JBotSim/javassist.jar
7fc23c03d000-7fc23c03e000 r--s 0000d000 08:01 13765754                   /home/gus/NetBeansProjects/jbotevolver/JBotSim/jafama.jar
7fc23c040000-7fc23c044000 r--s 00030000 08:01 13765759                   /home/gus/NetBeansProjects/jbotevolver/JBotSim/asm-all-4.0.jar
7fc23c047000-7fc23c049000 r--s 0000f000 08:01 13765768                   /home/gus/NetBeansProjects/jbotevolver/JBotSim/BaseClient.jar
7fc23c04c000-7fc23d000000 rw-p 00000000 00:00 0 
7fc23d000000-7fc23d460000 rwxp 00000000 00:00 0 
7fc23d460000-7fc240537000 rw-p 00000000 00:00 0 
7fc240537000-7fc244000000 ---p 00000000 00:00 0 
7fc244000000-7fc2444d3000 rw-p 00000000 00:00 0 
7fc2444d3000-7fc244693000 r--s 039fb000 08:01 6297997                    /usr/lib/jvm/java-7-oracle/jre/lib/rt.jar
7fc244698000-7fc244f9f000 rw-p 00000000 00:00 0 
7fc244f9f000-7fc244fa0000 ---p 00000000 00:00 0 
7fc244fa0000-7fc2450a0000 rw-p 00000000 00:00 0 
7fc2450a0000-7fc2450a1000 ---p 00000000 00:00 0 
7fc2450a1000-7fc2451a1000 rw-p 00000000 00:00 0 
7fc2451a1000-7fc2451a2000 ---p 00000000 00:00 0 
7fc2451a2000-7fc2452a2000 rw-p 00000000 00:00 0 
7fc2452a2000-7fc2452a3000 ---p 00000000 00:00 0 
7fc2452a3000-7fc2453a3000 rw-p 00000000 00:00 0 
7fc2453a3000-7fc2453a4000 ---p 00000000 00:00 0 
7fc2453a4000-7fc2454a4000 rw-p 00000000 00:00 0 
7fc2454a4000-7fc2454a5000 ---p 00000000 00:00 0 
7fc2454a5000-7fc2455a5000 rw-p 00000000 00:00 0 
7fc2455a5000-7fc2455a6000 ---p 00000000 00:00 0 
7fc2455a6000-7fc2456a6000 rw-p 00000000 00:00 0 
7fc2456a6000-7fc2456a7000 ---p 00000000 00:00 0 
7fc2456a7000-7fc2457f8000 rw-p 00000000 00:00 0 
7fc2457f8000-7fc245cb7000 rw-p 00000000 00:00 0 
7fc245cb7000-7fc245cc2000 rw-p 00000000 00:00 0 
7fc245cc2000-7fc245ce0000 rw-p 00000000 00:00 0 
7fc245ce0000-7fc245d31000 rw-p 00000000 00:00 0 
7fc245d31000-7fc2461ef000 rw-p 00000000 00:00 0 
7fc2461ef000-7fc24620e000 rw-p 00000000 00:00 0 
7fc24620e000-7fc24623b000 ---p 00000000 00:00 0 
7fc24623b000-7fc246477000 rw-p 00000000 00:00 0 
7fc246477000-7fc246478000 rw-p 00000000 00:00 0 
7fc246478000-7fc24648f000 r-xp 00000000 08:01 6425842                    /usr/lib/jvm/java-7-oracle/jre/lib/amd64/libzip.so
7fc24648f000-7fc24668f000 ---p 00017000 08:01 6425842                    /usr/lib/jvm/java-7-oracle/jre/lib/amd64/libzip.so
7fc24668f000-7fc246690000 rw-p 00017000 08:01 6425842                    /usr/lib/jvm/java-7-oracle/jre/lib/amd64/libzip.so
7fc246690000-7fc24669a000 r-xp 00000000 08:01 11411274                   /lib/x86_64-linux-gnu/libnss_files-2.19.so
7fc24669a000-7fc246899000 ---p 0000a000 08:01 11411274                   /lib/x86_64-linux-gnu/libnss_files-2.19.so
7fc246899000-7fc24689a000 r--p 00009000 08:01 11411274                   /lib/x86_64-linux-gnu/libnss_files-2.19.so
7fc24689a000-7fc24689b000 rw-p 0000a000 08:01 11411274                   /lib/x86_64-linux-gnu/libnss_files-2.19.so
7fc2468a0000-7fc2468ab000 r-xp 00000000 08:01 11409641                   /lib/x86_64-linux-gnu/libnss_nis-2.19.so
7fc2468ab000-7fc246aaa000 ---p 0000b000 08:01 11409641                   /lib/x86_64-linux-gnu/libnss_nis-2.19.so
7fc246aaa000-7fc246aab000 r--p 0000a000 08:01 11409641                   /lib/x86_64-linux-gnu/libnss_nis-2.19.so
7fc246aab000-7fc246aac000 rw-p 0000b000 08:01 11409641                   /lib/x86_64-linux-gnu/libnss_nis-2.19.so
7fc246ab0000-7fc246ac7000 r-xp 00000000 08:01 11409634                   /lib/x86_64-linux-gnu/libnsl-2.19.so
7fc246ac7000-7fc246cc6000 ---p 00017000 08:01 11409634                   /lib/x86_64-linux-gnu/libnsl-2.19.so
7fc246cc6000-7fc246cc7000 r--p 00016000 08:01 11409634                   /lib/x86_64-linux-gnu/libnsl-2.19.so
7fc246cc7000-7fc246cc8000 rw-p 00017000 08:01 11409634                   /lib/x86_64-linux-gnu/libnsl-2.19.so
7fc246cc8000-7fc246cca000 rw-p 00000000 00:00 0 
7fc246cd0000-7fc246cd9000 r-xp 00000000 08:01 11409632                   /lib/x86_64-linux-gnu/libnss_compat-2.19.so
7fc246cd9000-7fc246ed8000 ---p 00009000 08:01 11409632                   /lib/x86_64-linux-gnu/libnss_compat-2.19.so
7fc246ed8000-7fc246ed9000 r--p 00008000 08:01 11409632                   /lib/x86_64-linux-gnu/libnss_compat-2.19.so
7fc246ed9000-7fc246eda000 rw-p 00009000 08:01 11409632                   /lib/x86_64-linux-gnu/libnss_compat-2.19.so
7fc246ee0000-7fc246f09000 r-xp 00000000 08:01 6430543                    /usr/lib/jvm/java-7-oracle/jre/lib/amd64/libjava.so
7fc246f09000-7fc247109000 ---p 00029000 08:01 6430543                    /usr/lib/jvm/java-7-oracle/jre/lib/amd64/libjava.so
7fc247109000-7fc24710b000 rw-p 00029000 08:01 6430543                    /usr/lib/jvm/java-7-oracle/jre/lib/amd64/libjava.so
7fc247110000-7fc24711d000 r-xp 00000000 08:01 6430567                    /usr/lib/jvm/java-7-oracle/jre/lib/amd64/libverify.so
7fc24711d000-7fc24731c000 ---p 0000d000 08:01 6430567                    /usr/lib/jvm/java-7-oracle/jre/lib/amd64/libverify.so
7fc24731c000-7fc24731e000 rw-p 0000c000 08:01 6430567                    /usr/lib/jvm/java-7-oracle/jre/lib/amd64/libverify.so
7fc247320000-7fc247327000 r-xp 00000000 08:01 11409652                   /lib/x86_64-linux-gnu/librt-2.19.so
7fc247327000-7fc247526000 ---p 00007000 08:01 11409652                   /lib/x86_64-linux-gnu/librt-2.19.so
7fc247526000-7fc247527000 r--p 00006000 08:01 11409652                   /lib/x86_64-linux-gnu/librt-2.19.so
7fc247527000-7fc247528000 rw-p 00007000 08:01 11409652                   /lib/x86_64-linux-gnu/librt-2.19.so
7fc247528000-7fc24762d000 r-xp 00000000 08:01 11409618                   /lib/x86_64-linux-gnu/libm-2.19.so
7fc24762d000-7fc24782c000 ---p 00105000 08:01 11409618                   /lib/x86_64-linux-gnu/libm-2.19.so
7fc24782c000-7fc24782d000 r--p 00104000 08:01 11409618                   /lib/x86_64-linux-gnu/libm-2.19.so
7fc24782d000-7fc24782e000 rw-p 00105000 08:01 11409618                   /lib/x86_64-linux-gnu/libm-2.19.so
7fc247830000-7fc2483a6000 r-xp 00000000 08:01 7231723                    /usr/lib/jvm/java-7-oracle/jre/lib/amd64/server/libjvm.so
7fc2483a6000-7fc2485a5000 ---p 00b76000 08:01 7231723                    /usr/lib/jvm/java-7-oracle/jre/lib/amd64/server/libjvm.so
7fc2485a5000-7fc248669000 rw-p 00b75000 08:01 7231723                    /usr/lib/jvm/java-7-oracle/jre/lib/amd64/server/libjvm.so
7fc248669000-7fc2486aa000 rw-p 00000000 00:00 0 
7fc2486b0000-7fc24886a000 r-xp 00000000 08:01 11409669                   /lib/x86_64-linux-gnu/libc-2.19.so
7fc24886a000-7fc248a6a000 ---p 001ba000 08:01 11409669                   /lib/x86_64-linux-gnu/libc-2.19.so
7fc248a6a000-7fc248a6e000 r--p 001ba000 08:01 11409669                   /lib/x86_64-linux-gnu/libc-2.19.so
7fc248a6e000-7fc248a70000 rw-p 001be000 08:01 11409669                   /lib/x86_64-linux-gnu/libc-2.19.so
7fc248a70000-7fc248a75000 rw-p 00000000 00:00 0 
7fc248a78000-7fc248a7b000 r-xp 00000000 08:01 11409628                   /lib/x86_64-linux-gnu/libdl-2.19.so
7fc248a7b000-7fc248c7a000 ---p 00003000 08:01 11409628                   /lib/x86_64-linux-gnu/libdl-2.19.so
7fc248c7a000-7fc248c7b000 r--p 00002000 08:01 11409628                   /lib/x86_64-linux-gnu/libdl-2.19.so
7fc248c7b000-7fc248c7c000 rw-p 00003000 08:01 11409628                   /lib/x86_64-linux-gnu/libdl-2.19.so
7fc248c80000-7fc248c95000 r-xp 00000000 08:01 8525342                    /usr/lib/jvm/java-7-oracle/lib/amd64/jli/libjli.so
7fc248c95000-7fc248e94000 ---p 00015000 08:01 8525342                    /usr/lib/jvm/java-7-oracle/lib/amd64/jli/libjli.so
7fc248e94000-7fc248e95000 rw-p 00014000 08:01 8525342                    /usr/lib/jvm/java-7-oracle/lib/amd64/jli/libjli.so
7fc248e98000-7fc248eb1000 r-xp 00000000 08:01 11409636                   /lib/x86_64-linux-gnu/libpthread-2.19.so
7fc248eb1000-7fc2490b0000 ---p 00019000 08:01 11409636                   /lib/x86_64-linux-gnu/libpthread-2.19.so
7fc2490b0000-7fc2490b1000 r--p 00018000 08:01 11409636                   /lib/x86_64-linux-gnu/libpthread-2.19.so
7fc2490b1000-7fc2490b2000 rw-p 00019000 08:01 11409636                   /lib/x86_64-linux-gnu/libpthread-2.19.so
7fc2490b2000-7fc2490b6000 rw-p 00000000 00:00 0 
7fc2490b8000-7fc2490db000 r-xp 00000000 08:01 11409638                   /lib/x86_64-linux-gnu/ld-2.19.so
7fc2490df000-7fc2490ea000 rw-p 00000000 00:00 0 
7fc2490ea000-7fc249108000 rw-p 00000000 00:00 0 
7fc249108000-7fc24911a000 rw-p 00000000 00:00 0 
7fc24911a000-7fc2491c8000 rw-p 00000000 00:00 0 
7fc2491c8000-7fc2491d0000 rw-s 00000000 08:01 9179696                    /tmp/hsperfdata_gus/32220
7fc2491d5000-7fc2491d7000 rw-p 00000000 00:00 0 
7fc2491d7000-7fc2491da000 ---p 00000000 00:00 0 
7fc2491da000-7fc2492da000 rw-p 00000000 00:00 0 
7fc2492da000-7fc2492db000 r--p 00022000 08:01 11409638                   /lib/x86_64-linux-gnu/ld-2.19.so
7fc2492db000-7fc2492dc000 rw-p 00023000 08:01 11409638                   /lib/x86_64-linux-gnu/ld-2.19.so
7fc2492dc000-7fc2492dd000 rw-p 00000000 00:00 0 
7fc2492dd000-7fc2492de000 ---p 00000000 00:00 0 
7fc2492de000-7fc2492e2000 rw-p 00000000 00:00 0 
7ffe9fca3000-7ffe9fcc4000 rw-p 00000000 00:00 0                          [stack]
7ffe9fcc8000-7ffe9fcca000 r--p 00000000 00:00 0                          [vvar]
7ffe9fcca000-7ffe9fccc000 r-xp 00000000 00:00 0                          [vdso]
ffffffffff600000-ffffffffff601000 r-xp 00000000 00:00 0                  [vsyscall]

VM Arguments:
jvm_args: -Dfile.encoding=UTF-8 
java_command: gui.CombinedGui
Launcher Type: SUN_STANDARD

Environment Variables:
JAVA_HOME=/usr/lib/jvm/java-8-oracle
PATH=/home/gus/bin:/usr/local/sbin:/usr/local/bin:/usr/sbin:/usr/bin:/sbin:/bin:/usr/games:/usr/local/games:/usr/lib/jvm/java-8-oracle/bin:/usr/lib/jvm/java-8-oracle/db/bin:/usr/lib/jvm/java-8-oracle/jre/bin
LD_LIBRARY_PATH=/usr/lib/jvm/java-8-oracle/jre/lib/amd64:/usr/lib/jvm/java-8-oracle/jre/lib/i386:
SHELL=/bin/bash
DISPLAY=:0

Signal Handlers:
SIGSEGV: [libjvm.so+0x9a3b20], sa_mask[0]=0x7ffbfeff, sa_flags=0x10000004
SIGBUS: [libjvm.so+0x9a3b20], sa_mask[0]=0x7ffbfeff, sa_flags=0x10000004
SIGFPE: [libjvm.so+0x81e740], sa_mask[0]=0x7ffbfeff, sa_flags=0x10000004
SIGPIPE: SIG_IGN, sa_mask[0]=0x00001000, sa_flags=0x10000000
SIGXFSZ: [libjvm.so+0x81e740], sa_mask[0]=0x7ffbfeff, sa_flags=0x10000004
SIGILL: [libjvm.so+0x81e740], sa_mask[0]=0x7ffbfeff, sa_flags=0x10000004
SIGUSR1: SIG_DFL, sa_mask[0]=0x00000000, sa_flags=0x00000000
SIGUSR2: [libjvm.so+0x81ffb0], sa_mask[0]=0x00000004, sa_flags=0x10000004
SIGHUP: [libjvm.so+0x8210d0], sa_mask[0]=0x7ffbfeff, sa_flags=0x10000004
SIGINT: SIG_IGN, sa_mask[0]=0x00000000, sa_flags=0x00000000
SIGTERM: [libjvm.so+0x8210d0], sa_mask[0]=0x7ffbfeff, sa_flags=0x10000004
SIGQUIT: [libjvm.so+0x8210d0], sa_mask[0]=0x7ffbfeff, sa_flags=0x10000004


---------------  S Y S T E M  ---------------

OS:jessie/sid

uname:Linux 3.19.0-64-generic #72~14.04.1-Ubuntu SMP Fri Jun 24 17:59:48 UTC 2016 x86_64
libc:glibc 2.19 NPTL 2.19 
rlimit: STACK 8192k, CORE 0k, NPROC 61827, NOFILE 4096, AS infinity
load average:0,98 1,16 0,97

/proc/meminfo:
MemTotal:       15915248 kB
MemFree:         3615664 kB
MemAvailable:   11753592 kB
Buffers:          401672 kB
Cached:          7587780 kB
SwapCached:            0 kB
Active:         10194124 kB
Inactive:        1382392 kB
Active(anon):    3588160 kB
Inactive(anon):   105284 kB
Active(file):    6605964 kB
Inactive(file):  1277108 kB
Unevictable:          32 kB
Mlocked:              32 kB
SwapTotal:       7860220 kB
SwapFree:        7860220 kB
Dirty:               408 kB
Writeback:             0 kB
AnonPages:       3589276 kB
Mapped:           487876 kB
Shmem:            106336 kB
Slab:             552548 kB
SReclaimable:     508248 kB
SUnreclaim:        44300 kB
KernelStack:       10384 kB
PageTables:        39368 kB
NFS_Unstable:          0 kB
Bounce:                0 kB
WritebackTmp:          0 kB
CommitLimit:    15817844 kB
Committed_AS:    7420732 kB
VmallocTotal:   34359738367 kB
VmallocUsed:      312260 kB
VmallocChunk:   34359292912 kB
HardwareCorrupted:     0 kB
AnonHugePages:   1953792 kB
CmaTotal:              0 kB
CmaFree:               0 kB
HugePages_Total:       0
HugePages_Free:        0
HugePages_Rsvd:        0
HugePages_Surp:        0
Hugepagesize:       2048 kB
DirectMap4k:      110528 kB
DirectMap2M:     4605952 kB
DirectMap1G:    11534336 kB


CPU:total 8 (8 cores per cpu, 1 threads per core) family 21 model 1 stepping 2, cmov, cx8, fxsr, mmx, sse, sse2, sse3, ssse3, sse4.1, sse4.2, popcnt, avx, aes, mmxext, 3dnowpref, lzcnt, sse4a, tsc, tscinvbit, tscinv

/proc/cpuinfo:
processor	: 0
vendor_id	: AuthenticAMD
cpu family	: 21
model		: 1
model name	: AMD FX(tm)-8150 Eight-Core Processor
stepping	: 2
microcode	: 0x6000623
cpu MHz		: 2800.000
cache size	: 2048 KB
physical id	: 0
siblings	: 8
core id		: 0
cpu cores	: 4
apicid		: 0
initial apicid	: 0
fpu		: yes
fpu_exception	: yes
cpuid level	: 13
wp		: yes
flags		: fpu vme de pse tsc msr pae mce cx8 apic sep mtrr pge mca cmov pat pse36 clflush mmx fxsr sse sse2 ht syscall nx mmxext fxsr_opt pdpe1gb rdtscp lm constant_tsc rep_good nopl nonstop_tsc extd_apicid aperfmperf pni pclmulqdq monitor ssse3 cx16 sse4_1 sse4_2 popcnt aes xsave avx lahf_lm cmp_legacy svm extapic cr8_legacy abm sse4a misalignsse 3dnowprefetch osvw ibs xop skinit wdt lwp fma4 nodeid_msr topoext perfctr_core perfctr_nb arat cpb hw_pstate npt lbrv svm_lock nrip_save tsc_scale vmcb_clean flushbyasid decodeassists pausefilter pfthreshold vmmcall
bugs		: fxsave_leak
bogomips	: 7231.55
TLB size	: 1536 4K pages
clflush size	: 64
cache_alignment	: 64
address sizes	: 48 bits physical, 48 bits virtual
power management: ts ttp tm 100mhzsteps hwpstate cpb

processor	: 1
vendor_id	: AuthenticAMD
cpu family	: 21
model		: 1
model name	: AMD FX(tm)-8150 Eight-Core Processor           
stepping	: 2
microcode	: 0x6000623
cpu MHz		: 3600.000
cache size	: 2048 KB
physical id	: 0
siblings	: 8
core id		: 1
cpu cores	: 4
apicid		: 1
initial apicid	: 1
fpu		: yes
fpu_exception	: yes
cpuid level	: 13
wp		: yes
flags		: fpu vme de pse tsc msr pae mce cx8 apic sep mtrr pge mca cmov pat pse36 clflush mmx fxsr sse sse2 ht syscall nx mmxext fxsr_opt pdpe1gb rdtscp lm constant_tsc rep_good nopl nonstop_tsc extd_apicid aperfmperf pni pclmulqdq monitor ssse3 cx16 sse4_1 sse4_2 popcnt aes xsave avx lahf_lm cmp_legacy svm extapic cr8_legacy abm sse4a misalignsse 3dnowprefetch osvw ibs xop skinit wdt lwp fma4 nodeid_msr topoext perfctr_core perfctr_nb arat cpb hw_pstate npt lbrv svm_lock nrip_save tsc_scale vmcb_clean flushbyasid decodeassists pausefilter pfthreshold vmmcall
bugs		: fxsave_leak
bogomips	: 7231.55
TLB size	: 1536 4K pages
clflush size	: 64
cache_alignment	: 64
address sizes	: 48 bits physical, 48 bits virtual
power management: ts ttp tm 100mhzsteps hwpstate cpb

processor	: 2
vendor_id	: AuthenticAMD
cpu family	: 21
model		: 1
model name	: AMD FX(tm)-8150 Eight-Core Processor           
stepping	: 2
microcode	: 0x6000623
cpu MHz		: 3600.000
cache size	: 2048 KB
physical id	: 0
siblings	: 8
core id		: 3
cpu cores	: 4
apicid		: 2
initial apicid	: 3
fpu		: yes
fpu_exception	: yes
cpuid level	: 13
wp		: yes
flags		: fpu vme de pse tsc msr pae mce cx8 apic sep mtrr pge mca cmov pat pse36 clflush mmx fxsr sse sse2 ht syscall nx mmxext fxsr_opt pdpe1gb rdtscp lm constant_tsc rep_good nopl nonstop_tsc extd_apicid aperfmperf pni pclmulqdq monitor ssse3 cx16 sse4_1 sse4_2 popcnt aes xsave avx lahf_lm cmp_legacy svm extapic cr8_legacy abm sse4a misalignsse 3dnowprefetch osvw ibs xop skinit wdt lwp fma4 nodeid_msr topoext perfctr_core perfctr_nb arat cpb hw_pstate npt lbrv svm_lock nrip_save tsc_scale vmcb_clean flushbyasid decodeassists pausefilter pfthreshold vmmcall
bugs		: fxsave_leak
bogomips	: 7231.55
TLB size	: 1536 4K pages
clflush size	: 64
cache_alignment	: 64
address sizes	: 48 bits physical, 48 bits virtual
power management: ts ttp tm 100mhzsteps hwpstate cpb

processor	: 3
vendor_id	: AuthenticAMD
cpu family	: 21
model		: 1
model name	: AMD FX(tm)-8150 Eight-Core Processor           
stepping	: 2
microcode	: 0x6000623
cpu MHz		: 2100.000
cache size	: 2048 KB
physical id	: 0
siblings	: 8
core id		: 5
cpu cores	: 4
apicid		: 3
initial apicid	: 5
fpu		: yes
fpu_exception	: yes
cpuid level	: 13
wp		: yes
flags		: fpu vme de pse tsc msr pae mce cx8 apic sep mtrr pge mca cmov pat pse36 clflush mmx fxsr sse sse2 ht syscall nx mmxext fxsr_opt pdpe1gb rdtscp lm constant_tsc rep_good nopl nonstop_tsc extd_apicid aperfmperf pni pclmulqdq monitor ssse3 cx16 sse4_1 sse4_2 popcnt aes xsave avx lahf_lm cmp_legacy svm extapic cr8_legacy abm sse4a misalignsse 3dnowprefetch osvw ibs xop skinit wdt lwp fma4 nodeid_msr topoext perfctr_core perfctr_nb arat cpb hw_pstate npt lbrv svm_lock nrip_save tsc_scale vmcb_clean flushbyasid decodeassists pausefilter pfthreshold vmmcall
bugs		: fxsave_leak
bogomips	: 7231.55
TLB size	: 1536 4K pages
clflush size	: 64
cache_alignment	: 64
address sizes	: 48 bits physical, 48 bits virtual
power management: ts ttp tm 100mhzsteps hwpstate cpb

processor	: 4
vendor_id	: AuthenticAMD
cpu family	: 21
model		: 1
model name	: AMD FX(tm)-8150 Eight-Core Processor           
stepping	: 2
microcode	: 0x6000623
cpu MHz		: 3600.000
cache size	: 2048 KB
physical id	: 0
siblings	: 8
core id		: 4
cpu cores	: 4
apicid		: 4
initial apicid	: 4
fpu		: yes
fpu_exception	: yes
cpuid level	: 13
wp		: yes
flags		: fpu vme de pse tsc msr pae mce cx8 apic sep mtrr pge mca cmov pat pse36 clflush mmx fxsr sse sse2 ht syscall nx mmxext fxsr_opt pdpe1gb rdtscp lm constant_tsc rep_good nopl nonstop_tsc extd_apicid aperfmperf pni pclmulqdq monitor ssse3 cx16 sse4_1 sse4_2 popcnt aes xsave avx lahf_lm cmp_legacy svm extapic cr8_legacy abm sse4a misalignsse 3dnowprefetch osvw ibs xop skinit wdt lwp fma4 nodeid_msr topoext perfctr_core perfctr_nb arat cpb hw_pstate npt lbrv svm_lock nrip_save tsc_scale vmcb_clean flushbyasid decodeassists pausefilter pfthreshold vmmcall
bugs		: fxsave_leak
bogomips	: 7231.55
TLB size	: 1536 4K pages
clflush size	: 64
cache_alignment	: 64
address sizes	: 48 bits physical, 48 bits virtual
power management: ts ttp tm 100mhzsteps hwpstate cpb

processor	: 5
vendor_id	: AuthenticAMD
cpu family	: 21
model		: 1
model name	: AMD FX(tm)-8150 Eight-Core Processor           
stepping	: 2
microcode	: 0x6000623
cpu MHz		: 3600.000
cache size	: 2048 KB
physical id	: 0
siblings	: 8
core id		: 2
cpu cores	: 4
apicid		: 5
initial apicid	: 2
fpu		: yes
fpu_exception	: yes
cpuid level	: 13
wp		: yes
flags		: fpu vme de pse tsc msr pae mce cx8 apic sep mtrr pge mca cmov pat pse36 clflush mmx fxsr sse sse2 ht syscall nx mmxext fxsr_opt pdpe1gb rdtscp lm constant_tsc rep_good nopl nonstop_tsc extd_apicid aperfmperf pni pclmulqdq monitor ssse3 cx16 sse4_1 sse4_2 popcnt aes xsave avx lahf_lm cmp_legacy svm extapic cr8_legacy abm sse4a misalignsse 3dnowprefetch osvw ibs xop skinit wdt lwp fma4 nodeid_msr topoext perfctr_core perfctr_nb arat cpb hw_pstate npt lbrv svm_lock nrip_save tsc_scale vmcb_clean flushbyasid decodeassists pausefilter pfthreshold vmmcall
bugs		: fxsave_leak
bogomips	: 7231.55
TLB size	: 1536 4K pages
clflush size	: 64
cache_alignment	: 64
address sizes	: 48 bits physical, 48 bits virtual
power management: ts ttp tm 100mhzsteps hwpstate cpb

processor	: 6
vendor_id	: AuthenticAMD
cpu family	: 21
model		: 1
model name	: AMD FX(tm)-8150 Eight-Core Processor           
stepping	: 2
microcode	: 0x6000623
cpu MHz		: 3600.000
cache size	: 2048 KB
physical id	: 0
siblings	: 8
core id		: 6
cpu cores	: 4
apicid		: 6
initial apicid	: 6
fpu		: yes
fpu_exception	: yes
cpuid level	: 13
wp		: yes
flags		: fpu vme de pse tsc msr pae mce cx8 apic sep mtrr pge mca cmov pat pse36 clflush mmx fxsr sse sse2 ht syscall nx mmxext fxsr_opt pdpe1gb rdtscp lm constant_tsc rep_good nopl nonstop_tsc extd_apicid aperfmperf pni pclmulqdq monitor ssse3 cx16 sse4_1 sse4_2 popcnt aes xsave avx lahf_lm cmp_legacy svm extapic cr8_legacy abm sse4a misalignsse 3dnowprefetch osvw ibs xop skinit wdt lwp fma4 nodeid_msr topoext perfctr_core perfctr_nb arat cpb hw_pstate npt lbrv svm_lock nrip_save tsc_scale vmcb_clean flushbyasid decodeassists pausefilter pfthreshold vmmcall
bugs		: fxsave_leak
bogomips	: 7231.55
TLB size	: 1536 4K pages
clflush size	: 64
cache_alignment	: 64
address sizes	: 48 bits physical, 48 bits virtual
power management: ts ttp tm 100mhzsteps hwpstate cpb

processor	: 7
vendor_id	: AuthenticAMD
cpu family	: 21
model		: 1
model name	: AMD FX(tm)-8150 Eight-Core Processor           
stepping	: 2
microcode	: 0x6000623
cpu MHz		: 3600.000
cache size	: 2048 KB
physical id	: 0
siblings	: 8
core id		: 7
cpu cores	: 4
apicid		: 7
initial apicid	: 7
fpu		: yes
fpu_exception	: yes
cpuid level	: 13
wp		: yes
flags		: fpu vme de pse tsc msr pae mce cx8 apic sep mtrr pge mca cmov pat pse36 clflush mmx fxsr sse sse2 ht syscall nx mmxext fxsr_opt pdpe1gb rdtscp lm constant_tsc rep_good nopl nonstop_tsc extd_apicid aperfmperf pni pclmulqdq monitor ssse3 cx16 sse4_1 sse4_2 popcnt aes xsave avx lahf_lm cmp_legacy svm extapic cr8_legacy abm sse4a misalignsse 3dnowprefetch osvw ibs xop skinit wdt lwp fma4 nodeid_msr topoext perfctr_core perfctr_nb arat cpb hw_pstate npt lbrv svm_lock nrip_save tsc_scale vmcb_clean flushbyasid decodeassists pausefilter pfthreshold vmmcall
bugs		: fxsave_leak
bogomips	: 7231.55
TLB size	: 1536 4K pages
clflush size	: 64
cache_alignment	: 64
address sizes	: 48 bits physical, 48 bits virtual
power management: ts ttp tm 100mhzsteps hwpstate cpb



Memory: 4k page, physical 15915248k(3615664k free), swap 7860220k(7860220k free)

vm_info: Java HotSpot(TM) 64-Bit Server VM (24.80-b11) for linux-amd64 JRE (1.7.0_80-b15), built on Apr 10 2015 19:53:14 by "java_re" with gcc 4.3.0 20080428 (Red Hat 4.3.0-8)

time: Thu Jun 30 11:27:30 2016
elapsed time: 539 seconds

