#
# A fatal error has been detected by the Java Runtime Environment:
#
#  SIGSEGV (0xb) at pc=0x00007f325d3fd250, pid=30311, tid=139854083118848
#
# JRE version: Java(TM) SE Runtime Environment (7.0_80-b15) (build 1.7.0_80-b15)
# Java VM: Java HotSpot(TM) 64-Bit Server VM (24.80-b11 mixed mode linux-amd64 compressed oops)
# Problematic frame:
# C  [librt.so.1+0x205250]  mq_timedreceive+0x200570
#
# Failed to write core dump. Core dumps have been disabled. To enable core dumping, try "ulimit -c unlimited" before starting Java again
#
# If you would like to submit a bug report, please visit:
#   http://bugreport.java.com/bugreport/crash.jsp
#

---------------  T H R E A D  ---------------

Current thread (0x00007f32580b0000):  JavaThread "C2 CompilerThread1" daemon [_thread_in_native, id=30330, stack(0x00007f3250e1d000,0x00007f3250f1e000)]

siginfo:si_signo=SIGSEGV: si_errno=0, si_code=2 (SEGV_ACCERR), si_addr=0x00007f325d3fd250

Registers:
RAX=0x0000000000000081, RBX=0x0000000000000002, RCX=0x0000000000000001, RDX=0x0000000000000001
RSP=0x00007f3250f1b1f8, RBP=0x00007f3250f1b250, RSI=0x00007f321400c218, RDI=0x00007f3214922db0
R8 =0x0000000000000002, R9 =0x00007f321400c670, R10=0x00007f321400c670, R11=0x00007f325e0777d0
R12=0x0000000000000002, R13=0x00007f32147ec730, R14=0x00007f3214922db0, R15=0x0000000000000010
RIP=0x00007f325d3fd250, EFLAGS=0x0000000000010202, CSGSFS=0x0000000000000033, ERR=0x0000000000000014
  TRAPNO=0x000000000000000e

Top of Stack: (sp=0x00007f3250f1b1f8)
0x00007f3250f1b1f8:   00007f325dbfd5f0 0000000000000800
0x00007f3250f1b208:   01007f3250f1c138 00007f321400c0e8
0x00007f3250f1b218:   00007f321400c0e8 280166c850f1b250
0x00007f3250f1b228:   00007f3214922db0 00007f3250f1b260
0x00007f3250f1b238:   00007f3250f1bf00 00007f32086fd360
0x00007f3250f1b248:   00000000ffffffff 00007f3250f1b2a0
0x00007f3250f1b258:   00007f325e07f404 00007f3214012ae0
0x00007f3250f1b268:   00000000000000c8 00007f321400c0e8
0x00007f3250f1b278:   00007f321400c0e8 00007f3250f1b2a0
0x00007f3250f1b288:   00007f3250f1c5d8 00007f3250f1c138
0x00007f3250f1b298:   00007f3250f1bfe0 00007f3250f1bea0
0x00007f3250f1b2a8:   00007f325db5710f 0000000000000010
0x00007f3250f1b2b8:   00007f3214165ab0 00007f3250f1c818
0x00007f3250f1b2c8:   00007f3250f1c830 00007f32580acc10
0x00007f3250f1b2d8:   0000000000000004 0000000000000000
0x00007f3250f1b2e8:   0000000000000000 0000000000000000
0x00007f3250f1b2f8:   00007f3250f1bf00 00007f3250f1bde0
0x00007f3250f1b308:   00007f32580acc10 00007f3250f1c078
0x00007f3250f1b318:   00007f3250f1c818 00007f325e512890
0x00007f3250f1b328:   0000000000000004 00007f3250f1bf00
0x00007f3250f1b338:   00007f3250f1c078 00007f3250f1c078
0x00007f3250f1b348:   0000000000000004 00007f3214922e60
0x00007f3250f1b358:   00007f3250f1c078 0000000000000400
0x00007f3250f1b368:   00007f3214115770 0000000000000000
0x00007f3250f1b378:   0000000000000000 0000000000000000
0x00007f3250f1b388:   0000000000000000 0000000000000000
0x00007f3250f1b398:   0000000000000000 0000000000000000
0x00007f3250f1b3a8:   0000000000000000 0000000000000000
0x00007f3250f1b3b8:   0000000000000000 0000000000000000
0x00007f3250f1b3c8:   0000000000000000 0000000000000000
0x00007f3250f1b3d8:   0000000000000000 0000000000000000
0x00007f3250f1b3e8:   0000000000000000 0000000000000000 

Instructions: (pc=0x00007f325d3fd250)
0x00007f325d3fd230:   
[error occurred during error reporting (printing registers, top of stack, instructions near pc), id 0xb]

Register to memory mapping:

RAX=0x0000000000000081 is an unknown value
RBX=0x0000000000000002 is an unknown value
RCX=0x0000000000000001 is an unknown value
RDX=0x0000000000000001 is an unknown value
RSP=0x00007f3250f1b1f8 is pointing into the stack for thread: 0x00007f32580b0000
RBP=0x00007f3250f1b250 is pointing into the stack for thread: 0x00007f32580b0000
RSI=0x00007f321400c218 is an unknown value
RDI=0x00007f3214922db0 is an unknown value
R8 =0x0000000000000002 is an unknown value
R9 =0x00007f321400c670 is an unknown value
R10=0x00007f321400c670 is an unknown value
R11=0x00007f325e0777d0: <offset 0x9677d0> in /usr/lib/jvm/java-7-oracle/jre/lib/amd64/server/libjvm.so at 0x00007f325d710000
R12=0x0000000000000002 is an unknown value
R13=0x00007f32147ec730 is an unknown value
R14=0x00007f3214922db0 is an unknown value
R15=0x0000000000000010 is an unknown value


Stack: [0x00007f3250e1d000,0x00007f3250f1e000],  sp=0x00007f3250f1b1f8,  free space=1016k
Native frames: (J=compiled Java code, j=interpreted, Vv=VM code, C=native code)
C  [librt.so.1+0x205250]  mq_timedreceive+0x200570
V  [libjvm.so+0x96f404]  Type::Initialize(Compile*)+0xb4
V  [libjvm.so+0x44710f]  Compile::Compile(ciEnv*, C2Compiler*, ciMethod*, int, bool, bool)+0x75f
V  [libjvm.so+0x3b2516]  C2Compiler::compile_method(ciEnv*, ciMethod*, int)+0x176
V  [libjvm.so+0x44f6ce]  CompileBroker::invoke_compiler_on_method(CompileTask*)+0x33e
V  [libjvm.so+0x450458]  CompileBroker::compiler_thread_loop()+0x3e8
V  [libjvm.so+0x95bfff]  JavaThread::thread_main_inner()+0xdf
V  [libjvm.so+0x95c105]  JavaThread::run()+0xf5
V  [libjvm.so+0x8238c8]  java_start(Thread*)+0x108


Current CompileTask:
C2:  44476 1138             java.lang.Boolean::valueOf (14 bytes)


---------------  P R O C E S S  ---------------

Java Threads: ( => current thread )
  0x00007f31cc076000 JavaThread "Thread-5" [_thread_in_Java, id=30352, stack(0x00007f31d373f000,0x00007f31d3840000)]
  0x00007f31cc02f000 JavaThread "TimerQueue" daemon [_thread_blocked, id=30346, stack(0x00007f31f0097000,0x00007f31f0198000)]
  0x00007f325800a000 JavaThread "DestroyJavaVM" [_thread_blocked, id=30316, stack(0x00007f325f0c0000,0x00007f325f1c1000)]
  0x00007f32585ca000 JavaThread "Thread-2" [_thread_blocked, id=30345, stack(0x00007f31f0533000,0x00007f31f0634000)]
  0x00007f3258497000 JavaThread "AWT-EventQueue-0" [_thread_in_native, id=30344, stack(0x00007f31f0634000,0x00007f31f0735000)]
  0x00007f3258495800 JavaThread "AWT-Shutdown" [_thread_blocked, id=30343, stack(0x00007f31f0735000,0x00007f31f0836000)]
  0x00007f325845e800 JavaThread "Thread-1" [_thread_blocked, id=30342, stack(0x00007f31f0836000,0x00007f31f0937000)]
  0x00007f325845d800 JavaThread "Thread-0" [_thread_blocked, id=30341, stack(0x00007f31f0937000,0x00007f31f0a38000)]
  0x00007f32581dd000 JavaThread "AWT-XAWT" daemon [_thread_in_native, id=30334, stack(0x00007f32340ef000,0x00007f32341f0000)]
  0x00007f32581bf800 JavaThread "Java2D Disposer" daemon [_thread_blocked, id=30333, stack(0x00007f325005f000,0x00007f3250160000)]
  0x00007f32580b2800 JavaThread "Service Thread" daemon [_thread_blocked, id=30331, stack(0x00007f3250d1c000,0x00007f3250e1d000)]
=>0x00007f32580b0000 JavaThread "C2 CompilerThread1" daemon [_thread_in_native, id=30330, stack(0x00007f3250e1d000,0x00007f3250f1e000)]
  0x00007f32580ad000 JavaThread "C2 CompilerThread0" daemon [_thread_blocked, id=30329, stack(0x00007f3250f1e000,0x00007f325101f000)]
  0x00007f32580ab000 JavaThread "Signal Dispatcher" daemon [_thread_blocked, id=30328, stack(0x00007f325101f000,0x00007f3251120000)]
  0x00007f3258079000 JavaThread "Finalizer" daemon [_thread_blocked, id=30327, stack(0x00007f32513f9000,0x00007f32514fa000)]
  0x00007f3258077000 JavaThread "Reference Handler" daemon [_thread_blocked, id=30326, stack(0x00007f32514fa000,0x00007f32515fb000)]

Other Threads:
  0x00007f3258072800 VMThread [stack: 0x00007f32515fb000,0x00007f32516fc000] [id=30325]
  0x00007f32580b5800 WatcherThread [stack: 0x00007f3250c1b000,0x00007f3250d1c000] [id=30332]

VM state:not at safepoint (normal execution)

VM Mutex/Monitor currently owned by a thread: None

Heap
 PSYoungGen      total 105472K, used 35453K [0x00000007af080000, 0x00000007b8b00000, 0x0000000800000000)
  eden space 57856K, 46% used [0x00000007af080000,0x00000007b0a85278,0x00000007b2900000)
  from space 47616K, 18% used [0x00000007b5c80000,0x00000007b651a238,0x00000007b8b00000)
  to   space 50176K, 0% used [0x00000007b2900000,0x00000007b2900000,0x00000007b5a00000)
 ParOldGen       total 165376K, used 79779K [0x000000070d200000, 0x0000000717380000, 0x00000007af080000)
  object space 165376K, 48% used [0x000000070d200000,0x0000000711fe8eb8,0x0000000717380000)
 PSPermGen       total 21504K, used 18157K [0x0000000708000000, 0x0000000709500000, 0x000000070d200000)
  object space 21504K, 84% used [0x0000000708000000,0x00000007091bb710,0x0000000709500000)

Card table byte_map: [0x00007f325483f000,0x00007f3255000000] byte_map_base: 0x00007f3250fff000

Polling page: 0x00007f325f0bf000

Code Cache  [0x00007f3255000000, 0x00007f3255320000, 0x00007f3258000000)
 total_blobs=1604 nmethods=1028 adapters=529 free_code_cache=46078Kb largest_free_block=47054976

Compilation events (10 events):
Event: 43,703 Thread 0x00007f32580ad000 nmethod 1133 0x00007f32552f9850 code [0x00007f32552f9980, 0x00007f32552f9a38]
Event: 43,823 Thread 0x00007f32580b0000 1134             java.lang.Integer::equals (29 bytes)
Event: 43,824 Thread 0x00007f32580b0000 nmethod 1134 0x00007f32552f9590 code [0x00007f32552f96e0, 0x00007f32552f9798]
Event: 43,991 Thread 0x00007f32580ad000 1135             sun.java2d.SunGraphics2D::validateColor (101 bytes)
Event: 43,997 Thread 0x00007f32580ad000 nmethod 1135 0x00007f32551e5210 code [0x00007f32551e53a0, 0x00007f32551e55d8]
Event: 44,214 Thread 0x00007f32580b0000 1136             javax.swing.plaf.synth.SynthGraphicsUtils::getPreferredSize (402 bytes)
Event: 44,220 Thread 0x00007f32580b0000 nmethod 1136 0x00007f32551e4390 code [0x00007f32551e4540, 0x00007f32551e4b40]
Event: 44,364 Thread 0x00007f32580ad000 1137             java.util.regex.Pattern$GroupHead::match (47 bytes)
Event: 44,365 Thread 0x00007f32580ad000 nmethod 1137 0x00007f32552f9110 code [0x00007f32552f9260, 0x00007f32552f93b8]
Event: 44,470 Thread 0x00007f32580b0000 1138             java.lang.Boolean::valueOf (14 bytes)

GC Heap History (10 events):
Event: 22,534 GC heap before
{Heap before GC invocations=4 (full 0):
 PSYoungGen      total 72704K, used 72696K [0x00000007af080000, 0x00000007b4180000, 0x0000000800000000)
  eden space 62464K, 100% used [0x00000007af080000,0x00000007b2d80000,0x00000007b2d80000)
  from space 10240K, 99% used [0x00000007b2d80000,0x00000007b377e258,0x00000007b3780000)
  to   space 10240K, 0% used [0x00000007b3780000,0x00000007b3780000,0x00000007b4180000)
 ParOldGen       total 165376K, used 10803K [0x000000070d200000, 0x0000000717380000, 0x00000007af080000)
  object space 165376K, 6% used [0x000000070d200000,0x000000070dc8ce00,0x0000000717380000)
 PSPermGen       total 21504K, used 18010K [0x0000000708000000, 0x0000000709500000, 0x000000070d200000)
  object space 21504K, 83% used [0x0000000708000000,0x0000000709196b50,0x0000000709500000)
Event: 22,541 GC heap after
Heap after GC invocations=4 (full 0):
 PSYoungGen      total 72704K, used 10235K [0x00000007af080000, 0x00000007b4180000, 0x0000000800000000)
  eden space 62464K, 0% used [0x00000007af080000,0x00000007af080000,0x00000007b2d80000)
  from space 10240K, 99% used [0x00000007b3780000,0x00000007b417ed78,0x00000007b4180000)
  to   space 10240K, 0% used [0x00000007b2d80000,0x00000007b2d80000,0x00000007b3780000)
 ParOldGen       total 165376K, used 10875K [0x000000070d200000, 0x0000000717380000, 0x00000007af080000)
  object space 165376K, 6% used [0x000000070d200000,0x000000070dc9ee00,0x0000000717380000)
 PSPermGen       total 21504K, used 18010K [0x0000000708000000, 0x0000000709500000, 0x000000070d200000)
  object space 21504K, 83% used [0x0000000708000000,0x0000000709196b50,0x0000000709500000)
}
Event: 28,915 GC heap before
{Heap before GC invocations=5 (full 0):
 PSYoungGen      total 72704K, used 72699K [0x00000007af080000, 0x00000007b4180000, 0x0000000800000000)
  eden space 62464K, 100% used [0x00000007af080000,0x00000007b2d80000,0x00000007b2d80000)
  from space 10240K, 99% used [0x00000007b3780000,0x00000007b417ed78,0x00000007b4180000)
  to   space 10240K, 0% used [0x00000007b2d80000,0x00000007b2d80000,0x00000007b3780000)
 ParOldGen       total 165376K, used 15830K [0x000000070d200000, 0x0000000717380000, 0x00000007af080000)
  object space 165376K, 9% used [0x000000070d200000,0x000000070e175bd8,0x0000000717380000)
 PSPermGen       total 21504K, used 18038K [0x0000000708000000, 0x0000000709500000, 0x000000070d200000)
  object space 21504K, 83% used [0x0000000708000000,0x000000070919db30,0x0000000709500000)
Event: 28,935 GC heap after
Heap after GC invocations=5 (full 0):
 PSYoungGen      total 71168K, used 10234K [0x00000007af080000, 0x00000007b9b00000, 0x0000000800000000)
  eden space 60928K, 0% used [0x00000007af080000,0x00000007af080000,0x00000007b2c00000)
  from space 10240K, 99% used [0x00000007b2d80000,0x00000007b377e968,0x00000007b3780000)
  to   space 56832K, 0% used [0x00000007b6380000,0x00000007b6380000,0x00000007b9b00000)
 ParOldGen       total 165376K, used 75497K [0x000000070d200000, 0x0000000717380000, 0x00000007af080000)
  object space 165376K, 45% used [0x000000070d200000,0x0000000711bba5b8,0x0000000717380000)
 PSPermGen       total 21504K, used 18038K [0x0000000708000000, 0x0000000709500000, 0x000000070d200000)
  object space 21504K, 83% used [0x0000000708000000,0x000000070919db30,0x0000000709500000)
}
Event: 32,049 GC heap before
{Heap before GC invocations=6 (full 0):
 PSYoungGen      total 71168K, used 71162K [0x00000007af080000, 0x00000007b9b00000, 0x0000000800000000)
  eden space 60928K, 100% used [0x00000007af080000,0x00000007b2c00000,0x00000007b2c00000)
  from space 10240K, 99% used [0x00000007b2d80000,0x00000007b377e968,0x00000007b3780000)
  to   space 56832K, 0% used [0x00000007b6380000,0x00000007b6380000,0x00000007b9b00000)
 ParOldGen       total 165376K, used 75497K [0x000000070d200000, 0x0000000717380000, 0x00000007af080000)
  object space 165376K, 45% used [0x000000070d200000,0x0000000711bba5d8,0x0000000717380000)
 PSPermGen       total 21504K, used 18075K [0x0000000708000000, 0x0000000709500000, 0x000000070d200000)
  object space 21504K, 84% used [0x0000000708000000,0x00000007091a6e38,0x0000000709500000)
Event: 32,059 GC heap after
Heap after GC invocations=6 (full 0):
 PSYoungGen      total 111616K, used 10020K [0x00000007af080000, 0x00000007b9600000, 0x0000000800000000)
  eden space 59904K, 0% used [0x00000007af080000,0x00000007af080000,0x00000007b2b00000)
  from space 51712K, 19% used [0x00000007b6380000,0x00000007b6d49378,0x00000007b9600000)
  to   space 54784K, 0% used [0x00000007b2b00000,0x00000007b2b00000,0x00000007b6080000)
 ParOldGen       total 165376K, used 75681K [0x000000070d200000, 0x0000000717380000, 0x00000007af080000)
  object space 165376K, 45% used [0x000000070d200000,0x0000000711be8668,0x0000000717380000)
 PSPermGen       total 21504K, used 18075K [0x0000000708000000, 0x0000000709500000, 0x000000070d200000)
  object space 21504K, 84% used [0x0000000708000000,0x00000007091a6e38,0x0000000709500000)
}
Event: 35,194 GC heap before
{Heap before GC invocations=7 (full 0):
 PSYoungGen      total 111616K, used 69924K [0x00000007af080000, 0x00000007b9600000, 0x0000000800000000)
  eden space 59904K, 100% used [0x00000007af080000,0x00000007b2b00000,0x00000007b2b00000)
  from space 51712K, 19% used [0x00000007b6380000,0x00000007b6d49378,0x00000007b9600000)
  to   space 54784K, 0% used [0x00000007b2b00000,0x00000007b2b00000,0x00000007b6080000)
 ParOldGen       total 165376K, used 75686K [0x000000070d200000, 0x0000000717380000, 0x00000007af080000)
  object space 165376K, 45% used [0x000000070d200000,0x0000000711be9928,0x0000000717380000)
 PSPermGen       total 21504K, used 18093K [0x0000000708000000, 0x0000000709500000, 0x000000070d200000)
  object space 21504K, 84% used [0x0000000708000000,0x00000007091ab710,0x0000000709500000)
Event: 35,205 GC heap after
Heap after GC invocations=7 (full 0):
 PSYoungGen      total 71680K, used 12399K [0x00000007af080000, 0x00000007b8f00000, 0x0000000800000000)
  eden space 58880K, 0% used [0x00000007af080000,0x00000007af080000,0x00000007b2a00000)
  from space 12800K, 96% used [0x00000007b2b00000,0x00000007b371bcd8,0x00000007b3780000)
  to   space 51712K, 0% used [0x00000007b5c80000,0x00000007b5c80000,0x00000007b8f00000)
 ParOldGen       total 165376K, used 79127K [0x000000070d200000, 0x0000000717380000, 0x00000007af080000)
  object space 165376K, 47% used [0x000000070d200000,0x0000000711f45ce8,0x0000000717380000)
 PSPermGen       total 21504K, used 18093K [0x0000000708000000, 0x0000000709500000, 0x000000070d200000)
  object space 21504K, 84% used [0x0000000708000000,0x00000007091ab710,0x0000000709500000)
}
Event: 43,075 GC heap before
{Heap before GC invocations=8 (full 0):
 PSYoungGen      total 71680K, used 71279K [0x00000007af080000, 0x00000007b8f00000, 0x0000000800000000)
  eden space 58880K, 100% used [0x00000007af080000,0x00000007b2a00000,0x00000007b2a00000)
  from space 12800K, 96% used [0x00000007b2b00000,0x00000007b371bcd8,0x00000007b3780000)
  to   space 51712K, 0% used [0x00000007b5c80000,0x00000007b5c80000,0x00000007b8f00000)
 ParOldGen       total 165376K, used 79127K [0x000000070d200000, 0x0000000717380000, 0x00000007af080000)
  object space 165376K, 47% used [0x000000070d200000,0x0000000711f45e00,0x0000000717380000)
 PSPermGen       total 21504K, used 18151K [0x0000000708000000, 0x0000000709500000, 0x000000070d200000)
  object space 21504K, 84% used [0x0000000708000000,0x00000007091b9d20,0x0000000709500000)
Event: 43,085 GC heap after
Heap after GC invocations=8 (full 0):
 PSYoungGen      total 105472K, used 8808K [0x00000007af080000, 0x00000007b8b00000, 0x0000000800000000)
  eden space 57856K, 0% used [0x00000007af080000,0x00000007af080000,0x00000007b2900000)
  from space 47616K, 18% used [0x00000007b5c80000,0x00000007b651a238,0x00000007b8b00000)
  to   space 50176K, 0% used [0x00000007b2900000,0x00000007b2900000,0x00000007b5a00000)
 ParOldGen       total 165376K, used 79779K [0x000000070d200000, 0x0000000717380000, 0x00000007af080000)
  object space 165376K, 48% used [0x000000070d200000,0x0000000711fe8eb8,0x0000000717380000)
 PSPermGen       total 21504K, used 18151K [0x0000000708000000, 0x0000000709500000, 0x000000070d200000)
  object space 21504K, 84% used [0x0000000708000000,0x00000007091b9d20,0x0000000709500000)
}

Deoptimization events (10 events):
Event: 33,744 Thread 0x00007f31cc076800 Uncommon trap: reason=unstable_if action=reinterpret pc=0x00007f3255288f48 method=simulation.physicalobjects.collisionhandling.SimpleCollisionManager.handleCollisions(Lsimulation/environment/Environment;D)V @ 1367
Event: 41,035 Thread 0x00007f3258497000 Uncommon trap: reason=unstable_if action=reinterpret pc=0x00007f325511f054 method=java.io.ObjectInputStream.defaultReadFields(Ljava/lang/Object;Ljava/io/ObjectStreamClass;)V @ 39
Event: 41,036 Thread 0x00007f3258497000 Uncommon trap: reason=class_check action=maybe_recompile pc=0x00007f32551227f4 method=java.lang.reflect.Array.newInstance(Ljava/lang/Class;I)Ljava/lang/Object; @ 2
Event: 41,036 Thread 0x00007f3258497000 Uncommon trap: reason=class_check action=maybe_recompile pc=0x00007f3255122c20 method=java.io.ObjectInputStream.readArray(Z)Ljava/lang/Object; @ 380
Event: 41,037 Thread 0x00007f3258497000 Uncommon trap: reason=class_check action=maybe_recompile pc=0x00007f3255122c20 method=java.io.ObjectInputStream.readArray(Z)Ljava/lang/Object; @ 380
Event: 41,085 Thread 0x00007f3258497000 Uncommon trap: reason=predicate action=maybe_recompile pc=0x00007f32551ea278 method=java.io.ObjectInputStream.readArray(Z)Ljava/lang/Object; @ 397
Event: 41,087 Thread 0x00007f3258497000 Uncommon trap: reason=array_check action=maybe_recompile pc=0x00007f3255250634 method=java.util.Arrays.fill([Ljava/lang/Object;IILjava/lang/Object;)V @ 20
Event: 41,087 Thread 0x00007f3258497000 Uncommon trap: reason=array_check action=maybe_recompile pc=0x00007f3255250634 method=java.util.Arrays.fill([Ljava/lang/Object;IILjava/lang/Object;)V @ 20
Event: 41,087 Thread 0x00007f3258497000 Uncommon trap: reason=array_check action=maybe_recompile pc=0x00007f3255250634 method=java.util.Arrays.fill([Ljava/lang/Object;IILjava/lang/Object;)V @ 20
Event: 41,087 Thread 0x00007f3258497000 Uncommon trap: reason=array_check action=maybe_recompile pc=0x00007f3255250634 method=java.util.Arrays.fill([Ljava/lang/Object;IILjava/lang/Object;)V @ 20

Internal exceptions (10 events):
Event: 18,180 Thread 0x00007f31cc06d800 Implicit null exception at 0x00007f325518953c to 0x00007f3255189878
Event: 18,764 Thread 0x00007f31cc06d800 Implicit null exception at 0x00007f32551b76dc to 0x00007f32551b796d
Event: 19,543 Thread 0x00007f31cc06d800 Implicit null exception at 0x00007f325514b51c to 0x00007f325514c46d
Event: 23,753 Thread 0x00007f3258497000 Implicit null exception at 0x00007f3255262d0a to 0x00007f3255263acd
Event: 26,993 Thread 0x00007f3258497000 Implicit null exception at 0x00007f32551897fb to 0x00007f3255189909
Event: 27,227 Thread 0x00007f3258497000 Implicit null exception at 0x00007f3255184718 to 0x00007f3255185c32
Event: 28,909 Thread 0x00007f3258497000 Implicit null exception at 0x00007f32551335c1 to 0x00007f3255135f65
Event: 29,000 Thread 0x00007f3258497000 Implicit null exception at 0x00007f32551e3403 to 0x00007f32551e4379
Event: 29,011 Thread 0x00007f31cc076800 Implicit null exception at 0x00007f3255238529 to 0x00007f3255238af1
Event: 41,034 Thread 0x00007f3258497000 Implicit null exception at 0x00007f325511e637 to 0x00007f325511f039

Events (10 events):
Event: 43,086 Executing VM operation: RevokeBias
Event: 43,086 Executing VM operation: RevokeBias done
Event: 43,086 Executing VM operation: RevokeBias
Event: 43,086 Executing VM operation: RevokeBias done
Event: 43,086 Executing VM operation: RevokeBias
Event: 43,086 Executing VM operation: RevokeBias done
Event: 43,086 Executing VM operation: RevokeBias
Event: 43,087 Executing VM operation: RevokeBias done
Event: 43,555 Thread 0x00007f32580ad000 flushing nmethod 0x00007f325529b390
Event: 43,555 Thread 0x00007f32580ad000 flushing nmethod 0x00007f32552e8cd0


Dynamic libraries:
00400000-00401000 r-xp 00000000 08:01 6032014                            /usr/lib/jvm/java-7-oracle/bin/java
00600000-00601000 rw-p 00000000 08:01 6032014                            /usr/lib/jvm/java-7-oracle/bin/java
019d5000-019f6000 rw-p 00000000 00:00 0                                  [heap]
708000000-709500000 rw-p 00000000 00:00 0 
709500000-70d200000 rw-p 00000000 00:00 0 
70d200000-717380000 rw-p 00000000 00:00 0 
717380000-7af080000 rw-p 00000000 00:00 0 
7af080000-7b8b00000 rw-p 00000000 00:00 0 
7b8b00000-7b9b00000 ---p 00000000 00:00 0 
7b9b00000-800000000 rw-p 00000000 00:00 0 
7f31c0000000-7f31c0021000 rw-p 00000000 00:00 0 
7f31c0021000-7f31c4000000 ---p 00000000 00:00 0 
7f31c8000000-7f31c8021000 rw-p 00000000 00:00 0 
7f31c8021000-7f31cc000000 ---p 00000000 00:00 0 
7f31cc000000-7f31cc0a9000 rw-p 00000000 00:00 0 
7f31cc0a9000-7f31d0000000 ---p 00000000 00:00 0 
7f31d1890000-7f31d2014000 rw-s 00000000 00:05 231211048                  /SYSV00000000 (deleted)
7f31d2018000-7f31d2ea0000 rw-p 00000000 00:00 0 
7f31d373f000-7f31d3742000 ---p 00000000 00:00 0 
7f31d3742000-7f31d3840000 rw-p 00000000 00:00 0 
7f31d3840000-7f31d386a000 r-xp 00000000 08:01 6430564                    /usr/lib/jvm/java-7-oracle/jre/lib/amd64/libdcpr.so
7f31d386a000-7f31d3a6a000 ---p 0002a000 08:01 6430564                    /usr/lib/jvm/java-7-oracle/jre/lib/amd64/libdcpr.so
7f31d3a6a000-7f31d3a6d000 rw-p 0002a000 08:01 6430564                    /usr/lib/jvm/java-7-oracle/jre/lib/amd64/libdcpr.so
7f31d4000000-7f31d4021000 rw-p 00000000 00:00 0 
7f31d4021000-7f31d8000000 ---p 00000000 00:00 0 
7f31d8000000-7f31d8021000 rw-p 00000000 00:00 0 
7f31d8021000-7f31dc000000 ---p 00000000 00:00 0 
7f31dc000000-7f31dc022000 rw-p 00000000 00:00 0 
7f31dc022000-7f31e0000000 ---p 00000000 00:00 0 
7f31e0000000-7f31e0021000 rw-p 00000000 00:00 0 
7f31e0021000-7f31e4000000 ---p 00000000 00:00 0 
7f31e4000000-7f31e4022000 rw-p 00000000 00:00 0 
7f31e4022000-7f31e8000000 ---p 00000000 00:00 0 
7f31e8000000-7f31e8022000 rw-p 00000000 00:00 0 
7f31e8022000-7f31ec000000 ---p 00000000 00:00 0 
7f31ec000000-7f31ec021000 rw-p 00000000 00:00 0 
7f31ec021000-7f31f0000000 ---p 00000000 00:00 0 
7f31f0097000-7f31f009a000 ---p 00000000 00:00 0 
7f31f009a000-7f31f0198000 rw-p 00000000 00:00 0 
7f31f0198000-7f31f0218000 rw-s 00000000 00:05 230981671                  /SYSV00000000 (deleted)
7f31f04d0000-7f31f0530000 rw-s 00000000 00:05 230948881                  /SYSV00000000 (deleted)
7f31f0533000-7f31f0536000 ---p 00000000 00:00 0 
7f31f0536000-7f31f0634000 rw-p 00000000 00:00 0 
7f31f0634000-7f31f0637000 ---p 00000000 00:00 0 
7f31f0637000-7f31f0735000 rw-p 00000000 00:00 0 
7f31f0735000-7f31f0738000 ---p 00000000 00:00 0 
7f31f0738000-7f31f0836000 rw-p 00000000 00:00 0 
7f31f0836000-7f31f0839000 ---p 00000000 00:00 0 
7f31f0839000-7f31f0937000 rw-p 00000000 00:00 0 
7f31f0937000-7f31f093a000 ---p 00000000 00:00 0 
7f31f093a000-7f31f0a38000 rw-p 00000000 00:00 0 
7f31f0a38000-7f31f0aa1000 r-xp 00000000 08:01 6430554                    /usr/lib/jvm/java-7-oracle/jre/lib/amd64/libt2k.so
7f31f0aa1000-7f31f0ca0000 ---p 00069000 08:01 6430554                    /usr/lib/jvm/java-7-oracle/jre/lib/amd64/libt2k.so
7f31f0ca0000-7f31f0ca7000 rw-p 00068000 08:01 6430554                    /usr/lib/jvm/java-7-oracle/jre/lib/amd64/libt2k.so
7f31f0ca7000-7f31f0cb7000 rw-p 00000000 00:00 0 
7f31f0cbe000-7f31f0cbf000 ---p 00000000 00:00 0 
7f31f0cbf000-7f31f14bf000 rw-p 00000000 00:00 0 
7f31f14bf000-7f31f14c0000 ---p 00000000 00:00 0 
7f31f14c0000-7f31f1cc0000 rw-p 00000000 00:00 0 
7f31f1cc0000-7f31f1cf6000 r-xp 00000000 08:01 6423748                    /usr/lib/x86_64-linux-gnu/gvfs/libgvfscommon.so
7f31f1cf6000-7f31f1ef6000 ---p 00036000 08:01 6423748                    /usr/lib/x86_64-linux-gnu/gvfs/libgvfscommon.so
7f31f1ef6000-7f31f1efb000 r--p 00036000 08:01 6423748                    /usr/lib/x86_64-linux-gnu/gvfs/libgvfscommon.so
7f31f1efb000-7f31f1efc000 rw-p 0003b000 08:01 6423748                    /usr/lib/x86_64-linux-gnu/gvfs/libgvfscommon.so
7f31f1f00000-7f31f1f30000 r-xp 00000000 08:01 6423745                    /usr/lib/x86_64-linux-gnu/gio/modules/libgvfsdbus.so
7f31f1f30000-7f31f212f000 ---p 00030000 08:01 6423745                    /usr/lib/x86_64-linux-gnu/gio/modules/libgvfsdbus.so
7f31f212f000-7f31f2130000 r--p 0002f000 08:01 6423745                    /usr/lib/x86_64-linux-gnu/gio/modules/libgvfsdbus.so
7f31f2130000-7f31f2131000 rw-p 00030000 08:01 6423745                    /usr/lib/x86_64-linux-gnu/gio/modules/libgvfsdbus.so
7f31f2131000-7f31f2132000 rw-p 00000000 00:00 0 
7f31f2138000-7f31f219e000 r-xp 00000000 08:01 6036983                    /usr/lib/x86_64-linux-gnu/libibus-1.0.so.5.0.511
7f31f219e000-7f31f239d000 ---p 00066000 08:01 6036983                    /usr/lib/x86_64-linux-gnu/libibus-1.0.so.5.0.511
7f31f239d000-7f31f239f000 r--p 00065000 08:01 6036983                    /usr/lib/x86_64-linux-gnu/libibus-1.0.so.5.0.511
7f31f239f000-7f31f23a0000 rw-p 00067000 08:01 6036983                    /usr/lib/x86_64-linux-gnu/libibus-1.0.so.5.0.511
7f31f23a0000-7f31f23a1000 rw-p 00000000 00:00 0 
7f31f23bb000-7f31f23c5000 r--s 00253000 08:01 6297991                    /usr/lib/jvm/java-7-oracle/jre/lib/resources.jar
7f31f23c8000-7f31f23ce000 r-xp 00000000 08:01 6423594                    /usr/lib/x86_64-linux-gnu/gtk-2.0/2.10.0/immodules/im-ibus.so
7f31f23ce000-7f31f25ce000 ---p 00006000 08:01 6423594                    /usr/lib/x86_64-linux-gnu/gtk-2.0/2.10.0/immodules/im-ibus.so
7f31f25ce000-7f31f25cf000 r--p 00006000 08:01 6423594                    /usr/lib/x86_64-linux-gnu/gtk-2.0/2.10.0/immodules/im-ibus.so
7f31f25cf000-7f31f25d0000 rw-p 00007000 08:01 6423594                    /usr/lib/x86_64-linux-gnu/gtk-2.0/2.10.0/immodules/im-ibus.so
7f31f25d0000-7f31f2624000 r--p 00000000 08:01 7078403                    /usr/share/fonts/truetype/dejavu/DejaVuSansMono.ttf
7f31f2628000-7f31f267f000 r--p 00000000 08:01 7079050                    /usr/share/fonts/truetype/ubuntu-font-family/Ubuntu-R.ttf
7f31f2680000-7f31f268b000 r--s 00000000 08:01 10755005                   /var/cache/fontconfig/945677eb7aeaf62f1d50efc3fb3ec7d8-le64.cache-6
7f31f2690000-7f31f2696000 r--s 00000000 08:01 10755207                   /var/cache/fontconfig/2cd17615ca594fa2959ae173292e504c-le64.cache-6
7f31f2698000-7f31f269c000 r--s 00000000 08:01 10755250                   /var/cache/fontconfig/de156ccd2eddbdc19d37a45b8b2aac9c-le64.cache-6
7f31f26a0000-7f31f26b5000 r--s 00000000 08:01 10755161                   /var/cache/fontconfig/04aabc0a78ac019cf9454389977116d2-le64.cache-6
7f31f26b8000-7f31f26c8000 r-xp 00000000 08:01 6430563                    /usr/lib/jvm/java-7-oracle/jre/lib/amd64/libnio.so
7f31f26c8000-7f31f28c8000 ---p 00010000 08:01 6430563                    /usr/lib/jvm/java-7-oracle/jre/lib/amd64/libnio.so
7f31f28c8000-7f31f28c9000 rw-p 00010000 08:01 6430563                    /usr/lib/jvm/java-7-oracle/jre/lib/amd64/libnio.so
7f31f28cf000-7f31f2bd0000 rw-p 00000000 00:00 0 
7f31f2bd0000-7f31f2be7000 r-xp 00000000 08:01 6430537                    /usr/lib/jvm/java-7-oracle/jre/lib/amd64/libnet.so
7f31f2be7000-7f31f2de6000 ---p 00017000 08:01 6430537                    /usr/lib/jvm/java-7-oracle/jre/lib/amd64/libnet.so
7f31f2de6000-7f31f2de7000 rw-p 00016000 08:01 6430537                    /usr/lib/jvm/java-7-oracle/jre/lib/amd64/libnet.so
7f31f2de8000-7f31f2dfe000 r-xp 00000000 08:01 11404070                   /lib/x86_64-linux-gnu/libgcc_s.so.1
7f31f2dfe000-7f31f2ffd000 ---p 00016000 08:01 11404070                   /lib/x86_64-linux-gnu/libgcc_s.so.1
7f31f2ffd000-7f31f2ffe000 rw-p 00015000 08:01 11404070                   /lib/x86_64-linux-gnu/libgcc_s.so.1
7f31f2ffe000-7f31f2fff000 ---p 00000000 00:00 0 
7f31f2fff000-7f31f37ff000 rw-p 00000000 00:00 0 
7f31f37ff000-7f31f3800000 ---p 00000000 00:00 0 
7f31f3800000-7f31f4000000 rw-p 00000000 00:00 0 
7f31f4000000-7f31f4021000 rw-p 00000000 00:00 0 
7f31f4021000-7f31f8000000 ---p 00000000 00:00 0 
7f31f8000000-7f31f8021000 rw-p 00000000 00:00 0 
7f31f8021000-7f31fc000000 ---p 00000000 00:00 0 
7f31fc008000-7f31fc06d000 r-xp 00000000 08:01 6425829                    /usr/lib/jvm/java-7-oracle/jre/lib/amd64/libfontmanager.so
7f31fc06d000-7f31fc26c000 ---p 00065000 08:01 6425829                    /usr/lib/jvm/java-7-oracle/jre/lib/amd64/libfontmanager.so
7f31fc26c000-7f31fc271000 rw-p 00064000 08:01 6425829                    /usr/lib/jvm/java-7-oracle/jre/lib/amd64/libfontmanager.so
7f31fc271000-7f31fc281000 rw-p 00000000 00:00 0 
7f31fc287000-7f31fc288000 ---p 00000000 00:00 0 
7f31fc288000-7f31fca88000 rw-p 00000000 00:00 0 
7f31fca88000-7f31fca93000 r-xp 00000000 08:01 6423750                    /usr/lib/x86_64-linux-gnu/gio/modules/libdconfsettings.so
7f31fca93000-7f31fcc93000 ---p 0000b000 08:01 6423750                    /usr/lib/x86_64-linux-gnu/gio/modules/libdconfsettings.so
7f31fcc93000-7f31fcc94000 r--p 0000b000 08:01 6423750                    /usr/lib/x86_64-linux-gnu/gio/modules/libdconfsettings.so
7f31fcc94000-7f31fcc95000 rw-p 0000c000 08:01 6423750                    /usr/lib/x86_64-linux-gnu/gio/modules/libdconfsettings.so
7f31fcc98000-7f31fcc9f000 r-xp 00000000 08:01 6037437                    /usr/lib/x86_64-linux-gnu/libogg.so.0.8.2
7f31fcc9f000-7f31fce9f000 ---p 00007000 08:01 6037437                    /usr/lib/x86_64-linux-gnu/libogg.so.0.8.2
7f31fce9f000-7f31fcea0000 r--p 00007000 08:01 6037437                    /usr/lib/x86_64-linux-gnu/libogg.so.0.8.2
7f31fcea0000-7f31fcea1000 rw-p 00008000 08:01 6037437                    /usr/lib/x86_64-linux-gnu/libogg.so.0.8.2
7f31fcea8000-7f31fced2000 r-xp 00000000 08:01 6038148                    /usr/lib/x86_64-linux-gnu/libvorbis.so.0.4.8
7f31fced2000-7f31fd0d2000 ---p 0002a000 08:01 6038148                    /usr/lib/x86_64-linux-gnu/libvorbis.so.0.4.8
7f31fd0d2000-7f31fd0d3000 r--p 0002a000 08:01 6038148                    /usr/lib/x86_64-linux-gnu/libvorbis.so.0.4.8
7f31fd0d3000-7f31fd0d4000 rw-p 0002b000 08:01 6038148                    /usr/lib/x86_64-linux-gnu/libvorbis.so.0.4.8
7f31fd0d8000-7f31fd0e1000 r-xp 00000000 08:01 6030484                    /usr/lib/x86_64-linux-gnu/libltdl.so.7.3.1
7f31fd0e1000-7f31fd2e0000 ---p 00009000 08:01 6030484                    /usr/lib/x86_64-linux-gnu/libltdl.so.7.3.1
7f31fd2e0000-7f31fd2e1000 r--p 00008000 08:01 6030484                    /usr/lib/x86_64-linux-gnu/libltdl.so.7.3.1
7f31fd2e1000-7f31fd2e2000 rw-p 00009000 08:01 6030484                    /usr/lib/x86_64-linux-gnu/libltdl.so.7.3.1
7f31fd2e8000-7f31fd2fc000 r-xp 00000000 08:01 6030173                    /usr/lib/x86_64-linux-gnu/libtdb.so.1.3.8
7f31fd2fc000-7f31fd4fb000 ---p 00014000 08:01 6030173                    /usr/lib/x86_64-linux-gnu/libtdb.so.1.3.8
7f31fd4fb000-7f31fd4fc000 r--p 00013000 08:01 6030173                    /usr/lib/x86_64-linux-gnu/libtdb.so.1.3.8
7f31fd4fc000-7f31fd4fd000 rw-p 00014000 08:01 6030173                    /usr/lib/x86_64-linux-gnu/libtdb.so.1.3.8
7f31fd500000-7f31fd507000 r-xp 00000000 08:01 6037011                    /usr/lib/x86_64-linux-gnu/libvorbisfile.so.3.3.7
7f31fd507000-7f31fd707000 ---p 00007000 08:01 6037011                    /usr/lib/x86_64-linux-gnu/libvorbisfile.so.3.3.7
7f31fd707000-7f31fd708000 r--p 00007000 08:01 6037011                    /usr/lib/x86_64-linux-gnu/libvorbisfile.so.3.3.7
7f31fd708000-7f31fd709000 rw-p 00008000 08:01 6037011                    /usr/lib/x86_64-linux-gnu/libvorbisfile.so.3.3.7
7f31fd710000-7f31fd720000 r-xp 00000000 08:01 6029731                    /usr/lib/x86_64-linux-gnu/libcanberra.so.0.2.5
7f31fd720000-7f31fd91f000 ---p 00010000 08:01 6029731                    /usr/lib/x86_64-linux-gnu/libcanberra.so.0.2.5
7f31fd91f000-7f31fd920000 r--p 0000f000 08:01 6029731                    /usr/lib/x86_64-linux-gnu/libcanberra.so.0.2.5
7f31fd920000-7f31fd921000 rw-p 00010000 08:01 6029731                    /usr/lib/x86_64-linux-gnu/libcanberra.so.0.2.5
7f31fd928000-7f31fd92c000 r-xp 00000000 08:01 6029433                    /usr/lib/x86_64-linux-gnu/libcanberra-gtk.so.0.1.9
7f31fd92c000-7f31fdb2b000 ---p 00004000 08:01 6029433                    /usr/lib/x86_64-linux-gnu/libcanberra-gtk.so.0.1.9
7f31fdb2b000-7f31fdb2c000 r--p 00003000 08:01 6029433                    /usr/lib/x86_64-linux-gnu/libcanberra-gtk.so.0.1.9
7f31fdb2c000-7f31fdb2d000 rw-p 00004000 08:01 6029433                    /usr/lib/x86_64-linux-gnu/libcanberra-gtk.so.0.1.9
7f31fdb30000-7f31fdb35000 r-xp 00000000 08:01 6423425                    /usr/lib/x86_64-linux-gnu/gtk-2.0/modules/libcanberra-gtk-module.so
7f31fdb35000-7f31fdd34000 ---p 00005000 08:01 6423425                    /usr/lib/x86_64-linux-gnu/gtk-2.0/modules/libcanberra-gtk-module.so
7f31fdd34000-7f31fdd35000 r--p 00004000 08:01 6423425                    /usr/lib/x86_64-linux-gnu/gtk-2.0/modules/libcanberra-gtk-module.so
7f31fdd35000-7f31fdd36000 rw-p 00005000 08:01 6423425                    /usr/lib/x86_64-linux-gnu/gtk-2.0/modules/libcanberra-gtk-module.so
7f31fdd38000-7f31fdd68000 r-xp 00000000 08:01 6423588                    /usr/lib/x86_64-linux-gnu/gtk-2.0/2.10.0/engines/libmurrine.so
7f31fdd68000-7f31fdf68000 ---p 00030000 08:01 6423588                    /usr/lib/x86_64-linux-gnu/gtk-2.0/2.10.0/engines/libmurrine.so
7f31fdf68000-7f31fdf69000 r--p 00030000 08:01 6423588                    /usr/lib/x86_64-linux-gnu/gtk-2.0/2.10.0/engines/libmurrine.so
7f31fdf69000-7f31fdf6a000 rw-p 00031000 08:01 6423588                    /usr/lib/x86_64-linux-gnu/gtk-2.0/2.10.0/engines/libmurrine.so
7f31fdf70000-7f31fdf81000 r-xp 00000000 08:01 6423852                    /usr/lib/x86_64-linux-gnu/gtk-2.0/modules/liboverlay-scrollbar.so
7f31fdf81000-7f31fe181000 ---p 00011000 08:01 6423852                    /usr/lib/x86_64-linux-gnu/gtk-2.0/modules/liboverlay-scrollbar.so
7f31fe181000-7f31fe182000 r--p 00011000 08:01 6423852                    /usr/lib/x86_64-linux-gnu/gtk-2.0/modules/liboverlay-scrollbar.so
7f31fe182000-7f31fe183000 rw-p 00012000 08:01 6423852                    /usr/lib/x86_64-linux-gnu/gtk-2.0/modules/liboverlay-scrollbar.so
7f31fe188000-7f31fe189000 r-xp 00000000 08:01 6029595                    /usr/lib/x86_64-linux-gnu/libgthread-2.0.so.0.4800.1
7f31fe189000-7f31fe388000 ---p 00001000 08:01 6029595                    /usr/lib/x86_64-linux-gnu/libgthread-2.0.so.0.4800.1
7f31fe388000-7f31fe389000 r--p 00000000 08:01 6029595                    /usr/lib/x86_64-linux-gnu/libgthread-2.0.so.0.4800.1
7f31fe389000-7f31fe38a000 rw-p 00001000 08:01 6029595                    /usr/lib/x86_64-linux-gnu/libgthread-2.0.so.0.4800.1
7f31fe390000-7f31fe396000 r-xp 00000000 08:01 6037172                    /usr/lib/x86_64-linux-gnu/libdatrie.so.1.3.3
7f31fe396000-7f31fe596000 ---p 00006000 08:01 6037172                    /usr/lib/x86_64-linux-gnu/libdatrie.so.1.3.3
7f31fe596000-7f31fe597000 r--p 00006000 08:01 6037172                    /usr/lib/x86_64-linux-gnu/libdatrie.so.1.3.3
7f31fe597000-7f31fe598000 rw-p 00007000 08:01 6037172                    /usr/lib/x86_64-linux-gnu/libdatrie.so.1.3.3
7f31fe598000-7f31fe5bb000 r-xp 00000000 08:01 6030003                    /usr/lib/x86_64-linux-gnu/libgraphite2.so.3.0.1
7f31fe5bb000-7f31fe7ba000 ---p 00023000 08:01 6030003                    /usr/lib/x86_64-linux-gnu/libgraphite2.so.3.0.1
7f31fe7ba000-7f31fe7bc000 r--p 00022000 08:01 6030003                    /usr/lib/x86_64-linux-gnu/libgraphite2.so.3.0.1
7f31fe7bc000-7f31fe7bd000 rw-p 00024000 08:01 6030003                    /usr/lib/x86_64-linux-gnu/libgraphite2.so.3.0.1
7f31fe7c0000-7f31fe7e6000 r-xp 00000000 08:01 11403332                   /lib/x86_64-linux-gnu/libexpat.so.1.6.0
7f31fe7e6000-7f31fe9e6000 ---p 00026000 08:01 11403332                   /lib/x86_64-linux-gnu/libexpat.so.1.6.0
7f31fe9e6000-7f31fe9e8000 r--p 00026000 08:01 11403332                   /lib/x86_64-linux-gnu/libexpat.so.1.6.0
7f31fe9e8000-7f31fe9e9000 rw-p 00028000 08:01 11403332                   /lib/x86_64-linux-gnu/libexpat.so.1.6.0
7f31fe9f0000-7f31fea5e000 r-xp 00000000 08:01 11403269                   /lib/x86_64-linux-gnu/libpcre.so.3.13.2
7f31fea5e000-7f31fec5e000 ---p 0006e000 08:01 11403269                   /lib/x86_64-linux-gnu/libpcre.so.3.13.2
7f31fec5e000-7f31fec5f000 r--p 0006e000 08:01 11403269                   /lib/x86_64-linux-gnu/libpcre.so.3.13.2
7f31fec5f000-7f31fec60000 rw-p 0006f000 08:01 11403269                   /lib/x86_64-linux-gnu/libpcre.so.3.13.2
7f31fec60000-7f31fec67000 r-xp 00000000 08:01 6030716                    /usr/lib/x86_64-linux-gnu/libffi.so.6.0.4
7f31fec67000-7f31fee66000 ---p 00007000 08:01 6030716                    /usr/lib/x86_64-linux-gnu/libffi.so.6.0.4
7f31fee66000-7f31fee67000 r--p 00006000 08:01 6030716                    /usr/lib/x86_64-linux-gnu/libffi.so.6.0.4
7f31fee67000-7f31fee68000 rw-p 00007000 08:01 6030716                    /usr/lib/x86_64-linux-gnu/libffi.so.6.0.4
7f31fee68000-7f31fee70000 r-xp 00000000 08:01 6037356                    /usr/lib/x86_64-linux-gnu/libthai.so.0.2.4
7f31fee70000-7f31ff06f000 ---p 00008000 08:01 6037356                    /usr/lib/x86_64-linux-gnu/libthai.so.0.2.4
7f31ff06f000-7f31ff070000 r--p 00007000 08:01 6037356                    /usr/lib/x86_64-linux-gnu/libthai.so.0.2.4
7f31ff070000-7f31ff071000 rw-p 00008000 08:01 6037356                    /usr/lib/x86_64-linux-gnu/libthai.so.0.2.4
7f31ff078000-7f31ff0d4000 r-xp 00000000 08:01 6037890                    /usr/lib/x86_64-linux-gnu/libharfbuzz.so.0.10000.1
7f31ff0d4000-7f31ff2d4000 ---p 0005c000 08:01 6037890                    /usr/lib/x86_64-linux-gnu/libharfbuzz.so.0.10000.1
7f31ff2d4000-7f31ff2d5000 r--p 0005c000 08:01 6037890                    /usr/lib/x86_64-linux-gnu/libharfbuzz.so.0.10000.1
7f31ff2d5000-7f31ff2d6000 rw-p 0005d000 08:01 6037890                    /usr/lib/x86_64-linux-gnu/libharfbuzz.so.0.10000.1
7f31ff2d8000-7f31ff2ef000 r-xp 00000000 08:01 11420142                   /lib/x86_64-linux-gnu/libresolv-2.23.so
7f31ff2ef000-7f31ff4ef000 ---p 00017000 08:01 11420142                   /lib/x86_64-linux-gnu/libresolv-2.23.so
7f31ff4ef000-7f31ff4f0000 r--p 00017000 08:01 11420142                   /lib/x86_64-linux-gnu/libresolv-2.23.so
7f31ff4f0000-7f31ff4f1000 rw-p 00018000 08:01 11420142                   /lib/x86_64-linux-gnu/libresolv-2.23.so
7f31ff4f1000-7f31ff4f3000 rw-p 00000000 00:00 0 
7f31ff4f8000-7f31ff517000 r-xp 00000000 08:01 11407402                   /lib/x86_64-linux-gnu/libselinux.so.1
7f31ff517000-7f31ff716000 ---p 0001f000 08:01 11407402                   /lib/x86_64-linux-gnu/libselinux.so.1
7f31ff716000-7f31ff717000 r--p 0001e000 08:01 11407402                   /lib/x86_64-linux-gnu/libselinux.so.1
7f31ff717000-7f31ff718000 rw-p 0001f000 08:01 11407402                   /lib/x86_64-linux-gnu/libselinux.so.1
7f31ff718000-7f31ff71a000 rw-p 00000000 00:00 0 
7f31ff720000-7f31ff739000 r-xp 00000000 08:01 11403338                   /lib/x86_64-linux-gnu/libz.so.1.2.8
7f31ff739000-7f31ff938000 ---p 00019000 08:01 11403338                   /lib/x86_64-linux-gnu/libz.so.1.2.8
7f31ff938000-7f31ff939000 r--p 00018000 08:01 11403338                   /lib/x86_64-linux-gnu/libz.so.1.2.8
7f31ff939000-7f31ff93a000 rw-p 00019000 08:01 11403338                   /lib/x86_64-linux-gnu/libz.so.1.2.8
7f31ff940000-7f31ff948000 r-xp 00000000 08:01 6037807                    /usr/lib/x86_64-linux-gnu/libxcb-render.so.0.0.0
7f31ff948000-7f31ffb48000 ---p 00008000 08:01 6037807                    /usr/lib/x86_64-linux-gnu/libxcb-render.so.0.0.0
7f31ffb48000-7f31ffb49000 r--p 00008000 08:01 6037807                    /usr/lib/x86_64-linux-gnu/libxcb-render.so.0.0.0
7f31ffb49000-7f31ffb4a000 rw-p 00009000 08:01 6037807                    /usr/lib/x86_64-linux-gnu/libxcb-render.so.0.0.0
7f31ffb50000-7f31ffb52000 r-xp 00000000 08:01 6038205                    /usr/lib/x86_64-linux-gnu/libxcb-shm.so.0.0.0
7f31ffb52000-7f31ffd52000 ---p 00002000 08:01 6038205                    /usr/lib/x86_64-linux-gnu/libxcb-shm.so.0.0.0
7f31ffd52000-7f31ffd53000 r--p 00002000 08:01 6038205                    /usr/lib/x86_64-linux-gnu/libxcb-shm.so.0.0.0
7f31ffd53000-7f31ffd54000 rw-p 00003000 08:01 6038205                    /usr/lib/x86_64-linux-gnu/libxcb-shm.so.0.0.0
7f31ffd58000-7f31ffdf7000 r-xp 00000000 08:01 6033830                    /usr/lib/x86_64-linux-gnu/libpixman-1.so.0.33.6
7f31ffdf7000-7f31ffff7000 ---p 0009f000 08:01 6033830                    /usr/lib/x86_64-linux-gnu/libpixman-1.so.0.33.6
7f31ffff7000-7f31fffff000 r--p 0009f000 08:01 6033830                    /usr/lib/x86_64-linux-gnu/libpixman-1.so.0.33.6
7f31fffff000-7f3200000000 rw-p 000a7000 08:01 6033830                    /usr/lib/x86_64-linux-gnu/libpixman-1.so.0.33.6
7f3200000000-7f3200021000 rw-p 00000000 00:00 0 
7f3200021000-7f3204000000 ---p 00000000 00:00 0 
7f3204000000-7f3204021000 rw-p 00000000 00:00 0 
7f3204021000-7f3208000000 ---p 00000000 00:00 0 
7f3208000000-7f3209107000 rw-p 00000000 00:00 0 
7f3209107000-7f320c000000 ---p 00000000 00:00 0 
7f320c000000-7f320c021000 rw-p 00000000 00:00 0 
7f320c021000-7f3210000000 ---p 00000000 00:00 0 
7f3210000000-7f3210021000 rw-p 00000000 00:00 0 
7f3210021000-7f3214000000 ---p 00000000 00:00 0 
7f3214000000-7f3215271000 rw-p 00000000 00:00 0 
7f3215271000-7f3218000000 ---p 00000000 00:00 0 
7f3218000000-7f3218021000 rw-p 00000000 00:00 0 
7f3218021000-7f321c000000 ---p 00000000 00:00 0 
7f321c000000-7f321c021000 rw-p 00000000 00:00 0 
7f321c021000-7f3220000000 ---p 00000000 00:00 0 
7f3220000000-7f3220021000 rw-p 00000000 00:00 0 
7f3220021000-7f3224000000 ---p 00000000 00:00 0 
7f3224000000-7f3224039000 rw-p 00000000 00:00 0 
7f3224039000-7f3228000000 ---p 00000000 00:00 0 
7f3228000000-7f3228021000 rw-p 00000000 00:00 0 
7f3228021000-7f322c000000 ---p 00000000 00:00 0 
7f322c000000-7f322c001000 r--s 00000000 08:01 10755347                   /var/cache/fontconfig/0d8c3b2ac0904cb8a57a757ad11a4a08-le64.cache-6
7f322c008000-7f322c009000 r--s 00000000 08:01 10755248                   /var/cache/fontconfig/1ac9eb803944fde146138c791f5cc56a-le64.cache-6
7f322c010000-7f322c014000 r--s 00000000 08:01 10755083                   /var/cache/fontconfig/385c0604a188198f04d133e54aba7fe7-le64.cache-6
7f322c018000-7f322c019000 r--s 00000000 08:01 10755105                   /var/cache/fontconfig/dc05db6664285cc2f12bf69c139ae4c3-le64.cache-6
7f322c020000-7f322c044000 r-xp 00000000 08:01 11403340                   /lib/x86_64-linux-gnu/libpng12.so.0.54.0
7f322c044000-7f322c243000 ---p 00024000 08:01 11403340                   /lib/x86_64-linux-gnu/libpng12.so.0.54.0
7f322c243000-7f322c244000 r--p 00023000 08:01 11403340                   /lib/x86_64-linux-gnu/libpng12.so.0.54.0
7f322c244000-7f322c245000 rw-p 00024000 08:01 11403340                   /lib/x86_64-linux-gnu/libpng12.so.0.54.0
7f322c248000-7f322c2ec000 r-xp 00000000 08:01 6033469                    /usr/lib/x86_64-linux-gnu/libfreetype.so.6.12.1
7f322c2ec000-7f322c4eb000 ---p 000a4000 08:01 6033469                    /usr/lib/x86_64-linux-gnu/libfreetype.so.6.12.1
7f322c4eb000-7f322c4f1000 r--p 000a3000 08:01 6033469                    /usr/lib/x86_64-linux-gnu/libfreetype.so.6.12.1
7f322c4f1000-7f322c4f2000 rw-p 000a9000 08:01 6033469                    /usr/lib/x86_64-linux-gnu/libfreetype.so.6.12.1
7f322c4f8000-7f322c4fa000 r-xp 00000000 08:01 6040049                    /usr/lib/x86_64-linux-gnu/libXdamage.so.1.1.0
7f322c4fa000-7f322c6f9000 ---p 00002000 08:01 6040049                    /usr/lib/x86_64-linux-gnu/libXdamage.so.1.1.0
7f322c6f9000-7f322c6fa000 r--p 00001000 08:01 6040049                    /usr/lib/x86_64-linux-gnu/libXdamage.so.1.1.0
7f322c6fa000-7f322c6fb000 rw-p 00002000 08:01 6040049                    /usr/lib/x86_64-linux-gnu/libXdamage.so.1.1.0
7f322c700000-7f322c702000 r-xp 00000000 08:01 6037159                    /usr/lib/x86_64-linux-gnu/libXcomposite.so.1.0.0
7f322c702000-7f322c901000 ---p 00002000 08:01 6037159                    /usr/lib/x86_64-linux-gnu/libXcomposite.so.1.0.0
7f322c901000-7f322c902000 r--p 00001000 08:01 6037159                    /usr/lib/x86_64-linux-gnu/libXcomposite.so.1.0.0
7f322c902000-7f322c903000 rw-p 00002000 08:01 6037159                    /usr/lib/x86_64-linux-gnu/libXcomposite.so.1.0.0
7f322c908000-7f322c912000 r-xp 00000000 08:01 6040055                    /usr/lib/x86_64-linux-gnu/libXrandr.so.2.2.0
7f322c912000-7f322cb11000 ---p 0000a000 08:01 6040055                    /usr/lib/x86_64-linux-gnu/libXrandr.so.2.2.0
7f322cb11000-7f322cb12000 r--p 00009000 08:01 6040055                    /usr/lib/x86_64-linux-gnu/libXrandr.so.2.2.0
7f322cb12000-7f322cb13000 rw-p 0000a000 08:01 6040055                    /usr/lib/x86_64-linux-gnu/libXrandr.so.2.2.0
7f322cb18000-7f322cb55000 r-xp 00000000 08:01 6029986                    /usr/lib/x86_64-linux-gnu/libfontconfig.so.1.9.0
7f322cb55000-7f322cd54000 ---p 0003d000 08:01 6029986                    /usr/lib/x86_64-linux-gnu/libfontconfig.so.1.9.0
7f322cd54000-7f322cd56000 r--p 0003c000 08:01 6029986                    /usr/lib/x86_64-linux-gnu/libfontconfig.so.1.9.0
7f322cd56000-7f322cd5b000 rw-p 0003e000 08:01 6029986                    /usr/lib/x86_64-linux-gnu/libfontconfig.so.1.9.0
7f322cd60000-7f322cda9000 r-xp 00000000 08:01 6041064                    /usr/lib/x86_64-linux-gnu/libpango-1.0.so.0.3800.1
7f322cda9000-7f322cfa9000 ---p 00049000 08:01 6041064                    /usr/lib/x86_64-linux-gnu/libpango-1.0.so.0.3800.1
7f322cfa9000-7f322cfab000 r--p 00049000 08:01 6041064                    /usr/lib/x86_64-linux-gnu/libpango-1.0.so.0.3800.1
7f322cfab000-7f322cfac000 rw-p 0004b000 08:01 6041064                    /usr/lib/x86_64-linux-gnu/libpango-1.0.so.0.3800.1
7f322cfb0000-7f322d0bf000 r-xp 00000000 08:01 11409609                   /lib/x86_64-linux-gnu/libglib-2.0.so.0.4800.1
7f322d0bf000-7f322d2be000 ---p 0010f000 08:01 11409609                   /lib/x86_64-linux-gnu/libglib-2.0.so.0.4800.1
7f322d2be000-7f322d2bf000 r--p 0010e000 08:01 11409609                   /lib/x86_64-linux-gnu/libglib-2.0.so.0.4800.1
7f322d2bf000-7f322d2c0000 rw-p 0010f000 08:01 11409609                   /lib/x86_64-linux-gnu/libglib-2.0.so.0.4800.1
7f322d2c0000-7f322d2c1000 rw-p 00000000 00:00 0 
7f322d2c8000-7f322d31a000 r-xp 00000000 08:01 6032062                    /usr/lib/x86_64-linux-gnu/libgobject-2.0.so.0.4800.1
7f322d31a000-7f322d519000 ---p 00052000 08:01 6032062                    /usr/lib/x86_64-linux-gnu/libgobject-2.0.so.0.4800.1
7f322d519000-7f322d51a000 r--p 00051000 08:01 6032062                    /usr/lib/x86_64-linux-gnu/libgobject-2.0.so.0.4800.1
7f322d51a000-7f322d51b000 rw-p 00052000 08:01 6032062                    /usr/lib/x86_64-linux-gnu/libgobject-2.0.so.0.4800.1
7f322d520000-7f322d523000 r--s 00000000 08:01 10755084                   /var/cache/fontconfig/767a8244fc0220cfb567a839d0392e0b-le64.cache-6
7f322d528000-7f322d529000 r--s 00000000 08:01 10755082                   /var/cache/fontconfig/4794a0821666d79190d59a36cb4f44b5-le64.cache-6
7f322d530000-7f322d535000 r--s 00000000 08:01 10755079                   /var/cache/fontconfig/8801497958630a81b71ace7c5f9b32a8-le64.cache-6
7f322d538000-7f322d53c000 r--s 00000000 08:01 10755170                   /var/cache/fontconfig/c57959a16110560c8d0fcea73374aeeb-le64.cache-6
7f322d540000-7f322d541000 r--s 00000000 08:01 10755072                   /var/cache/fontconfig/bab58bb527bb656aaa9f116d68a48d89-le64.cache-6
7f322d548000-7f322d54f000 r--s 00000000 08:01 10755169                   /var/cache/fontconfig/3047814df9a2f067bd2d96a2b9c36e5a-le64.cache-6
7f322d550000-7f322d558000 r--s 00000000 08:01 10755063                   /var/cache/fontconfig/bf3b770c553c462765856025a94f1ce6-le64.cache-6
7f322d558000-7f322d55a000 r-xp 00000000 08:01 6037177                    /usr/lib/x86_64-linux-gnu/libXinerama.so.1.0.0
7f322d55a000-7f322d759000 ---p 00002000 08:01 6037177                    /usr/lib/x86_64-linux-gnu/libXinerama.so.1.0.0
7f322d759000-7f322d75a000 r--p 00001000 08:01 6037177                    /usr/lib/x86_64-linux-gnu/libXinerama.so.1.0.0
7f322d75a000-7f322d75b000 rw-p 00002000 08:01 6037177                    /usr/lib/x86_64-linux-gnu/libXinerama.so.1.0.0
7f322d760000-7f322d781000 r-xp 00000000 08:01 6029365                    /usr/lib/x86_64-linux-gnu/libgdk_pixbuf-2.0.so.0.3200.2
7f322d781000-7f322d980000 ---p 00021000 08:01 6029365                    /usr/lib/x86_64-linux-gnu/libgdk_pixbuf-2.0.so.0.3200.2
7f322d980000-7f322d981000 r--p 00020000 08:01 6029365                    /usr/lib/x86_64-linux-gnu/libgdk_pixbuf-2.0.so.0.3200.2
7f322d981000-7f322d982000 rw-p 00021000 08:01 6029365                    /usr/lib/x86_64-linux-gnu/libgdk_pixbuf-2.0.so.0.3200.2
7f322d988000-7f322db08000 r-xp 00000000 08:01 6032061                    /usr/lib/x86_64-linux-gnu/libgio-2.0.so.0.4800.1
7f322db08000-7f322dd08000 ---p 00180000 08:01 6032061                    /usr/lib/x86_64-linux-gnu/libgio-2.0.so.0.4800.1
7f322dd08000-7f322dd0c000 r--p 00180000 08:01 6032061                    /usr/lib/x86_64-linux-gnu/libgio-2.0.so.0.4800.1
7f322dd0c000-7f322dd0e000 rw-p 00184000 08:01 6032061                    /usr/lib/x86_64-linux-gnu/libgio-2.0.so.0.4800.1
7f322dd0e000-7f322dd10000 rw-p 00000000 00:00 0 
7f322dd10000-7f322dd11000 r--s 00000000 08:01 10755065                   /var/cache/fontconfig/56cf4f4769d0f4abc89a4895d7bd3ae1-le64.cache-6
7f322dd18000-7f322dd1e000 r--s 00000000 08:01 10755133                   /var/cache/fontconfig/b47c4e1ecd0709278f4910c18777a504-le64.cache-6
7f322dd20000-7f322dd34000 r-xp 00000000 08:01 6033776                    /usr/lib/x86_64-linux-gnu/libpangoft2-1.0.so.0.3800.1
7f322dd34000-7f322df34000 ---p 00014000 08:01 6033776                    /usr/lib/x86_64-linux-gnu/libpangoft2-1.0.so.0.3800.1
7f322df34000-7f322df35000 r--p 00014000 08:01 6033776                    /usr/lib/x86_64-linux-gnu/libpangoft2-1.0.so.0.3800.1
7f322df35000-7f322df36000 rw-p 00015000 08:01 6033776                    /usr/lib/x86_64-linux-gnu/libpangoft2-1.0.so.0.3800.1
7f322df38000-7f322e046000 r-xp 00000000 08:01 6037245                    /usr/lib/x86_64-linux-gnu/libcairo.so.2.11400.6
7f322e046000-7f322e246000 ---p 0010e000 08:01 6037245                    /usr/lib/x86_64-linux-gnu/libcairo.so.2.11400.6
7f322e246000-7f322e249000 r--p 0010e000 08:01 6037245                    /usr/lib/x86_64-linux-gnu/libcairo.so.2.11400.6
7f322e249000-7f322e24a000 rw-p 00111000 08:01 6037245                    /usr/lib/x86_64-linux-gnu/libcairo.so.2.11400.6
7f322e24a000-7f322e24c000 rw-p 00000000 00:00 0 
7f322e250000-7f322e272000 r-xp 00000000 08:01 6040035                    /usr/lib/x86_64-linux-gnu/libatk-1.0.so.0.21809.1
7f322e272000-7f322e471000 ---p 00022000 08:01 6040035                    /usr/lib/x86_64-linux-gnu/libatk-1.0.so.0.21809.1
7f322e471000-7f322e474000 r--p 00021000 08:01 6040035                    /usr/lib/x86_64-linux-gnu/libatk-1.0.so.0.21809.1
7f322e474000-7f322e475000 rw-p 00024000 08:01 6040035                    /usr/lib/x86_64-linux-gnu/libatk-1.0.so.0.21809.1
7f322e478000-7f322e484000 r-xp 00000000 08:01 6037888                    /usr/lib/x86_64-linux-gnu/libpangocairo-1.0.so.0.3800.1
7f322e484000-7f322e683000 ---p 0000c000 08:01 6037888                    /usr/lib/x86_64-linux-gnu/libpangocairo-1.0.so.0.3800.1
7f322e683000-7f322e684000 r--p 0000b000 08:01 6037888                    /usr/lib/x86_64-linux-gnu/libpangocairo-1.0.so.0.3800.1
7f322e684000-7f322e685000 rw-p 0000c000 08:01 6037888                    /usr/lib/x86_64-linux-gnu/libpangocairo-1.0.so.0.3800.1
7f322e688000-7f322e68b000 r-xp 00000000 08:01 6032060                    /usr/lib/x86_64-linux-gnu/libgmodule-2.0.so.0.4800.1
7f322e68b000-7f322e88a000 ---p 00003000 08:01 6032060                    /usr/lib/x86_64-linux-gnu/libgmodule-2.0.so.0.4800.1
7f322e88a000-7f322e88b000 r--p 00002000 08:01 6032060                    /usr/lib/x86_64-linux-gnu/libgmodule-2.0.so.0.4800.1
7f322e88b000-7f322e88c000 rw-p 00003000 08:01 6032060                    /usr/lib/x86_64-linux-gnu/libgmodule-2.0.so.0.4800.1
7f322e890000-7f322e940000 r-xp 00000000 08:01 6031434                    /usr/lib/x86_64-linux-gnu/libgdk-x11-2.0.so.0.2400.30
7f322e940000-7f322eb3f000 ---p 000b0000 08:01 6031434                    /usr/lib/x86_64-linux-gnu/libgdk-x11-2.0.so.0.2400.30
7f322eb3f000-7f322eb43000 r--p 000af000 08:01 6031434                    /usr/lib/x86_64-linux-gnu/libgdk-x11-2.0.so.0.2400.30
7f322eb43000-7f322eb45000 rw-p 000b3000 08:01 6031434                    /usr/lib/x86_64-linux-gnu/libgdk-x11-2.0.so.0.2400.30
7f322eb48000-7f322ef86000 r-xp 00000000 08:01 6031435                    /usr/lib/x86_64-linux-gnu/libgtk-x11-2.0.so.0.2400.30
7f322ef86000-7f322f185000 ---p 0043e000 08:01 6031435                    /usr/lib/x86_64-linux-gnu/libgtk-x11-2.0.so.0.2400.30
7f322f185000-7f322f18c000 r--p 0043d000 08:01 6031435                    /usr/lib/x86_64-linux-gnu/libgtk-x11-2.0.so.0.2400.30
7f322f18c000-7f322f190000 rw-p 00444000 08:01 6031435                    /usr/lib/x86_64-linux-gnu/libgtk-x11-2.0.so.0.2400.30
7f322f190000-7f322f193000 rw-p 00000000 00:00 0 
7f322f198000-7f322f19d000 r-xp 00000000 08:01 6033700                    /usr/lib/x86_64-linux-gnu/libXfixes.so.3.1.0
7f322f19d000-7f322f39c000 ---p 00005000 08:01 6033700                    /usr/lib/x86_64-linux-gnu/libXfixes.so.3.1.0
7f322f39c000-7f322f39d000 r--p 00004000 08:01 6033700                    /usr/lib/x86_64-linux-gnu/libXfixes.so.3.1.0
7f322f39d000-7f322f39e000 rw-p 00005000 08:01 6033700                    /usr/lib/x86_64-linux-gnu/libXfixes.so.3.1.0
7f322f3a0000-7f322f3a9000 r-xp 00000000 08:01 6037161                    /usr/lib/x86_64-linux-gnu/libXcursor.so.1.0.2
7f322f3a9000-7f322f5a8000 ---p 00009000 08:01 6037161                    /usr/lib/x86_64-linux-gnu/libXcursor.so.1.0.2
7f322f5a8000-7f322f5a9000 r--p 00008000 08:01 6037161                    /usr/lib/x86_64-linux-gnu/libXcursor.so.1.0.2
7f322f5a9000-7f322f5aa000 rw-p 00009000 08:01 6037161                    /usr/lib/x86_64-linux-gnu/libXcursor.so.1.0.2
7f322f5b0000-7f322f5b5000 r-xp 00000000 08:01 6035845                    /usr/lib/x86_64-linux-gnu/libXdmcp.so.6.0.0
7f322f5b5000-7f322f7b4000 ---p 00005000 08:01 6035845                    /usr/lib/x86_64-linux-gnu/libXdmcp.so.6.0.0
7f322f7b4000-7f322f7b5000 r--p 00004000 08:01 6035845                    /usr/lib/x86_64-linux-gnu/libXdmcp.so.6.0.0
7f322f7b5000-7f322f7b6000 rw-p 00005000 08:01 6035845                    /usr/lib/x86_64-linux-gnu/libXdmcp.so.6.0.0
7f322f7b8000-7f322f7ba000 r-xp 00000000 08:01 6037154                    /usr/lib/x86_64-linux-gnu/libXau.so.6.0.0
7f322f7ba000-7f322f9ba000 ---p 00002000 08:01 6037154                    /usr/lib/x86_64-linux-gnu/libXau.so.6.0.0
7f322f9ba000-7f322f9bb000 r--p 00002000 08:01 6037154                    /usr/lib/x86_64-linux-gnu/libXau.so.6.0.0
7f322f9bb000-7f322f9bc000 rw-p 00003000 08:01 6037154                    /usr/lib/x86_64-linux-gnu/libXau.so.6.0.0
7f322f9c0000-7f322f9e1000 r-xp 00000000 08:01 6035812                    /usr/lib/x86_64-linux-gnu/libxcb.so.1.1.0
7f322f9e1000-7f322fbe0000 ---p 00021000 08:01 6035812                    /usr/lib/x86_64-linux-gnu/libxcb.so.1.1.0
7f322fbe0000-7f322fbe1000 r--p 00020000 08:01 6035812                    /usr/lib/x86_64-linux-gnu/libxcb.so.1.1.0
7f322fbe1000-7f322fbe2000 rw-p 00021000 08:01 6035812                    /usr/lib/x86_64-linux-gnu/libxcb.so.1.1.0
7f322fbe8000-7f322fbf7000 r-xp 00000000 08:01 6033767                    /usr/lib/x86_64-linux-gnu/libXi.so.6.1.0
7f322fbf7000-7f322fdf6000 ---p 0000f000 08:01 6033767                    /usr/lib/x86_64-linux-gnu/libXi.so.6.1.0
7f322fdf6000-7f322fdf7000 r--p 0000e000 08:01 6033767                    /usr/lib/x86_64-linux-gnu/libXi.so.6.1.0
7f322fdf7000-7f322fdf8000 rw-p 0000f000 08:01 6033767                    /usr/lib/x86_64-linux-gnu/libXi.so.6.1.0
7f322fdf8000-7f322fdfd000 r-xp 00000000 08:01 6037195                    /usr/lib/x86_64-linux-gnu/libXtst.so.6.1.0
7f322fdfd000-7f322fffc000 ---p 00005000 08:01 6037195                    /usr/lib/x86_64-linux-gnu/libXtst.so.6.1.0
7f322fffc000-7f322fffd000 r--p 00004000 08:01 6037195                    /usr/lib/x86_64-linux-gnu/libXtst.so.6.1.0
7f322fffd000-7f322fffe000 rw-p 00005000 08:01 6037195                    /usr/lib/x86_64-linux-gnu/libXtst.so.6.1.0
7f3230000000-7f3230021000 rw-p 00000000 00:00 0 
7f3230021000-7f3234000000 ---p 00000000 00:00 0 
7f3234000000-7f3234001000 r--s 00000000 08:01 10755064                   /var/cache/fontconfig/b9d506c9ac06c20b433354fa67a72993-le64.cache-6
7f3234008000-7f323401b000 r--s 00000000 08:01 10755062                   /var/cache/fontconfig/d52a8644073d54c13679302ca1180695-le64.cache-6
7f3234020000-7f3234021000 r--s 00000000 08:01 10755059                   /var/cache/fontconfig/551ecf3b0e8b0bca0f25c0944f561853-le64.cache-6
7f3234028000-7f323402c000 r--s 00000000 08:01 10750162                   /var/cache/fontconfig/d589a48862398ed80a3d6066f4f56f4c-le64.cache-6
7f3234030000-7f3234031000 r--s 00000000 08:01 10755001                   /var/cache/fontconfig/30829fa25452a46451e813d634d7f916-le64.cache-6
7f3234038000-7f3234043000 r--s 00000000 08:01 10755040                   /var/cache/fontconfig/83bf95040141907cd45bb53cf7c1c148-le64.cache-6
7f3234048000-7f323405a000 r--s 00000000 08:01 10755039                   /var/cache/fontconfig/9b89f8e3dae116d678bbf48e5f21f69b-le64.cache-6
7f3234060000-7f3234077000 r--s 00000000 08:01 10750153                   /var/cache/fontconfig/e13b20fdb08344e0e664864cc2ede53d-le64.cache-6
7f3234078000-7f3234099000 r--s 00000000 08:01 10754487                   /var/cache/fontconfig/467c019e582ee353435ea5c21d137ef6-le64.cache-6
7f32340eb000-7f32340ef000 r--s 0008b000 08:01 6298005                    /usr/lib/jvm/java-7-oracle/jre/lib/jsse.jar
7f32340ef000-7f32340f2000 ---p 00000000 00:00 0 
7f32340f2000-7f32341f0000 rw-p 00000000 00:00 0 
7f32341f0000-7f32341f9000 r-xp 00000000 08:01 6038209                    /usr/lib/x86_64-linux-gnu/libXrender.so.1.3.0
7f32341f9000-7f32343f8000 ---p 00009000 08:01 6038209                    /usr/lib/x86_64-linux-gnu/libXrender.so.1.3.0
7f32343f8000-7f32343f9000 r--p 00008000 08:01 6038209                    /usr/lib/x86_64-linux-gnu/libXrender.so.1.3.0
7f32343f9000-7f32343fa000 rw-p 00009000 08:01 6038209                    /usr/lib/x86_64-linux-gnu/libXrender.so.1.3.0
7f3234400000-7f323c000000 rw-p 00000000 00:00 0 
7f323c000000-7f323c021000 rw-p 00000000 00:00 0 
7f323c021000-7f3240000000 ---p 00000000 00:00 0 
7f3240000000-7f3240021000 rw-p 00000000 00:00 0 
7f3240021000-7f3244000000 ---p 00000000 00:00 0 
7f3244000000-7f3244021000 rw-p 00000000 00:00 0 
7f3244021000-7f3248000000 ---p 00000000 00:00 0 
7f3248000000-7f3248021000 rw-p 00000000 00:00 0 
7f3248021000-7f324c000000 ---p 00000000 00:00 0 
7f324c000000-7f324c021000 rw-p 00000000 00:00 0 
7f324c021000-7f3250000000 ---p 00000000 00:00 0 
7f3250000000-7f3250001000 r--s 00000000 08:01 10755051                   /var/cache/fontconfig/0c9eb80ebd1c36541ebe2852d3bb0c49-le64.cache-6
7f3250008000-7f325000b000 r--s 00000000 08:01 10755046                   /var/cache/fontconfig/75114ca45c98e8a441da0ff356701271-le64.cache-6
7f3250010000-7f3250058000 r--p 00000000 08:01 7079506                    /usr/share/glib-2.0/schemas/gschemas.compiled
7f325005f000-7f3250062000 ---p 00000000 00:00 0 
7f3250062000-7f3250160000 rw-p 00000000 00:00 0 
7f3250160000-7f3250295000 r-xp 00000000 08:01 6035827                    /usr/lib/x86_64-linux-gnu/libX11.so.6.3.0
7f3250295000-7f3250495000 ---p 00135000 08:01 6035827                    /usr/lib/x86_64-linux-gnu/libX11.so.6.3.0
7f3250495000-7f3250496000 r--p 00135000 08:01 6035827                    /usr/lib/x86_64-linux-gnu/libX11.so.6.3.0
7f3250496000-7f325049a000 rw-p 00136000 08:01 6035827                    /usr/lib/x86_64-linux-gnu/libX11.so.6.3.0
7f32504a0000-7f32504b1000 r-xp 00000000 08:01 6041262                    /usr/lib/x86_64-linux-gnu/libXext.so.6.4.0
7f32504b1000-7f32506b0000 ---p 00011000 08:01 6041262                    /usr/lib/x86_64-linux-gnu/libXext.so.6.4.0
7f32506b0000-7f32506b1000 r--p 00010000 08:01 6041262                    /usr/lib/x86_64-linux-gnu/libXext.so.6.4.0
7f32506b1000-7f32506b2000 rw-p 00011000 08:01 6041262                    /usr/lib/x86_64-linux-gnu/libXext.so.6.4.0
7f32506b8000-7f32506bc000 r--s 00000000 08:01 10750283                   /var/cache/fontconfig/7ef2298fde41cc6eeb7af42e48b7d293-le64.cache-6
7f32506c0000-7f32506c1000 r--s 00000000 08:01 10754517                   /var/cache/fontconfig/e0aa53bcfa504e64f87823c16bc01eb6-le64.cache-6
7f32506c8000-7f32506ce000 r--p 00000000 08:01 10355817                   /home/gus/.config/dconf/user
7f32506d0000-7f32506d1000 r--s 00000000 00:2a 51                         /run/user/1000/dconf/user
7f32506d8000-7f3250728000 r-xp 00000000 08:01 6563007                    /usr/lib/jvm/java-7-oracle/jre/lib/amd64/xawt/libmawt.so
7f3250728000-7f3250928000 ---p 00050000 08:01 6563007                    /usr/lib/jvm/java-7-oracle/jre/lib/amd64/xawt/libmawt.so
7f3250928000-7f325092c000 rw-p 00050000 08:01 6563007                    /usr/lib/jvm/java-7-oracle/jre/lib/amd64/xawt/libmawt.so
7f325092c000-7f325092d000 rw-p 00000000 00:00 0 
7f3250930000-7f32509d2000 r-xp 00000000 08:01 6430562                    /usr/lib/jvm/java-7-oracle/jre/lib/amd64/libawt.so
7f32509d2000-7f3250bd2000 ---p 000a2000 08:01 6430562                    /usr/lib/jvm/java-7-oracle/jre/lib/amd64/libawt.so
7f3250bd2000-7f3250bde000 rw-p 000a2000 08:01 6430562                    /usr/lib/jvm/java-7-oracle/jre/lib/amd64/libawt.so
7f3250bde000-7f3250c02000 rw-p 00000000 00:00 0 
7f3250c08000-7f3250c0a000 r--s 00008000 08:01 13901115                   /home/gus/NetBeansProjects/jbotevolver/JBotSim/lib/jfreesvg-3.0.jar
7f3250c0e000-7f3250c16000 r--s 0008e000 08:01 13901116                   /home/gus/NetBeansProjects/jbotevolver/JBotSim/lib/javassist.jar
7f3250c1b000-7f3250c1c000 ---p 00000000 00:00 0 
7f3250c1c000-7f3250d1c000 rw-p 00000000 00:00 0 
7f3250d1c000-7f3250d1f000 ---p 00000000 00:00 0 
7f3250d1f000-7f3250e1d000 rw-p 00000000 00:00 0 
7f3250e1d000-7f3250e20000 ---p 00000000 00:00 0 
7f3250e20000-7f3250f1e000 rw-p 00000000 00:00 0 
7f3250f1e000-7f3250f21000 ---p 00000000 00:00 0 
7f3250f21000-7f325101f000 rw-p 00000000 00:00 0 
7f325101f000-7f3251022000 ---p 00000000 00:00 0 
7f3251022000-7f3251120000 rw-p 00000000 00:00 0 
7f3251120000-7f32513f9000 r--p 00000000 08:01 6038443                    /usr/lib/locale/locale-archive
7f32513f9000-7f32513fc000 ---p 00000000 00:00 0 
7f32513fc000-7f32514fa000 rw-p 00000000 00:00 0 
7f32514fa000-7f32514fd000 ---p 00000000 00:00 0 
7f32514fd000-7f32515fb000 rw-p 00000000 00:00 0 
7f32515fb000-7f32515fc000 ---p 00000000 00:00 0 
7f32515fc000-7f325338b000 rw-p 00000000 00:00 0 
7f325338b000-7f325354b000 r--s 039fb000 08:01 6297997                    /usr/lib/jvm/java-7-oracle/jre/lib/rt.jar
7f325354b000-7f3253e2a000 rw-p 00000000 00:00 0 
7f3253e2a000-7f3253e2b000 ---p 00000000 00:00 0 
7f3253e2b000-7f3253f2b000 rw-p 00000000 00:00 0 
7f3253f2b000-7f3253f2c000 ---p 00000000 00:00 0 
7f3253f2c000-7f325402c000 rw-p 00000000 00:00 0 
7f325402c000-7f325402d000 ---p 00000000 00:00 0 
7f325402d000-7f325412d000 rw-p 00000000 00:00 0 
7f325412d000-7f325412e000 ---p 00000000 00:00 0 
7f325412e000-7f325422e000 rw-p 00000000 00:00 0 
7f325422e000-7f325422f000 ---p 00000000 00:00 0 
7f325422f000-7f3254380000 rw-p 00000000 00:00 0 
7f3254380000-7f325483f000 rw-p 00000000 00:00 0 
7f325483f000-7f325484a000 rw-p 00000000 00:00 0 
7f325484a000-7f3254868000 rw-p 00000000 00:00 0 
7f3254868000-7f32548b9000 rw-p 00000000 00:00 0 
7f32548b9000-7f3254d77000 rw-p 00000000 00:00 0 
7f3254d77000-7f3254dc5000 rw-p 00000000 00:00 0 
7f3254dc5000-7f3254dcd000 ---p 00000000 00:00 0 
7f3254dcd000-7f3254fff000 rw-p 00000000 00:00 0 
7f3254fff000-7f3255000000 rw-p 00000000 00:00 0 
7f3255000000-7f3255320000 rwxp 00000000 00:00 0 
7f3255320000-7f32585cf000 rw-p 00000000 00:00 0 
7f32585cf000-7f325c000000 ---p 00000000 00:00 0 
7f325c005000-7f325c006000 r--s 0000d000 08:01 13901117                   /home/gus/NetBeansProjects/jbotevolver/JBotSim/lib/jafama.jar
7f325c008000-7f325c00c000 r--s 00030000 08:01 13901113                   /home/gus/NetBeansProjects/jbotevolver/JBotSim/lib/asm-all-4.0.jar
7f325c010000-7f325c012000 r--s 00010000 08:01 13901114                   /home/gus/NetBeansProjects/jbotevolver/JBotSim/lib/BaseClient.jar
7f325c017000-7f325c01b000 r--s 00027000 08:01 13370844                   /home/gus/NetBeansProjects/jbotevolver/JBotEvolver/commons-io-2.2.jar
7f325c01d000-7f325c045000 rw-p 00000000 00:00 0 
7f325c045000-7f325c046000 ---p 00000000 00:00 0 
7f325c046000-7f325c146000 rw-p 00000000 00:00 0 
7f325c146000-7f325c147000 ---p 00000000 00:00 0 
7f325c147000-7f325c247000 rw-p 00000000 00:00 0 
7f325c247000-7f325c248000 ---p 00000000 00:00 0 
7f325c248000-7f325c348000 rw-p 00000000 00:00 0 
7f325c348000-7f325c35f000 r-xp 00000000 08:01 6425842                    /usr/lib/jvm/java-7-oracle/jre/lib/amd64/libzip.so
7f325c35f000-7f325c55f000 ---p 00017000 08:01 6425842                    /usr/lib/jvm/java-7-oracle/jre/lib/amd64/libzip.so
7f325c55f000-7f325c560000 rw-p 00017000 08:01 6425842                    /usr/lib/jvm/java-7-oracle/jre/lib/amd64/libzip.so
7f325c560000-7f325c56b000 r-xp 00000000 08:01 11420137                   /lib/x86_64-linux-gnu/libnss_files-2.23.so
7f325c56b000-7f325c76a000 ---p 0000b000 08:01 11420137                   /lib/x86_64-linux-gnu/libnss_files-2.23.so
7f325c76a000-7f325c76b000 r--p 0000a000 08:01 11420137                   /lib/x86_64-linux-gnu/libnss_files-2.23.so
7f325c76b000-7f325c76c000 rw-p 0000b000 08:01 11420137                   /lib/x86_64-linux-gnu/libnss_files-2.23.so
7f325c76c000-7f325c772000 rw-p 00000000 00:00 0 
7f325c778000-7f325c783000 r-xp 00000000 08:01 11420134                   /lib/x86_64-linux-gnu/libnss_nis-2.23.so
7f325c783000-7f325c982000 ---p 0000b000 08:01 11420134                   /lib/x86_64-linux-gnu/libnss_nis-2.23.so
7f325c982000-7f325c983000 r--p 0000a000 08:01 11420134                   /lib/x86_64-linux-gnu/libnss_nis-2.23.so
7f325c983000-7f325c984000 rw-p 0000b000 08:01 11420134                   /lib/x86_64-linux-gnu/libnss_nis-2.23.so
7f325c988000-7f325c99e000 r-xp 00000000 08:01 11407511                   /lib/x86_64-linux-gnu/libnsl-2.23.so
7f325c99e000-7f325cb9d000 ---p 00016000 08:01 11407511                   /lib/x86_64-linux-gnu/libnsl-2.23.so
7f325cb9d000-7f325cb9e000 r--p 00015000 08:01 11407511                   /lib/x86_64-linux-gnu/libnsl-2.23.so
7f325cb9e000-7f325cb9f000 rw-p 00016000 08:01 11407511                   /lib/x86_64-linux-gnu/libnsl-2.23.so
7f325cb9f000-7f325cba1000 rw-p 00000000 00:00 0 
7f325cba8000-7f325cbb0000 r-xp 00000000 08:01 11407471                   /lib/x86_64-linux-gnu/libnss_compat-2.23.so
7f325cbb0000-7f325cdaf000 ---p 00008000 08:01 11407471                   /lib/x86_64-linux-gnu/libnss_compat-2.23.so
7f325cdaf000-7f325cdb0000 r--p 00007000 08:01 11407471                   /lib/x86_64-linux-gnu/libnss_compat-2.23.so
7f325cdb0000-7f325cdb1000 rw-p 00008000 08:01 11407471                   /lib/x86_64-linux-gnu/libnss_compat-2.23.so
7f325cdb8000-7f325cde1000 r-xp 00000000 08:01 6430543                    /usr/lib/jvm/java-7-oracle/jre/lib/amd64/libjava.so
7f325cde1000-7f325cfe1000 ---p 00029000 08:01 6430543                    /usr/lib/jvm/java-7-oracle/jre/lib/amd64/libjava.so
7f325cfe1000-7f325cfe3000 rw-p 00029000 08:01 6430543                    /usr/lib/jvm/java-7-oracle/jre/lib/amd64/libjava.so
7f325cfe8000-7f325cff5000 r-xp 00000000 08:01 6430567                    /usr/lib/jvm/java-7-oracle/jre/lib/amd64/libverify.so
7f325cff5000-7f325d1f4000 ---p 0000d000 08:01 6430567                    /usr/lib/jvm/java-7-oracle/jre/lib/amd64/libverify.so
7f325d1f4000-7f325d1f6000 rw-p 0000c000 08:01 6430567                    /usr/lib/jvm/java-7-oracle/jre/lib/amd64/libverify.so
7f325d1f8000-7f325d1ff000 r-xp 00000000 08:01 11420146                   /lib/x86_64-linux-gnu/librt-2.23.so
7f325d1ff000-7f325d3fe000 ---p 00007000 08:01 11420146                   /lib/x86_64-linux-gnu/librt-2.23.so
7f325d3fe000-7f325d3ff000 r--p 00006000 08:01 11420146                   /lib/x86_64-linux-gnu/librt-2.23.so
7f325d3ff000-7f325d400000 rw-p 00007000 08:01 11420146                   /lib/x86_64-linux-gnu/librt-2.23.so
7f325d400000-7f325d508000 r-xp 00000000 08:01 11420143                   /lib/x86_64-linux-gnu/libm-2.23.so
7f325d508000-7f325d707000 ---p 00108000 08:01 11420143                   /lib/x86_64-linux-gnu/libm-2.23.so
7f325d707000-7f325d708000 r--p 00107000 08:01 11420143                   /lib/x86_64-linux-gnu/libm-2.23.so
7f325d708000-7f325d709000 rw-p 00108000 08:01 11420143                   /lib/x86_64-linux-gnu/libm-2.23.so
7f325d710000-7f325e286000 r-xp 00000000 08:01 7231723                    /usr/lib/jvm/java-7-oracle/jre/lib/amd64/server/libjvm.so
7f325e286000-7f325e485000 ---p 00b76000 08:01 7231723                    /usr/lib/jvm/java-7-oracle/jre/lib/amd64/server/libjvm.so
7f325e485000-7f325e549000 rw-p 00b75000 08:01 7231723                    /usr/lib/jvm/java-7-oracle/jre/lib/amd64/server/libjvm.so
7f325e549000-7f325e58a000 rw-p 00000000 00:00 0 
7f325e590000-7f325e750000 r-xp 00000000 08:01 11420151                   /lib/x86_64-linux-gnu/libc-2.23.so
7f325e750000-7f325e94f000 ---p 001c0000 08:01 11420151                   /lib/x86_64-linux-gnu/libc-2.23.so
7f325e94f000-7f325e953000 r--p 001bf000 08:01 11420151                   /lib/x86_64-linux-gnu/libc-2.23.so
7f325e953000-7f325e955000 rw-p 001c3000 08:01 11420151                   /lib/x86_64-linux-gnu/libc-2.23.so
7f325e955000-7f325e959000 rw-p 00000000 00:00 0 
7f325e960000-7f325e963000 r-xp 00000000 08:01 11420152                   /lib/x86_64-linux-gnu/libdl-2.23.so
7f325e963000-7f325eb62000 ---p 00003000 08:01 11420152                   /lib/x86_64-linux-gnu/libdl-2.23.so
7f325eb62000-7f325eb63000 r--p 00002000 08:01 11420152                   /lib/x86_64-linux-gnu/libdl-2.23.so
7f325eb63000-7f325eb64000 rw-p 00003000 08:01 11420152                   /lib/x86_64-linux-gnu/libdl-2.23.so
7f325eb68000-7f325eb7d000 r-xp 00000000 08:01 8525342                    /usr/lib/jvm/java-7-oracle/lib/amd64/jli/libjli.so
7f325eb7d000-7f325ed7c000 ---p 00015000 08:01 8525342                    /usr/lib/jvm/java-7-oracle/lib/amd64/jli/libjli.so
7f325ed7c000-7f325ed7d000 rw-p 00014000 08:01 8525342                    /usr/lib/jvm/java-7-oracle/lib/amd64/jli/libjli.so
7f325ed80000-7f325ed98000 r-xp 00000000 08:01 11420150                   /lib/x86_64-linux-gnu/libpthread-2.23.so
7f325ed98000-7f325ef97000 ---p 00018000 08:01 11420150                   /lib/x86_64-linux-gnu/libpthread-2.23.so
7f325ef97000-7f325ef98000 r--p 00017000 08:01 11420150                   /lib/x86_64-linux-gnu/libpthread-2.23.so
7f325ef98000-7f325ef99000 rw-p 00018000 08:01 11420150                   /lib/x86_64-linux-gnu/libpthread-2.23.so
7f325ef99000-7f325ef9d000 rw-p 00000000 00:00 0 
7f325efa0000-7f325efc6000 r-xp 00000000 08:01 11420147                   /lib/x86_64-linux-gnu/ld-2.23.so
7f325efc7000-7f325efd2000 rw-p 00000000 00:00 0 
7f325efd2000-7f325eff0000 rw-p 00000000 00:00 0 
7f325eff0000-7f325effd000 rw-p 00000000 00:00 0 
7f325effd000-7f325f0b0000 rw-p 00000000 00:00 0 
7f325f0b0000-7f325f0b8000 rw-s 00000000 08:01 9595030                    /tmp/hsperfdata_gus/30311
7f325f0be000-7f325f0bf000 rw-p 00000000 00:00 0 
7f325f0bf000-7f325f0c0000 r--p 00000000 00:00 0 
7f325f0c0000-7f325f0c3000 ---p 00000000 00:00 0 
7f325f0c3000-7f325f1c5000 rw-p 00000000 00:00 0 
7f325f1c5000-7f325f1c6000 r--p 00025000 08:01 11420147                   /lib/x86_64-linux-gnu/ld-2.23.so
7f325f1c6000-7f325f1c7000 rw-p 00026000 08:01 11420147                   /lib/x86_64-linux-gnu/ld-2.23.so
7f325f1c7000-7f325f1ca000 rw-p 00000000 00:00 0 
7fffdde74000-7fffdde95000 rw-p 00000000 00:00 0                          [stack]
7fffddf28000-7fffddf2a000 r--p 00000000 00:00 0                          [vvar]
7fffddf2a000-7fffddf2c000 r-xp 00000000 00:00 0                          [vdso]
ffffffffff600000-ffffffffff601000 r-xp 00000000 00:00 0                  [vsyscall]

VM Arguments:
jvm_args: -Dfile.encoding=UTF-8 
java_command: gui.CombinedGui
Launcher Type: SUN_STANDARD

Environment Variables:
JAVA_HOME=/usr/lib/jvm/java-8-oracle
PATH=/home/gus/bin:/usr/local/sbin:/usr/local/bin:/usr/sbin:/usr/bin:/sbin:/bin:/usr/games:/usr/local/games:/snap/bin:/usr/lib/jvm/java-8-oracle/bin:/usr/lib/jvm/java-8-oracle/db/bin:/usr/lib/jvm/java-8-oracle/jre/bin
LD_LIBRARY_PATH=/usr/lib/jvm/java-8-oracle/jre/lib/amd64:/usr/lib/jvm/java-8-oracle/jre/lib/i386:
SHELL=/bin/bash
DISPLAY=:0

Signal Handlers:
SIGSEGV: [libjvm.so+0x9a3b20], sa_mask[0]=0x7ffbfeff, sa_flags=0x10000004
SIGBUS: [libjvm.so+0x9a3b20], sa_mask[0]=0x7ffbfeff, sa_flags=0x10000004
SIGFPE: [libjvm.so+0x81e740], sa_mask[0]=0x7ffbfeff, sa_flags=0x10000004
SIGPIPE: SIG_IGN, sa_mask[0]=0x00001000, sa_flags=0x10000000
SIGXFSZ: [libjvm.so+0x81e740], sa_mask[0]=0x7ffbfeff, sa_flags=0x10000004
SIGILL: [libjvm.so+0x81e740], sa_mask[0]=0x7ffbfeff, sa_flags=0x10000004
SIGUSR1: SIG_DFL, sa_mask[0]=0x00000000, sa_flags=0x00000000
SIGUSR2: [libjvm.so+0x81ffb0], sa_mask[0]=0x00000004, sa_flags=0x10000004
SIGHUP: [libjvm.so+0x8210d0], sa_mask[0]=0x7ffbfeff, sa_flags=0x10000004
SIGINT: SIG_IGN, sa_mask[0]=0x00000000, sa_flags=0x00000000
SIGTERM: [libjvm.so+0x8210d0], sa_mask[0]=0x7ffbfeff, sa_flags=0x10000004
SIGQUIT: [libjvm.so+0x8210d0], sa_mask[0]=0x7ffbfeff, sa_flags=0x10000004


---------------  S Y S T E M  ---------------

OS:stretch/sid

uname:Linux 4.4.0-43-generic #63-Ubuntu SMP Wed Oct 12 13:48:03 UTC 2016 x86_64
libc:glibc 2.23 NPTL 2.23 
rlimit: STACK 8192k, CORE 0k, NPROC 61750, NOFILE 65536, AS infinity
load average:1,48 1,42 1,19

/proc/meminfo:
MemTotal:       15914428 kB
MemFree:         3935084 kB
MemAvailable:   11095060 kB
Buffers:          340852 kB
Cached:          6813796 kB
SwapCached:            0 kB
Active:         10400756 kB
Inactive:         968080 kB
Active(anon):    4216928 kB
Inactive(anon):    70964 kB
Active(file):    6183828 kB
Inactive(file):   897116 kB
Unevictable:          32 kB
Mlocked:              32 kB
SwapTotal:       7860220 kB
SwapFree:        7860220 kB
Dirty:               868 kB
Writeback:             0 kB
AnonPages:       4214228 kB
Mapped:           367216 kB
Shmem:             73704 kB
Slab:             465100 kB
SReclaimable:     416352 kB
SUnreclaim:        48748 kB
KernelStack:       13648 kB
PageTables:        42152 kB
NFS_Unstable:          0 kB
Bounce:                0 kB
WritebackTmp:          0 kB
CommitLimit:    15817432 kB
Committed_AS:    9151024 kB
VmallocTotal:   34359738367 kB
VmallocUsed:           0 kB
VmallocChunk:          0 kB
HardwareCorrupted:     0 kB
AnonHugePages:   2766848 kB
CmaTotal:              0 kB
CmaFree:               0 kB
HugePages_Total:       0
HugePages_Free:        0
HugePages_Rsvd:        0
HugePages_Surp:        0
Hugepagesize:       2048 kB
DirectMap4k:      124864 kB
DirectMap2M:     6688768 kB
DirectMap1G:     9437184 kB


CPU:total 8 (8 cores per cpu, 1 threads per core) family 21 model 1 stepping 2, cmov, cx8, fxsr, mmx, sse, sse2, sse3, ssse3, sse4.1, sse4.2, popcnt, avx, aes, mmxext, 3dnowpref, lzcnt, sse4a, tsc, tscinvbit, tscinv

/proc/cpuinfo:
processor	: 0
vendor_id	: AuthenticAMD
cpu family	: 21
model		: 1
model name	: AMD FX(tm)-8150 Eight-Core Processor
stepping	: 2
microcode	: 0x6000623
cpu MHz		: 2100.000
cache size	: 2048 KB
physical id	: 0
siblings	: 8
core id		: 0
cpu cores	: 4
apicid		: 0
initial apicid	: 0
fpu		: yes
fpu_exception	: yes
cpuid level	: 13
wp		: yes
flags		: fpu vme de pse tsc msr pae mce cx8 apic sep mtrr pge mca cmov pat pse36 clflush mmx fxsr sse sse2 ht syscall nx mmxext fxsr_opt pdpe1gb rdtscp lm constant_tsc rep_good nopl nonstop_tsc extd_apicid aperfmperf pni pclmulqdq monitor ssse3 cx16 sse4_1 sse4_2 popcnt aes xsave avx lahf_lm cmp_legacy svm extapic cr8_legacy abm sse4a misalignsse 3dnowprefetch osvw ibs xop skinit wdt lwp fma4 nodeid_msr topoext perfctr_core perfctr_nb cpb hw_pstate vmmcall arat npt lbrv svm_lock nrip_save tsc_scale vmcb_clean flushbyasid decodeassists pausefilter pfthreshold
bugs		: fxsave_leak sysret_ss_attrs
bogomips	: 7231.53
TLB size	: 1536 4K pages
clflush size	: 64
cache_alignment	: 64
address sizes	: 48 bits physical, 48 bits virtual
power management: ts ttp tm 100mhzsteps hwpstate cpb

processor	: 1
vendor_id	: AuthenticAMD
cpu family	: 21
model		: 1
model name	: AMD FX(tm)-8150 Eight-Core Processor
stepping	: 2
microcode	: 0x6000623
cpu MHz		: 3600.000
cache size	: 2048 KB
physical id	: 0
siblings	: 8
core id		: 3
cpu cores	: 4
apicid		: 1
initial apicid	: 3
fpu		: yes
fpu_exception	: yes
cpuid level	: 13
wp		: yes
flags		: fpu vme de pse tsc msr pae mce cx8 apic sep mtrr pge mca cmov pat pse36 clflush mmx fxsr sse sse2 ht syscall nx mmxext fxsr_opt pdpe1gb rdtscp lm constant_tsc rep_good nopl nonstop_tsc extd_apicid aperfmperf pni pclmulqdq monitor ssse3 cx16 sse4_1 sse4_2 popcnt aes xsave avx lahf_lm cmp_legacy svm extapic cr8_legacy abm sse4a misalignsse 3dnowprefetch osvw ibs xop skinit wdt lwp fma4 nodeid_msr topoext perfctr_core perfctr_nb cpb hw_pstate vmmcall arat npt lbrv svm_lock nrip_save tsc_scale vmcb_clean flushbyasid decodeassists pausefilter pfthreshold
bugs		: fxsave_leak sysret_ss_attrs
bogomips	: 7231.53
TLB size	: 1536 4K pages
clflush size	: 64
cache_alignment	: 64
address sizes	: 48 bits physical, 48 bits virtual
power management: ts ttp tm 100mhzsteps hwpstate cpb

processor	: 2
vendor_id	: AuthenticAMD
cpu family	: 21
model		: 1
model name	: AMD FX(tm)-8150 Eight-Core Processor
stepping	: 2
microcode	: 0x6000623
cpu MHz		: 3600.000
cache size	: 2048 KB
physical id	: 0
siblings	: 8
core id		: 2
cpu cores	: 4
apicid		: 2
initial apicid	: 2
fpu		: yes
fpu_exception	: yes
cpuid level	: 13
wp		: yes
flags		: fpu vme de pse tsc msr pae mce cx8 apic sep mtrr pge mca cmov pat pse36 clflush mmx fxsr sse sse2 ht syscall nx mmxext fxsr_opt pdpe1gb rdtscp lm constant_tsc rep_good nopl nonstop_tsc extd_apicid aperfmperf pni pclmulqdq monitor ssse3 cx16 sse4_1 sse4_2 popcnt aes xsave avx lahf_lm cmp_legacy svm extapic cr8_legacy abm sse4a misalignsse 3dnowprefetch osvw ibs xop skinit wdt lwp fma4 nodeid_msr topoext perfctr_core perfctr_nb cpb hw_pstate vmmcall arat npt lbrv svm_lock nrip_save tsc_scale vmcb_clean flushbyasid decodeassists pausefilter pfthreshold
bugs		: fxsave_leak sysret_ss_attrs
bogomips	: 7231.53
TLB size	: 1536 4K pages
clflush size	: 64
cache_alignment	: 64
address sizes	: 48 bits physical, 48 bits virtual
power management: ts ttp tm 100mhzsteps hwpstate cpb

processor	: 3
vendor_id	: AuthenticAMD
cpu family	: 21
model		: 1
model name	: AMD FX(tm)-8150 Eight-Core Processor
stepping	: 2
microcode	: 0x6000623
cpu MHz		: 2100.000
cache size	: 2048 KB
physical id	: 0
siblings	: 8
core id		: 6
cpu cores	: 4
apicid		: 3
initial apicid	: 6
fpu		: yes
fpu_exception	: yes
cpuid level	: 13
wp		: yes
flags		: fpu vme de pse tsc msr pae mce cx8 apic sep mtrr pge mca cmov pat pse36 clflush mmx fxsr sse sse2 ht syscall nx mmxext fxsr_opt pdpe1gb rdtscp lm constant_tsc rep_good nopl nonstop_tsc extd_apicid aperfmperf pni pclmulqdq monitor ssse3 cx16 sse4_1 sse4_2 popcnt aes xsave avx lahf_lm cmp_legacy svm extapic cr8_legacy abm sse4a misalignsse 3dnowprefetch osvw ibs xop skinit wdt lwp fma4 nodeid_msr topoext perfctr_core perfctr_nb cpb hw_pstate vmmcall arat npt lbrv svm_lock nrip_save tsc_scale vmcb_clean flushbyasid decodeassists pausefilter pfthreshold
bugs		: fxsave_leak sysret_ss_attrs
bogomips	: 7231.53
TLB size	: 1536 4K pages
clflush size	: 64
cache_alignment	: 64
address sizes	: 48 bits physical, 48 bits virtual
power management: ts ttp tm 100mhzsteps hwpstate cpb

processor	: 4
vendor_id	: AuthenticAMD
cpu family	: 21
model		: 1
model name	: AMD FX(tm)-8150 Eight-Core Processor
stepping	: 2
microcode	: 0x6000623
cpu MHz		: 3600.000
cache size	: 2048 KB
physical id	: 0
siblings	: 8
core id		: 7
cpu cores	: 4
apicid		: 4
initial apicid	: 7
fpu		: yes
fpu_exception	: yes
cpuid level	: 13
wp		: yes
flags		: fpu vme de pse tsc msr pae mce cx8 apic sep mtrr pge mca cmov pat pse36 clflush mmx fxsr sse sse2 ht syscall nx mmxext fxsr_opt pdpe1gb rdtscp lm constant_tsc rep_good nopl nonstop_tsc extd_apicid aperfmperf pni pclmulqdq monitor ssse3 cx16 sse4_1 sse4_2 popcnt aes xsave avx lahf_lm cmp_legacy svm extapic cr8_legacy abm sse4a misalignsse 3dnowprefetch osvw ibs xop skinit wdt lwp fma4 nodeid_msr topoext perfctr_core perfctr_nb cpb hw_pstate vmmcall arat npt lbrv svm_lock nrip_save tsc_scale vmcb_clean flushbyasid decodeassists pausefilter pfthreshold
bugs		: fxsave_leak sysret_ss_attrs
bogomips	: 7231.53
TLB size	: 1536 4K pages
clflush size	: 64
cache_alignment	: 64
address sizes	: 48 bits physical, 48 bits virtual
power management: ts ttp tm 100mhzsteps hwpstate cpb

processor	: 5
vendor_id	: AuthenticAMD
cpu family	: 21
model		: 1
model name	: AMD FX(tm)-8150 Eight-Core Processor
stepping	: 2
microcode	: 0x6000623
cpu MHz		: 2800.000
cache size	: 2048 KB
physical id	: 0
siblings	: 8
core id		: 1
cpu cores	: 4
apicid		: 5
initial apicid	: 1
fpu		: yes
fpu_exception	: yes
cpuid level	: 13
wp		: yes
flags		: fpu vme de pse tsc msr pae mce cx8 apic sep mtrr pge mca cmov pat pse36 clflush mmx fxsr sse sse2 ht syscall nx mmxext fxsr_opt pdpe1gb rdtscp lm constant_tsc rep_good nopl nonstop_tsc extd_apicid aperfmperf pni pclmulqdq monitor ssse3 cx16 sse4_1 sse4_2 popcnt aes xsave avx lahf_lm cmp_legacy svm extapic cr8_legacy abm sse4a misalignsse 3dnowprefetch osvw ibs xop skinit wdt lwp fma4 nodeid_msr topoext perfctr_core perfctr_nb cpb hw_pstate vmmcall arat npt lbrv svm_lock nrip_save tsc_scale vmcb_clean flushbyasid decodeassists pausefilter pfthreshold
bugs		: fxsave_leak sysret_ss_attrs
bogomips	: 7231.53
TLB size	: 1536 4K pages
clflush size	: 64
cache_alignment	: 64
address sizes	: 48 bits physical, 48 bits virtual
power management: ts ttp tm 100mhzsteps hwpstate cpb

processor	: 6
vendor_id	: AuthenticAMD
cpu family	: 21
model		: 1
model name	: AMD FX(tm)-8150 Eight-Core Processor
stepping	: 2
microcode	: 0x6000623
cpu MHz		: 2800.000
cache size	: 2048 KB
physical id	: 0
siblings	: 8
core id		: 5
cpu cores	: 4
apicid		: 6
initial apicid	: 5
fpu		: yes
fpu_exception	: yes
cpuid level	: 13
wp		: yes
flags		: fpu vme de pse tsc msr pae mce cx8 apic sep mtrr pge mca cmov pat pse36 clflush mmx fxsr sse sse2 ht syscall nx mmxext fxsr_opt pdpe1gb rdtscp lm constant_tsc rep_good nopl nonstop_tsc extd_apicid aperfmperf pni pclmulqdq monitor ssse3 cx16 sse4_1 sse4_2 popcnt aes xsave avx lahf_lm cmp_legacy svm extapic cr8_legacy abm sse4a misalignsse 3dnowprefetch osvw ibs xop skinit wdt lwp fma4 nodeid_msr topoext perfctr_core perfctr_nb cpb hw_pstate vmmcall arat npt lbrv svm_lock nrip_save tsc_scale vmcb_clean flushbyasid decodeassists pausefilter pfthreshold
bugs		: fxsave_leak sysret_ss_attrs
bogomips	: 7231.53
TLB size	: 1536 4K pages
clflush size	: 64
cache_alignment	: 64
address sizes	: 48 bits physical, 48 bits virtual
power management: ts ttp tm 100mhzsteps hwpstate cpb

processor	: 7
vendor_id	: AuthenticAMD
cpu family	: 21
model		: 1
model name	: AMD FX(tm)-8150 Eight-Core Processor
stepping	: 2
microcode	: 0x6000623
cpu MHz		: 2700.000
cache size	: 2048 KB
physical id	: 0
siblings	: 8
core id		: 4
cpu cores	: 4
apicid		: 7
initial apicid	: 4
fpu		: yes
fpu_exception	: yes
cpuid level	: 13
wp		: yes
flags		: fpu vme de pse tsc msr pae mce cx8 apic sep mtrr pge mca cmov pat pse36 clflush mmx fxsr sse sse2 ht syscall nx mmxext fxsr_opt pdpe1gb rdtscp lm constant_tsc rep_good nopl nonstop_tsc extd_apicid aperfmperf pni pclmulqdq monitor ssse3 cx16 sse4_1 sse4_2 popcnt aes xsave avx lahf_lm cmp_legacy svm extapic cr8_legacy abm sse4a misalignsse 3dnowprefetch osvw ibs xop skinit wdt lwp fma4 nodeid_msr topoext perfctr_core perfctr_nb cpb hw_pstate vmmcall arat npt lbrv svm_lock nrip_save tsc_scale vmcb_clean flushbyasid decodeassists pausefilter pfthreshold
bugs		: fxsave_leak sysret_ss_attrs
bogomips	: 7231.53
TLB size	: 1536 4K pages
clflush size	: 64
cache_alignment	: 64
address sizes	: 48 bits physical, 48 bits virtual
power management: ts ttp tm 100mhzsteps hwpstate cpb



Memory: 4k page, physical 15914428k(3935084k free), swap 7860220k(7860220k free)

vm_info: Java HotSpot(TM) 64-Bit Server VM (24.80-b11) for linux-amd64 JRE (1.7.0_80-b15), built on Apr 10 2015 19:53:14 by "java_re" with gcc 4.3.0 20080428 (Red Hat 4.3.0-8)

time: Tue Oct 18 11:43:36 2016
elapsed time: 44 seconds

