#
# A fatal error has been detected by the Java Runtime Environment:
#
#  SIGSEGV (0xb) at pc=0x00007f79d8295fe5, pid=873, tid=140161247844096
#
# JRE version: Java(TM) SE Runtime Environment (7.0_80-b15) (build 1.7.0_80-b15)
# Java VM: Java HotSpot(TM) 64-Bit Server VM (24.80-b11 mixed mode linux-amd64 compressed oops)
# Problematic frame:
# V  [libjvm.so+0x5bcfe5]  instanceKlass::oop_follow_contents(ParCompactionManager*, oopDesc*)+0x2c5
#
# Failed to write core dump. Core dumps have been disabled. To enable core dumping, try "ulimit -c unlimited" before starting Java again
#
# If you would like to submit a bug report, please visit:
#   http://bugreport.java.com/bugreport/crash.jsp
#

---------------  T H R E A D  ---------------

Current thread (0x00007f79d002b000):  GCTaskThread [stack: 0x00007f79d5539000,0x00007f79d563a000] [id=889]

siginfo:si_signo=SIGSEGV: si_errno=0, si_code=128 (), si_addr=0x0000000000000000

Registers:
RAX=0x00007f7998400000, RBX=0x00000007136eda14, RCX=0x0000000000000000, RDX=0x007ffffffc7c2000
RSP=0x00007f79d56387f0, RBP=0x00007f79d5638850, RSI=0x0000000000000000, RDI=0x0000000000000003
R8 =0x0000000000000001, R9 =0x000000000000016d, R10=0x0000000000000008, R11=0x00007f79d8b24800
R12=0x00007f79d8b28860, R13=0x0000000000400000, R14=0x00007f79d006f3c0, R15=0x00007f79d006f3c0
RIP=0x00007f79d8295fe5, EFLAGS=0x0000000000010216, CSGSFS=0x0000000000000033, ERR=0x0000000000000000
  TRAPNO=0x000000000000000d

Top of Stack: (sp=0x00007f79d56387f0)
0x00007f79d56387f0:   00000007136ed9e8 0000000708d246c8
0x00007f79d5638800:   0000000708d246d0 00000007136eda24
0x00007f79d5638810:   000000071503aa50 00007f79d006f400
0x00007f79d5638820:   00000007136e35b0 00007f79d006f3c0
0x00007f79d5638830:   00007f79d8b24800 00007f79d8b1abf8
0x00007f79d5638840:   00007f79d006f3c0 00007f79d006f3d0
0x00007f79d5638850:   00007f79d5638940 00007f79d854de2c
0x00007f79d5638860:   000000070d201f70 00007f79d56388b0
0x00007f79d5638870:   00007f79d56388c0 00007f79d56388a0
0x00007f79d5638880:   00007f79d56388e0 00007f79d56388f0
0x00007f79d5638890:   00007f79d006f400 00007f79d006f480
0x00007f79d56388a0:   0000000000000000 00007f7900000000
0x00007f79d56388b0:   00007f79d006f3c0 0000000000000004
0x00007f79d56388c0:   0000000713558d2c 00007f79d8b28860
0x00007f79d56388d0:   00007f79d5638940 00007f79d8296036
0x00007f79d56388e0:   0000000713558d20 0000000708c7d7f8
0x00007f79d56388f0:   000008c8000006da 0000000713558d30
0x00007f79d5638900:   000008c9000006da 00007f79d006f400
0x00007f79d5638910:   00007f79d5638970 0000000000000000
0x00007f79d5638920:   00007f79d006e7f0 0000000000000006
0x00007f79d5638930:   00007f79d006f3c0 00007f79d86ede95
0x00007f79d5638940:   00007f79d5638a70 00007f79d85354fe
0x00007f79d5638950:   0000000000000000 00007f79d5638a10
0x00007f79d5638960:   00007f79d5638a00 00007f79d56389f0
0x00007f79d5638970:   00007f79d56389e0 00007f79d5638a20
0x00007f79d5638980:   00007f79d5638a30 00007f79d5638a3c
0x00007f79d5638990:   00007f7984663570 000000070d8b9658
0x00007f79d56389a0:   0000000000000000 00000000000003d8
0x00007f79d56389b0:   00007f79d002b8b0 0000000000001388
0x00007f79d56389c0:   0000000000000400 00007f79d002f120
0x00007f79d56389d0:   00007f79d006f400 00007f79d006f480
0x00007f79d56389e0:   00000000000003d8 00007f79d8638056 

Instructions: (pc=0x00007f79d8295fe5)
0x00007f79d8295fc5:   89 c1 49 8b 44 24 30 49 d3 e8 4c 89 c2 44 89 c1
0x00007f79d8295fd5:   41 b8 01 00 00 00 83 e1 3f 48 c1 ea 06 49 d3 e0
0x00007f79d8295fe5:   4c 85 04 d0 75 8d 48 8b 05 a6 f3 84 00 80 38 00
0x00007f79d8295ff5:   0f 85 05 02 00 00 49 8b 45 08 48 8d 70 10 4c 89 

Register to memory mapping:

RAX=0x00007f7998400000 is an unknown value
RBX=0x00000007136eda14 is pointing into object: 0x00000007136ed9e8
evolutionaryrobotics.evolution.neat.core.NEATNeuron 
 - klass: 'evolutionaryrobotics/evolution/neat/core/NEATNeuron'
RCX=0x0000000000000000 is an unknown value
RDX=0x007ffffffc7c2000 is an unknown value
RSP=0x00007f79d56387f0 is an unknown value
RBP=0x00007f79d5638850 is an unknown value
RSI=0x0000000000000000 is an unknown value
RDI=0x0000000000000003 is an unknown value
R8 =0x0000000000000001 is an unknown value
R9 =0x000000000000016d is an unknown value
R10=0x0000000000000008 is an unknown value
R11=0x00007f79d8b24800: <offset 0xe4b800> in /usr/lib/jvm/java-7-oracle/jre/lib/amd64/server/libjvm.so at 0x00007f79d7cd9000
R12=0x00007f79d8b28860: <offset 0xe4f860> in /usr/lib/jvm/java-7-oracle/jre/lib/amd64/server/libjvm.so at 0x00007f79d7cd9000
R13=0x0000000000400000: <offset 0> in /usr/lib/jvm/java-7-oracle/bin/java at 0x0000000000400000
R14=0x00007f79d006f3c0 is an unknown value
R15=0x00007f79d006f3c0 is an unknown value


Stack: [0x00007f79d5539000,0x00007f79d563a000],  sp=0x00007f79d56387f0,  free space=1021k
Native frames: (J=compiled Java code, j=interpreted, Vv=VM code, C=native code)
V  [libjvm.so+0x5bcfe5]  instanceKlass::oop_follow_contents(ParCompactionManager*, oopDesc*)+0x2c5
V  [libjvm.so+0x874e2c]  ParCompactionManager::follow_marking_stacks()+0x1ec
V  [libjvm.so+0x85c4fe]  StealMarkingTask::do_it(GCTaskManager*, unsigned int)+0x30e
V  [libjvm.so+0x5590bf]  GCTaskThread::run()+0x12f
V  [libjvm.so+0x8238c8]  java_start(Thread*)+0x108


---------------  P R O C E S S  ---------------

Java Threads: ( => current thread )
  0x00007f794402d000 JavaThread "TimerQueue" daemon [_thread_blocked, id=1049, stack(0x00007f7962458000,0x00007f7962559000)]
  0x00007f79d000a000 JavaThread "DestroyJavaVM" [_thread_blocked, id=875, stack(0x00007f79d968d000,0x00007f79d978e000)]
  0x00007f79d0568000 JavaThread "Thread-2" [_thread_blocked, id=957, stack(0x00007f7962836000,0x00007f7962937000)]
  0x00007f79d0447000 JavaThread "AWT-EventQueue-0" [_thread_blocked, id=935, stack(0x00007f7962937000,0x00007f7962a38000)]
  0x00007f79d0446000 JavaThread "AWT-Shutdown" [_thread_blocked, id=933, stack(0x00007f7962a38000,0x00007f7962b39000)]
  0x00007f79d040f000 JavaThread "Thread-1" [_thread_blocked, id=927, stack(0x00007f79980e8000,0x00007f79981e9000)]
  0x00007f79d040d800 JavaThread "Thread-0" [_thread_blocked, id=925, stack(0x00007f79bdae0000,0x00007f79bdbe1000)]
  0x00007f79d01cd800 JavaThread "AWT-XAWT" daemon [_thread_blocked, id=911, stack(0x00007f79c5418000,0x00007f79c5519000)]
  0x00007f79d01af800 JavaThread "Java2D Disposer" daemon [_thread_blocked, id=909, stack(0x00007f79c5930000,0x00007f79c5a31000)]
  0x00007f79d00a2800 JavaThread "Service Thread" daemon [_thread_blocked, id=900, stack(0x00007f79c7215000,0x00007f79c7316000)]
  0x00007f79d00a0000 JavaThread "C2 CompilerThread1" daemon [_thread_blocked, id=899, stack(0x00007f79c7316000,0x00007f79c7417000)]
  0x00007f79d009d000 JavaThread "C2 CompilerThread0" daemon [_thread_blocked, id=896, stack(0x00007f79c7417000,0x00007f79c7518000)]
  0x00007f79d009b000 JavaThread "Signal Dispatcher" daemon [_thread_blocked, id=894, stack(0x00007f79c7518000,0x00007f79c7619000)]
  0x00007f79d0079000 JavaThread "Finalizer" daemon [_thread_blocked, id=893, stack(0x00007f79c78f9000,0x00007f79c79fa000)]
  0x00007f79d0077000 JavaThread "Reference Handler" daemon [_thread_blocked, id=892, stack(0x00007f79c79fa000,0x00007f79c7afb000)]

Other Threads:
  0x00007f79d0072800 VMThread [stack: 0x00007f79c7afb000,0x00007f79c7bfc000] [id=891]
  0x00007f79d00ad000 WatcherThread [stack: 0x00007f79c7114000,0x00007f79c7215000] [id=902]

=>0x00007f79d002b000 (exited) GCTaskThread [stack: 0x00007f79d5539000,0x00007f79d563a000] [id=889]

VM state:at safepoint (normal execution)

VM Mutex/Monitor currently owned by a thread:  ([mutex/lock_event])
[0x00007f79d0006490] Threads_lock - owner thread: 0x00007f79d0072800
[0x00007f79d0006990] Heap_lock - owner thread: 0x00007f79d0447000

Heap
 PSYoungGen      total 40960K, used 12588K [0x00000007af080000, 0x00000007b2b80000, 0x0000000800000000)
  eden space 26112K, 0% used [0x00000007af080000,0x00000007af080000,0x00000007b0a00000)
  from space 14848K, 84% used [0x00000007b1a00000,0x00000007b264b030,0x00000007b2880000)
  to   space 16384K, 0% used [0x00000007b0a00000,0x00000007b0a00000,0x00000007b1a00000)
 ParOldGen       total 158720K, used 151706K [0x000000070d200000, 0x0000000716d00000, 0x00000007af080000)
  object space 158720K, 95% used [0x000000070d200000,0x0000000716626a40,0x0000000716d00000)
 PSPermGen       total 32256K, used 19417K [0x0000000708000000, 0x0000000709f80000, 0x000000070d200000)
  object space 32256K, 60% used [0x0000000708000000,0x00000007092f6788,0x0000000709f80000)

Card table byte_map: [0x00007f79d6150000,0x00007f79d6911000] byte_map_base: 0x00007f79d2910000

Polling page: 0x00007f79d9791000

Code Cache  [0x00007f79cd000000, 0x00007f79cd540000, 0x00007f79d0000000)
 total_blobs=2312 nmethods=1724 adapters=540 free_code_cache=43968Kb largest_free_block=44847744

Compilation events (10 events):
Event: 76474,453 Thread 0x00007f79d009d000 1964             sun.java2d.SunGraphics2D::setClip (14 bytes)
Event: 76474,454 Thread 0x00007f79d009d000 nmethod 1964 0x00007f79cd4fe450 code [0x00007f79cd4fe5a0, 0x00007f79cd4fe6b8]
Event: 76474,468 Thread 0x00007f79d00a0000 1965             sun.java2d.SunGraphics2D::setClip (17 bytes)
Event: 76474,471 Thread 0x00007f79d00a0000 nmethod 1965 0x00007f79cd4fdfd0 code [0x00007f79cd4fe140, 0x00007f79cd4fe2b8]
Event: 76474,516 Thread 0x00007f79d009d000 1966             sun.java2d.SunGraphics2D::getDestination (8 bytes)
Event: 76474,518 Thread 0x00007f79d009d000 nmethod 1966 0x00007f79cd4fdc90 code [0x00007f79cd4fdde0, 0x00007f79cd4fdeb8]
Event: 76475,165 Thread 0x00007f79d00a0000 1967   !         sun.java2d.loops.FontInfo::clone (8 bytes)
Event: 76475,167 Thread 0x00007f79d00a0000 nmethod 1967 0x00007f79cd4fd9d0 code [0x00007f79cd4fdb20, 0x00007f79cd4fdbf8]
Event: 76528,782 Thread 0x00007f79d009d000 1968             java.text.DecimalFormat::applyPattern (1574 bytes)
Event: 76528,818 Thread 0x00007f79d009d000 nmethod 1968 0x00007f79cd30e490 code [0x00007f79cd30e740, 0x00007f79cd30fd00]

GC Heap History (10 events):
Event: 76504,701 GC heap after
Heap after GC invocations=282 (full 8):
 PSYoungGen      total 41984K, used 2649K [0x00000007af080000, 0x00000007b2780000, 0x0000000800000000)
  eden space 27648K, 0% used [0x00000007af080000,0x00000007af080000,0x00000007b0b80000)
  from space 14336K, 18% used [0x00000007b1980000,0x00000007b1c166b0,0x00000007b2780000)
  to   space 14336K, 0% used [0x00000007b0b80000,0x00000007b0b80000,0x00000007b1980000)
 ParOldGen       total 151040K, used 128278K [0x000000070d200000, 0x0000000716580000, 0x00000007af080000)
  object space 151040K, 84% used [0x000000070d200000,0x0000000714f45870,0x0000000716580000)
 PSPermGen       total 32256K, used 19417K [0x0000000708000000, 0x0000000709f80000, 0x000000070d200000)
  object space 32256K, 60% used [0x0000000708000000,0x00000007092f6788,0x0000000709f80000)
}
Event: 76508,302 GC heap before
{Heap before GC invocations=283 (full 8):
 PSYoungGen      total 41984K, used 30297K [0x00000007af080000, 0x00000007b2780000, 0x0000000800000000)
  eden space 27648K, 100% used [0x00000007af080000,0x00000007b0b80000,0x00000007b0b80000)
  from space 14336K, 18% used [0x00000007b1980000,0x00000007b1c166b0,0x00000007b2780000)
  to   space 14336K, 0% used [0x00000007b0b80000,0x00000007b0b80000,0x00000007b1980000)
 ParOldGen       total 151040K, used 128278K [0x000000070d200000, 0x0000000716580000, 0x00000007af080000)
  object space 151040K, 84% used [0x000000070d200000,0x0000000714f45870,0x0000000716580000)
 PSPermGen       total 32256K, used 19417K [0x0000000708000000, 0x0000000709f80000, 0x000000070d200000)
  object space 32256K, 60% used [0x0000000708000000,0x00000007092f6788,0x0000000709f80000)
Event: 76508,308 GC heap after
Heap after GC invocations=283 (full 8):
 PSYoungGen      total 30720K, used 2646K [0x00000007af080000, 0x00000007b2680000, 0x0000000800000000)
  eden space 27648K, 0% used [0x00000007af080000,0x00000007af080000,0x00000007b0b80000)
  from space 3072K, 86% used [0x00000007b0b80000,0x00000007b0e15b70,0x00000007b0e80000)
  to   space 13824K, 0% used [0x00000007b1900000,0x00000007b1900000,0x00000007b2680000)
 ParOldGen       total 151040K, used 128817K [0x000000070d200000, 0x0000000716580000, 0x00000007af080000)
  object space 151040K, 85% used [0x000000070d200000,0x0000000714fcc700,0x0000000716580000)
 PSPermGen       total 32256K, used 19417K [0x0000000708000000, 0x0000000709f80000, 0x000000070d200000)
  object space 32256K, 60% used [0x0000000708000000,0x00000007092f6788,0x0000000709f80000)
}
Event: 76517,288 GC heap before
{Heap before GC invocations=284 (full 8):
 PSYoungGen      total 30720K, used 30294K [0x00000007af080000, 0x00000007b2680000, 0x0000000800000000)
  eden space 27648K, 100% used [0x00000007af080000,0x00000007b0b80000,0x00000007b0b80000)
  from space 3072K, 86% used [0x00000007b0b80000,0x00000007b0e15b70,0x00000007b0e80000)
  to   space 13824K, 0% used [0x00000007b1900000,0x00000007b1900000,0x00000007b2680000)
 ParOldGen       total 151040K, used 128817K [0x000000070d200000, 0x0000000716580000, 0x00000007af080000)
  object space 151040K, 85% used [0x000000070d200000,0x0000000714fcc700,0x0000000716580000)
 PSPermGen       total 32256K, used 19417K [0x0000000708000000, 0x0000000709f80000, 0x000000070d200000)
  object space 32256K, 60% used [0x0000000708000000,0x00000007092f6788,0x0000000709f80000)
Event: 76517,293 GC heap after
Heap after GC invocations=284 (full 8):
 PSYoungGen      total 41472K, used 1983K [0x00000007af080000, 0x00000007b2680000, 0x0000000800000000)
  eden space 27648K, 0% used [0x00000007af080000,0x00000007af080000,0x00000007b0b80000)
  from space 13824K, 14% used [0x00000007b1900000,0x00000007b1aeff60,0x00000007b2680000)
  to   space 13824K, 0% used [0x00000007b0b80000,0x00000007b0b80000,0x00000007b1900000)
 ParOldGen       total 151040K, used 129396K [0x000000070d200000, 0x0000000716580000, 0x00000007af080000)
  object space 151040K, 85% used [0x000000070d200000,0x000000071505d140,0x0000000716580000)
 PSPermGen       total 32256K, used 19417K [0x0000000708000000, 0x0000000709f80000, 0x000000070d200000)
  object space 32256K, 60% used [0x0000000708000000,0x00000007092f6788,0x0000000709f80000)
}
Event: 76528,774 GC heap before
{Heap before GC invocations=285 (full 8):
 PSYoungGen      total 41472K, used 29631K [0x00000007af080000, 0x00000007b2680000, 0x0000000800000000)
  eden space 27648K, 100% used [0x00000007af080000,0x00000007b0b80000,0x00000007b0b80000)
  from space 13824K, 14% used [0x00000007b1900000,0x00000007b1aeff60,0x00000007b2680000)
  to   space 13824K, 0% used [0x00000007b0b80000,0x00000007b0b80000,0x00000007b1900000)
 ParOldGen       total 151040K, used 129396K [0x000000070d200000, 0x0000000716580000, 0x00000007af080000)
  object space 151040K, 85% used [0x000000070d200000,0x000000071505d140,0x0000000716580000)
 PSPermGen       total 32256K, used 19417K [0x0000000708000000, 0x0000000709f80000, 0x000000070d200000)
  object space 32256K, 60% used [0x0000000708000000,0x00000007092f6788,0x0000000709f80000)
Event: 76528,780 GC heap after
Heap after GC invocations=285 (full 8):
 PSYoungGen      total 41472K, used 10552K [0x00000007af080000, 0x00000007b2880000, 0x0000000800000000)
  eden space 27648K, 0% used [0x00000007af080000,0x00000007af080000,0x00000007b0b80000)
  from space 13824K, 76% used [0x00000007b0b80000,0x00000007b15ce370,0x00000007b1900000)
  to   space 14848K, 0% used [0x00000007b1a00000,0x00000007b1a00000,0x00000007b2880000)
 ParOldGen       total 151040K, used 136833K [0x000000070d200000, 0x0000000716580000, 0x00000007af080000)
  object space 151040K, 90% used [0x000000070d200000,0x00000007157a0440,0x0000000716580000)
 PSPermGen       total 32256K, used 19417K [0x0000000708000000, 0x0000000709f80000, 0x000000070d200000)
  object space 32256K, 60% used [0x0000000708000000,0x00000007092f6788,0x0000000709f80000)
}
Event: 76530,182 GC heap before
{Heap before GC invocations=286 (full 8):
 PSYoungGen      total 41472K, used 38200K [0x00000007af080000, 0x00000007b2880000, 0x0000000800000000)
  eden space 27648K, 100% used [0x00000007af080000,0x00000007b0b80000,0x00000007b0b80000)
  from space 13824K, 76% used [0x00000007b0b80000,0x00000007b15ce370,0x00000007b1900000)
  to   space 14848K, 0% used [0x00000007b1a00000,0x00000007b1a00000,0x00000007b2880000)
 ParOldGen       total 151040K, used 136833K [0x000000070d200000, 0x0000000716580000, 0x00000007af080000)
  object space 151040K, 90% used [0x000000070d200000,0x00000007157a0440,0x0000000716580000)
 PSPermGen       total 32256K, used 19417K [0x0000000708000000, 0x0000000709f80000, 0x000000070d200000)
  object space 32256K, 60% used [0x0000000708000000,0x00000007092f6788,0x0000000709f80000)
Event: 76530,193 GC heap after
Heap after GC invocations=286 (full 8):
 PSYoungGen      total 40960K, used 12588K [0x00000007af080000, 0x00000007b2b80000, 0x0000000800000000)
  eden space 26112K, 0% used [0x00000007af080000,0x00000007af080000,0x00000007b0a00000)
  from space 14848K, 84% used [0x00000007b1a00000,0x00000007b264b030,0x00000007b2880000)
  to   space 16384K, 0% used [0x00000007b0a00000,0x00000007b0a00000,0x00000007b1a00000)
 ParOldGen       total 158720K, used 151706K [0x000000070d200000, 0x0000000716d00000, 0x00000007af080000)
  object space 158720K, 95% used [0x000000070d200000,0x0000000716626a40,0x0000000716d00000)
 PSPermGen       total 32256K, used 19417K [0x0000000708000000, 0x0000000709f80000, 0x000000070d200000)
  object space 32256K, 60% used [0x0000000708000000,0x00000007092f6788,0x0000000709f80000)
}
Event: 76530,193 GC heap before
{Heap before GC invocations=287 (full 9):
 PSYoungGen      total 40960K, used 12588K [0x00000007af080000, 0x00000007b2b80000, 0x0000000800000000)
  eden space 26112K, 0% used [0x00000007af080000,0x00000007af080000,0x00000007b0a00000)
  from space 14848K, 84% used [0x00000007b1a00000,0x00000007b264b030,0x00000007b2880000)
  to   space 16384K, 0% used [0x00000007b0a00000,0x00000007b0a00000,0x00000007b1a00000)
 ParOldGen       total 158720K, used 151706K [0x000000070d200000, 0x0000000716d00000, 0x00000007af080000)
  object space 158720K, 95% used [0x000000070d200000,0x0000000716626a40,0x0000000716d00000)
 PSPermGen       total 32256K, used 19417K [0x0000000708000000, 0x0000000709f80000, 0x000000070d200000)
  object space 32256K, 60% used [0x0000000708000000,0x00000007092f6788,0x0000000709f80000)

Deoptimization events (10 events):
Event: 67654,602 Thread 0x00007f79d01cd800 Uncommon trap: reason=class_check action=maybe_recompile pc=0x00007f79cd4cedd8 method=sun.awt.X11.XToolkit.dispatchEvent(Lsun/awt/X11/XEvent;)V @ 159
Event: 69651,438 Thread 0x00007f79d01cd800 Uncommon trap: reason=class_check action=maybe_recompile pc=0x00007f79cd4cedd8 method=sun.awt.X11.XToolkit.dispatchEvent(Lsun/awt/X11/XEvent;)V @ 159
Event: 69656,392 Thread 0x00007f79d01cd800 Uncommon trap: reason=class_check action=maybe_recompile pc=0x00007f79cd4cedd8 method=sun.awt.X11.XToolkit.dispatchEvent(Lsun/awt/X11/XEvent;)V @ 159
Event: 69659,741 Thread 0x00007f79d0447000 Uncommon trap: reason=unstable_if action=reinterpret pc=0x00007f79cd3e5210 method=sun.font.GlyphList.ensureCapacity(I)V @ 49
Event: 69660,602 Thread 0x00007f79d0447000 Uncommon trap: reason=unstable_if action=reinterpret pc=0x00007f79cd365aa4 method=java.text.DigitList.shouldRoundUp(I)Z @ 281
Event: 71055,368 Thread 0x00007f79d0447000 Uncommon trap: reason=unstable_if action=reinterpret pc=0x00007f79cd4ff944 method=javax.swing.BufferStrategyPaintManager.paint(Ljavax/swing/JComponent;Ljavax/swing/JComponent;Ljava/awt/Graphics;IIII)Z @ 69
Event: 71072,234 Thread 0x00007f7944131000 Uncommon trap: reason=unstable_if action=reinterpret pc=0x00007f79cd48a000 method=simulation.Simulator.simulate()V @ 28
Event: 72610,007 Thread 0x00007f79d0447000 Uncommon trap: reason=unstable_if action=reinterpret pc=0x00007f79cd4df7b4 method=sun.misc.FloatingDecimal.dtoa(IJI)V @ 1189
Event: 72627,961 Thread 0x00007f794410a000 Uncommon trap: reason=unstable_if action=reinterpret pc=0x00007f79cd1934f8 method=net.jafama.FastMath.round(D)J @ 29
Event: 76444,808 Thread 0x00007f79d0447000 Uncommon trap: reason=unstable_if action=reinterpret pc=0x00007f79cd4014bc method=sun.java2d.pipe.Region.getIntersection(Lsun/java2d/pipe/Region;)Lsun/java2d/pipe/Region; @ 15

Internal exceptions (10 events):
Event: 76078,375 Thread 0x00007f79d0447000 Threw 0x00000007b0b45978 at /HUDSON/workspace/7u-2-build-linux-amd64/jdk7u80/2329/hotspot/src/share/vm/prims/jni.cpp:743
Event: 76444,909 Thread 0x00007f79d0447000 Threw 0x00000007af2df278 at /HUDSON/workspace/7u-2-build-linux-amd64/jdk7u80/2329/hotspot/src/share/vm/prims/jni.cpp:743
Event: 76460,233 Thread 0x00007f79d0447000 Threw 0x00000007aff4b580 at /HUDSON/workspace/7u-2-build-linux-amd64/jdk7u80/2329/hotspot/src/share/vm/prims/jni.cpp:743
Event: 76492,072 Thread 0x00007f7944136800 Threw 0x00000007b0100698 at /HUDSON/workspace/7u-2-build-linux-amd64/jdk7u80/2329/hotspot/src/share/vm/prims/jvm.cpp:2992
Event: 76498,141 Thread 0x00007f7944136800 Threw 0x00000007b0820ab8 at /HUDSON/workspace/7u-2-build-linux-amd64/jdk7u80/2329/hotspot/src/share/vm/prims/jvm.cpp:3040
Event: 76500,341 Thread 0x00007f7944136800 Threw 0x00000007b03e6040 at /HUDSON/workspace/7u-2-build-linux-amd64/jdk7u80/2329/hotspot/src/share/vm/prims/jvm.cpp:3040
Event: 76501,277 Thread 0x00007f7944136800 Threw 0x00000007afbef680 at /HUDSON/workspace/7u-2-build-linux-amd64/jdk7u80/2329/hotspot/src/share/vm/prims/jvm.cpp:3040
Event: 76502,828 Thread 0x00007f7944136800 Threw 0x00000007af5957a0 at /HUDSON/workspace/7u-2-build-linux-amd64/jdk7u80/2329/hotspot/src/share/vm/prims/jvm.cpp:3040
Event: 76505,461 Thread 0x00007f7944136800 Threw 0x00000007af312280 at /HUDSON/workspace/7u-2-build-linux-amd64/jdk7u80/2329/hotspot/src/share/vm/prims/jvm.cpp:3040
Event: 76528,898 Thread 0x00007f79d0447000 Threw 0x00000007b086d480 at /HUDSON/workspace/7u-2-build-linux-amd64/jdk7u80/2329/hotspot/src/share/vm/prims/jni.cpp:743

Events (10 events):
Event: 76528,803 Executing VM operation: RevokeBias done
Event: 76528,803 Executing VM operation: RevokeBias
Event: 76528,803 Executing VM operation: RevokeBias done
Event: 76528,803 Executing VM operation: RevokeBias
Event: 76528,803 Executing VM operation: RevokeBias done
Event: 76528,803 Executing VM operation: RevokeBias
Event: 76528,803 Executing VM operation: RevokeBias done
Event: 76528,826 Executing VM operation: RevokeBias
Event: 76528,826 Executing VM operation: RevokeBias done
Event: 76530,181 Executing VM operation: ParallelGCFailedAllocation


Dynamic libraries:
00400000-00401000 r-xp 00000000 08:01 6032014                            /usr/lib/jvm/java-7-oracle/bin/java
00600000-00601000 rw-p 00000000 08:01 6032014                            /usr/lib/jvm/java-7-oracle/bin/java
0204e000-0206f000 rw-p 00000000 00:00 0                                  [heap]
708000000-709f80000 rw-p 00000000 00:00 0 
709f80000-70a900000 ---p 00000000 00:00 0 
70a900000-70d200000 rw-p 00000000 00:00 0 
70d200000-716d00000 rw-p 00000000 00:00 0 
716d00000-717380000 ---p 00000000 00:00 0 
717380000-7af080000 rw-p 00000000 00:00 0 
7af080000-7b2b80000 rw-p 00000000 00:00 0 
7b2b80000-7b7700000 ---p 00000000 00:00 0 
7b7700000-800000000 rw-p 00000000 00:00 0 
7f793c000000-7f793c021000 rw-p 00000000 00:00 0 
7f793c021000-7f7940000000 ---p 00000000 00:00 0 
7f7944000000-7f7945da5000 rw-p 00000000 00:00 0 
7f7945da5000-7f7948000000 ---p 00000000 00:00 0 
7f7948000000-7f7948021000 rw-p 00000000 00:00 0 
7f7948021000-7f794c000000 ---p 00000000 00:00 0 
7f794c000000-7f794c021000 rw-p 00000000 00:00 0 
7f794c021000-7f7950000000 ---p 00000000 00:00 0 
7f7950000000-7f7950021000 rw-p 00000000 00:00 0 
7f7950021000-7f7954000000 ---p 00000000 00:00 0 
7f7954000000-7f795425f000 rw-p 00000000 00:00 0 
7f795425f000-7f7958000000 ---p 00000000 00:00 0 
7f7958000000-7f7958021000 rw-p 00000000 00:00 0 
7f7958021000-7f795c000000 ---p 00000000 00:00 0 
7f795c000000-7f795c022000 rw-p 00000000 00:00 0 
7f795c022000-7f7960000000 ---p 00000000 00:00 0 
7f79605a9000-7f7960d2d000 rw-s 00000000 00:05 156893211                  /SYSV00000000 (deleted)
7f7962256000-7f7962259000 ---p 00000000 00:00 0 
7f7962259000-7f7962357000 rw-p 00000000 00:00 0 
7f7962357000-7f796235a000 ---p 00000000 00:00 0 
7f796235a000-7f7962458000 rw-p 00000000 00:00 0 
7f7962458000-7f796245b000 ---p 00000000 00:00 0 
7f796245b000-7f7962559000 rw-p 00000000 00:00 0 
7f7962609000-7f7962633000 r-xp 00000000 08:01 6430564                    /usr/lib/jvm/java-7-oracle/jre/lib/amd64/libdcpr.so
7f7962633000-7f7962833000 ---p 0002a000 08:01 6430564                    /usr/lib/jvm/java-7-oracle/jre/lib/amd64/libdcpr.so
7f7962833000-7f7962836000 rw-p 0002a000 08:01 6430564                    /usr/lib/jvm/java-7-oracle/jre/lib/amd64/libdcpr.so
7f7962836000-7f7962839000 ---p 00000000 00:00 0 
7f7962839000-7f7962937000 rw-p 00000000 00:00 0 
7f7962937000-7f796293a000 ---p 00000000 00:00 0 
7f796293a000-7f7962a38000 rw-p 00000000 00:00 0 
7f7962a38000-7f7962a3b000 ---p 00000000 00:00 0 
7f7962a3b000-7f7962b39000 rw-p 00000000 00:00 0 
7f7962b39000-7f7962ba2000 r-xp 00000000 08:01 6430554                    /usr/lib/jvm/java-7-oracle/jre/lib/amd64/libt2k.so
7f7962ba2000-7f7962da1000 ---p 00069000 08:01 6430554                    /usr/lib/jvm/java-7-oracle/jre/lib/amd64/libt2k.so
7f7962da1000-7f7962da8000 rw-p 00068000 08:01 6430554                    /usr/lib/jvm/java-7-oracle/jre/lib/amd64/libt2k.so
7f7962da8000-7f7962db8000 rw-p 00000000 00:00 0 
7f7962dbf000-7f7962dc0000 ---p 00000000 00:00 0 
7f7962dc0000-7f79635c0000 rw-p 00000000 00:00 0 
7f79635c0000-7f79635c1000 ---p 00000000 00:00 0 
7f79635c1000-7f7963dc1000 rw-p 00000000 00:00 0 
7f7963dc1000-7f7963df7000 r-xp 00000000 08:01 6423748                    /usr/lib/x86_64-linux-gnu/gvfs/libgvfscommon.so
7f7963df7000-7f7963ff7000 ---p 00036000 08:01 6423748                    /usr/lib/x86_64-linux-gnu/gvfs/libgvfscommon.so
7f7963ff7000-7f7963ffc000 r--p 00036000 08:01 6423748                    /usr/lib/x86_64-linux-gnu/gvfs/libgvfscommon.so
7f7963ffc000-7f7963ffd000 rw-p 0003b000 08:01 6423748                    /usr/lib/x86_64-linux-gnu/gvfs/libgvfscommon.so
7f7964000000-7f7964021000 rw-p 00000000 00:00 0 
7f7964021000-7f7968000000 ---p 00000000 00:00 0 
7f7968000000-7f7968022000 rw-p 00000000 00:00 0 
7f7968022000-7f796c000000 ---p 00000000 00:00 0 
7f796c000000-7f796c021000 rw-p 00000000 00:00 0 
7f796c021000-7f7970000000 ---p 00000000 00:00 0 
7f79700a1000-7f79700d1000 r-xp 00000000 08:01 6423745                    /usr/lib/x86_64-linux-gnu/gio/modules/libgvfsdbus.so
7f79700d1000-7f79702d0000 ---p 00030000 08:01 6423745                    /usr/lib/x86_64-linux-gnu/gio/modules/libgvfsdbus.so
7f79702d0000-7f79702d1000 r--p 0002f000 08:01 6423745                    /usr/lib/x86_64-linux-gnu/gio/modules/libgvfsdbus.so
7f79702d1000-7f79702d2000 rw-p 00030000 08:01 6423745                    /usr/lib/x86_64-linux-gnu/gio/modules/libgvfsdbus.so
7f79702d2000-7f79702d3000 rw-p 00000000 00:00 0 
7f79702d9000-7f797033f000 r-xp 00000000 08:01 6036983                    /usr/lib/x86_64-linux-gnu/libibus-1.0.so.5.0.511
7f797033f000-7f797053e000 ---p 00066000 08:01 6036983                    /usr/lib/x86_64-linux-gnu/libibus-1.0.so.5.0.511
7f797053e000-7f7970540000 r--p 00065000 08:01 6036983                    /usr/lib/x86_64-linux-gnu/libibus-1.0.so.5.0.511
7f7970540000-7f7970541000 rw-p 00067000 08:01 6036983                    /usr/lib/x86_64-linux-gnu/libibus-1.0.so.5.0.511
7f7970541000-7f7970542000 rw-p 00000000 00:00 0 
7f7970549000-7f797054f000 r-xp 00000000 08:01 6423594                    /usr/lib/x86_64-linux-gnu/gtk-2.0/2.10.0/immodules/im-ibus.so
7f797054f000-7f797074f000 ---p 00006000 08:01 6423594                    /usr/lib/x86_64-linux-gnu/gtk-2.0/2.10.0/immodules/im-ibus.so
7f797074f000-7f7970750000 r--p 00006000 08:01 6423594                    /usr/lib/x86_64-linux-gnu/gtk-2.0/2.10.0/immodules/im-ibus.so
7f7970750000-7f7970751000 rw-p 00007000 08:01 6423594                    /usr/lib/x86_64-linux-gnu/gtk-2.0/2.10.0/immodules/im-ibus.so
7f7970751000-7f7970761000 r-xp 00000000 08:01 6430563                    /usr/lib/jvm/java-7-oracle/jre/lib/amd64/libnio.so
7f7970761000-7f7970961000 ---p 00010000 08:01 6430563                    /usr/lib/jvm/java-7-oracle/jre/lib/amd64/libnio.so
7f7970961000-7f7970962000 rw-p 00010000 08:01 6430563                    /usr/lib/jvm/java-7-oracle/jre/lib/amd64/libnio.so
7f7970968000-7f7970c69000 rw-p 00000000 00:00 0 
7f7970c69000-7f7970c80000 r-xp 00000000 08:01 6430537                    /usr/lib/jvm/java-7-oracle/jre/lib/amd64/libnet.so
7f7970c80000-7f7970e7f000 ---p 00017000 08:01 6430537                    /usr/lib/jvm/java-7-oracle/jre/lib/amd64/libnet.so
7f7970e7f000-7f7970e80000 rw-p 00016000 08:01 6430537                    /usr/lib/jvm/java-7-oracle/jre/lib/amd64/libnet.so
7f7970e81000-7f7970e97000 r-xp 00000000 08:01 11404070                   /lib/x86_64-linux-gnu/libgcc_s.so.1
7f7970e97000-7f7971096000 ---p 00016000 08:01 11404070                   /lib/x86_64-linux-gnu/libgcc_s.so.1
7f7971096000-7f7971097000 rw-p 00015000 08:01 11404070                   /lib/x86_64-linux-gnu/libgcc_s.so.1
7f7971099000-7f79710fe000 r-xp 00000000 08:01 6425829                    /usr/lib/jvm/java-7-oracle/jre/lib/amd64/libfontmanager.so
7f79710fe000-7f79712fd000 ---p 00065000 08:01 6425829                    /usr/lib/jvm/java-7-oracle/jre/lib/amd64/libfontmanager.so
7f79712fd000-7f7971302000 rw-p 00064000 08:01 6425829                    /usr/lib/jvm/java-7-oracle/jre/lib/amd64/libfontmanager.so
7f7971302000-7f7971312000 rw-p 00000000 00:00 0 
7f7971316000-7f7971317000 ---p 00000000 00:00 0 
7f7971317000-7f7971b17000 rw-p 00000000 00:00 0 
7f7971b17000-7f7971b18000 ---p 00000000 00:00 0 
7f7971b18000-7f7972318000 rw-p 00000000 00:00 0 
7f7972318000-7f7972319000 ---p 00000000 00:00 0 
7f7972319000-7f7972b19000 rw-p 00000000 00:00 0 
7f7972b19000-7f7972b24000 r-xp 00000000 08:01 6423750                    /usr/lib/x86_64-linux-gnu/gio/modules/libdconfsettings.so
7f7972b24000-7f7972d24000 ---p 0000b000 08:01 6423750                    /usr/lib/x86_64-linux-gnu/gio/modules/libdconfsettings.so
7f7972d24000-7f7972d25000 r--p 0000b000 08:01 6423750                    /usr/lib/x86_64-linux-gnu/gio/modules/libdconfsettings.so
7f7972d25000-7f7972d26000 rw-p 0000c000 08:01 6423750                    /usr/lib/x86_64-linux-gnu/gio/modules/libdconfsettings.so
7f7972d29000-7f7972d30000 r-xp 00000000 08:01 6037437                    /usr/lib/x86_64-linux-gnu/libogg.so.0.8.2
7f7972d30000-7f7972f30000 ---p 00007000 08:01 6037437                    /usr/lib/x86_64-linux-gnu/libogg.so.0.8.2
7f7972f30000-7f7972f31000 r--p 00007000 08:01 6037437                    /usr/lib/x86_64-linux-gnu/libogg.so.0.8.2
7f7972f31000-7f7972f32000 rw-p 00008000 08:01 6037437                    /usr/lib/x86_64-linux-gnu/libogg.so.0.8.2
7f7972f39000-7f7972f63000 r-xp 00000000 08:01 6038148                    /usr/lib/x86_64-linux-gnu/libvorbis.so.0.4.8
7f7972f63000-7f7973163000 ---p 0002a000 08:01 6038148                    /usr/lib/x86_64-linux-gnu/libvorbis.so.0.4.8
7f7973163000-7f7973164000 r--p 0002a000 08:01 6038148                    /usr/lib/x86_64-linux-gnu/libvorbis.so.0.4.8
7f7973164000-7f7973165000 rw-p 0002b000 08:01 6038148                    /usr/lib/x86_64-linux-gnu/libvorbis.so.0.4.8
7f7973169000-7f7973172000 r-xp 00000000 08:01 6030484                    /usr/lib/x86_64-linux-gnu/libltdl.so.7.3.1
7f7973172000-7f7973371000 ---p 00009000 08:01 6030484                    /usr/lib/x86_64-linux-gnu/libltdl.so.7.3.1
7f7973371000-7f7973372000 r--p 00008000 08:01 6030484                    /usr/lib/x86_64-linux-gnu/libltdl.so.7.3.1
7f7973372000-7f7973373000 rw-p 00009000 08:01 6030484                    /usr/lib/x86_64-linux-gnu/libltdl.so.7.3.1
7f7973379000-7f797338d000 r-xp 00000000 08:01 6030173                    /usr/lib/x86_64-linux-gnu/libtdb.so.1.3.8
7f797338d000-7f797358c000 ---p 00014000 08:01 6030173                    /usr/lib/x86_64-linux-gnu/libtdb.so.1.3.8
7f797358c000-7f797358d000 r--p 00013000 08:01 6030173                    /usr/lib/x86_64-linux-gnu/libtdb.so.1.3.8
7f797358d000-7f797358e000 rw-p 00014000 08:01 6030173                    /usr/lib/x86_64-linux-gnu/libtdb.so.1.3.8
7f7973591000-7f7973598000 r-xp 00000000 08:01 6037011                    /usr/lib/x86_64-linux-gnu/libvorbisfile.so.3.3.7
7f7973598000-7f7973798000 ---p 00007000 08:01 6037011                    /usr/lib/x86_64-linux-gnu/libvorbisfile.so.3.3.7
7f7973798000-7f7973799000 r--p 00007000 08:01 6037011                    /usr/lib/x86_64-linux-gnu/libvorbisfile.so.3.3.7
7f7973799000-7f797379a000 rw-p 00008000 08:01 6037011                    /usr/lib/x86_64-linux-gnu/libvorbisfile.so.3.3.7
7f79737a1000-7f79737b1000 r-xp 00000000 08:01 6029731                    /usr/lib/x86_64-linux-gnu/libcanberra.so.0.2.5
7f79737b1000-7f79739b0000 ---p 00010000 08:01 6029731                    /usr/lib/x86_64-linux-gnu/libcanberra.so.0.2.5
7f79739b0000-7f79739b1000 r--p 0000f000 08:01 6029731                    /usr/lib/x86_64-linux-gnu/libcanberra.so.0.2.5
7f79739b1000-7f79739b2000 rw-p 00010000 08:01 6029731                    /usr/lib/x86_64-linux-gnu/libcanberra.so.0.2.5
7f79739b9000-7f79739bd000 r-xp 00000000 08:01 6029433                    /usr/lib/x86_64-linux-gnu/libcanberra-gtk.so.0.1.9
7f79739bd000-7f7973bbc000 ---p 00004000 08:01 6029433                    /usr/lib/x86_64-linux-gnu/libcanberra-gtk.so.0.1.9
7f7973bbc000-7f7973bbd000 r--p 00003000 08:01 6029433                    /usr/lib/x86_64-linux-gnu/libcanberra-gtk.so.0.1.9
7f7973bbd000-7f7973bbe000 rw-p 00004000 08:01 6029433                    /usr/lib/x86_64-linux-gnu/libcanberra-gtk.so.0.1.9
7f7973bc1000-7f7973bc6000 r-xp 00000000 08:01 6423425                    /usr/lib/x86_64-linux-gnu/gtk-2.0/modules/libcanberra-gtk-module.so
7f7973bc6000-7f7973dc5000 ---p 00005000 08:01 6423425                    /usr/lib/x86_64-linux-gnu/gtk-2.0/modules/libcanberra-gtk-module.so
7f7973dc5000-7f7973dc6000 r--p 00004000 08:01 6423425                    /usr/lib/x86_64-linux-gnu/gtk-2.0/modules/libcanberra-gtk-module.so
7f7973dc6000-7f7973dc7000 rw-p 00005000 08:01 6423425                    /usr/lib/x86_64-linux-gnu/gtk-2.0/modules/libcanberra-gtk-module.so
7f7973dc9000-7f7973df9000 r-xp 00000000 08:01 6423588                    /usr/lib/x86_64-linux-gnu/gtk-2.0/2.10.0/engines/libmurrine.so
7f7973df9000-7f7973ff9000 ---p 00030000 08:01 6423588                    /usr/lib/x86_64-linux-gnu/gtk-2.0/2.10.0/engines/libmurrine.so
7f7973ff9000-7f7973ffa000 r--p 00030000 08:01 6423588                    /usr/lib/x86_64-linux-gnu/gtk-2.0/2.10.0/engines/libmurrine.so
7f7973ffa000-7f7973ffb000 rw-p 00031000 08:01 6423588                    /usr/lib/x86_64-linux-gnu/gtk-2.0/2.10.0/engines/libmurrine.so
7f7974000000-7f7974021000 rw-p 00000000 00:00 0 
7f7974021000-7f7978000000 ---p 00000000 00:00 0 
7f7978000000-7f7978027000 rw-p 00000000 00:00 0 
7f7978027000-7f797c000000 ---p 00000000 00:00 0 
7f797c000000-7f797c021000 rw-p 00000000 00:00 0 
7f797c021000-7f7980000000 ---p 00000000 00:00 0 
7f7980000000-7f7980021000 rw-p 00000000 00:00 0 
7f7980021000-7f7984000000 ---p 00000000 00:00 0 
7f7984000000-7f7985b32000 rw-p 00000000 00:00 0 
7f7985b32000-7f7988000000 ---p 00000000 00:00 0 
7f7988000000-7f79899f0000 rw-p 00000000 00:00 0 
7f79899f0000-7f798c000000 ---p 00000000 00:00 0 
7f798c000000-7f798c021000 rw-p 00000000 00:00 0 
7f798c021000-7f7990000000 ---p 00000000 00:00 0 
7f7990000000-7f7990021000 rw-p 00000000 00:00 0 
7f7990021000-7f7994000000 ---p 00000000 00:00 0 
7f7994000000-7f7994021000 rw-p 00000000 00:00 0 
7f7994021000-7f7998000000 ---p 00000000 00:00 0 
7f7998061000-7f79980e1000 rw-s 00000000 00:05 155942932                  /SYSV00000000 (deleted)
7f79980e8000-7f79980eb000 ---p 00000000 00:00 0 
7f79980eb000-7f79981e9000 rw-p 00000000 00:00 0 
7f79981e9000-7f79981fa000 r-xp 00000000 08:01 6423852                    /usr/lib/x86_64-linux-gnu/gtk-2.0/modules/liboverlay-scrollbar.so
7f79981fa000-7f79983fa000 ---p 00011000 08:01 6423852                    /usr/lib/x86_64-linux-gnu/gtk-2.0/modules/liboverlay-scrollbar.so
7f79983fa000-7f79983fb000 r--p 00011000 08:01 6423852                    /usr/lib/x86_64-linux-gnu/gtk-2.0/modules/liboverlay-scrollbar.so
7f79983fb000-7f79983fc000 rw-p 00012000 08:01 6423852                    /usr/lib/x86_64-linux-gnu/gtk-2.0/modules/liboverlay-scrollbar.so
7f7998400000-7f79a0000000 rw-p 00000000 00:00 0 
7f79a0000000-7f79a0026000 rw-p 00000000 00:00 0 
7f79a0026000-7f79a4000000 ---p 00000000 00:00 0 
7f79a4000000-7f79a403a000 rw-p 00000000 00:00 0 
7f79a403a000-7f79a8000000 ---p 00000000 00:00 0 
7f79a8000000-7f79a8021000 rw-p 00000000 00:00 0 
7f79a8021000-7f79ac000000 ---p 00000000 00:00 0 
7f79ac000000-7f79ac267000 rw-p 00000000 00:00 0 
7f79ac267000-7f79b0000000 ---p 00000000 00:00 0 
7f79b0000000-7f79b0021000 rw-p 00000000 00:00 0 
7f79b0021000-7f79b4000000 ---p 00000000 00:00 0 
7f79b4000000-7f79b402f000 rw-p 00000000 00:00 0 
7f79b402f000-7f79b8000000 ---p 00000000 00:00 0 
7f79b8000000-7f79b8024000 rw-p 00000000 00:00 0 
7f79b8024000-7f79bc000000 ---p 00000000 00:00 0 
7f79bc059000-7f79bc05a000 r-xp 00000000 08:01 6029595                    /usr/lib/x86_64-linux-gnu/libgthread-2.0.so.0.4800.1
7f79bc05a000-7f79bc259000 ---p 00001000 08:01 6029595                    /usr/lib/x86_64-linux-gnu/libgthread-2.0.so.0.4800.1
7f79bc259000-7f79bc25a000 r--p 00000000 08:01 6029595                    /usr/lib/x86_64-linux-gnu/libgthread-2.0.so.0.4800.1
7f79bc25a000-7f79bc25b000 rw-p 00001000 08:01 6029595                    /usr/lib/x86_64-linux-gnu/libgthread-2.0.so.0.4800.1
7f79bc261000-7f79bc267000 r-xp 00000000 08:01 6037172                    /usr/lib/x86_64-linux-gnu/libdatrie.so.1.3.3
7f79bc267000-7f79bc467000 ---p 00006000 08:01 6037172                    /usr/lib/x86_64-linux-gnu/libdatrie.so.1.3.3
7f79bc467000-7f79bc468000 r--p 00006000 08:01 6037172                    /usr/lib/x86_64-linux-gnu/libdatrie.so.1.3.3
7f79bc468000-7f79bc469000 rw-p 00007000 08:01 6037172                    /usr/lib/x86_64-linux-gnu/libdatrie.so.1.3.3
7f79bc469000-7f79bc48c000 r-xp 00000000 08:01 6030003                    /usr/lib/x86_64-linux-gnu/libgraphite2.so.3.0.1
7f79bc48c000-7f79bc68b000 ---p 00023000 08:01 6030003                    /usr/lib/x86_64-linux-gnu/libgraphite2.so.3.0.1
7f79bc68b000-7f79bc68d000 r--p 00022000 08:01 6030003                    /usr/lib/x86_64-linux-gnu/libgraphite2.so.3.0.1
7f79bc68d000-7f79bc68e000 rw-p 00024000 08:01 6030003                    /usr/lib/x86_64-linux-gnu/libgraphite2.so.3.0.1
7f79bc691000-7f79bc6b7000 r-xp 00000000 08:01 11403332                   /lib/x86_64-linux-gnu/libexpat.so.1.6.0
7f79bc6b7000-7f79bc8b7000 ---p 00026000 08:01 11403332                   /lib/x86_64-linux-gnu/libexpat.so.1.6.0
7f79bc8b7000-7f79bc8b9000 r--p 00026000 08:01 11403332                   /lib/x86_64-linux-gnu/libexpat.so.1.6.0
7f79bc8b9000-7f79bc8ba000 rw-p 00028000 08:01 11403332                   /lib/x86_64-linux-gnu/libexpat.so.1.6.0
7f79bc8c1000-7f79bc91d000 r-xp 00000000 08:01 6037890                    /usr/lib/x86_64-linux-gnu/libharfbuzz.so.0.10000.1
7f79bc91d000-7f79bcb1d000 ---p 0005c000 08:01 6037890                    /usr/lib/x86_64-linux-gnu/libharfbuzz.so.0.10000.1
7f79bcb1d000-7f79bcb1e000 r--p 0005c000 08:01 6037890                    /usr/lib/x86_64-linux-gnu/libharfbuzz.so.0.10000.1
7f79bcb1e000-7f79bcb1f000 rw-p 0005d000 08:01 6037890                    /usr/lib/x86_64-linux-gnu/libharfbuzz.so.0.10000.1
7f79bcb21000-7f79bcb8f000 r-xp 00000000 08:01 11403269                   /lib/x86_64-linux-gnu/libpcre.so.3.13.2
7f79bcb8f000-7f79bcd8f000 ---p 0006e000 08:01 11403269                   /lib/x86_64-linux-gnu/libpcre.so.3.13.2
7f79bcd8f000-7f79bcd90000 r--p 0006e000 08:01 11403269                   /lib/x86_64-linux-gnu/libpcre.so.3.13.2
7f79bcd90000-7f79bcd91000 rw-p 0006f000 08:01 11403269                   /lib/x86_64-linux-gnu/libpcre.so.3.13.2
7f79bcd91000-7f79bcd98000 r-xp 00000000 08:01 6030716                    /usr/lib/x86_64-linux-gnu/libffi.so.6.0.4
7f79bcd98000-7f79bcf97000 ---p 00007000 08:01 6030716                    /usr/lib/x86_64-linux-gnu/libffi.so.6.0.4
7f79bcf97000-7f79bcf98000 r--p 00006000 08:01 6030716                    /usr/lib/x86_64-linux-gnu/libffi.so.6.0.4
7f79bcf98000-7f79bcf99000 rw-p 00007000 08:01 6030716                    /usr/lib/x86_64-linux-gnu/libffi.so.6.0.4
7f79bcfe9000-7f79bcff1000 r-xp 00000000 08:01 6037356                    /usr/lib/x86_64-linux-gnu/libthai.so.0.2.4
7f79bcff1000-7f79bd1f0000 ---p 00008000 08:01 6037356                    /usr/lib/x86_64-linux-gnu/libthai.so.0.2.4
7f79bd1f0000-7f79bd1f1000 r--p 00007000 08:01 6037356                    /usr/lib/x86_64-linux-gnu/libthai.so.0.2.4
7f79bd1f1000-7f79bd1f2000 rw-p 00008000 08:01 6037356                    /usr/lib/x86_64-linux-gnu/libthai.so.0.2.4
7f79bd1f9000-7f79bd201000 r-xp 00000000 08:01 6037807                    /usr/lib/x86_64-linux-gnu/libxcb-render.so.0.0.0
7f79bd201000-7f79bd401000 ---p 00008000 08:01 6037807                    /usr/lib/x86_64-linux-gnu/libxcb-render.so.0.0.0
7f79bd401000-7f79bd402000 r--p 00008000 08:01 6037807                    /usr/lib/x86_64-linux-gnu/libxcb-render.so.0.0.0
7f79bd402000-7f79bd403000 rw-p 00009000 08:01 6037807                    /usr/lib/x86_64-linux-gnu/libxcb-render.so.0.0.0
7f79bd409000-7f79bd420000 r-xp 00000000 08:01 11420142                   /lib/x86_64-linux-gnu/libresolv-2.23.so
7f79bd420000-7f79bd620000 ---p 00017000 08:01 11420142                   /lib/x86_64-linux-gnu/libresolv-2.23.so
7f79bd620000-7f79bd621000 r--p 00017000 08:01 11420142                   /lib/x86_64-linux-gnu/libresolv-2.23.so
7f79bd621000-7f79bd622000 rw-p 00018000 08:01 11420142                   /lib/x86_64-linux-gnu/libresolv-2.23.so
7f79bd622000-7f79bd624000 rw-p 00000000 00:00 0 
7f79bd629000-7f79bd648000 r-xp 00000000 08:01 11407402                   /lib/x86_64-linux-gnu/libselinux.so.1
7f79bd648000-7f79bd847000 ---p 0001f000 08:01 11407402                   /lib/x86_64-linux-gnu/libselinux.so.1
7f79bd847000-7f79bd848000 r--p 0001e000 08:01 11407402                   /lib/x86_64-linux-gnu/libselinux.so.1
7f79bd848000-7f79bd849000 rw-p 0001f000 08:01 11407402                   /lib/x86_64-linux-gnu/libselinux.so.1
7f79bd849000-7f79bd84b000 rw-p 00000000 00:00 0 
7f79bd851000-7f79bd86a000 r-xp 00000000 08:01 11403338                   /lib/x86_64-linux-gnu/libz.so.1.2.8
7f79bd86a000-7f79bda69000 ---p 00019000 08:01 11403338                   /lib/x86_64-linux-gnu/libz.so.1.2.8
7f79bda69000-7f79bda6a000 r--p 00018000 08:01 11403338                   /lib/x86_64-linux-gnu/libz.so.1.2.8
7f79bda6a000-7f79bda6b000 rw-p 00019000 08:01 11403338                   /lib/x86_64-linux-gnu/libz.so.1.2.8
7f79bda79000-7f79bdad9000 rw-s 00000000 00:05 155844627                  /SYSV00000000 (deleted)
7f79bdae0000-7f79bdae3000 ---p 00000000 00:00 0 
7f79bdae3000-7f79bdbe1000 rw-p 00000000 00:00 0 
7f79bdbe1000-7f79bdc35000 r--p 00000000 08:01 7078403                    /usr/share/fonts/truetype/dejavu/DejaVuSansMono.ttf
7f79bdc39000-7f79bdc3b000 r-xp 00000000 08:01 6038205                    /usr/lib/x86_64-linux-gnu/libxcb-shm.so.0.0.0
7f79bdc3b000-7f79bde3b000 ---p 00002000 08:01 6038205                    /usr/lib/x86_64-linux-gnu/libxcb-shm.so.0.0.0
7f79bde3b000-7f79bde3c000 r--p 00002000 08:01 6038205                    /usr/lib/x86_64-linux-gnu/libxcb-shm.so.0.0.0
7f79bde3c000-7f79bde3d000 rw-p 00003000 08:01 6038205                    /usr/lib/x86_64-linux-gnu/libxcb-shm.so.0.0.0
7f79bde41000-7f79bde65000 r-xp 00000000 08:01 11403340                   /lib/x86_64-linux-gnu/libpng12.so.0.54.0
7f79bde65000-7f79be064000 ---p 00024000 08:01 11403340                   /lib/x86_64-linux-gnu/libpng12.so.0.54.0
7f79be064000-7f79be065000 r--p 00023000 08:01 11403340                   /lib/x86_64-linux-gnu/libpng12.so.0.54.0
7f79be065000-7f79be066000 rw-p 00024000 08:01 11403340                   /lib/x86_64-linux-gnu/libpng12.so.0.54.0
7f79be069000-7f79be108000 r-xp 00000000 08:01 6033830                    /usr/lib/x86_64-linux-gnu/libpixman-1.so.0.33.6
7f79be108000-7f79be308000 ---p 0009f000 08:01 6033830                    /usr/lib/x86_64-linux-gnu/libpixman-1.so.0.33.6
7f79be308000-7f79be310000 r--p 0009f000 08:01 6033830                    /usr/lib/x86_64-linux-gnu/libpixman-1.so.0.33.6
7f79be310000-7f79be311000 rw-p 000a7000 08:01 6033830                    /usr/lib/x86_64-linux-gnu/libpixman-1.so.0.33.6
7f79be311000-7f79be3b5000 r-xp 00000000 08:01 6033469                    /usr/lib/x86_64-linux-gnu/libfreetype.so.6.12.1
7f79be3b5000-7f79be5b4000 ---p 000a4000 08:01 6033469                    /usr/lib/x86_64-linux-gnu/libfreetype.so.6.12.1
7f79be5b4000-7f79be5ba000 r--p 000a3000 08:01 6033469                    /usr/lib/x86_64-linux-gnu/libfreetype.so.6.12.1
7f79be5ba000-7f79be5bb000 rw-p 000a9000 08:01 6033469                    /usr/lib/x86_64-linux-gnu/libfreetype.so.6.12.1
7f79be5c1000-7f79be5c3000 r-xp 00000000 08:01 6040049                    /usr/lib/x86_64-linux-gnu/libXdamage.so.1.1.0
7f79be5c3000-7f79be7c2000 ---p 00002000 08:01 6040049                    /usr/lib/x86_64-linux-gnu/libXdamage.so.1.1.0
7f79be7c2000-7f79be7c3000 r--p 00001000 08:01 6040049                    /usr/lib/x86_64-linux-gnu/libXdamage.so.1.1.0
7f79be7c3000-7f79be7c4000 rw-p 00002000 08:01 6040049                    /usr/lib/x86_64-linux-gnu/libXdamage.so.1.1.0
7f79be7c9000-7f79be7cb000 r-xp 00000000 08:01 6037159                    /usr/lib/x86_64-linux-gnu/libXcomposite.so.1.0.0
7f79be7cb000-7f79be9ca000 ---p 00002000 08:01 6037159                    /usr/lib/x86_64-linux-gnu/libXcomposite.so.1.0.0
7f79be9ca000-7f79be9cb000 r--p 00001000 08:01 6037159                    /usr/lib/x86_64-linux-gnu/libXcomposite.so.1.0.0
7f79be9cb000-7f79be9cc000 rw-p 00002000 08:01 6037159                    /usr/lib/x86_64-linux-gnu/libXcomposite.so.1.0.0
7f79be9d1000-7f79be9db000 r-xp 00000000 08:01 6040055                    /usr/lib/x86_64-linux-gnu/libXrandr.so.2.2.0
7f79be9db000-7f79bebda000 ---p 0000a000 08:01 6040055                    /usr/lib/x86_64-linux-gnu/libXrandr.so.2.2.0
7f79bebda000-7f79bebdb000 r--p 00009000 08:01 6040055                    /usr/lib/x86_64-linux-gnu/libXrandr.so.2.2.0
7f79bebdb000-7f79bebdc000 rw-p 0000a000 08:01 6040055                    /usr/lib/x86_64-linux-gnu/libXrandr.so.2.2.0
7f79bebe1000-7f79bec1e000 r-xp 00000000 08:01 6029986                    /usr/lib/x86_64-linux-gnu/libfontconfig.so.1.9.0
7f79bec1e000-7f79bee1d000 ---p 0003d000 08:01 6029986                    /usr/lib/x86_64-linux-gnu/libfontconfig.so.1.9.0
7f79bee1d000-7f79bee1f000 r--p 0003c000 08:01 6029986                    /usr/lib/x86_64-linux-gnu/libfontconfig.so.1.9.0
7f79bee1f000-7f79bee24000 rw-p 0003e000 08:01 6029986                    /usr/lib/x86_64-linux-gnu/libfontconfig.so.1.9.0
7f79bee29000-7f79bee72000 r-xp 00000000 08:01 6041064                    /usr/lib/x86_64-linux-gnu/libpango-1.0.so.0.3800.1
7f79bee72000-7f79bf072000 ---p 00049000 08:01 6041064                    /usr/lib/x86_64-linux-gnu/libpango-1.0.so.0.3800.1
7f79bf072000-7f79bf074000 r--p 00049000 08:01 6041064                    /usr/lib/x86_64-linux-gnu/libpango-1.0.so.0.3800.1
7f79bf074000-7f79bf075000 rw-p 0004b000 08:01 6041064                    /usr/lib/x86_64-linux-gnu/libpango-1.0.so.0.3800.1
7f79bf079000-7f79bf188000 r-xp 00000000 08:01 11409609                   /lib/x86_64-linux-gnu/libglib-2.0.so.0.4800.1
7f79bf188000-7f79bf387000 ---p 0010f000 08:01 11409609                   /lib/x86_64-linux-gnu/libglib-2.0.so.0.4800.1
7f79bf387000-7f79bf388000 r--p 0010e000 08:01 11409609                   /lib/x86_64-linux-gnu/libglib-2.0.so.0.4800.1
7f79bf388000-7f79bf389000 rw-p 0010f000 08:01 11409609                   /lib/x86_64-linux-gnu/libglib-2.0.so.0.4800.1
7f79bf389000-7f79bf38a000 rw-p 00000000 00:00 0 
7f79bf391000-7f79bf3e3000 r-xp 00000000 08:01 6032062                    /usr/lib/x86_64-linux-gnu/libgobject-2.0.so.0.4800.1
7f79bf3e3000-7f79bf5e2000 ---p 00052000 08:01 6032062                    /usr/lib/x86_64-linux-gnu/libgobject-2.0.so.0.4800.1
7f79bf5e2000-7f79bf5e3000 r--p 00051000 08:01 6032062                    /usr/lib/x86_64-linux-gnu/libgobject-2.0.so.0.4800.1
7f79bf5e3000-7f79bf5e4000 rw-p 00052000 08:01 6032062                    /usr/lib/x86_64-linux-gnu/libgobject-2.0.so.0.4800.1
7f79bf621000-7f79bf623000 r-xp 00000000 08:01 6037177                    /usr/lib/x86_64-linux-gnu/libXinerama.so.1.0.0
7f79bf623000-7f79bf822000 ---p 00002000 08:01 6037177                    /usr/lib/x86_64-linux-gnu/libXinerama.so.1.0.0
7f79bf822000-7f79bf823000 r--p 00001000 08:01 6037177                    /usr/lib/x86_64-linux-gnu/libXinerama.so.1.0.0
7f79bf823000-7f79bf824000 rw-p 00002000 08:01 6037177                    /usr/lib/x86_64-linux-gnu/libXinerama.so.1.0.0
7f79bf829000-7f79bf84a000 r-xp 00000000 08:01 6029365                    /usr/lib/x86_64-linux-gnu/libgdk_pixbuf-2.0.so.0.3200.2
7f79bf84a000-7f79bfa49000 ---p 00021000 08:01 6029365                    /usr/lib/x86_64-linux-gnu/libgdk_pixbuf-2.0.so.0.3200.2
7f79bfa49000-7f79bfa4a000 r--p 00020000 08:01 6029365                    /usr/lib/x86_64-linux-gnu/libgdk_pixbuf-2.0.so.0.3200.2
7f79bfa4a000-7f79bfa4b000 rw-p 00021000 08:01 6029365                    /usr/lib/x86_64-linux-gnu/libgdk_pixbuf-2.0.so.0.3200.2
7f79bfa51000-7f79bfbd1000 r-xp 00000000 08:01 6032061                    /usr/lib/x86_64-linux-gnu/libgio-2.0.so.0.4800.1
7f79bfbd1000-7f79bfdd1000 ---p 00180000 08:01 6032061                    /usr/lib/x86_64-linux-gnu/libgio-2.0.so.0.4800.1
7f79bfdd1000-7f79bfdd5000 r--p 00180000 08:01 6032061                    /usr/lib/x86_64-linux-gnu/libgio-2.0.so.0.4800.1
7f79bfdd5000-7f79bfdd7000 rw-p 00184000 08:01 6032061                    /usr/lib/x86_64-linux-gnu/libgio-2.0.so.0.4800.1
7f79bfdd7000-7f79bfdd9000 rw-p 00000000 00:00 0 
7f79bfde9000-7f79bfdfd000 r-xp 00000000 08:01 6033776                    /usr/lib/x86_64-linux-gnu/libpangoft2-1.0.so.0.3800.1
7f79bfdfd000-7f79bfffd000 ---p 00014000 08:01 6033776                    /usr/lib/x86_64-linux-gnu/libpangoft2-1.0.so.0.3800.1
7f79bfffd000-7f79bfffe000 r--p 00014000 08:01 6033776                    /usr/lib/x86_64-linux-gnu/libpangoft2-1.0.so.0.3800.1
7f79bfffe000-7f79bffff000 rw-p 00015000 08:01 6033776                    /usr/lib/x86_64-linux-gnu/libpangoft2-1.0.so.0.3800.1
7f79c0000000-7f79c0021000 rw-p 00000000 00:00 0 
7f79c0021000-7f79c4000000 ---p 00000000 00:00 0 
7f79c4004000-7f79c400e000 r--s 00253000 08:01 6297991                    /usr/lib/jvm/java-7-oracle/jre/lib/resources.jar
7f79c4011000-7f79c4068000 r--p 00000000 08:01 7079050                    /usr/share/fonts/truetype/ubuntu-font-family/Ubuntu-R.ttf
7f79c4069000-7f79c4074000 r--s 00000000 08:01 10755005                   /var/cache/fontconfig/945677eb7aeaf62f1d50efc3fb3ec7d8-le64.cache-6
7f79c4079000-7f79c407f000 r--s 00000000 08:01 10755207                   /var/cache/fontconfig/2cd17615ca594fa2959ae173292e504c-le64.cache-6
7f79c4081000-7f79c4082000 r--s 00000000 08:01 10755347                   /var/cache/fontconfig/0d8c3b2ac0904cb8a57a757ad11a4a08-le64.cache-6
7f79c4089000-7f79c408d000 r--s 00000000 08:01 10755250                   /var/cache/fontconfig/de156ccd2eddbdc19d37a45b8b2aac9c-le64.cache-6
7f79c4091000-7f79c40a6000 r--s 00000000 08:01 10755161                   /var/cache/fontconfig/04aabc0a78ac019cf9454389977116d2-le64.cache-6
7f79c40a9000-7f79c40aa000 r--s 00000000 08:01 10755248                   /var/cache/fontconfig/1ac9eb803944fde146138c791f5cc56a-le64.cache-6
7f79c40b1000-7f79c40b5000 r--s 00000000 08:01 10755083                   /var/cache/fontconfig/385c0604a188198f04d133e54aba7fe7-le64.cache-6
7f79c40b9000-7f79c40ba000 r--s 00000000 08:01 10755105                   /var/cache/fontconfig/dc05db6664285cc2f12bf69c139ae4c3-le64.cache-6
7f79c40c1000-7f79c40c4000 r--s 00000000 08:01 10755084                   /var/cache/fontconfig/767a8244fc0220cfb567a839d0392e0b-le64.cache-6
7f79c40c9000-7f79c40ca000 r--s 00000000 08:01 10755082                   /var/cache/fontconfig/4794a0821666d79190d59a36cb4f44b5-le64.cache-6
7f79c40d1000-7f79c40d6000 r--s 00000000 08:01 10755079                   /var/cache/fontconfig/8801497958630a81b71ace7c5f9b32a8-le64.cache-6
7f79c40d9000-7f79c40dd000 r--s 00000000 08:01 10755170                   /var/cache/fontconfig/c57959a16110560c8d0fcea73374aeeb-le64.cache-6
7f79c40e1000-7f79c40e2000 r--s 00000000 08:01 10755072                   /var/cache/fontconfig/bab58bb527bb656aaa9f116d68a48d89-le64.cache-6
7f79c40e9000-7f79c40f0000 r--s 00000000 08:01 10755169                   /var/cache/fontconfig/3047814df9a2f067bd2d96a2b9c36e5a-le64.cache-6
7f79c40f1000-7f79c40f9000 r--s 00000000 08:01 10755063                   /var/cache/fontconfig/bf3b770c553c462765856025a94f1ce6-le64.cache-6
7f79c40f9000-7f79c40fa000 r--s 00000000 08:01 10755065                   /var/cache/fontconfig/56cf4f4769d0f4abc89a4895d7bd3ae1-le64.cache-6
7f79c4101000-7f79c4102000 r--s 00000000 08:01 10755064                   /var/cache/fontconfig/b9d506c9ac06c20b433354fa67a72993-le64.cache-6
7f79c4109000-7f79c410f000 r--s 00000000 08:01 10755133                   /var/cache/fontconfig/b47c4e1ecd0709278f4910c18777a504-le64.cache-6
7f79c4111000-7f79c4124000 r--s 00000000 08:01 10755062                   /var/cache/fontconfig/d52a8644073d54c13679302ca1180695-le64.cache-6
7f79c4129000-7f79c412a000 r--s 00000000 08:01 10755059                   /var/cache/fontconfig/551ecf3b0e8b0bca0f25c0944f561853-le64.cache-6
7f79c4131000-7f79c4135000 r--s 00000000 08:01 10750162                   /var/cache/fontconfig/d589a48862398ed80a3d6066f4f56f4c-le64.cache-6
7f79c4139000-7f79c413a000 r--s 00000000 08:01 10755001                   /var/cache/fontconfig/30829fa25452a46451e813d634d7f916-le64.cache-6
7f79c4141000-7f79c4144000 r--s 00000000 08:01 10755046                   /var/cache/fontconfig/75114ca45c98e8a441da0ff356701271-le64.cache-6
7f79c4149000-7f79c4154000 r--s 00000000 08:01 10755040                   /var/cache/fontconfig/83bf95040141907cd45bb53cf7c1c148-le64.cache-6
7f79c4159000-7f79c416b000 r--s 00000000 08:01 10755039                   /var/cache/fontconfig/9b89f8e3dae116d678bbf48e5f21f69b-le64.cache-6
7f79c4171000-7f79c4188000 r--s 00000000 08:01 10750153                   /var/cache/fontconfig/e13b20fdb08344e0e664864cc2ede53d-le64.cache-6
7f79c4189000-7f79c418d000 r--s 00000000 08:01 10750283                   /var/cache/fontconfig/7ef2298fde41cc6eeb7af42e48b7d293-le64.cache-6
7f79c4191000-7f79c41b2000 r--s 00000000 08:01 10754487                   /var/cache/fontconfig/467c019e582ee353435ea5c21d137ef6-le64.cache-6
7f79c41b9000-7f79c42c7000 r-xp 00000000 08:01 6037245                    /usr/lib/x86_64-linux-gnu/libcairo.so.2.11400.6
7f79c42c7000-7f79c44c7000 ---p 0010e000 08:01 6037245                    /usr/lib/x86_64-linux-gnu/libcairo.so.2.11400.6
7f79c44c7000-7f79c44ca000 r--p 0010e000 08:01 6037245                    /usr/lib/x86_64-linux-gnu/libcairo.so.2.11400.6
7f79c44ca000-7f79c44cb000 rw-p 00111000 08:01 6037245                    /usr/lib/x86_64-linux-gnu/libcairo.so.2.11400.6
7f79c44cb000-7f79c44cd000 rw-p 00000000 00:00 0 
7f79c44d1000-7f79c44f3000 r-xp 00000000 08:01 6040035                    /usr/lib/x86_64-linux-gnu/libatk-1.0.so.0.21809.1
7f79c44f3000-7f79c46f2000 ---p 00022000 08:01 6040035                    /usr/lib/x86_64-linux-gnu/libatk-1.0.so.0.21809.1
7f79c46f2000-7f79c46f5000 r--p 00021000 08:01 6040035                    /usr/lib/x86_64-linux-gnu/libatk-1.0.so.0.21809.1
7f79c46f5000-7f79c46f6000 rw-p 00024000 08:01 6040035                    /usr/lib/x86_64-linux-gnu/libatk-1.0.so.0.21809.1
7f79c46f9000-7f79c4705000 r-xp 00000000 08:01 6037888                    /usr/lib/x86_64-linux-gnu/libpangocairo-1.0.so.0.3800.1
7f79c4705000-7f79c4904000 ---p 0000c000 08:01 6037888                    /usr/lib/x86_64-linux-gnu/libpangocairo-1.0.so.0.3800.1
7f79c4904000-7f79c4905000 r--p 0000b000 08:01 6037888                    /usr/lib/x86_64-linux-gnu/libpangocairo-1.0.so.0.3800.1
7f79c4905000-7f79c4906000 rw-p 0000c000 08:01 6037888                    /usr/lib/x86_64-linux-gnu/libpangocairo-1.0.so.0.3800.1
7f79c4909000-7f79c490c000 r-xp 00000000 08:01 6032060                    /usr/lib/x86_64-linux-gnu/libgmodule-2.0.so.0.4800.1
7f79c490c000-7f79c4b0b000 ---p 00003000 08:01 6032060                    /usr/lib/x86_64-linux-gnu/libgmodule-2.0.so.0.4800.1
7f79c4b0b000-7f79c4b0c000 r--p 00002000 08:01 6032060                    /usr/lib/x86_64-linux-gnu/libgmodule-2.0.so.0.4800.1
7f79c4b0c000-7f79c4b0d000 rw-p 00003000 08:01 6032060                    /usr/lib/x86_64-linux-gnu/libgmodule-2.0.so.0.4800.1
7f79c4b11000-7f79c4bc1000 r-xp 00000000 08:01 6031434                    /usr/lib/x86_64-linux-gnu/libgdk-x11-2.0.so.0.2400.30
7f79c4bc1000-7f79c4dc0000 ---p 000b0000 08:01 6031434                    /usr/lib/x86_64-linux-gnu/libgdk-x11-2.0.so.0.2400.30
7f79c4dc0000-7f79c4dc4000 r--p 000af000 08:01 6031434                    /usr/lib/x86_64-linux-gnu/libgdk-x11-2.0.so.0.2400.30
7f79c4dc4000-7f79c4dc6000 rw-p 000b3000 08:01 6031434                    /usr/lib/x86_64-linux-gnu/libgdk-x11-2.0.so.0.2400.30
7f79c4dc9000-7f79c5207000 r-xp 00000000 08:01 6031435                    /usr/lib/x86_64-linux-gnu/libgtk-x11-2.0.so.0.2400.30
7f79c5207000-7f79c5406000 ---p 0043e000 08:01 6031435                    /usr/lib/x86_64-linux-gnu/libgtk-x11-2.0.so.0.2400.30
7f79c5406000-7f79c540d000 r--p 0043d000 08:01 6031435                    /usr/lib/x86_64-linux-gnu/libgtk-x11-2.0.so.0.2400.30
7f79c540d000-7f79c5411000 rw-p 00444000 08:01 6031435                    /usr/lib/x86_64-linux-gnu/libgtk-x11-2.0.so.0.2400.30
7f79c5411000-7f79c5414000 rw-p 00000000 00:00 0 
7f79c5418000-7f79c541b000 ---p 00000000 00:00 0 
7f79c541b000-7f79c5519000 rw-p 00000000 00:00 0 
7f79c5519000-7f79c551e000 r-xp 00000000 08:01 6033700                    /usr/lib/x86_64-linux-gnu/libXfixes.so.3.1.0
7f79c551e000-7f79c571d000 ---p 00005000 08:01 6033700                    /usr/lib/x86_64-linux-gnu/libXfixes.so.3.1.0
7f79c571d000-7f79c571e000 r--p 00004000 08:01 6033700                    /usr/lib/x86_64-linux-gnu/libXfixes.so.3.1.0
7f79c571e000-7f79c571f000 rw-p 00005000 08:01 6033700                    /usr/lib/x86_64-linux-gnu/libXfixes.so.3.1.0
7f79c5721000-7f79c572a000 r-xp 00000000 08:01 6037161                    /usr/lib/x86_64-linux-gnu/libXcursor.so.1.0.2
7f79c572a000-7f79c5929000 ---p 00009000 08:01 6037161                    /usr/lib/x86_64-linux-gnu/libXcursor.so.1.0.2
7f79c5929000-7f79c592a000 r--p 00008000 08:01 6037161                    /usr/lib/x86_64-linux-gnu/libXcursor.so.1.0.2
7f79c592a000-7f79c592b000 rw-p 00009000 08:01 6037161                    /usr/lib/x86_64-linux-gnu/libXcursor.so.1.0.2
7f79c5930000-7f79c5933000 ---p 00000000 00:00 0 
7f79c5933000-7f79c5a31000 rw-p 00000000 00:00 0 
7f79c5a31000-7f79c5a36000 r-xp 00000000 08:01 6035845                    /usr/lib/x86_64-linux-gnu/libXdmcp.so.6.0.0
7f79c5a36000-7f79c5c35000 ---p 00005000 08:01 6035845                    /usr/lib/x86_64-linux-gnu/libXdmcp.so.6.0.0
7f79c5c35000-7f79c5c36000 r--p 00004000 08:01 6035845                    /usr/lib/x86_64-linux-gnu/libXdmcp.so.6.0.0
7f79c5c36000-7f79c5c37000 rw-p 00005000 08:01 6035845                    /usr/lib/x86_64-linux-gnu/libXdmcp.so.6.0.0
7f79c5c39000-7f79c5c3b000 r-xp 00000000 08:01 6037154                    /usr/lib/x86_64-linux-gnu/libXau.so.6.0.0
7f79c5c3b000-7f79c5e3b000 ---p 00002000 08:01 6037154                    /usr/lib/x86_64-linux-gnu/libXau.so.6.0.0
7f79c5e3b000-7f79c5e3c000 r--p 00002000 08:01 6037154                    /usr/lib/x86_64-linux-gnu/libXau.so.6.0.0
7f79c5e3c000-7f79c5e3d000 rw-p 00003000 08:01 6037154                    /usr/lib/x86_64-linux-gnu/libXau.so.6.0.0
7f79c5e41000-7f79c5e62000 r-xp 00000000 08:01 6035812                    /usr/lib/x86_64-linux-gnu/libxcb.so.1.1.0
7f79c5e62000-7f79c6061000 ---p 00021000 08:01 6035812                    /usr/lib/x86_64-linux-gnu/libxcb.so.1.1.0
7f79c6061000-7f79c6062000 r--p 00020000 08:01 6035812                    /usr/lib/x86_64-linux-gnu/libxcb.so.1.1.0
7f79c6062000-7f79c6063000 rw-p 00021000 08:01 6035812                    /usr/lib/x86_64-linux-gnu/libxcb.so.1.1.0
7f79c6069000-7f79c6078000 r-xp 00000000 08:01 6033767                    /usr/lib/x86_64-linux-gnu/libXi.so.6.1.0
7f79c6078000-7f79c6277000 ---p 0000f000 08:01 6033767                    /usr/lib/x86_64-linux-gnu/libXi.so.6.1.0
7f79c6277000-7f79c6278000 r--p 0000e000 08:01 6033767                    /usr/lib/x86_64-linux-gnu/libXi.so.6.1.0
7f79c6278000-7f79c6279000 rw-p 0000f000 08:01 6033767                    /usr/lib/x86_64-linux-gnu/libXi.so.6.1.0
7f79c6279000-7f79c627e000 r-xp 00000000 08:01 6037195                    /usr/lib/x86_64-linux-gnu/libXtst.so.6.1.0
7f79c627e000-7f79c647d000 ---p 00005000 08:01 6037195                    /usr/lib/x86_64-linux-gnu/libXtst.so.6.1.0
7f79c647d000-7f79c647e000 r--p 00004000 08:01 6037195                    /usr/lib/x86_64-linux-gnu/libXtst.so.6.1.0
7f79c647e000-7f79c647f000 rw-p 00005000 08:01 6037195                    /usr/lib/x86_64-linux-gnu/libXtst.so.6.1.0
7f79c6481000-7f79c648a000 r-xp 00000000 08:01 6038209                    /usr/lib/x86_64-linux-gnu/libXrender.so.1.3.0
7f79c648a000-7f79c6689000 ---p 00009000 08:01 6038209                    /usr/lib/x86_64-linux-gnu/libXrender.so.1.3.0
7f79c6689000-7f79c668a000 r--p 00008000 08:01 6038209                    /usr/lib/x86_64-linux-gnu/libXrender.so.1.3.0
7f79c668a000-7f79c668b000 rw-p 00009000 08:01 6038209                    /usr/lib/x86_64-linux-gnu/libXrender.so.1.3.0
7f79c6691000-7f79c67c6000 r-xp 00000000 08:01 6035827                    /usr/lib/x86_64-linux-gnu/libX11.so.6.3.0
7f79c67c6000-7f79c69c6000 ---p 00135000 08:01 6035827                    /usr/lib/x86_64-linux-gnu/libX11.so.6.3.0
7f79c69c6000-7f79c69c7000 r--p 00135000 08:01 6035827                    /usr/lib/x86_64-linux-gnu/libX11.so.6.3.0
7f79c69c7000-7f79c69cb000 rw-p 00136000 08:01 6035827                    /usr/lib/x86_64-linux-gnu/libX11.so.6.3.0
7f79c69d1000-7f79c69e2000 r-xp 00000000 08:01 6041262                    /usr/lib/x86_64-linux-gnu/libXext.so.6.4.0
7f79c69e2000-7f79c6be1000 ---p 00011000 08:01 6041262                    /usr/lib/x86_64-linux-gnu/libXext.so.6.4.0
7f79c6be1000-7f79c6be2000 r--p 00010000 08:01 6041262                    /usr/lib/x86_64-linux-gnu/libXext.so.6.4.0
7f79c6be2000-7f79c6be3000 rw-p 00011000 08:01 6041262                    /usr/lib/x86_64-linux-gnu/libXext.so.6.4.0
7f79c6be9000-7f79c6c39000 r-xp 00000000 08:01 6563007                    /usr/lib/jvm/java-7-oracle/jre/lib/amd64/xawt/libmawt.so
7f79c6c39000-7f79c6e39000 ---p 00050000 08:01 6563007                    /usr/lib/jvm/java-7-oracle/jre/lib/amd64/xawt/libmawt.so
7f79c6e39000-7f79c6e3d000 rw-p 00050000 08:01 6563007                    /usr/lib/jvm/java-7-oracle/jre/lib/amd64/xawt/libmawt.so
7f79c6e3d000-7f79c6e3e000 rw-p 00000000 00:00 0 
7f79c6e41000-7f79c6ee3000 r-xp 00000000 08:01 6430562                    /usr/lib/jvm/java-7-oracle/jre/lib/amd64/libawt.so
7f79c6ee3000-7f79c70e3000 ---p 000a2000 08:01 6430562                    /usr/lib/jvm/java-7-oracle/jre/lib/amd64/libawt.so
7f79c70e3000-7f79c70ef000 rw-p 000a2000 08:01 6430562                    /usr/lib/jvm/java-7-oracle/jre/lib/amd64/libawt.so
7f79c70ef000-7f79c7113000 rw-p 00000000 00:00 0 
7f79c7114000-7f79c7115000 ---p 00000000 00:00 0 
7f79c7115000-7f79c7215000 rw-p 00000000 00:00 0 
7f79c7215000-7f79c7218000 ---p 00000000 00:00 0 
7f79c7218000-7f79c7316000 rw-p 00000000 00:00 0 
7f79c7316000-7f79c7319000 ---p 00000000 00:00 0 
7f79c7319000-7f79c7417000 rw-p 00000000 00:00 0 
7f79c7417000-7f79c741a000 ---p 00000000 00:00 0 
7f79c741a000-7f79c7518000 rw-p 00000000 00:00 0 
7f79c7518000-7f79c751b000 ---p 00000000 00:00 0 
7f79c751b000-7f79c7619000 rw-p 00000000 00:00 0 
7f79c7619000-7f79c78f2000 r--p 00000000 08:01 6038443                    /usr/lib/locale/locale-archive
7f79c78f9000-7f79c78fc000 ---p 00000000 00:00 0 
7f79c78fc000-7f79c79fa000 rw-p 00000000 00:00 0 
7f79c79fa000-7f79c79fd000 ---p 00000000 00:00 0 
7f79c79fd000-7f79c7afb000 rw-p 00000000 00:00 0 
7f79c7afb000-7f79c7afc000 ---p 00000000 00:00 0 
7f79c7afc000-7f79c8000000 rw-p 00000000 00:00 0 
7f79c8000000-7f79c8021000 rw-p 00000000 00:00 0 
7f79c8021000-7f79cc000000 ---p 00000000 00:00 0 
7f79cc001000-7f79cc002000 r--s 00000000 08:01 10755051                   /var/cache/fontconfig/0c9eb80ebd1c36541ebe2852d3bb0c49-le64.cache-6
7f79cc009000-7f79cc00a000 r--s 00000000 08:01 10754517                   /var/cache/fontconfig/e0aa53bcfa504e64f87823c16bc01eb6-le64.cache-6
7f79cc05c000-7f79cc060000 r--s 0008b000 08:01 6298005                    /usr/lib/jvm/java-7-oracle/jre/lib/jsse.jar
7f79cc061000-7f79cc067000 r--p 00000000 08:01 10370522                   /home/gus/.config/dconf/user (deleted)
7f79cc069000-7f79cc06a000 r--s 00000000 00:2c 42                         /run/user/1000/dconf/user (deleted)
7f79cc071000-7f79cc0b9000 r--p 00000000 08:01 7078139                    /usr/share/glib-2.0/schemas/gschemas.compiled
7f79cc0b9000-7f79cc0bb000 r--s 00008000 08:01 13901115                   /home/gus/NetBeansProjects/jbotevolver/JBotSim/lib/jfreesvg-3.0.jar
7f79cc0bf000-7f79cc0c7000 r--s 0008e000 08:01 13901116                   /home/gus/NetBeansProjects/jbotevolver/JBotSim/lib/javassist.jar
7f79cc0c9000-7f79cd000000 rw-p 00000000 00:00 0 
7f79cd000000-7f79cd540000 rwxp 00000000 00:00 0 
7f79cd540000-7f79d056d000 rw-p 00000000 00:00 0 
7f79d056d000-7f79d4000000 ---p 00000000 00:00 0 
7f79d4006000-7f79d4007000 r--s 0000d000 08:01 13901117                   /home/gus/NetBeansProjects/jbotevolver/JBotSim/lib/jafama.jar
7f79d4009000-7f79d400d000 r--s 00030000 08:01 13901113                   /home/gus/NetBeansProjects/jbotevolver/JBotSim/lib/asm-all-4.0.jar
7f79d4010000-7f79d4014000 r--s 00027000 08:01 13370844                   /home/gus/NetBeansProjects/jbotevolver/JBotEvolver/commons-io-2.2.jar
7f79d4018000-7f79d496c000 rw-p 00000000 00:00 0 
7f79d496c000-7f79d4b2c000 r--s 039fb000 08:01 6297997                    /usr/lib/jvm/java-7-oracle/jre/lib/rt.jar
7f79d4b31000-7f79d5438000 rw-p 00000000 00:00 0 
7f79d5438000-7f79d5439000 ---p 00000000 00:00 0 
7f79d5439000-7f79d5539000 rw-p 00000000 00:00 0 
7f79d5539000-7f79d553a000 ---p 00000000 00:00 0 
7f79d553a000-7f79d563a000 rw-p 00000000 00:00 0 
7f79d563a000-7f79d563b000 ---p 00000000 00:00 0 
7f79d563b000-7f79d573b000 rw-p 00000000 00:00 0 
7f79d573b000-7f79d573c000 ---p 00000000 00:00 0 
7f79d573c000-7f79d583c000 rw-p 00000000 00:00 0 
7f79d583c000-7f79d583d000 ---p 00000000 00:00 0 
7f79d583d000-7f79d593d000 rw-p 00000000 00:00 0 
7f79d593d000-7f79d593e000 ---p 00000000 00:00 0 
7f79d593e000-7f79d5a3e000 rw-p 00000000 00:00 0 
7f79d5a3e000-7f79d5a3f000 ---p 00000000 00:00 0 
7f79d5a3f000-7f79d5b3f000 rw-p 00000000 00:00 0 
7f79d5b3f000-7f79d5b40000 ---p 00000000 00:00 0 
7f79d5b40000-7f79d5c8e000 rw-p 00000000 00:00 0 
7f79d5c8e000-7f79d5c91000 ---p 00000000 00:00 0 
7f79d5c91000-7f79d6150000 rw-p 00000000 00:00 0 
7f79d6150000-7f79d6160000 rw-p 00000000 00:00 0 
7f79d6160000-7f79d6165000 ---p 00000000 00:00 0 
7f79d6165000-7f79d6179000 rw-p 00000000 00:00 0 
7f79d6179000-7f79d61c7000 rw-p 00000000 00:00 0 
7f79d61c7000-7f79d61ca000 ---p 00000000 00:00 0 
7f79d61ca000-7f79d6688000 rw-p 00000000 00:00 0 
7f79d6688000-7f79d66a6000 rw-p 00000000 00:00 0 
7f79d66a6000-7f79d66cc000 ---p 00000000 00:00 0 
7f79d66cc000-7f79d6910000 rw-p 00000000 00:00 0 
7f79d6910000-7f79d6911000 rw-p 00000000 00:00 0 
7f79d6911000-7f79d6928000 r-xp 00000000 08:01 6425842                    /usr/lib/jvm/java-7-oracle/jre/lib/amd64/libzip.so
7f79d6928000-7f79d6b28000 ---p 00017000 08:01 6425842                    /usr/lib/jvm/java-7-oracle/jre/lib/amd64/libzip.so
7f79d6b28000-7f79d6b29000 rw-p 00017000 08:01 6425842                    /usr/lib/jvm/java-7-oracle/jre/lib/amd64/libzip.so
7f79d6b29000-7f79d6b34000 r-xp 00000000 08:01 11420137                   /lib/x86_64-linux-gnu/libnss_files-2.23.so
7f79d6b34000-7f79d6d33000 ---p 0000b000 08:01 11420137                   /lib/x86_64-linux-gnu/libnss_files-2.23.so
7f79d6d33000-7f79d6d34000 r--p 0000a000 08:01 11420137                   /lib/x86_64-linux-gnu/libnss_files-2.23.so
7f79d6d34000-7f79d6d35000 rw-p 0000b000 08:01 11420137                   /lib/x86_64-linux-gnu/libnss_files-2.23.so
7f79d6d35000-7f79d6d3b000 rw-p 00000000 00:00 0 
7f79d6d41000-7f79d6d4c000 r-xp 00000000 08:01 11420134                   /lib/x86_64-linux-gnu/libnss_nis-2.23.so
7f79d6d4c000-7f79d6f4b000 ---p 0000b000 08:01 11420134                   /lib/x86_64-linux-gnu/libnss_nis-2.23.so
7f79d6f4b000-7f79d6f4c000 r--p 0000a000 08:01 11420134                   /lib/x86_64-linux-gnu/libnss_nis-2.23.so
7f79d6f4c000-7f79d6f4d000 rw-p 0000b000 08:01 11420134                   /lib/x86_64-linux-gnu/libnss_nis-2.23.so
7f79d6f51000-7f79d6f67000 r-xp 00000000 08:01 11407511                   /lib/x86_64-linux-gnu/libnsl-2.23.so
7f79d6f67000-7f79d7166000 ---p 00016000 08:01 11407511                   /lib/x86_64-linux-gnu/libnsl-2.23.so
7f79d7166000-7f79d7167000 r--p 00015000 08:01 11407511                   /lib/x86_64-linux-gnu/libnsl-2.23.so
7f79d7167000-7f79d7168000 rw-p 00016000 08:01 11407511                   /lib/x86_64-linux-gnu/libnsl-2.23.so
7f79d7168000-7f79d716a000 rw-p 00000000 00:00 0 
7f79d7171000-7f79d7179000 r-xp 00000000 08:01 11407471                   /lib/x86_64-linux-gnu/libnss_compat-2.23.so
7f79d7179000-7f79d7378000 ---p 00008000 08:01 11407471                   /lib/x86_64-linux-gnu/libnss_compat-2.23.so
7f79d7378000-7f79d7379000 r--p 00007000 08:01 11407471                   /lib/x86_64-linux-gnu/libnss_compat-2.23.so
7f79d7379000-7f79d737a000 rw-p 00008000 08:01 11407471                   /lib/x86_64-linux-gnu/libnss_compat-2.23.so
7f79d7381000-7f79d73aa000 r-xp 00000000 08:01 6430543                    /usr/lib/jvm/java-7-oracle/jre/lib/amd64/libjava.so
7f79d73aa000-7f79d75aa000 ---p 00029000 08:01 6430543                    /usr/lib/jvm/java-7-oracle/jre/lib/amd64/libjava.so
7f79d75aa000-7f79d75ac000 rw-p 00029000 08:01 6430543                    /usr/lib/jvm/java-7-oracle/jre/lib/amd64/libjava.so
7f79d75b1000-7f79d75be000 r-xp 00000000 08:01 6430567                    /usr/lib/jvm/java-7-oracle/jre/lib/amd64/libverify.so
7f79d75be000-7f79d77bd000 ---p 0000d000 08:01 6430567                    /usr/lib/jvm/java-7-oracle/jre/lib/amd64/libverify.so
7f79d77bd000-7f79d77bf000 rw-p 0000c000 08:01 6430567                    /usr/lib/jvm/java-7-oracle/jre/lib/amd64/libverify.so
7f79d77c1000-7f79d77c8000 r-xp 00000000 08:01 11420146                   /lib/x86_64-linux-gnu/librt-2.23.so
7f79d77c8000-7f79d79c7000 ---p 00007000 08:01 11420146                   /lib/x86_64-linux-gnu/librt-2.23.so
7f79d79c7000-7f79d79c8000 r--p 00006000 08:01 11420146                   /lib/x86_64-linux-gnu/librt-2.23.so
7f79d79c8000-7f79d79c9000 rw-p 00007000 08:01 11420146                   /lib/x86_64-linux-gnu/librt-2.23.so
7f79d79c9000-7f79d7ad1000 r-xp 00000000 08:01 11420143                   /lib/x86_64-linux-gnu/libm-2.23.so
7f79d7ad1000-7f79d7cd0000 ---p 00108000 08:01 11420143                   /lib/x86_64-linux-gnu/libm-2.23.so
7f79d7cd0000-7f79d7cd1000 r--p 00107000 08:01 11420143                   /lib/x86_64-linux-gnu/libm-2.23.so
7f79d7cd1000-7f79d7cd2000 rw-p 00108000 08:01 11420143                   /lib/x86_64-linux-gnu/libm-2.23.so
7f79d7cd9000-7f79d884f000 r-xp 00000000 08:01 7231723                    /usr/lib/jvm/java-7-oracle/jre/lib/amd64/server/libjvm.so
7f79d884f000-7f79d8a4e000 ---p 00b76000 08:01 7231723                    /usr/lib/jvm/java-7-oracle/jre/lib/amd64/server/libjvm.so
7f79d8a4e000-7f79d8b12000 rw-p 00b75000 08:01 7231723                    /usr/lib/jvm/java-7-oracle/jre/lib/amd64/server/libjvm.so
7f79d8b12000-7f79d8b53000 rw-p 00000000 00:00 0 
7f79d8b59000-7f79d8d19000 r-xp 00000000 08:01 11420151                   /lib/x86_64-linux-gnu/libc-2.23.so
7f79d8d19000-7f79d8f18000 ---p 001c0000 08:01 11420151                   /lib/x86_64-linux-gnu/libc-2.23.so
7f79d8f18000-7f79d8f1c000 r--p 001bf000 08:01 11420151                   /lib/x86_64-linux-gnu/libc-2.23.so
7f79d8f1c000-7f79d8f1e000 rw-p 001c3000 08:01 11420151                   /lib/x86_64-linux-gnu/libc-2.23.so
7f79d8f1e000-7f79d8f22000 rw-p 00000000 00:00 0 
7f79d8f29000-7f79d8f2c000 r-xp 00000000 08:01 11420152                   /lib/x86_64-linux-gnu/libdl-2.23.so
7f79d8f2c000-7f79d912b000 ---p 00003000 08:01 11420152                   /lib/x86_64-linux-gnu/libdl-2.23.so
7f79d912b000-7f79d912c000 r--p 00002000 08:01 11420152                   /lib/x86_64-linux-gnu/libdl-2.23.so
7f79d912c000-7f79d912d000 rw-p 00003000 08:01 11420152                   /lib/x86_64-linux-gnu/libdl-2.23.so
7f79d9131000-7f79d9146000 r-xp 00000000 08:01 8525342                    /usr/lib/jvm/java-7-oracle/lib/amd64/jli/libjli.so
7f79d9146000-7f79d9345000 ---p 00015000 08:01 8525342                    /usr/lib/jvm/java-7-oracle/lib/amd64/jli/libjli.so
7f79d9345000-7f79d9346000 rw-p 00014000 08:01 8525342                    /usr/lib/jvm/java-7-oracle/lib/amd64/jli/libjli.so
7f79d9349000-7f79d9361000 r-xp 00000000 08:01 11420150                   /lib/x86_64-linux-gnu/libpthread-2.23.so
7f79d9361000-7f79d9560000 ---p 00018000 08:01 11420150                   /lib/x86_64-linux-gnu/libpthread-2.23.so
7f79d9560000-7f79d9561000 r--p 00017000 08:01 11420150                   /lib/x86_64-linux-gnu/libpthread-2.23.so
7f79d9561000-7f79d9562000 rw-p 00018000 08:01 11420150                   /lib/x86_64-linux-gnu/libpthread-2.23.so
7f79d9562000-7f79d9566000 rw-p 00000000 00:00 0 
7f79d9569000-7f79d958f000 r-xp 00000000 08:01 11420147                   /lib/x86_64-linux-gnu/ld-2.23.so
7f79d9591000-7f79d9593000 r--s 00010000 08:01 13901114                   /home/gus/NetBeansProjects/jbotevolver/JBotSim/lib/BaseClient.jar
7f79d9598000-7f79d95a8000 rw-p 00000000 00:00 0 
7f79d95a8000-7f79d95ad000 ---p 00000000 00:00 0 
7f79d95ad000-7f79d95c1000 rw-p 00000000 00:00 0 
7f79d95c1000-7f79d95d6000 rw-p 00000000 00:00 0 
7f79d95d6000-7f79d9681000 rw-p 00000000 00:00 0 
7f79d9681000-7f79d9689000 rw-s 00000000 08:01 9175084                    /tmp/hsperfdata_gus/873
7f79d968c000-7f79d968d000 rw-p 00000000 00:00 0 
7f79d968d000-7f79d9690000 ---p 00000000 00:00 0 
7f79d9690000-7f79d978e000 rw-p 00000000 00:00 0 
7f79d978e000-7f79d978f000 r--p 00025000 08:01 11420147                   /lib/x86_64-linux-gnu/ld-2.23.so
7f79d978f000-7f79d9790000 rw-p 00026000 08:01 11420147                   /lib/x86_64-linux-gnu/ld-2.23.so
7f79d9790000-7f79d9791000 rw-p 00000000 00:00 0 
7f79d9791000-7f79d9792000 ---p 00000000 00:00 0 
7f79d9792000-7f79d9798000 rw-p 00000000 00:00 0 
7ffde5453000-7ffde5474000 rw-p 00000000 00:00 0                          [stack]
7ffde5509000-7ffde550b000 r--p 00000000 00:00 0                          [vvar]
7ffde550b000-7ffde550d000 r-xp 00000000 00:00 0                          [vdso]
ffffffffff600000-ffffffffff601000 r-xp 00000000 00:00 0                  [vsyscall]

VM Arguments:
jvm_args: -Dfile.encoding=UTF-8 
java_command: gui.CombinedGui
Launcher Type: SUN_STANDARD

Environment Variables:
JAVA_HOME=/usr/lib/jvm/java-8-oracle
PATH=/home/gus/bin:/usr/local/sbin:/usr/local/bin:/usr/sbin:/usr/bin:/sbin:/bin:/usr/games:/usr/local/games:/snap/bin:/usr/lib/jvm/java-8-oracle/bin:/usr/lib/jvm/java-8-oracle/db/bin:/usr/lib/jvm/java-8-oracle/jre/bin
LD_LIBRARY_PATH=/usr/lib/jvm/java-8-oracle/jre/lib/amd64:/usr/lib/jvm/java-8-oracle/jre/lib/i386:
SHELL=/bin/bash
DISPLAY=:0

Signal Handlers:
SIGSEGV: [libjvm.so+0x9a3b20], sa_mask[0]=0x7ffbfeff, sa_flags=0x10000004
SIGBUS: [libjvm.so+0x9a3b20], sa_mask[0]=0x7ffbfeff, sa_flags=0x10000004
SIGFPE: [libjvm.so+0x81e740], sa_mask[0]=0x7ffbfeff, sa_flags=0x10000004
SIGPIPE: SIG_IGN, sa_mask[0]=0x00001000, sa_flags=0x10000000
SIGXFSZ: [libjvm.so+0x81e740], sa_mask[0]=0x7ffbfeff, sa_flags=0x10000004
SIGILL: [libjvm.so+0x81e740], sa_mask[0]=0x7ffbfeff, sa_flags=0x10000004
SIGUSR1: SIG_DFL, sa_mask[0]=0x00000000, sa_flags=0x00000000
SIGUSR2: [libjvm.so+0x81ffb0], sa_mask[0]=0x00000004, sa_flags=0x10000004
SIGHUP: [libjvm.so+0x8210d0], sa_mask[0]=0x7ffbfeff, sa_flags=0x10000004
SIGINT: SIG_IGN, sa_mask[0]=0x00000000, sa_flags=0x00000000
SIGTERM: [libjvm.so+0x8210d0], sa_mask[0]=0x7ffbfeff, sa_flags=0x10000004
SIGQUIT: [libjvm.so+0x8210d0], sa_mask[0]=0x7ffbfeff, sa_flags=0x10000004


---------------  S Y S T E M  ---------------

OS:stretch/sid

uname:Linux 4.4.0-42-generic #62-Ubuntu SMP Fri Oct 7 23:11:45 UTC 2016 x86_64
libc:glibc 2.23 NPTL 2.23 
rlimit: STACK 8192k, CORE 0k, NPROC 61750, NOFILE 65536, AS infinity
load average:1,07 0,83 0,44

/proc/meminfo:
MemTotal:       15914428 kB
MemFree:          727084 kB
MemAvailable:   11041276 kB
Buffers:          199256 kB
Cached:          9884020 kB
SwapCached:          756 kB
Active:          9038084 kB
Inactive:        5247604 kB
Active(anon):    3278504 kB
Inactive(anon):   964736 kB
Active(file):    5759580 kB
Inactive(file):  4282868 kB
Unevictable:          48 kB
Mlocked:              48 kB
SwapTotal:       7860220 kB
SwapFree:        7808216 kB
Dirty:             12760 kB
Writeback:             0 kB
AnonPages:       4203592 kB
Mapped:           337400 kB
Shmem:             41092 kB
Slab:             660292 kB
SReclaimable:     609064 kB
SUnreclaim:        51228 kB
KernelStack:       11920 kB
PageTables:        40848 kB
NFS_Unstable:          0 kB
Bounce:                0 kB
WritebackTmp:          0 kB
CommitLimit:    15817432 kB
Committed_AS:    8151280 kB
VmallocTotal:   34359738367 kB
VmallocUsed:           0 kB
VmallocChunk:          0 kB
HardwareCorrupted:     0 kB
AnonHugePages:   2193408 kB
CmaTotal:              0 kB
CmaFree:               0 kB
HugePages_Total:       0
HugePages_Free:        0
HugePages_Rsvd:        0
HugePages_Surp:        0
Hugepagesize:       2048 kB
DirectMap4k:      227264 kB
DirectMap2M:    12877824 kB
DirectMap1G:     3145728 kB


CPU:total 8 (8 cores per cpu, 1 threads per core) family 21 model 1 stepping 2, cmov, cx8, fxsr, mmx, sse, sse2, sse3, ssse3, sse4.1, sse4.2, popcnt, avx, aes, mmxext, 3dnowpref, lzcnt, sse4a, tsc, tscinvbit, tscinv

/proc/cpuinfo:
processor	: 0
vendor_id	: AuthenticAMD
cpu family	: 21
model		: 1
model name	: AMD FX(tm)-8150 Eight-Core Processor
stepping	: 2
microcode	: 0x6000623
cpu MHz		: 3600.000
cache size	: 2048 KB
physical id	: 0
siblings	: 8
core id		: 0
cpu cores	: 4
apicid		: 0
initial apicid	: 0
fpu		: yes
fpu_exception	: yes
cpuid level	: 13
wp		: yes
flags		: fpu vme de pse tsc msr pae mce cx8 apic sep mtrr pge mca cmov pat pse36 clflush mmx fxsr sse sse2 ht syscall nx mmxext fxsr_opt pdpe1gb rdtscp lm constant_tsc rep_good nopl nonstop_tsc extd_apicid aperfmperf pni pclmulqdq monitor ssse3 cx16 sse4_1 sse4_2 popcnt aes xsave avx lahf_lm cmp_legacy svm extapic cr8_legacy abm sse4a misalignsse 3dnowprefetch osvw ibs xop skinit wdt lwp fma4 nodeid_msr topoext perfctr_core perfctr_nb cpb hw_pstate vmmcall arat npt lbrv svm_lock nrip_save tsc_scale vmcb_clean flushbyasid decodeassists pausefilter pfthreshold
bugs		: fxsave_leak sysret_ss_attrs
bogomips	: 7231.55
TLB size	: 1536 4K pages
clflush size	: 64
cache_alignment	: 64
address sizes	: 48 bits physical, 48 bits virtual
power management: ts ttp tm 100mhzsteps hwpstate cpb

processor	: 1
vendor_id	: AuthenticAMD
cpu family	: 21
model		: 1
model name	: AMD FX(tm)-8150 Eight-Core Processor
stepping	: 2
microcode	: 0x6000623
cpu MHz		: 2100.000
cache size	: 2048 KB
physical id	: 0
siblings	: 8
core id		: 1
cpu cores	: 4
apicid		: 1
initial apicid	: 1
fpu		: yes
fpu_exception	: yes
cpuid level	: 13
wp		: yes
flags		: fpu vme de pse tsc msr pae mce cx8 apic sep mtrr pge mca cmov pat pse36 clflush mmx fxsr sse sse2 ht syscall nx mmxext fxsr_opt pdpe1gb rdtscp lm constant_tsc rep_good nopl nonstop_tsc extd_apicid aperfmperf pni pclmulqdq monitor ssse3 cx16 sse4_1 sse4_2 popcnt aes xsave avx lahf_lm cmp_legacy svm extapic cr8_legacy abm sse4a misalignsse 3dnowprefetch osvw ibs xop skinit wdt lwp fma4 nodeid_msr topoext perfctr_core perfctr_nb cpb hw_pstate vmmcall arat npt lbrv svm_lock nrip_save tsc_scale vmcb_clean flushbyasid decodeassists pausefilter pfthreshold
bugs		: fxsave_leak sysret_ss_attrs
bogomips	: 7231.55
TLB size	: 1536 4K pages
clflush size	: 64
cache_alignment	: 64
address sizes	: 48 bits physical, 48 bits virtual
power management: ts ttp tm 100mhzsteps hwpstate cpb

processor	: 2
vendor_id	: AuthenticAMD
cpu family	: 21
model		: 1
model name	: AMD FX(tm)-8150 Eight-Core Processor
stepping	: 2
microcode	: 0x6000623
cpu MHz		: 3600.000
cache size	: 2048 KB
physical id	: 0
siblings	: 8
core id		: 2
cpu cores	: 4
apicid		: 2
initial apicid	: 2
fpu		: yes
fpu_exception	: yes
cpuid level	: 13
wp		: yes
flags		: fpu vme de pse tsc msr pae mce cx8 apic sep mtrr pge mca cmov pat pse36 clflush mmx fxsr sse sse2 ht syscall nx mmxext fxsr_opt pdpe1gb rdtscp lm constant_tsc rep_good nopl nonstop_tsc extd_apicid aperfmperf pni pclmulqdq monitor ssse3 cx16 sse4_1 sse4_2 popcnt aes xsave avx lahf_lm cmp_legacy svm extapic cr8_legacy abm sse4a misalignsse 3dnowprefetch osvw ibs xop skinit wdt lwp fma4 nodeid_msr topoext perfctr_core perfctr_nb cpb hw_pstate vmmcall arat npt lbrv svm_lock nrip_save tsc_scale vmcb_clean flushbyasid decodeassists pausefilter pfthreshold
bugs		: fxsave_leak sysret_ss_attrs
bogomips	: 7231.55
TLB size	: 1536 4K pages
clflush size	: 64
cache_alignment	: 64
address sizes	: 48 bits physical, 48 bits virtual
power management: ts ttp tm 100mhzsteps hwpstate cpb

processor	: 3
vendor_id	: AuthenticAMD
cpu family	: 21
model		: 1
model name	: AMD FX(tm)-8150 Eight-Core Processor
stepping	: 2
microcode	: 0x6000623
cpu MHz		: 3600.000
cache size	: 2048 KB
physical id	: 0
siblings	: 8
core id		: 5
cpu cores	: 4
apicid		: 3
initial apicid	: 5
fpu		: yes
fpu_exception	: yes
cpuid level	: 13
wp		: yes
flags		: fpu vme de pse tsc msr pae mce cx8 apic sep mtrr pge mca cmov pat pse36 clflush mmx fxsr sse sse2 ht syscall nx mmxext fxsr_opt pdpe1gb rdtscp lm constant_tsc rep_good nopl nonstop_tsc extd_apicid aperfmperf pni pclmulqdq monitor ssse3 cx16 sse4_1 sse4_2 popcnt aes xsave avx lahf_lm cmp_legacy svm extapic cr8_legacy abm sse4a misalignsse 3dnowprefetch osvw ibs xop skinit wdt lwp fma4 nodeid_msr topoext perfctr_core perfctr_nb cpb hw_pstate vmmcall arat npt lbrv svm_lock nrip_save tsc_scale vmcb_clean flushbyasid decodeassists pausefilter pfthreshold
bugs		: fxsave_leak sysret_ss_attrs
bogomips	: 7231.55
TLB size	: 1536 4K pages
clflush size	: 64
cache_alignment	: 64
address sizes	: 48 bits physical, 48 bits virtual
power management: ts ttp tm 100mhzsteps hwpstate cpb

processor	: 4
vendor_id	: AuthenticAMD
cpu family	: 21
model		: 1
model name	: AMD FX(tm)-8150 Eight-Core Processor
stepping	: 2
microcode	: 0x6000623
cpu MHz		: 3600.000
cache size	: 2048 KB
physical id	: 0
siblings	: 8
core id		: 6
cpu cores	: 4
apicid		: 4
initial apicid	: 6
fpu		: yes
fpu_exception	: yes
cpuid level	: 13
wp		: yes
flags		: fpu vme de pse tsc msr pae mce cx8 apic sep mtrr pge mca cmov pat pse36 clflush mmx fxsr sse sse2 ht syscall nx mmxext fxsr_opt pdpe1gb rdtscp lm constant_tsc rep_good nopl nonstop_tsc extd_apicid aperfmperf pni pclmulqdq monitor ssse3 cx16 sse4_1 sse4_2 popcnt aes xsave avx lahf_lm cmp_legacy svm extapic cr8_legacy abm sse4a misalignsse 3dnowprefetch osvw ibs xop skinit wdt lwp fma4 nodeid_msr topoext perfctr_core perfctr_nb cpb hw_pstate vmmcall arat npt lbrv svm_lock nrip_save tsc_scale vmcb_clean flushbyasid decodeassists pausefilter pfthreshold
bugs		: fxsave_leak sysret_ss_attrs
bogomips	: 7231.55
TLB size	: 1536 4K pages
clflush size	: 64
cache_alignment	: 64
address sizes	: 48 bits physical, 48 bits virtual
power management: ts ttp tm 100mhzsteps hwpstate cpb

processor	: 5
vendor_id	: AuthenticAMD
cpu family	: 21
model		: 1
model name	: AMD FX(tm)-8150 Eight-Core Processor
stepping	: 2
microcode	: 0x6000623
cpu MHz		: 1400.000
cache size	: 2048 KB
physical id	: 0
siblings	: 8
core id		: 3
cpu cores	: 4
apicid		: 5
initial apicid	: 3
fpu		: yes
fpu_exception	: yes
cpuid level	: 13
wp		: yes
flags		: fpu vme de pse tsc msr pae mce cx8 apic sep mtrr pge mca cmov pat pse36 clflush mmx fxsr sse sse2 ht syscall nx mmxext fxsr_opt pdpe1gb rdtscp lm constant_tsc rep_good nopl nonstop_tsc extd_apicid aperfmperf pni pclmulqdq monitor ssse3 cx16 sse4_1 sse4_2 popcnt aes xsave avx lahf_lm cmp_legacy svm extapic cr8_legacy abm sse4a misalignsse 3dnowprefetch osvw ibs xop skinit wdt lwp fma4 nodeid_msr topoext perfctr_core perfctr_nb cpb hw_pstate vmmcall arat npt lbrv svm_lock nrip_save tsc_scale vmcb_clean flushbyasid decodeassists pausefilter pfthreshold
bugs		: fxsave_leak sysret_ss_attrs
bogomips	: 7231.55
TLB size	: 1536 4K pages
clflush size	: 64
cache_alignment	: 64
address sizes	: 48 bits physical, 48 bits virtual
power management: ts ttp tm 100mhzsteps hwpstate cpb

processor	: 6
vendor_id	: AuthenticAMD
cpu family	: 21
model		: 1
model name	: AMD FX(tm)-8150 Eight-Core Processor
stepping	: 2
microcode	: 0x6000623
cpu MHz		: 2100.000
cache size	: 2048 KB
physical id	: 0
siblings	: 8
core id		: 7
cpu cores	: 4
apicid		: 6
initial apicid	: 7
fpu		: yes
fpu_exception	: yes
cpuid level	: 13
wp		: yes
flags		: fpu vme de pse tsc msr pae mce cx8 apic sep mtrr pge mca cmov pat pse36 clflush mmx fxsr sse sse2 ht syscall nx mmxext fxsr_opt pdpe1gb rdtscp lm constant_tsc rep_good nopl nonstop_tsc extd_apicid aperfmperf pni pclmulqdq monitor ssse3 cx16 sse4_1 sse4_2 popcnt aes xsave avx lahf_lm cmp_legacy svm extapic cr8_legacy abm sse4a misalignsse 3dnowprefetch osvw ibs xop skinit wdt lwp fma4 nodeid_msr topoext perfctr_core perfctr_nb cpb hw_pstate vmmcall arat npt lbrv svm_lock nrip_save tsc_scale vmcb_clean flushbyasid decodeassists pausefilter pfthreshold
bugs		: fxsave_leak sysret_ss_attrs
bogomips	: 7231.55
TLB size	: 1536 4K pages
clflush size	: 64
cache_alignment	: 64
address sizes	: 48 bits physical, 48 bits virtual
power management: ts ttp tm 100mhzsteps hwpstate cpb

processor	: 7
vendor_id	: AuthenticAMD
cpu family	: 21
model		: 1
model name	: AMD FX(tm)-8150 Eight-Core Processor
stepping	: 2
microcode	: 0x6000623
cpu MHz		: 3600.000
cache size	: 2048 KB
physical id	: 0
siblings	: 8
core id		: 4
cpu cores	: 4
apicid		: 7
initial apicid	: 4
fpu		: yes
fpu_exception	: yes
cpuid level	: 13
wp		: yes
flags		: fpu vme de pse tsc msr pae mce cx8 apic sep mtrr pge mca cmov pat pse36 clflush mmx fxsr sse sse2 ht syscall nx mmxext fxsr_opt pdpe1gb rdtscp lm constant_tsc rep_good nopl nonstop_tsc extd_apicid aperfmperf pni pclmulqdq monitor ssse3 cx16 sse4_1 sse4_2 popcnt aes xsave avx lahf_lm cmp_legacy svm extapic cr8_legacy abm sse4a misalignsse 3dnowprefetch osvw ibs xop skinit wdt lwp fma4 nodeid_msr topoext perfctr_core perfctr_nb cpb hw_pstate vmmcall arat npt lbrv svm_lock nrip_save tsc_scale vmcb_clean flushbyasid decodeassists pausefilter pfthreshold
bugs		: fxsave_leak sysret_ss_attrs
bogomips	: 7231.55
TLB size	: 1536 4K pages
clflush size	: 64
cache_alignment	: 64
address sizes	: 48 bits physical, 48 bits virtual
power management: ts ttp tm 100mhzsteps hwpstate cpb



Memory: 4k page, physical 15914428k(726712k free), swap 7860220k(7808216k free)

vm_info: Java HotSpot(TM) 64-Bit Server VM (24.80-b11) for linux-amd64 JRE (1.7.0_80-b15), built on Apr 10 2015 19:53:14 by "java_re" with gcc 4.3.0 20080428 (Red Hat 4.3.0-8)

time: Fri Oct 14 13:43:05 2016
elapsed time: 76530 seconds

