# Evoluation started on 2016/06/13 22:39:36
# Generation	   Best 	   Average 	   Worst
	  0		   2.800	 -25.589	-296.800
	  1		   3.998	 -11.995	-295.641
	  2		   3.400	  -3.812	-291.165
	  3		   4.589	 -14.302	-297.400
	  4		   4.188	  -7.303	-295.122
	  5		   5.798	  -3.028	-296.280
	  6		   7.595	  -2.310	-293.963
	  7		   5.398	  -7.806	-296.881
	  8		   6.000	  -3.268	-274.201
	  9		   5.795	  -3.875	-290.366
	 10		   6.799	   0.632	-290.126
	 11		   6.198	  -0.916	-256.939
	 12		   7.000	  -2.019	-292.924
	 13		   7.200	   3.292	  -0.063
	 14		   6.000	   2.507	 -38.673
	 15		   7.198	   3.003	   0.552
	 16		   7.376	   3.536	  -0.040
	 17		   6.782	   0.067	-295.941
	 18		   4.386	  -7.892	-293.764
	 19		   6.190	  -3.327	-296.361
	 20		   8.199	 -14.066	-296.560
	 21		   7.793	   2.256	-140.896
	 22		   7.999	   2.944	 -46.411
	 23		   6.998	   2.703	 -14.272
	 24		   8.200	   0.813	-229.187
	 25		   7.783	  -1.109	-294.542
	 26		   6.800	 -13.197	-296.420
	 27		   6.379	 -11.484	-296.620
	 28		   6.400	  -6.907	-295.082
	 29		   5.395	   0.630	-181.430
	 30		   7.994	  -2.892	-295.741
	 31		   7.400	 -12.343	-296.521
	 32		   6.397	  -0.655	-163.412
	 33		   5.600	  -5.441	-291.006
	 34		   6.400	  -0.535	-296.540
	 35		   5.600	  -4.365	-293.024
	 36		   8.998	  -8.760	-291.904
	 37		   7.789	  -6.237	-296.381
	 38		   6.587	 -10.607	-296.880
	 39		   6.194	 -16.099	-296.920
	 40		   7.197	  -8.326	-297.260
	 41		   7.398	 -21.716	-297.060
	 42		   7.189	  -5.914	-296.560
	 43		   5.595	 -21.216	-297.360
	 44		   8.200	  -8.898	-297.380
	 45		   6.999	  -3.729	-272.940
	 46		   7.200	 -12.134	-295.082
	 47		   6.999	   3.090	 -31.603
	 48		   7.997	  -3.814	-293.922
	 49		   6.600	  -3.230	-292.244
	 50		   7.800	  -2.313	-296.501
	 51		   6.200	   1.994	 -49.570
	 52		   7.381	  -6.588	-294.242
	 53		   8.792	 -10.668	-293.783
	 54		   6.400	  -2.450	-294.103
	 55		   8.600	  -7.667	-296.041
	 56		   6.777	  -1.390	-290.326
	 57		   7.396	  -4.230	-291.625
	 58		   7.600	  -5.926	-294.362
	 59		   6.600	  -6.174	-296.141
	 60		   6.800	  -1.504	-252.884
	 61		   8.400	   2.432	-267.030
	 62		   7.398	   1.719	-122.031
	 63		   6.800	  -1.960	-293.703
	 64		   9.200	 -11.926	-296.281
	 65		   7.598	  -0.739	-296.920
	 66		   6.994	  -5.136	-294.942
	 67		   4.600	  -1.151	-293.083
	 68		   9.395	  -9.724	-293.822
	 69		   7.594	  -3.699	-296.641
	 70		   9.999	   2.479	-297.060
	 71		   9.000	  -9.556	-294.982
	 72		   6.800	 -15.720	-295.921
	 73		   7.600	   0.152	-293.922
	 74		   7.600	  -6.960	-288.507
	 75		   8.194	  -8.041	-296.061
	 76		   6.191	 -13.996	-296.800
	 77		   6.796	  -4.482	-295.721
	 78		   6.594	  -7.812	-295.761
	 79		   7.597	  -5.492	-290.386
	 80		   7.599	   0.316	-176.604
	 81		   8.596	   0.302	-292.464
	 82		   8.196	  -2.331	-295.781
	 83		   6.195	   2.089	 -78.347
	 84		   8.200	  -1.618	-294.322
	 85		   7.594	  -1.880	-283.453
	 86		   6.200	   0.635	-214.784
	 87		   7.598	  -5.570	-296.381
	 88		   8.374	   2.215	-178.236
	 89		   6.800	 -11.193	-292.065
	 90		   7.800	  -5.505	-296.360
	 91		   7.996	  -2.080	-295.341
	 92		   7.987	  -9.547	-294.701
	 93		   8.600	  -8.126	-297.060
	 94		   8.999	  -8.680	-295.761
	 95		   7.599	  -8.123	-296.561
	 96		   7.795	   4.331	  -9.187
	 97		   7.600	  -5.184	-293.204
	 98		   6.599	  -8.575	-296.560
	 99		   7.000	  -6.244	-296.700
	100		   9.600	  -0.906	-295.282
	101		   6.763	  -4.083	-296.900
	102		   7.800	  -4.360	-294.842
	103		   6.600	   0.376	-292.584
	104		   8.392	  -2.520	-287.090
	105		   5.800	  -1.118	-286.870
	106		   7.997	  -6.469	-296.621
	107		   8.200	  -4.065	-295.881
	108		   7.400	 -16.996	-295.721
	109		   8.600	  -7.930	-294.222
	110		   6.000	  -4.304	-296.501
	111		   5.793	  -4.213	-295.401
	112		   6.800	 -13.554	-296.680
	113		   8.199	  -7.270	-296.980
	114		   7.200	  -6.442	-294.043
	115		   8.600	   0.238	-283.233
	116		   8.600	   0.925	-291.025
	117		   7.197	   0.608	-293.144
	118		   7.596	  -2.309	-296.080
	119		   6.200	  -2.998	-183.669
	120		   7.585	 -11.573	-297.320
	121		   6.200	 -14.272	-296.520
	122		  10.000	   2.649	-242.509
	123		   6.398	   2.933	   0.306
	124		   8.600	  -8.687	-282.674
	125		   7.199	 -23.114	-295.521
	126		   8.400	  -2.486	-258.399
	127		   8.397	   0.526	-287.149
	128		   6.800	 -13.332	-296.900
	129		   5.994	  -1.352	-297.520
	130		   9.198	  -7.268	-295.042
	131		   8.000	  -3.307	-295.062
	132		   7.800	  -2.567	-268.889
	133		   8.200	  -8.316	-296.641
	134		   6.800	 -11.151	-296.900
	135		   7.600	  -9.891	-295.361
	136		   8.399	  -2.113	-294.122
	137		   8.799	 -16.437	-294.803
	138		   7.390	  -3.966	-257.280
	139		   4.594	  -7.052	-297.380
	140		   6.400	  -9.337	-278.358
	141		   8.200	  -8.438	-296.021
	142		   6.794	 -12.334	-295.402
	143		   3.995	 -11.152	-296.540
	144		   9.394	  -9.460	-296.660
	145		   9.399	 -11.617	-297.480
	146		   7.400	  -4.144	-296.520
	147		   6.800	  -5.136	-296.301
	148		   5.597	 -17.025	-296.800
	149		   7.200	 -17.400	-295.561
	150		   6.600	 -12.400	-295.221
	151		   6.596	  -8.946	-282.914
	152		   8.400	  -5.555	-296.540
	153		   8.397	   0.253	-248.468
	154		   6.398	  -3.028	-292.664
	155		   5.599	  -8.281	-297.320
	156		   8.600	  -1.547	-285.592
	157		   6.995	  -7.551	-297.080
	158		   9.798	  -6.792	-297.120
	159		   7.200	  -9.596	-297.360
	160		   6.996	  -3.011	-294.782
	161		   4.200	  -6.130	-292.444
	162		   7.196	  -3.898	-297.180
	163		   4.587	  -2.375	-295.741
	164		   6.800	  -8.228	-296.601
	165		   6.591	  -2.188	-288.509
	166		   7.200	  -7.481	-296.780
	167		  10.389	 -13.148	-296.061
	168		   8.400	  -5.043	-291.045
	169		   7.595	  -1.578	-276.060
	170		   7.198	 -14.270	-296.081
	171		   9.183	  -4.894	-283.592
	172		   8.196	 -33.051	-295.901
	173		   6.200	  -2.905	-296.360
	174		   5.775	  -0.570	-250.586
	175		   6.800	 -21.659	-296.620
	176		   7.600	  -8.174	-295.861
	177		   8.987	 -18.748	-296.400
	178		   9.194	  -2.867	-293.044
	179		   5.800	  -7.878	-290.406
	180		   6.589	  -5.758	-296.440
	181		   8.194	  -8.368	-296.201
	182		   7.000	 -23.443	-297.100
	183		   6.180	  -7.201	-296.160
	184		   7.798	 -23.111	-296.420
	185		   7.400	  -9.900	-296.080
	186		   6.600	  -6.715	-295.900
	187		   9.797	  -7.551	-296.600
	188		   6.983	  -5.552	-294.602
	189		   7.600	 -11.165	-293.882
	190		   7.200	 -16.619	-295.741
	191		   8.390	 -11.508	-296.520
	192		   7.200	 -10.815	-296.620
	193		   5.999	  -5.210	-293.403
	194		   6.400	   1.809	 -95.389
	195		   8.397	  -9.712	-296.840
	196		   8.598	  -9.676	-296.020
	197		   5.800	 -11.697	-296.600
	198		   6.993	 -20.748	-296.980
	199		   6.800	 -25.328	-297.020
	200		   9.391	  -8.143	-295.261
	201		   6.798	  -4.769	-296.720
	202		  10.998	 -30.394	-295.841
	203		   9.400	 -37.631	-297.360
	204		   8.396	 -29.535	-296.980
	205		   8.400	 -26.443	-296.940
	206		   8.600	 -25.271	-296.460
	207		   5.996	 -37.531	-296.780
	208		   7.192	 -41.413	-297.020
	209		   6.999	 -23.988	-296.440
	210		   5.600	 -35.196	-296.460
	211		   8.800	 -12.915	-296.560
	212		   7.800	   0.559	-210.237
	213		  10.198	  -3.330	-265.051
	214		  11.400	  -5.032	-296.021
	215		   4.793	 -17.851	-296.880
	216		   7.000	 -17.169	-295.861
	217		   6.799	  -7.811	-296.780
	218		   5.398	 -12.697	-293.923
	219		   6.800	 -11.085	-294.782
	220		   9.799	  -8.729	-275.840
	221		   5.800	  -3.316	-201.170
	222		   8.392	  -7.722	-295.061
	223		   7.600	   2.456	 -72.065
	224		   7.787	   4.225	   0.273
	225		   8.000	 -14.043	-297.100
	226		   7.000	  -4.056	-294.802
	227		   8.396	  -5.495	-270.526
	228		   8.396	   1.010	-287.609
	229		   7.599	   1.364	-143.753
	230		   7.389	  -3.400	-295.901
	231		   7.588	 -11.876	-296.980
	232		   9.599	 -17.660	-296.960
	233		   7.198	  -2.149	-294.121
	234		   7.400	 -10.588	-296.420
	235		   9.000	   3.877	 -36.296
	236		   6.000	  -7.570	-295.120
	237		   6.984	  -9.308	-294.241
	238		   6.800	  -2.877	-277.898
	239		   5.197	   2.122	   0.000
	240		   6.997	  -7.250	-294.062
	241		   7.400	  -5.406	-293.020
	242		   7.400	  -4.289	-295.061
	243		   7.799	  -7.643	-293.723
	244		   9.400	  -1.108	-293.822
	245		   7.596	  -2.365	-280.595
	246		   8.997	  -0.624	-162.001
	247		   8.600	   3.864	 -87.955
	248		  10.400	   4.008	   0.305
	249		   7.800	  -3.666	-296.300
	250		   7.599	  -5.080	-281.374
	251		   7.400	   0.603	-289.603
	252		   8.200	   4.105	   0.374
	253		   7.000	   2.508	-108.105
	254		   7.175	  -0.199	-296.700
	255		   5.999	  -9.345	-295.261
	256		   6.800	  -6.688	-295.360
	257		   6.998	   1.480	-124.561
	258		   9.595	   4.289	 -16.008
	259		   5.599	  -2.820	-226.830
	260		   6.000	  -1.747	-295.381
	261		   7.968	 -10.338	-294.422
	262		  10.199	   5.445	   0.226
	263		   6.400	  -5.464	-295.122
	264		   9.384	   4.905	   1.310
	265		   5.792	  -1.561	-296.460
	266		   7.200	   1.866	-160.818
	267		   7.600	   0.907	-210.022
	268		   8.399	  -4.141	-291.881
	269		   6.400	  -1.343	-284.111
	270		   8.800	  -3.544	-294.882
	271		   6.400	   1.094	-166.896
	272		   5.796	   2.832	 -53.057
	273		   8.600	  -0.765	-294.421
	274		   6.600	  -3.031	-289.784
	275		   6.799	  -0.042	-295.780
	276		   7.200	   2.672	-134.573
	277		   8.794	   2.760	 -81.380
	278		   6.400	   0.555	-233.622
	279		   7.000	   4.060	   1.000
	280		   7.200	  -4.070	-282.474
	281		   5.190	 -13.268	-294.722
	282		   6.597	  -2.439	-295.841
	283		   9.800	  -0.636	-278.216
	284		   8.200	   3.025	-142.687
	285		   6.800	   1.085	-219.269
	286		   6.400	   3.199	   0.527
	287		   7.995	   0.257	-231.875
	288		   7.400	  -1.904	-296.260
	289		   7.997	  -3.646	-288.743
	290		   6.199	  -2.090	-236.332
	291		   6.195	   3.020	   0.400
	292		   6.399	  -2.853	-228.687
	293		   7.600	   0.768	-294.001
	294		   6.796	  -3.150	-266.805
	295		   6.186	   3.337	   0.090
	296		   5.595	  -1.288	-290.784
	297		   8.400	  -0.496	-288.604
	298		   6.800	   3.584	   0.000
	299		   7.800	   1.743	 -95.334
	300		   7.000	  -0.196	-294.741
	301		   7.400	   1.969	-241.573
	302		   6.592	  -5.052	-273.839
	303		   8.000	   1.181	-229.591
	304		   6.800	   3.472	   0.000
	305		   5.600	  -0.199	-291.084
	306		   6.789	  -2.492	-292.321
	307		   6.589	  -0.334	-291.942
	308		   6.800	   3.611	   0.218
	309		   5.990	  -3.233	-265.368
	310		   7.398	  -1.086	-293.702
	311		   7.190	   0.328	-265.727
	312		   7.996	   2.720	-180.231
	313		   8.196	   0.318	-199.884
	314		   7.600	  -2.908	-266.042
	315		   6.596	   3.331	   0.800
	316		   7.800	   2.714	 -95.059
	317		  11.000	  -0.781	-284.827
	318		   7.999	   4.362	   0.444
	319		   6.600	   1.461	-170.384
	320		   7.995	   2.395	-161.019
	321		   7.993	  -3.333	-289.324
	322		   6.794	 -14.071	-289.923
	323		   6.400	 -10.330	-267.144
	324		  10.400	  -1.677	-226.925
	325		   7.600	  -8.642	-225.275
	326		   6.600	  -6.810	-229.121
	327		   9.400	   0.420	-108.254
	328		   8.399	  -0.085	-172.561
	329		   7.397	  -6.797	-267.081
	330		   8.370	 -11.057	-274.432
	331		  10.996	  -7.285	-261.289
	332		   7.791	  -0.344	-115.015
	333		   8.179	  -3.103	-277.732
	334		  10.799	   4.820	   0.000
	335		   7.796	  -2.357	-261.091
	336		   8.399	  -5.631	-225.919
	337		   7.585	 -14.144	-289.744
	338		   8.381	 -21.851	-289.624
	339		   8.399	 -25.165	-287.726
	340		  10.391	 -34.511	-290.902
	341		  10.395	 -28.267	-291.462
	342		   9.573	 -23.505	-286.387
	343		   9.775	  -9.015	-291.843
	344		   8.187	 -18.913	-280.831
	345		   9.790	 -27.551	-293.201
	346		   8.600	 -24.714	-292.741
	347		   9.974	 -26.017	-287.824
	348		  10.199	 -25.454	-290.724
	349		  12.180	 -21.685	-289.022
	350		  10.197	 -22.535	-293.121
	351		   8.599	 -12.196	-218.148
	352		  10.388	 -19.414	-285.384
	353		   8.772	 -14.129	-281.368
	354		   6.799	 -17.467	-277.649
	355		   9.596	 -21.024	-287.384
	356		  10.568	 -19.584	-232.101
	357		   9.598	 -15.062	-257.154
	358		   7.791	 -22.197	-291.921
	359		   7.772	 -17.308	-287.624
	360		   8.376	 -17.118	-289.783
	361		   8.556	 -17.267	-231.041
	362		   9.196	 -13.318	-288.125
	363		   6.396	 -18.762	-288.924
	364		   8.999	 -17.588	-284.527
	365		   8.385	 -12.032	-171.706
	366		  11.200	 -15.459	-279.187
	367		   8.394	  -5.437	-233.361
	368		  10.598	 -17.050	-294.621
	369		   7.355	 -17.899	-291.703
	370		   7.396	  -2.753	-229.564
	371		   6.995	  -6.806	-291.563
	372		   8.787	 -18.618	-286.383
	373		  10.787	 -27.210	-289.503
	374		   6.197	  -8.930	-294.260
	375		   8.380	 -13.450	-289.143
	376		   8.380	 -16.519	-250.738
	377		  11.195	 -17.939	-289.724
	378		   9.589	  -2.945	-226.973
	379		   8.795	   0.433	-167.119
	380		   9.192	  -0.815	-223.656
	381		   8.569	  -5.827	-224.964
	382		   9.395	  -4.551	-170.261
	383		   8.790	 -12.362	-259.913
	384		   9.793	  -9.402	-234.331
	385		   9.189	 -15.969	-230.942
	386		   8.395	  -1.738	-251.967
	387		   9.797	  -4.192	-230.238
	388		   7.999	  -7.153	-229.931
	389		   8.395	  -5.089	-286.528
	390		   8.199	  -4.606	-235.345
	391		   7.600	  -0.794	-222.562
	392		   9.351	  -3.539	-214.801
	393		   9.976	  -4.768	-170.482
	394		   7.000	  -5.014	-232.778
	395		   6.799	 -10.609	-249.895
	396		   6.586	 -17.398	-261.193
	397		   8.780	 -11.710	-236.000
	398		   6.970	  -4.995	-264.970
	399		   8.193	 -10.827	-212.961
	400		   9.000	  -1.375	-167.895
	401		   6.772	  -5.212	-274.390
	402		   5.987	   1.955	  -2.761
	403		   8.400	  -2.800	-217.419
	404		   7.991	  -6.704	-216.470
	405		   8.799	  -0.983	-212.761
	406		   8.600	  -0.898	-220.776
	407		   9.391	  -0.775	-168.903
	408		   6.999	  -9.257	-218.244
	409		   7.200	  -3.098	-169.639
	410		   9.176	   0.532	-232.640
	411		   8.394	  -8.034	-274.950
	412		   8.800	  -5.266	-212.898
	413		   9.794	  -1.925	-222.753
	414		   8.000	  -3.180	-218.184
	415		   8.192	 -12.726	-233.220
	416		   8.799	  -6.592	-204.596
	417		   8.598	   2.038	-143.832
	418		   9.400	  -0.939	-174.078
	419		  10.597	   1.671	-156.300
	420		  11.400	   1.627	-111.743
	421		   7.577	  -7.905	-231.934
	422		  12.586	  -5.210	-285.384
	423		   7.574	 -12.154	-290.342
	424		   9.399	  -8.353	-271.862
	425		   9.168	  -4.820	-216.882
	426		  11.579	  -3.521	-286.624
	427		   9.375	  -1.771	-113.244
	428		  11.999	 -10.728	-280.967
	429		  12.989	  -9.740	-281.787
	430		   7.786	  -9.533	-234.020
	431		   8.788	  -9.686	-286.984
	432		   8.395	 -14.561	-233.869
	433		   9.969	  -0.971	-162.568
	434		   8.976	  -9.120	-265.588
	435		  11.990	 -14.964	-287.604
	436		  10.560	  -1.647	-271.615
	437		  11.591	 -10.946	-294.820
	438		  10.191	  -4.118	-285.424
	439		   9.794	  -4.913	-220.392
	440		   8.598	  -6.005	-226.642
	441		  10.392	  -7.511	-293.281
	442		   8.596	   0.271	-172.391
	443		  10.598	  -7.925	-277.094
	444		  11.399	  -3.414	-260.912
	445		  10.000	   2.780	 -92.674
	446		   9.597	  -4.797	-264.790
	447		   8.592	  -6.511	-177.690
	448		   7.400	  -1.669	-173.999
	449		   6.992	  -2.256	-118.257
	450		   8.787	  -0.489	-112.698
	451		   7.797	  -6.700	-170.640
	452		   7.800	  -2.727	-149.486
	453		   8.400	  -3.895	-156.782
	454		   8.400	  -0.744	-208.356
	455		  11.400	   1.252	-169.758
	456		   7.996	   1.582	-133.594
	457		   7.797	  -0.277	-206.319
	458		   8.997	   3.346	   0.000
	459		   8.399	  -7.379	-282.509
	460		   7.798	  -0.153	-172.077
	461		   7.798	  -4.617	-223.456
	462		   8.593	  -4.480	-177.991
	463		   9.400	   2.115	-116.035
	464		   7.995	   0.334	-227.445
	465		   8.999	  -1.164	-229.347
	466		   9.400	   1.536	-169.251
	467		   9.199	   3.486	 -19.304
	468		   6.600	   1.170	-145.417
	469		   5.399	  -1.607	-235.270
	470		   8.590	  -3.090	-182.963
	471		   6.800	   2.766	 -41.966
	472		   8.400	   2.761	 -53.619
	473		   8.198	   3.098	 -48.048
	474		   7.398	  -2.767	-173.743
	475		   7.000	  -4.883	-177.219
	476		   8.591	   0.713	-159.104
	477		   9.998	   2.121	-161.041
	478		   8.982	   0.577	-166.626
	479		   7.000	   2.141	 -52.550
	480		   8.999	  -9.750	-294.661
	481		   7.999	  -2.551	-264.093
	482		   9.984	  -2.422	-291.663
	483		   8.000	  -1.584	-226.734
	484		   8.596	  -6.573	-281.827
	485		   7.785	 -12.324	-286.985
	486		  10.795	 -14.353	-282.483
	487		   6.790	  -1.078	-224.602
	488		   8.596	  -3.601	-215.537
	489		  11.800	   0.737	-232.751
	490		   5.790	  -2.877	-212.874
	491		   8.796	  -7.713	-294.841
	492		   7.798	  -2.680	-180.600
	493		   9.996	 -10.349	-295.121
	494		   7.797	  -9.884	-291.922
	495		  10.399	 -14.846	-294.761
	496		   6.599	  -1.578	-163.814
	497		   8.994	 -10.737	-204.109
	498		   9.200	  -1.255	-231.750
	499		   9.800	  -0.362	-232.889
	500		   9.377	  -7.501	-295.881
	501		  10.800	   0.642	-265.889
	502		   7.800	  -4.951	-287.064
	503		   9.796	  -2.444	-171.740
	504		   9.995	  -1.197	-288.544
	505		   7.394	 -13.301	-295.521
	506		   8.999	 -13.864	-290.144
	507		   8.594	  -8.761	-286.945
	508		   8.595	  -6.924	-293.323
	509		   8.789	 -21.534	-293.982
	510		   9.200	 -17.250	-295.940
	511		   8.592	  -3.002	-288.703
	512		   8.594	 -17.767	-249.299
	513		   8.782	  -8.479	-233.462
	514		  10.180	 -11.833	-294.182
	515		   8.400	  -9.826	-294.681
	516		   8.800	  -9.457	-294.262
	517		   8.780	  -5.594	-291.443
	518		   7.799	   2.063	-131.822
	519		   8.393	 -16.426	-282.963
	520		   9.000	  -7.772	-280.802
	521		   9.796	 -13.813	-295.601
	522		  10.992	 -17.591	-296.100
	523		   9.197	 -12.631	-230.763
	524		   9.199	  -3.542	-156.580
	525		   9.196	  -3.865	-290.185
	526		   8.396	  -5.162	-225.314
	527		   8.388	 -13.646	-275.174
	528		   6.600	 -19.160	-294.221
	529		   7.390	   0.143	-199.307
	530		   8.600	  -6.447	-235.940
	531		   8.767	 -13.039	-291.123
	532		   9.394	   3.532	 -71.881
	533		   8.588	 -22.622	-291.603
	534		   7.191	 -18.247	-291.322
	535		   8.186	 -16.440	-282.486
	536		   8.800	 -16.558	-295.401
	537		   7.996	 -11.738	-285.164
	538		   8.189	  -5.509	-264.625
	539		   9.196	 -20.781	-284.670
	540		   9.999	  -5.584	-222.551
	541		   8.600	  -2.902	-233.501
	542		   9.985	  -6.300	-221.766
	543		  10.200	 -10.804	-276.208
	544		   7.799	  -1.997	-273.492
	545		   7.395	 -14.630	-295.701
	546		   8.593	 -11.744	-294.640
	547		  11.800	 -21.493	-261.758
	548		   9.000	  -0.889	-273.704
	549		  10.398	  -7.447	-295.480
	550		   8.794	 -14.771	-259.257
	551		   7.396	 -17.609	-275.802
	552		   8.800	  -1.260	-172.821
	553		   8.596	  -4.241	-218.365
	554		  10.195	  -2.903	-285.324
	555		   8.794	  -6.424	-272.831
	556		  10.400	  -1.915	-227.953
	557		   7.587	 -12.814	-282.355
	558		   7.179	  -7.529	-275.803
	559		  10.000	 -20.284	-288.407
	560		   8.797	 -10.372	-232.464
	561		   8.000	 -11.837	-289.722
	562		   6.580	  -2.532	-268.205
	563		   9.000	 -11.186	-283.123
	564		   7.396	 -10.041	-251.605
	565		   9.998	 -20.371	-285.242
	566		  10.396	  -7.276	-192.144
	567		   8.396	  -4.844	-235.293
	568		   9.199	  -5.207	-243.452
	569		   7.600	 -12.504	-291.863
	570		   9.397	  -2.195	-290.662
	571		   9.386	 -10.793	-290.823
	572		   8.988	 -13.542	-288.463
	573		   8.194	  -1.303	-208.976
	574		   9.796	  -6.815	-296.240
	575		   8.998	  -3.127	-230.310
	576		   8.979	  -3.164	-291.402
	577		   7.398	  -2.911	-213.673
	578		  12.394	  -5.912	-296.580
	579		   7.998	 -11.305	-279.101
	580		   7.397	  -0.117	-225.940
	581		   9.172	 -13.885	-283.242
	582		   8.585	 -16.552	-251.204
	583		   7.384	 -22.217	-295.081
	584		   6.800	  -9.317	-259.593
	585		  10.395	  -8.942	-296.401
	586		   7.192	  -6.486	-279.475
	587		   7.987	  -9.534	-295.061
	588		   8.589	 -10.973	-286.002
	589		   9.193	 -11.233	-221.868
	590		  10.194	  -7.849	-295.261
	591		   7.800	  -4.501	-236.472
	592		   8.600	  -4.699	-292.601
	593		   7.994	   0.856	-191.073
	594		   7.196	   2.353	-132.124
	595		   8.599	  -7.943	-290.561
	596		   9.394	  -6.671	-294.561
	597		   8.971	 -14.202	-294.781
	598		   7.789	 -21.138	-290.681
	599		  10.194	 -17.667	-291.463
	600		   7.784	 -10.152	-294.001
	601		  10.190	 -17.483	-284.642
	602		   9.391	  -4.836	-289.844
	603		   9.600	  -1.281	-294.661
	604		   9.599	  -7.857	-256.984
	605		   9.192	  -6.736	-214.323
	606		  11.994	 -15.558	-296.120
	607		   8.949	  -8.981	-296.900
	608		   9.595	 -13.356	-296.641
	609		  11.200	  -4.028	-284.408
	610		   9.977	 -22.375	-275.041
	611		  12.160	  -5.826	-235.100
	612		  11.536	 -11.045	-294.001
	613		  10.763	 -15.221	-291.983
	614		   8.580	  -3.125	-163.602
	615		   9.179	 -10.095	-220.938
	616		   9.146	 -11.540	-282.769
	617		  11.192	 -26.233	-287.083
	618		  10.396	 -16.923	-279.923
	619		  13.986	 -25.839	-293.461
	620		   9.993	 -21.610	-294.820
	621		   9.127	 -12.363	-294.381
	622		  10.596	  -4.240	-241.538
	623		  10.566	  -9.552	-271.779
	624		   8.910	 -16.680	-291.122
	625		   7.784	 -14.289	-263.042
	626		  10.547	 -13.690	-249.981
	627		  10.183	 -20.114	-290.704
	628		   8.368	 -12.769	-296.220
	629		  11.360	  -8.030	-276.965
	630		   9.396	  -7.125	-273.730
	631		  10.351	 -21.618	-293.221
	632		  12.989	  -1.789	-182.397
	633		  10.370	   0.737	-150.053
	634		  10.570	  -7.600	-218.416
	635		   9.989	 -24.831	-292.341
	636		   9.775	  -8.526	-290.442
	637		  12.593	  -3.517	-235.532
	638		  13.199	 -16.465	-294.442
	639		  11.954	 -18.645	-287.302
	640		  10.569	 -19.997	-295.741
	641		   9.569	  -8.793	-294.222
	642		   8.989	 -22.023	-293.682
	643		  10.368	 -22.299	-294.781
	644		   9.141	  -3.914	-168.275
	645		  11.173	  -8.660	-232.247
	646		   8.947	  -5.223	-277.385
	647		  11.366	   0.363	-277.054
	648		  11.595	 -17.827	-276.607
	649		  10.169	  -3.610	-227.639
	650		  11.160	  -6.769	-290.042
	651		   9.565	 -14.460	-273.461
	652		  10.397	 -15.290	-269.724
	653		   9.971	  -8.935	-289.641
	654		  12.174	  -6.982	-288.504
	655		  11.182	 -34.591	-285.022
	656		   8.169	 -37.251	-283.661
	657		   8.176	 -18.025	-279.464
	658		  13.982	 -13.709	-287.427
	659		  10.353	 -19.715	-268.775
	660		  11.536	  -5.916	-232.779
	661		  10.396	  -2.089	-225.990
	662		  12.973	   1.549	-114.519
	663		   9.953	  -9.964	-292.501
	664		   8.537	  -9.289	-293.362
	665		  12.385	  -3.248	-280.370
	666		  10.385	   2.501	 -85.740
	667		   8.758	 -28.129	-295.641
	668		  12.394	 -24.497	-291.101
	669		   9.191	 -17.365	-282.026
	670		  10.763	 -11.397	-286.062
	671		  10.121	 -23.188	-275.439
	672		  11.384	 -26.112	-277.085
	673		   8.993	 -28.302	-284.584
	674		   9.787	 -13.769	-283.481
	675		  11.189	 -25.895	-272.910
	676		  10.394	 -22.806	-291.042
	677		   8.977	 -14.530	-287.041
	678		   9.790	  -5.442	-200.887
	679		  11.753	  -6.406	-274.148
	680		   9.599	 -20.196	-282.632
	681		  12.190	  -4.585	-234.603
	682		  10.996	 -20.343	-296.820
	683		   9.392	  -5.153	-203.376
	684		   8.759	   1.036	 -75.058
	685		   8.769	 -23.901	-296.281
	686		   8.763	 -26.641	-295.501
	687		  10.793	 -32.851	-293.422
	688		   9.593	 -27.699	-289.822
	689		  11.195	 -28.523	-292.661
	690		  11.565	 -34.145	-294.201
	691		   7.587	 -16.042	-287.742
	692		   8.399	 -14.165	-272.858
	693		  10.399	 -29.701	-288.563
	694		  10.193	 -23.346	-245.323
	695		   9.586	 -11.363	-292.960
	696		   9.963	 -19.759	-288.601
	697		  10.987	 -27.650	-295.941
	698		  10.378	 -18.721	-292.241
	699		   9.780	 -16.279	-230.218
	700		  10.759	 -30.577	-271.463
	701		   9.577	 -28.491	-292.883
	702		   8.368	 -16.312	-247.282
	703		   9.571	 -23.115	-289.182
	704		   8.966	 -15.871	-294.662
	705		   9.977	 -47.913	-296.121
	706		  11.183	 -23.847	-292.022
	707		   9.191	 -23.291	-296.680
	708		  10.980	 -23.041	-295.341
	709		   8.772	 -21.064	-296.520
	710		  11.567	 -22.988	-296.601
	711		   8.155	 -20.963	-286.966
	712		   9.978	 -34.415	-297.120
	713		   8.545	 -26.517	-296.001
	714		   9.797	 -36.988	-296.560
	715		   9.780	 -11.774	-289.146
	716		   7.000	 -18.380	-283.347
	717		   8.200	 -17.466	-293.463
	718		   9.397	 -10.894	-215.857
	719		  10.196	  -3.129	-291.723
	720		   7.148	 -21.676	-295.521
	721		   7.566	 -25.384	-295.361
	722		   9.365	  -8.934	-291.544
	723		   7.553	 -16.000	-234.681
	724		   7.774	  -9.250	-279.147
	725		   8.144	  -6.075	-174.084
	726		   9.142	 -10.090	-285.985
	727		   8.979	 -12.966	-234.232
	728		   9.986	  -7.468	-203.842
	729		   8.580	  -9.570	-230.130
	730		   8.587	  -7.470	-215.900
	731		   8.400	  -6.209	-293.622
	732		   7.550	  -4.496	-223.831
	733		   8.977	  -1.229	-212.611
	734		   8.587	  -6.830	-274.609
	735		   7.995	  -7.906	-204.627
	736		   8.588	  -9.190	-294.481
	737		   8.000	 -14.169	-257.523
	738		  10.196	  -2.411	-294.342
	739		   6.600	  -0.705	-174.960
	740		   7.397	  -2.612	-284.947
	741		   9.400	 -15.626	-260.756
	742		   7.398	  -9.040	-296.900
	743		   8.000	 -11.421	-291.325
	744		   9.375	  -5.535	-233.140
	745		   9.999	 -15.825	-288.701
	746		   9.197	  -4.197	-230.629
	747		  10.000	  -7.587	-288.907
	748		   8.588	  -3.765	-223.118
	749		   9.796	 -24.933	-290.981
	750		   7.793	  -2.673	-286.542
	751		  10.391	 -13.310	-245.842
	752		   8.995	 -19.736	-290.486
	753		   7.731	  -5.989	-230.348
	754		   8.000	  -5.381	-168.160
	755		   9.968	  -6.888	-278.663
	756		   7.598	 -10.057	-288.023
	757		  10.191	 -15.539	-239.675
	758		   8.987	 -13.243	-276.644
	759		  10.394	 -24.335	-284.883
	760		  11.776	 -12.248	-273.262
	761		  10.198	 -11.657	-285.783
	762		   7.795	 -14.929	-293.142
	763		   9.156	 -17.283	-291.881
	764		   8.393	 -19.608	-234.189
	765		   8.981	 -18.348	-266.124
	766		  10.361	 -22.576	-274.214
	767		  10.995	 -20.992	-291.841
	768		   9.995	 -28.376	-281.483
	769		   8.954	  -4.001	-213.343
	770		   7.589	  -2.189	-222.769
	771		   7.798	 -22.926	-295.441
	772		  10.592	  -3.837	-291.201
	773		   8.149	  -8.033	-267.966
	774		  10.384	  -7.224	-283.662
	775		   7.753	  -9.559	-230.314
	776		  11.377	 -40.260	-293.421
	777		   9.187	  -5.889	-288.507
	778		  10.798	  -6.098	-285.847
	779		  10.983	  -0.528	-278.685
	780		   6.796	 -15.040	-283.881
	781		  11.575	  -9.939	-296.880
	782		   9.200	 -25.323	-293.841
	783		   9.395	 -19.276	-277.823
	784		   8.565	  -7.811	-227.452
	785		   9.990	 -20.154	-290.701
	786		   9.176	  -6.361	-269.065
	787		  10.197	 -17.633	-275.901
	788		   8.588	  -5.724	-290.843
	789		  11.992	  -9.740	-231.020
	790		  10.599	 -20.759	-291.541
	791		   9.163	 -26.992	-295.601
	792		   9.311	 -30.056	-290.981
	793		   9.194	 -21.976	-289.202
	794		   9.195	  -2.169	-117.266
	795		   9.388	 -13.029	-224.480
	796		  10.373	 -20.093	-289.163
	797		   9.185	 -12.188	-294.441
	798		   8.591	  -5.087	-291.341
	799		   8.555	  -5.137	-232.783
	800		  10.970	 -12.947	-283.086
	801		  10.989	 -21.299	-291.144
	802		   9.590	 -13.971	-292.163
	803		  10.789	 -17.888	-291.563
	804		  10.374	 -15.530	-266.561
	805		   8.161	  -5.124	-232.695
	806		  10.194	 -18.751	-288.561
	807		  10.400	  -5.774	-268.945
	808		  10.797	   1.336	-217.386
	809		   8.777	 -14.579	-279.225
	810		  12.192	   0.633	-220.858
	811		  11.394	 -16.285	-293.282
	812		  10.973	  -1.930	-249.780
	813		  12.584	  -5.115	-290.781
	814		  10.180	  -9.169	-282.701
	815		  10.349	 -25.070	-283.063
	816		  10.977	 -10.318	-290.082
	817		  10.594	  -9.303	-280.482
	818		  11.171	  -7.812	-281.024
	819		   8.781	  -9.014	-252.464
	820		  10.576	 -12.446	-292.881
	821		   8.190	 -12.255	-274.677
	822		  10.790	  -2.141	-187.042
	823		  10.184	 -19.798	-287.109
	824		   8.585	 -20.095	-285.112
	825		   9.574	 -21.381	-291.322
	826		   8.545	 -19.609	-294.961
	827		  10.539	 -12.495	-295.880
	828		  12.393	 -15.452	-294.942
	829		   8.986	 -17.263	-287.489
	830		  10.596	 -22.589	-294.542
	831		  10.383	 -16.031	-295.681
	832		  10.180	 -17.345	-293.703
	833		   9.165	 -14.841	-292.583
	834		  11.190	  -0.322	-224.092
	835		  10.383	 -20.000	-292.603
	836		  12.180	  -9.931	-292.564
	837		  11.187	  -6.949	-289.102
	838		   8.782	 -22.970	-293.581
	839		   9.568	 -14.318	-291.845
	840		  10.780	  -9.943	-273.724
	841		   9.598	 -15.685	-282.282
	842		   9.177	 -23.703	-292.842
	843		  10.195	 -20.166	-291.762
	844		  11.396	  -9.650	-248.591
	845		   9.195	 -11.407	-220.219
	846		   8.374	 -14.402	-288.908
	847		   8.600	 -21.427	-295.561
	848		   8.986	 -12.807	-294.941
	849		   9.528	 -19.407	-295.801
	850		   8.906	 -13.191	-295.861
	851		  11.553	 -23.486	-293.783
	852		   9.169	 -12.042	-256.314
	853		  12.397	 -13.744	-294.122
	854		  10.577	 -20.620	-290.565
	855		   9.791	 -14.753	-280.587
	856		  10.789	 -10.047	-240.273
	857		   7.371	 -18.139	-295.901
	858		   8.777	 -28.129	-292.863
	859		  10.165	 -13.202	-287.142
	860		  10.783	  -5.548	-287.802
	861		   7.200	 -17.384	-257.123
	862		   9.192	 -20.532	-285.484
	863		   8.167	  -7.156	-284.122
	864		  10.190	 -17.536	-293.701
	865		   9.770	  -1.082	-197.093
	866		   9.188	 -28.880	-293.023
	867		  11.788	  -9.484	-249.342
	868		   9.789	 -18.653	-287.081
	869		  10.153	 -18.301	-286.382
	870		  10.591	 -12.465	-294.241
	871		   9.589	 -17.673	-271.122
	872		   8.710	  -7.295	-234.569
	873		  10.996	  -2.156	-246.126
	874		  10.378	 -16.071	-292.761
	875		  10.788	 -18.129	-294.702
	876		  12.400	 -14.435	-232.339
	877		   9.585	  -9.907	-234.861
	878		   9.795	 -13.776	-251.885
	879		  11.793	 -19.736	-287.588
	880		  12.389	 -17.229	-249.726
	881		  10.798	 -19.323	-286.666
	882		  11.758	 -29.375	-291.262
	883		   6.786	  -7.869	-253.616
	884		  10.995	 -29.446	-295.941
	885		   9.599	  -7.039	-258.215
	886		   8.575	  -9.342	-293.701
	887		   9.995	  -7.565	-287.463
	888		   8.600	 -10.768	-288.443
	889		  10.583	 -19.595	-281.393
	890		  10.392	  -6.842	-297.260
	891		  10.590	 -11.044	-284.090
	892		   8.398	 -29.261	-294.062
	893		   9.200	 -19.822	-296.700
	894		  12.796	 -18.797	-292.301
	895		   9.188	 -27.005	-294.701
	896		   9.772	 -17.257	-294.762
	897		  12.389	 -18.018	-292.882
	898		   8.787	 -33.095	-295.102
	899		   9.998	 -28.311	-288.227
	900		  11.189	   1.050	-220.490
	901		   9.382	  -3.696	-215.230
	902		   8.798	 -11.526	-278.822
	903		  10.576	  -4.356	-295.901
	904		   8.988	  -5.567	-205.341
	905		   6.374	 -12.109	-257.277
	906		  10.987	 -25.085	-294.421
	907		   8.794	 -28.742	-294.541
	908		  10.584	 -11.167	-278.891
	909		   9.998	  -6.540	-293.461
	910		  11.188	  -2.980	-278.333
	911		   8.387	 -10.555	-279.917
	912		   8.995	 -13.010	-283.770
	913		  11.591	 -25.355	-294.061
	914		  13.197	 -16.373	-288.823
	915		  10.393	 -17.834	-282.468
	916		   9.999	 -10.441	-227.923
	917		   8.993	  -5.289	-293.921
	918		   9.365	 -16.370	-291.922
	919		   8.999	  -9.263	-264.863
	920		  10.795	  -4.952	-280.894
	921		   8.942	  -5.057	-284.904
	922		   8.399	  -7.992	-274.887
	923		   8.996	 -16.218	-294.062
	924		   9.397	 -19.088	-296.041
	925		   7.988	 -15.038	-242.413
	926		  11.196	  -3.858	-233.211
	927		  10.196	  -7.796	-296.361
	928		  12.000	  -7.171	-233.994
	929		   9.952	  -3.564	-227.613
	930		   9.394	  -3.515	-293.062
	931		   8.598	 -15.774	-281.506
	932		   7.925	  -4.467	-294.762
	933		   8.574	 -10.117	-290.765
	934		  11.179	 -15.317	-292.584
	935		   8.358	  -7.819	-295.540
	936		   9.979	 -11.182	-292.284
	937		   9.174	  -3.212	-284.566
	938		   9.997	   2.427	 -90.033
	939		   9.393	  -9.404	-287.967
	940		  10.592	  -5.231	-289.825
	941		   7.998	 -15.336	-289.484
	942		  12.195	 -11.122	-283.104
	943		   8.348	  -6.329	-293.001
	944		  10.978	 -12.815	-293.801
	945		  11.794	 -17.116	-292.043
	946		   8.000	 -17.917	-291.763
	947		   9.194	  -9.593	-294.641
	948		   8.961	  -6.222	-290.801
	949		  10.000	 -21.276	-294.481
	950		  10.785	 -28.264	-297.120
	951		   8.593	  -8.406	-258.297
	952		  11.397	  -8.755	-289.761
	953		  11.397	 -18.674	-293.822
	954		   8.596	 -13.412	-280.169
	955		  10.193	 -10.684	-231.299
	956		  11.600	 -30.308	-294.402
	957		   7.597	 -17.501	-268.051
	958		  11.383	  -7.715	-273.824
	959		   9.360	 -13.044	-276.972
	960		   9.792	 -29.892	-281.526
	961		   9.588	 -16.379	-279.389
	962		  10.974	 -13.179	-294.822
	963		  12.578	 -13.748	-296.441
	964		  11.599	  -6.523	-219.301
	965		   8.788	 -13.528	-286.988
	966		   9.800	 -11.096	-199.305
	967		  11.993	  -1.534	-224.454
	968		   8.573	  -3.501	-232.581
	969		   9.600	  -6.789	-295.302
	970		   9.569	  -7.693	-296.881
	971		   9.397	  -8.902	-296.980
	972		   9.153	  -8.133	-296.900
	973		  10.572	 -10.680	-248.481
	974		  12.194	  -9.250	-297.120
	975		   8.368	 -12.935	-294.203
	976		   8.194	 -29.757	-296.780
	977		   9.964	 -36.804	-296.761
	978		   6.591	 -33.946	-297.580
	979		   9.988	 -11.553	-292.422
	980		   9.393	 -14.285	-296.620
	981		   8.378	 -19.091	-296.181
	982		   8.989	 -12.086	-291.641
	983		   7.598	 -15.872	-296.720
	984		  10.800	 -16.360	-286.342
	985		   9.785	  -5.659	-294.622
	986		   7.196	 -25.880	-295.921
	987		  10.587	 -19.954	-294.821
	988		  10.185	  -8.557	-296.740
	989		  10.781	 -11.849	-295.242
	990		   8.797	 -11.337	-285.585
	991		   8.800	 -13.137	-295.800
	992		  10.794	  -8.122	-274.025
	993		   7.189	 -11.358	-246.018
	994		   8.794	 -12.388	-285.688
	995		   9.598	 -11.799	-296.460
	996		  10.392	  -7.106	-291.904
	997		  11.599	  -5.917	-295.901
	998		  11.400	 -29.238	-296.280
	999		  10.791	 -10.207	-278.887
	1000		   8.984	  -3.425	-230.849
	1001		   9.981	 -16.552	-293.743
	1002		   8.194	 -18.903	-295.301
	1003		  11.194	 -13.559	-292.443
	1004		  11.387	 -11.584	-294.201
	1005		  11.385	 -22.674	-290.424
	1006		   8.795	 -26.117	-292.223
	1007		   9.375	 -19.857	-296.321
	1008		  11.175	 -28.488	-296.701
	1009		   8.979	 -34.314	-297.020
	1010		  10.595	 -46.049	-294.801
	1011		  12.189	 -26.618	-291.742
	1012		   9.000	 -20.155	-226.081
	1013		   8.790	 -30.594	-295.381
	1014		   7.983	 -31.037	-295.541
	1015		  10.196	 -22.295	-296.680
	1016		   9.171	 -39.106	-295.980
	1017		  10.192	 -35.155	-295.001
	1018		  11.596	 -21.736	-291.682
	1019		   9.989	 -28.154	-295.501
	1020		  10.355	 -15.232	-293.183
	1021		   9.785	 -20.539	-294.622
	1022		   9.982	  -6.122	-265.529
	1023		   9.989	 -38.148	-296.900
	1024		   8.786	 -27.578	-296.900
	1025		   8.957	 -39.951	-296.940
	1026		   9.356	 -11.355	-297.020
	1027		   8.200	 -14.643	-293.743
	1028		   9.962	 -11.529	-287.964
	1029		   7.979	 -10.388	-278.747
	1030		   8.976	 -10.185	-293.123
	1031		  10.956	  -8.753	-214.611
	1032		   8.798	  -6.152	-205.212
	1033		  11.595	  -7.404	-292.841
	1034		  10.183	   0.202	-148.579
	1035		  10.400	  -1.642	-289.685
	1036		  11.165	 -13.036	-280.507
	1037		   8.987	 -12.754	-296.660
	1038		   7.955	  -2.309	-152.787
	1039		  10.195	  -0.416	-292.324
	1040		   8.177	  -9.152	-296.360
	1041		  11.369	  -5.597	-296.780
	1042		  10.783	  -5.080	-225.604
	1043		   6.800	  -7.275	-284.091
	1044		   9.576	   2.887	 -94.837
	1045		   8.200	  -0.527	-117.105
	1046		  10.195	 -12.362	-286.408
	1047		   9.797	 -17.328	-255.221
	1048		   9.793	  -0.859	-205.876
	1049		   8.198	  -1.739	-293.421
	1050		  11.787	 -20.364	-296.440
	1051		   6.789	  -5.705	-296.321
	1052		   9.783	  -2.427	-292.083
	1053		  13.399	 -15.755	-296.840
	1054		   8.765	 -14.096	-296.240
	1055		  11.764	 -19.149	-294.881
	1056		  11.591	 -15.075	-288.741
	1057		   9.384	 -27.733	-292.104
	1058		  10.992	  -3.089	-229.311
	1059		  10.800	 -15.366	-292.863
	1060		  10.765	  -6.212	-271.370
	1061		  11.998	  -8.621	-275.425
	1062		   9.000	 -16.949	-263.716
	1063		  10.400	  -5.876	-294.541
	1064		   9.778	  -6.469	-243.859
	1065		  10.189	 -16.040	-286.884
	1066		   9.373	 -19.829	-294.401
	1067		  10.989	 -27.959	-291.981
	1068		  11.796	 -17.338	-279.383
	1069		   9.987	  -6.190	-230.663
	1070		  10.198	  -8.640	-287.266
	1071		   8.772	 -14.249	-223.302
	1072		   9.372	 -17.642	-252.681
	1073		  10.600	 -18.734	-295.741
	1074		   9.781	 -26.633	-293.741
	1075		   9.189	 -21.956	-286.606
	1076		  10.371	 -13.404	-277.927
	1077		  11.397	 -15.322	-291.062
	1078		   9.795	 -20.796	-293.881
	1079		  10.390	 -21.922	-295.520
	1080		   7.988	 -11.313	-289.385
	1081		   9.997	 -18.135	-292.743
	1082		   8.745	 -21.541	-280.228
	1083		   8.947	 -36.432	-295.600
	1084		   9.390	  -7.528	-293.123
	1085		  10.783	 -17.565	-295.341
	1086		  11.174	  -7.554	-291.902
	1087		  11.588	 -23.215	-291.722
	1088		  10.199	 -18.521	-293.721
	1089		  11.400	 -21.490	-294.181
	1090		  11.773	 -13.925	-295.360
	1091		   9.595	 -15.881	-292.663
	1092		   9.592	 -34.753	-295.121
	1093		  10.796	 -16.351	-248.824
	1094		   9.186	 -33.570	-295.781
	1095		  11.394	 -25.974	-294.221
	1096		  11.193	 -25.216	-291.283
	1097		   8.391	 -28.204	-296.361
	1098		   8.568	  -0.672	-295.840
	1099		  11.362	  -3.006	-265.708
	1100		  10.194	 -12.362	-234.801
	1101		   6.985	 -10.883	-296.440
	1102		  11.196	 -10.747	-230.922
	1103		  10.799	 -26.321	-277.030
	1104		  11.199	 -16.761	-296.340
	1105		   9.597	 -36.287	-296.980
	1106		  12.000	 -37.684	-296.660
	1107		  10.399	 -31.279	-295.001
	1108		   6.783	 -16.046	-296.660
	1109		   8.386	 -13.348	-295.081
	1110		   6.600	 -41.456	-297.340
	1111		   7.185	 -26.487	-295.061
	1112		   8.396	 -20.849	-263.149
	1113		   9.790	 -12.944	-295.981
	1114		   9.778	 -17.971	-296.760
	1115		   7.789	  -9.355	-236.748
	1116		   6.751	  -6.535	-296.700
	1117		   7.198	   3.359	 -28.545
	1118		   9.798	  -7.782	-295.440
	1119		   7.188	   0.721	-212.320
	1120		   7.989	 -11.331	-296.640
	1121		   6.790	 -22.388	-296.900
	1122		   7.780	 -45.043	-296.940
	1123		  11.795	 -23.313	-296.840
	1124		   8.192	 -30.611	-296.800
	1125		   9.794	 -33.306	-296.640
	1126		  10.184	 -22.910	-296.440
	1127		  11.191	 -13.653	-296.520
	1128		  10.987	 -10.182	-296.660
	1129		   9.600	 -21.991	-296.620
	1130		  12.193	 -27.373	-296.060
	1131		  10.547	 -19.123	-295.861
	1132		  10.796	 -12.769	-237.040
	1133		   8.709	 -26.108	-236.448
	1134		  11.996	 -22.925	-296.220
	1135		   9.800	 -23.581	-296.200
	1136		   9.592	  -4.815	-296.820
	1137		   9.788	 -31.092	-296.600
	1138		   9.166	  -6.069	-279.528
	1139		  10.799	 -20.216	-296.140
	1140		  11.191	 -21.471	-296.580
	1141		  12.794	 -34.703	-296.660
	1142		  10.185	 -37.726	-296.100
	1143		  10.397	 -33.415	-296.320
	1144		   9.192	  -8.962	-277.131
	1145		   9.568	 -30.530	-296.200
	1146		   8.195	 -17.735	-296.261
	1147		   8.193	 -29.847	-296.880
	1148		   9.000	 -51.827	-296.340
	1149		   7.317	  -8.574	-295.781
	1150		   8.577	 -15.741	-235.609
	1151		   9.989	 -19.810	-295.181
	1152		   8.797	 -37.431	-295.980
	1153		   9.400	 -22.350	-294.061
	1154		   9.587	 -12.665	-295.781
	1155		   9.591	  -1.352	-228.570
	1156		   8.978	  -6.419	-291.904
	1157		   9.796	  -9.509	-295.581
	1158		  11.586	 -17.503	-295.661
	1159		   9.374	 -19.058	-294.981
	1160		   9.396	 -13.876	-289.926
	1161		   9.396	 -10.586	-295.861
	1162		   9.994	 -30.038	-295.680
	1163		   8.725	 -26.708	-296.160
	1164		  10.991	 -25.738	-296.300
	1165		  11.360	 -20.018	-296.161
	1166		  10.978	 -37.481	-296.420
	1167		   9.565	  -4.718	-294.621
	1168		  12.597	 -13.171	-236.320
	1169		   9.396	 -18.603	-296.240
	1170		   8.972	 -22.787	-296.740
	1171		   8.531	 -39.084	-296.420
	1172		   9.711	 -35.262	-296.400
	1173		   8.599	 -24.041	-296.080
	1174		  12.194	 -15.899	-296.400
	1175		  10.596	 -16.691	-295.961
	1176		   9.795	 -10.608	-296.480
	1177		  10.000	 -10.587	-295.720
	1178		  10.799	 -23.181	-297.100
	1179		   9.183	 -22.939	-296.960
	1180		  11.982	 -21.101	-296.240
	1181		   8.158	 -23.051	-296.940
	1182		   9.193	 -22.345	-295.441
	1183		   8.195	 -32.602	-294.642
	1184		   9.795	 -18.205	-291.325
	1185		   9.394	  -5.593	-292.522
	1186		   9.199	 -26.785	-287.046
	1187		  10.194	 -22.395	-289.525
	1188		   9.598	 -26.272	-295.061
	1189		  10.800	  -8.366	-231.211
	1190		   8.990	 -19.383	-295.961
	1191		   9.385	  -6.456	-208.188
	1192		   8.395	 -13.684	-296.480
	1193		   8.398	 -21.275	-297.240
	1194		  10.198	 -17.860	-295.500
	1195		   8.599	 -14.499	-295.001
	1196		  10.794	 -14.216	-296.620
	1197		   8.396	 -16.854	-297.380
	1198		   8.793	  -5.997	-236.240
	1199		  11.797	  -4.097	-208.262
	1200		   7.564	 -12.914	-293.683
	1201		  10.792	 -23.344	-293.183
	1202		  10.989	 -19.218	-296.121
	1203		   8.195	  -6.233	-291.104
	1204		   9.794	  -6.267	-228.683
	1205		  10.582	  -9.520	-295.042
	1206		  11.786	 -17.823	-296.681
	1207		  11.796	 -12.462	-286.803
	1208		   9.600	 -31.749	-296.820
	1209		  10.200	 -22.556	-296.280
	1210		   9.161	 -27.304	-292.644
	1211		   9.398	 -26.631	-295.241
	1212		   9.588	 -30.219	-296.660
	1213		  11.552	 -44.832	-296.600
	1214		   8.778	 -30.181	-295.941
	1215		  12.180	 -24.601	-296.740
	1216		   8.800	  -7.604	-232.332
	1217		   7.770	 -18.618	-296.100
	1218		   7.394	 -47.401	-296.780
	1219		   6.763	  -2.110	-187.071
	1220		  12.800	 -20.987	-295.341
	1221		  10.798	 -12.359	-296.200
	1222		   9.178	  -8.040	-188.397
	1223		  10.572	 -27.377	-297.200
	1224		  10.188	  -8.725	-294.961
	1225		  10.592	 -10.221	-296.321
	1226		   8.948	 -19.949	-296.381
	1227		   9.391	 -26.596	-296.260
	1228		  12.797	 -23.592	-296.881
	1229		   8.994	 -29.040	-294.202
	1230		   8.997	 -23.390	-296.780
	1231		   5.768	 -16.396	-294.302
	1232		   9.399	 -25.662	-296.720
	1233		   8.794	 -40.162	-296.401
	1234		   9.779	 -32.586	-295.900
	1235		   9.798	 -23.061	-295.981
	1236		   7.990	 -36.792	-295.022
	1237		   9.999	 -41.007	-296.721
	1238		  10.793	 -44.714	-296.740
	1239		  10.400	 -15.414	-291.325
	1240		   8.395	  -4.618	-284.770
	1241		   8.183	  -8.758	-293.343
	1242		  10.788	 -17.182	-295.501
	1243		   8.387	  -9.165	-296.361
	1244		   9.197	 -25.873	-296.021
	1245		   8.999	 -21.173	-296.201
	1246		  10.374	  -5.003	-294.003
	1247		   9.798	  -3.533	-297.080
	1248		  10.791	  -4.056	-223.551
	1249		   8.600	  -5.875	-296.801
	1250		  11.190	  -3.648	-296.981
	1251		  10.990	  -4.462	-231.955
	1252		  10.800	  -0.770	-173.413
	1253		  10.571	 -31.714	-295.781
	1254		   9.175	 -16.507	-295.101
	1255		   8.935	 -24.275	-293.323
	1256		   8.575	  -6.111	-295.701
	1257		  10.777	 -18.653	-296.561
	1258		  11.373	  -8.851	-290.366
	1259		  12.000	  -7.802	-294.222
	1260		  10.596	 -12.962	-291.625
	1261		   9.950	 -37.563	-297.220
	1262		  11.200	 -34.083	-296.301
	1263		   9.795	 -19.659	-295.781
	1264		   9.189	 -18.577	-296.300
	1265		   8.761	 -14.393	-236.540
	1266		   9.357	 -10.739	-295.181
	1267		  10.138	 -15.605	-296.760
	1268		  11.399	 -18.930	-295.301
	1269		  11.997	 -27.301	-297.140
	1270		  11.146	 -11.477	-292.923
	1271		  11.598	  -9.724	-296.281
	1272		   9.997	 -19.831	-295.781
	1273		  11.575	 -11.653	-295.082
	1274		  10.598	 -20.883	-295.601
	1275		  10.797	 -23.995	-296.221
	1276		   8.575	 -12.279	-294.942
	1277		  10.397	 -11.981	-294.921
	1278		  10.185	   2.154	-222.641
	1279		   9.990	  -1.852	-165.990
	1280		   9.374	 -10.300	-295.042
	1281		  10.795	 -14.058	-292.064
	1282		   9.799	 -26.766	-296.580
	1283		  11.190	 -10.370	-296.521
	1284		   9.979	 -12.733	-293.343
	1285		   9.198	 -18.315	-295.681
	1286		   9.800	 -13.271	-292.364
	1287		  10.789	  -3.284	-232.743
	1288		  10.793	 -20.674	-296.121
	1289		  11.195	 -32.937	-295.281
	1290		   9.193	  -9.407	-282.309
	1291		   9.000	 -30.413	-297.260
	1292		  10.200	 -11.106	-233.709
	1293		   9.599	  -9.321	-296.480
	1294		  11.387	 -27.999	-296.560
	1295		  10.171	 -10.551	-295.980
	1296		  10.576	 -22.593	-295.901
	1297		  11.785	 -34.838	-296.001
	1298		   9.379	 -22.937	-296.281
	1299		  12.195	 -21.578	-295.901
	1300		  11.371	 -14.340	-296.220
	1301		   9.986	 -14.503	-291.905
	1302		   9.195	  -9.645	-296.601
	1303		  12.782	 -14.067	-294.681
	1304		  10.992	 -27.461	-295.881
	1305		  12.000	 -39.251	-296.700
	1306		   9.973	 -26.311	-296.280
	1307		  10.797	 -30.977	-296.780
	1308		  13.379	 -18.002	-295.701
	1309		  10.000	 -21.878	-289.444
	1310		  11.598	 -35.482	-296.061
	1311		   8.594	 -27.696	-296.261
	1312		   9.977	 -40.330	-296.880
	1313		  11.993	 -29.211	-296.160
	1314		  11.161	 -31.423	-296.660
	1315		  11.597	 -23.321	-296.320
	1316		  11.594	 -44.990	-296.700
	1317		   8.394	 -22.011	-296.041
	1318		   7.995	 -39.671	-296.980
	1319		  11.179	 -38.181	-297.040
	1320		   9.976	 -30.724	-296.600
	1321		  11.400	 -25.234	-296.321
	1322		   9.398	 -17.427	-297.120
	1323		   8.775	 -39.092	-296.400
	1324		   9.782	 -14.660	-296.181
	1325		  10.797	 -20.364	-293.683
	1326		   9.992	 -14.719	-294.482
	1327		  10.599	 -13.312	-296.141
	1328		   9.600	  -9.050	-249.703
	1329		  10.199	 -12.971	-295.741
	1330		   8.389	 -21.723	-296.800
	1331		  10.392	 -12.474	-296.920
	1332		  12.593	 -16.147	-296.521
	1333		  10.193	 -23.939	-297.000
	1334		   8.598	 -12.763	-293.683
	1335		   9.162	 -33.821	-296.081
	1336		   8.194	 -14.892	-295.940
	1337		  11.998	 -29.485	-296.140
	1338		  11.395	 -14.388	-296.300
	1339		   9.399	 -25.577	-296.540
	1340		  10.800	 -18.510	-296.840
	1341		  11.600	  -6.509	-290.242
	1342		  12.195	 -17.144	-294.061
	1343		   9.788	 -16.342	-295.901
	1344		   9.386	 -21.455	-289.706
	1345		  10.591	 -12.004	-294.420
	1346		  10.800	  -9.299	-295.261
	1347		  12.164	 -25.833	-294.781
	1348		  10.390	 -15.700	-294.462
	1349		  11.370	 -10.487	-295.361
	1350		  11.199	 -25.498	-296.260
	1351		   8.178	  -7.869	-296.580
	1352		  10.196	 -14.321	-296.481
	1353		  11.199	 -19.908	-294.482
	1354		   8.795	 -24.841	-292.983
	1355		   9.593	 -23.638	-294.121
	1356		  11.399	 -26.209	-295.961
	1357		  10.396	 -19.065	-294.600
	1358		  11.780	 -25.576	-296.020
	1359		  10.000	 -33.385	-295.182
	1360		   9.383	 -15.677	-293.683
	1361		   9.591	 -30.245	-295.560
	1362		  12.400	 -24.144	-292.422
	1363		  11.385	 -16.891	-296.500
	1364		  13.185	  -5.160	-236.924
	1365		   9.780	 -19.759	-296.180
	1366		  12.400	 -18.521	-295.940
	1367		  11.785	 -11.960	-290.642
	1368		   9.999	 -16.517	-294.022
	1369		  10.519	  -3.422	-234.641
	1370		  10.781	  -8.919	-296.001
	1371		   9.382	 -14.950	-296.440
	1372		  11.128	 -32.314	-295.980
	1373		   9.593	 -26.403	-296.660
	1374		  10.194	 -30.036	-296.781
	1375		   9.399	 -22.049	-295.860
	1376		   9.173	 -23.778	-296.920
	1377		  11.391	 -38.432	-296.040
	1378		   7.718	 -18.489	-290.123
	1379		   5.529	 -19.173	-294.361
	1380		   9.775	 -11.493	-224.793
	1381		  10.192	  -1.588	-154.225
	1382		  10.379	  -6.844	-230.062
	1383		   9.374	 -10.215	-225.862
	1384		   9.391	 -10.563	-223.682
	1385		   8.793	  -2.733	-234.021
	1386		  11.788	 -23.031	-295.681
	1387		  10.399	 -29.778	-292.241
	1388		  11.775	 -32.900	-294.401
	1389		   8.956	 -19.196	-281.283
	1390		   9.342	 -56.537	-294.761
	1391		  10.000	 -37.330	-296.000
	1392		   9.600	 -38.860	-295.901
	1393		  10.400	  -8.407	-293.602
	1394		  10.370	 -30.869	-296.240
	1395		   9.795	 -29.780	-295.221
	1396		  11.394	 -39.117	-294.701
	1397		   8.764	 -36.224	-294.621
	1398		   8.785	 -35.799	-295.021
	1399		  10.397	 -27.581	-287.686
	1400		  10.779	  -9.229	-278.281
	1401		  10.354	 -12.419	-288.842
	1402		   6.991	 -38.221	-296.820
	1403		  10.938	  -7.281	-283.863
	1404		   9.987	 -28.248	-295.861
	1405		   7.991	  -4.884	-231.399
	1406		  10.370	 -25.406	-295.061
	1407		  10.379	 -15.648	-296.280
	1408		   9.584	 -22.414	-289.425
	1409		  10.145	  -5.275	-276.563
	1410		   9.897	 -15.992	-284.102
	1411		   8.939	 -18.256	-235.564
	1412		   9.800	 -25.792	-291.262
	1413		  10.399	 -12.985	-229.445
	1414		   9.582	  -8.032	-296.221
	1415		   7.711	 -15.242	-289.165
	1416		  10.196	 -19.037	-290.561
	1417		  10.362	 -14.010	-293.603
	1418		   9.991	  -8.125	-290.821
	1419		  10.971	 -11.757	-296.321
	1420		   8.600	  -8.730	-290.762
	1421		  10.381	  -9.820	-291.864
	1422		   6.800	 -15.703	-290.783
	1423		   8.597	  -5.519	-234.798
	1424		   9.585	  -2.993	-222.426
	1425		   9.997	 -17.103	-291.703
	1426		  10.200	 -25.696	-285.308
	1427		   9.574	  -6.169	-243.704
	1428		   8.595	 -10.785	-279.545
	1429		   9.395	 -14.618	-290.704
	1430		   7.995	  -8.930	-212.835
	1431		   8.798	  -4.880	-234.500
	1432		  10.798	 -15.414	-277.127
	1433		   7.600	  -5.419	-249.775
	1434		   8.200	  -7.123	-256.376
	1435		   7.596	   1.954	-189.051
	1436		   9.196	  -1.748	-287.586
	1437		   9.594	  -8.885	-285.763
	1438		   5.987	 -11.908	-296.421
	1439		   8.583	 -12.340	-261.176
	1440		  10.398	 -13.332	-282.308
	1441		   9.380	  -8.980	-231.420
	1442		   8.596	 -16.052	-293.423
	1443		  10.398	 -10.036	-231.300
	1444		   9.994	  -9.266	-293.162
	1445		   7.992	  -2.744	-294.961
	1446		   9.166	 -16.225	-291.762
	1447		  12.799	 -16.049	-287.945
	1448		   8.995	 -19.760	-268.983
	1449		  11.598	 -10.436	-223.937
	1450		   8.175	 -10.510	-290.404
	1451		   9.383	 -12.699	-293.141
	1452		   9.999	  -9.825	-284.341
	1453		  10.362	  -6.470	-279.442
	1454		  10.176	 -23.976	-292.482
	1455		  10.787	 -40.580	-290.682
	1456		  10.187	 -20.890	-291.181
	1457		  11.400	 -15.704	-295.721
	1458		   8.974	 -26.294	-289.762
	1459		  14.191	 -24.505	-290.361
	1460		   9.547	 -11.930	-259.272
	1461		   8.785	 -11.815	-285.122
	1462		  13.200	 -16.873	-294.781
	1463		   8.956	 -16.742	-295.061
	1464		  12.393	 -22.818	-294.881
	1465		  12.161	 -39.709	-295.241
	1466		  10.992	 -27.082	-295.800
	1467		  10.993	 -24.561	-290.982
	1468		   9.563	 -35.287	-293.481
	1469		  10.574	 -42.824	-286.642
	1470		  10.582	 -33.590	-288.901
	1471		  10.785	 -26.201	-286.162
	1472		  10.993	  -2.694	-293.681
	1473		   9.983	 -11.308	-232.367
	1474		  10.382	 -10.732	-286.644
	1475		  11.741	 -18.993	-288.584
	1476		  10.344	 -11.509	-289.642
	1477		   9.160	   0.947	-234.820
	1478		  10.179	  -4.081	-290.042
	1479		  10.397	 -19.627	-293.603
	1480		  10.200	 -28.445	-285.202
	1481		   7.992	  -4.952	-285.630
	1482		  10.383	  -0.846	-271.444
	1483		   9.761	 -11.169	-253.609
	1484		   9.373	 -23.856	-285.004
	1485		  12.575	 -31.187	-295.341
	1486		  10.115	   2.081	 -74.849
	1487		  10.797	 -11.036	-296.121
	1488		   8.992	 -24.221	-291.522
	1489		   9.773	 -22.936	-233.560
	1490		   9.791	 -17.879	-295.481
	1491		   9.794	 -21.189	-285.064
	1492		   8.564	 -14.648	-280.984
	1493		   7.387	  -8.842	-277.307
	1494		   9.771	 -22.006	-275.304
	1495		   9.596	 -16.668	-293.641
	1496		  10.786	 -22.284	-230.929
	1497		   8.375	 -13.971	-281.907
	1498		   9.571	 -18.437	-292.223
	1499		  10.397	 -13.888	-273.790
	1500		   9.994	 -24.749	-290.101
	1501		  10.993	 -23.975	-283.848
	1502		   8.784	 -19.662	-295.601
	1503		   9.391	 -13.885	-224.356
	1504		  10.000	 -16.567	-228.476
	1505		   8.781	 -32.379	-291.761
	1506		  10.188	 -24.481	-291.183
	1507		   8.596	 -30.533	-284.986
	1508		   9.999	 -36.025	-294.661
	1509		  10.588	 -20.761	-296.720
	1510		   9.000	 -28.997	-294.681
	1511		   7.566	 -12.806	-284.182
	1512		  10.983	 -24.582	-295.001
	1513		  10.985	 -20.973	-277.834
	1514		  11.194	 -36.467	-288.903
	1515		   9.992	 -31.237	-291.422
	1516		   8.981	 -25.711	-261.926
	1517		   9.391	 -27.487	-284.508
	1518		   9.561	 -12.383	-296.180
	1519		   7.983	 -29.976	-295.601
	1520		   8.569	 -21.516	-296.241
	1521		  13.193	 -33.811	-296.960
	1522		   6.182	 -33.509	-295.142
	1523		   8.547	 -34.604	-292.262
	1524		  11.188	 -13.223	-292.341
	1525		  10.565	 -32.679	-292.921
	1526		   6.389	 -33.638	-296.900
	1527		   9.996	 -21.888	-296.600
	1528		  12.993	 -33.152	-296.141
	1529		   8.780	 -36.659	-294.741
	1530		   9.781	 -47.977	-296.200
	1531		   9.578	 -10.586	-285.063
	1532		   9.368	 -26.781	-285.007
	1533		   9.393	 -23.865	-295.481
	1534		   9.390	 -23.445	-274.067
	1535		   7.990	 -25.305	-294.661
	1536		   7.767	 -11.398	-228.361
	1537		  11.599	 -27.808	-283.466
	1538		   8.800	 -26.315	-285.188
	1539		   8.400	 -21.852	-296.620
	1540		  11.143	  -1.430	-137.902
	1541		   7.800	 -27.007	-296.600
	1542		   7.099	 -21.970	-293.921
	1543		   8.798	 -35.310	-295.921
	1544		   8.387	 -34.516	-289.604
	1545		   6.992	 -16.003	-294.641
	1546		  10.984	 -19.631	-292.821
	1547		   8.388	 -17.332	-268.088
	1548		  10.599	 -17.819	-295.481
	1549		   7.932	 -14.544	-241.087
	1550		   7.979	 -19.831	-296.061
	1551		   9.178	 -18.904	-293.741
	1552		  10.600	 -38.996	-293.862
	1553		   8.983	 -16.714	-233.680
	1554		  10.392	 -31.532	-288.744
	1555		   7.584	 -24.064	-281.367
	1556		   9.000	  -4.258	-233.570
	1557		   9.395	 -20.614	-296.420
	1558		   9.724	 -17.065	-294.001
	1559		  10.197	  -6.634	-232.165
	1560		   9.595	  -3.708	-176.239
	1561		   9.193	 -10.405	-282.663
	1562		   7.796	 -13.443	-296.420
	1563		   8.779	  -3.001	-284.284
	1564		   9.400	  -5.922	-150.682
	1565		  10.199	  -1.955	-229.345
	1566		   9.795	 -10.909	-289.363
	1567		  10.362	  -9.048	-230.202
	1568		   7.198	  -7.885	-172.939
	1569		  10.799	 -41.781	-292.402
	1570		  11.377	  -6.784	-225.050
	1571		   7.976	 -23.266	-289.205
	1572		   9.960	 -28.738	-288.522
	1573		   6.390	 -41.067	-293.741
	1574		   9.547	 -25.352	-271.084
	1575		   7.981	 -23.438	-280.986
	1576		   9.393	 -19.670	-220.876
	1577		  10.784	 -25.268	-295.081
	1578		   8.779	 -39.948	-294.421
	1579		   9.994	 -11.999	-277.491
	1580		   9.578	  -4.111	-196.026
	1581		   8.600	  -5.470	-235.637
	1582		   8.400	   0.457	-217.174
	1583		   9.765	  -1.764	-289.465
	1584		   9.792	  -0.684	-166.958
	1585		  11.981	  -3.130	-284.267
	1586		   8.197	  -8.064	-227.252
	1587		   9.776	  -0.333	-277.787
	1588		  11.992	 -14.981	-289.382
	1589		  10.995	 -11.738	-288.262
	1590		   8.768	 -12.186	-287.702
	1591		  10.400	  -5.116	-293.622
	1592		  10.565	  -7.931	-270.624
	1593		   8.990	   0.097	-176.619
	1594		   8.800	 -12.669	-231.490
	1595		   9.600	 -14.808	-291.021
	1596		   9.192	  -7.329	-234.819
	1597		   8.399	  -2.622	-231.850
	1598		  11.399	  -0.892	-292.181
	1599		   8.581	   1.570	-214.836
	1600		  11.384	  -9.071	-291.505
	1601		   9.592	   1.910	-144.069
	1602		   8.981	  -8.309	-230.060
	1603		   9.348	 -12.117	-292.782
	1604		  10.555	 -20.848	-295.021
	1605		  10.197	 -21.892	-288.623
	1606		   7.595	  -9.099	-265.811
	1607		   8.192	 -15.703	-288.562
	1608		   9.568	 -20.848	-272.904
	1609		   9.392	 -14.144	-289.682
	1610		   9.379	  -4.933	-274.146
	1611		   7.985	  -8.534	-228.211
	1612		  10.990	  -2.719	-282.287
	1613		   9.193	  -5.092	-282.847
	1614		   8.943	  -8.687	-225.295
	1615		   8.600	 -13.849	-265.989
	1616		   9.187	 -11.189	-286.343
	1617		   7.974	 -14.698	-290.062
	1618		   8.798	 -16.085	-288.244
	1619		   8.398	 -22.665	-288.304
	1620		  10.198	 -12.521	-294.162
	1621		   8.794	  -2.338	-288.503
	1622		   8.798	 -20.556	-233.630
	1623		   8.598	  -6.731	-278.783
	1624		  11.395	  -6.296	-286.488
	1625		  10.994	  -7.525	-231.841
	1626		   6.800	 -11.181	-271.049
	1627		   7.995	 -17.943	-286.603
	1628		  11.796	 -17.227	-288.047
	1629		  10.199	   0.793	-166.904
	1630		  10.596	 -14.436	-292.142
	1631		  10.385	  -7.722	-275.247
	1632		   8.996	 -13.971	-294.181
	1633		   9.769	 -13.841	-213.492
	1634		   9.377	 -14.672	-234.359
	1635		   8.386	   0.487	-216.841
	1636		   9.800	   0.863	-176.929
	1637		   9.200	  -3.920	-220.072
	1638		  11.589	 -10.062	-283.941
	1639		  12.182	  -1.594	-208.713
	1640		   7.581	  -8.146	-286.944
	1641		   9.596	  -6.144	-292.642
	1642		   9.796	 -18.183	-289.047
	1643		  10.397	  -4.336	-286.844
	1644		   9.199	  -5.289	-294.901
	1645		  10.339	 -17.031	-286.066
	1646		  11.788	 -25.990	-290.281
	1647		  11.584	 -22.668	-291.123
	1648		   7.796	 -28.901	-295.741
	1649		  12.198	 -21.283	-295.321
	1650		   9.188	 -20.432	-289.604
	1651		   8.600	 -19.411	-236.792
	1652		   8.989	 -23.432	-296.481
	1653		   9.391	  -9.857	-280.325
	1654		  10.399	 -26.798	-292.402
	1655		   9.596	 -21.480	-278.536
	1656		   7.998	 -16.514	-292.324
	1657		   9.599	 -16.731	-293.223
	1658		   8.985	 -15.655	-227.715
	1659		   9.993	 -20.242	-281.085
	1660		   8.798	 -31.775	-294.422
	1661		  11.795	  -8.264	-257.302
	1662		  10.199	 -24.221	-292.781
	1663		   8.390	  -7.695	-285.302
	1664		  10.937	 -10.204	-235.960
	1665		   9.992	 -18.761	-277.265
	1666		   9.194	 -30.025	-280.367
	1667		   9.192	 -17.916	-296.360
	1668		  10.594	 -32.337	-296.600
	1669		   9.778	 -31.684	-291.664
	1670		  11.992	 -38.506	-297.040
	1671		   7.380	 -11.903	-284.042
	1672		   8.195	 -12.873	-288.943
	1673		  10.396	 -39.900	-295.721
	1674		   9.993	 -18.500	-234.321
	1675		  12.398	 -19.713	-272.139
	1676		   8.192	 -13.560	-281.131
	1677		  10.800	 -11.991	-289.722
	1678		   9.199	  -7.019	-197.233
	1679		   8.963	 -37.358	-296.420
	1680		  10.393	 -24.897	-294.561
	1681		   9.576	 -16.920	-228.053
	1682		  12.593	 -26.426	-289.544
	1683		   9.395	 -13.769	-249.753
	1684		   8.799	 -36.074	-282.924
	1685		   8.970	 -26.510	-289.842
	1686		   9.387	 -31.385	-291.223
	1687		  10.361	 -23.695	-263.629
	1688		   9.564	 -22.063	-284.065
	1689		   9.178	  -7.579	-163.349
	1690		   8.592	 -13.632	-295.341
	1691		   9.361	 -12.855	-269.112
	1692		  10.797	  -3.427	-267.343
	1693		  10.388	 -11.848	-292.463
	1694		  10.195	 -13.641	-292.262
	1695		   8.568	 -18.770	-279.273
	1696		   8.594	 -13.706	-255.355
	1697		  12.395	 -12.074	-282.024
	1698		  10.400	 -16.610	-278.986
	1699		  12.200	 -14.712	-290.524
	1700		   9.991	 -13.557	-291.423
	1701		  11.197	 -13.793	-277.812
	1702		   6.960	  -9.662	-256.473
	1703		  10.993	 -10.232	-274.131
	1704		  10.196	  -3.309	-290.044
	1705		  11.199	 -20.914	-288.323
	1706		   7.993	 -12.698	-282.231
	1707		  11.599	 -10.558	-254.116
	1708		  13.800	  -0.594	-270.392
	1709		   7.997	 -23.372	-291.604
	1710		   8.972	  -6.543	-230.704
	1711		   9.390	 -20.119	-288.525
	1712		  11.781	 -30.221	-293.702
	1713		   9.566	 -31.634	-289.803
	1714		   8.985	 -12.751	-293.442
	1715		  10.189	 -37.808	-293.041
	1716		  10.773	  -8.022	-221.574
	1717		  12.188	 -17.773	-294.361
	1718		   9.989	 -22.553	-291.642
	1719		  10.594	  -2.958	-161.964
	1720		   8.995	  -0.540	-223.853
	1721		  10.189	  -4.030	-169.332
	1722		   9.395	  -9.017	-280.590
	1723		   9.600	   0.154	-258.337
	1724		   7.199	  -7.124	-290.723
	1725		   8.194	   1.074	-155.664
	1726		  10.980	 -16.297	-291.085
	1727		   9.988	 -19.845	-288.784
	1728		   9.576	 -10.729	-293.182
	1729		  10.200	  -3.750	-274.671
	1730		   9.199	  -9.229	-283.963
	1731		   7.771	 -10.669	-279.192
	1732		   9.994	  -6.162	-223.290
	1733		   8.993	 -10.212	-235.021
	1734		   8.583	  -3.318	-226.193
	1735		   7.147	  -6.764	-279.616
	1736		   9.394	 -25.330	-287.845
	1737		   8.597	 -15.886	-295.680
	1738		   7.965	 -14.240	-260.599
	1739		  10.356	 -17.401	-233.501
	1740		   7.948	  -9.327	-289.325
	1741		   9.993	 -17.984	-294.302
	1742		  10.586	  -4.815	-285.469
	1743		   8.397	 -16.048	-285.784
	1744		   8.388	 -10.642	-284.966
	1745		   8.596	  -2.704	-280.064
	1746		   8.591	  -3.788	-234.341
	1747		   6.198	  -0.775	-222.451
	1748		   8.386	  -2.628	-296.001
	1749		   8.187	   1.099	-252.624
	1750		   5.995	  -2.803	-175.940
	1751		   9.796	  -0.896	-234.802
	1752		   9.397	   1.778	-164.768
	1753		   7.998	 -14.132	-296.380
	1754		   7.996	  -3.062	-232.303
	1755		   7.198	  -7.464	-266.234
	1756		   8.595	  -6.520	-281.723
	1757		   9.796	   3.546	  -0.197
	1758		   8.385	  -0.534	-225.930
	1759		   8.398	   1.678	-165.935
	1760		   8.996	   4.411	  -0.117
	1761		   8.397	  -2.281	-173.297
	1762		   9.398	  -6.463	-226.911
	1763		   6.791	  -3.375	-232.450
	1764		   9.383	  -8.583	-289.782
	1765		   8.993	  -1.841	-211.901
	1766		   8.793	  -2.819	-247.915
	1767		   8.994	  -9.170	-282.025
	1768		  10.400	  -3.918	-222.714
	1769		   9.397	  -1.395	-239.055
	1770		   9.590	 -16.768	-292.421
	1771		   8.000	  -2.069	-160.396
	1772		   6.389	 -15.264	-290.142
	1773		   9.597	   0.262	-244.765
	1774		   7.394	  -4.893	-220.110
	1775		   7.600	  -3.851	-291.983
	1776		   8.182	 -12.005	-295.041
	1777		   8.800	  -8.372	-227.984
	1778		  10.396	  -1.299	-221.591
	1779		   8.982	   3.156	 -27.555
	1780		   8.529	  -1.940	-212.670
	1781		   8.751	  -5.278	-228.570
	1782		   7.962	 -10.532	-269.634
	1783		  11.158	   1.654	-222.615
	1784		   7.192	  -5.376	-178.771
	1785		   9.592	  -4.719	-268.483
	1786		  11.592	   3.448	-153.190
	1787		   9.334	  -6.395	-293.442
	1788		  11.791	 -11.410	-242.093
	1789		   8.961	 -12.433	-213.454
	1790		   7.964	 -16.152	-281.443
	1791		   9.393	 -10.128	-225.672
	1792		   9.193	 -11.005	-286.185
	1793		   8.958	  -3.654	-138.516
	1794		  10.597	  -7.389	-289.623
	1795		  11.170	 -12.003	-263.335
	1796		   8.749	 -26.319	-273.254
	1797		  11.376	 -12.658	-291.802
	1798		   7.998	 -15.884	-292.083
	1799		   9.199	  -8.765	-288.466
	1800		  10.194	  -7.820	-284.944
	1801		   7.195	 -11.692	-279.244
	1802		   8.397	 -12.747	-288.702
	1803		  10.400	  -2.211	-183.861
	1804		   9.991	  -9.503	-259.564
	1805		  10.000	  -6.504	-283.644
	1806		   8.185	 -19.907	-291.842
	1807		  10.794	  -8.630	-282.783
	1808		  10.200	  -6.660	-268.128
	1809		  10.200	 -11.862	-291.722
	1810		   7.777	  -9.035	-285.905
	1811		  10.600	  -3.186	-157.434
	1812		   9.189	  -7.535	-286.943
	1813		  12.193	  -9.288	-226.080
	1814		  11.000	  -3.563	-182.271
	1815		   8.978	 -14.435	-282.764
	1816		   9.759	  -8.327	-231.820
	1817		   9.383	  -6.485	-290.921
	1818		   9.997	  -7.050	-233.246
	1819		  10.799	  -5.639	-226.306
	1820		   8.599	  -1.266	-171.745
	1821		   8.794	 -15.253	-294.321
	1822		  10.994	 -10.454	-286.002
	1823		   7.399	   0.678	-264.330
	1824		   8.578	  -6.960	-280.368
	1825		   9.792	  -9.189	-289.723
	1826		   7.983	  -4.203	-226.187
	1827		  10.388	  -7.902	-232.211
	1828		   7.390	 -18.034	-284.184
	1829		   7.382	  -7.177	-276.383
	1830		   9.182	 -10.805	-284.824
	1831		  12.593	  -9.502	-292.061
	1832		   8.792	 -19.251	-292.162
	1833		   9.194	  -7.017	-251.458
	1834		   9.397	  -7.461	-206.523
	1835		  11.600	  -3.410	-258.724
	1836		  11.175	  -6.154	-224.088
	1837		   9.989	 -14.841	-292.321
	1838		  10.396	  -4.585	-276.665
	1839		  10.798	 -11.345	-171.491
	1840		   9.994	  -7.624	-227.483
	1841		   9.792	  -3.705	-270.569
	1842		   8.400	  -9.230	-232.223
	1843		   9.793	  -1.506	-287.383
	1844		   9.000	   1.581	-165.826
	1845		  10.972	   3.576	 -56.799
	1846		   7.582	  -4.502	-263.370
	1847		  11.184	 -11.968	-296.000
	1848		   9.398	  -2.479	-234.309
	1849		   9.395	   0.802	-242.627
	1850		   9.178	  -2.202	-174.400
	1851		   8.588	  -0.254	-289.163
	1852		   7.775	   2.787	 -48.225
	1853		  10.396	   1.120	-290.065
	1854		   8.791	   3.302	 -30.922
	1855		   9.400	  -6.201	-223.584
	1856		  10.197	   1.473	 -98.395
	1857		  11.400	  -0.907	-167.548
	1858		   9.738	  -5.355	-281.510
	1859		   7.911	  -2.291	-232.849
	1860		   7.983	  -1.929	-289.444
	1861		   7.599	  -7.815	-284.449
	1862		   9.986	   0.148	-140.075
	1863		   8.359	   3.318	 -56.076
	1864		   7.600	   0.258	-164.810
	1865		  10.594	   0.607	-189.812
	1866		   9.570	  -0.047	-138.845
	1867		   8.598	  -1.777	-219.890
	1868		   7.734	  -1.746	-213.356
	1869		   9.183	  -0.830	-160.322
	1870		  10.180	   0.182	-139.329
	1871		   7.129	  -1.780	-285.047
	1872		   9.600	  -2.644	-290.904
	1873		   9.999	  -5.110	-288.965
	1874		  10.200	   2.679	 -56.352
	1875		   7.180	  -1.605	-111.166
	1876		  12.200	   1.161	-168.363
	1877		   8.369	   2.638	 -56.271
	1878		   9.175	   3.428	 -42.907
	1879		   9.585	  -0.364	-163.925
	1880		   8.794	  -2.123	-224.055
	1881		   8.197	   2.619	 -68.455
	1882		  10.581	  -3.717	-294.402
	1883		  11.167	   1.122	-199.605
	1884		  10.151	   1.406	-167.440
	1885		   9.993	  -3.439	-172.254
	1886		  10.192	  -1.635	-185.199
	1887		   9.358	   1.081	 -65.231
	1888		  11.369	  -2.646	-286.327
	1889		   7.994	  -2.198	-170.421
	1890		   8.340	 -17.035	-291.624
	1891		   9.788	   3.750	 -44.171
	1892		   8.174	  -1.156	-155.370
	1893		  12.796	   1.626	-220.476
	1894		   8.536	   0.544	-118.892
	1895		   9.987	   0.482	-163.621
	1896		  10.999	   2.900	 -36.595
	1897		   9.382	  -8.234	-283.446
	1898		   9.198	  -9.749	-264.822
	1899		  11.793	  -2.396	-150.349
	1900		  12.797	  -5.544	-289.681
	1901		   9.558	  -4.892	-290.764
	1902		   7.985	  -3.296	-220.492
	1903		   9.544	  -2.602	-283.046
	1904		   9.396	  -3.856	-294.642
	1905		   9.579	  -4.798	-289.785
	1906		   9.785	 -10.176	-289.902
	1907		  10.400	  -5.430	-275.727
	1908		   9.197	 -13.944	-231.401
	1909		   8.397	  -8.693	-257.089
	1910		   8.181	  -9.623	-244.737
	1911		   8.995	 -15.047	-295.521
	1912		   9.592	 -11.995	-288.486
	1913		   9.000	 -14.383	-294.362
	1914		   7.135	  -6.143	-224.835
	1915		   8.999	 -23.005	-290.167
	1916		   8.560	 -18.986	-233.580
	1917		   8.993	 -21.068	-273.089
	1918		  10.000	 -14.801	-295.801
	1919		   7.392	  -5.805	-235.941
	1920		   8.593	  -7.478	-224.350
	1921		  10.370	  -1.466	-225.941
	1922		   8.764	  -4.540	-283.242
	1923		   7.995	 -15.708	-280.462
	1924		  10.176	  -3.078	-293.043
	1925		   8.592	  -4.818	-237.144
	1926		   9.781	  -2.011	-231.009
	1927		   9.591	  -5.292	-243.208
	1928		  10.572	   0.708	-171.412
	1929		   8.999	  -0.412	-129.954
	1930		   8.120	  -3.174	-106.045
	1931		   9.189	 -15.529	-282.646
	1932		   7.710	  -6.718	-296.041
	1933		   9.771	   4.480	 -21.104
	1934		   7.591	  -1.558	-245.371
	1935		   9.369	  -5.630	-294.102
	1936		   8.199	 -13.237	-296.021
	1937		   9.195	  -1.206	-207.783
	1938		  10.200	  -0.824	-146.562
	1939		  11.190	   0.487	-231.131
	1940		   8.789	 -24.431	-294.761
	1941		   9.794	 -13.258	-280.269
	1942		  10.000	  -9.349	-274.562
	1943		   8.800	  -6.784	-215.150
	1944		   7.972	   3.243	 -70.107
	1945		   8.995	 -11.675	-291.445
	1946		   9.988	  -7.882	-250.345
	1947		   8.197	  -6.441	-293.721
	1948		   8.760	  -3.595	-289.922
	1949		   9.999	 -15.008	-297.120
	1950		  11.600	 -10.781	-295.901
	1951		   8.796	 -13.830	-295.642
	1952		   9.400	  -6.363	-256.074
	1953		   9.783	   4.243	 -11.159
	1954		   6.398	 -10.126	-296.700
	1955		   6.782	 -14.788	-291.765
	1956		   9.191	  -1.692	-294.802
	1957		   9.374	  -4.030	-233.943
	1958		   8.132	 -15.767	-293.281
	1959		  11.181	 -12.455	-294.842
	1960		  10.169	  -8.799	-290.666
	1961		   8.400	  -6.065	-218.544
	1962		   7.199	 -22.918	-291.863
	1963		   9.113	 -14.481	-291.143
	1964		   6.716	 -24.616	-292.763
	1965		  10.594	  -6.055	-169.649
	1966		   9.753	  -0.670	-164.293
	1967		   9.398	  -5.916	-274.442
	1968		   8.998	  -7.612	-161.854
	1969		   9.734	  -6.955	-246.303
	1970		   9.194	  -7.916	-293.522
	1971		  11.385	  -8.991	-293.542
	1972		   7.398	 -26.698	-296.760
	1973		   8.758	  -7.120	-295.342
	1974		   7.984	 -21.053	-286.988
	1975		   9.776	 -16.365	-293.522
	1976		   8.974	  -6.404	-258.374
	1977		   8.332	 -26.801	-293.263
	1978		   7.998	 -11.269	-238.527
	1979		   8.399	   2.937	 -87.683
	1980		   8.381	   3.474	   0.000
	1981		   7.600	  -7.315	-296.601
	1982		   8.396	  -6.408	-293.583
	1983		   8.197	  -4.705	-295.521
	1984		   8.798	  -0.632	-247.562
	1985		   8.985	  -4.005	-290.462
	1986		   7.779	  -1.870	-261.809
	1987		   6.598	  -6.762	-292.222
	1988		   8.798	   2.373	-160.689
	1989		   9.400	 -13.234	-294.181
	1990		   8.398	  -0.008	-190.540
	1991		   8.197	  -7.778	-230.561
	1992		   8.392	  -6.643	-291.422
	1993		   9.585	 -21.426	-295.601
	1994		  10.800	 -11.151	-296.301
	1995		  10.199	   3.574	 -91.849
	1996		   8.600	  -5.734	-231.001
	1997		   9.999	  -4.135	-246.257
	1998		   8.597	  -5.591	-292.222
	1999		   9.595	 -15.507	-294.741
	2000		   8.998	  -7.026	-236.559
	2001		   8.393	 -18.192	-295.022
	2002		   8.778	 -15.181	-294.762
	2003		   8.789	  -1.061	-161.848
	2004		   6.976	  -5.672	-295.281
	2005		   5.999	 -15.286	-297.080
	2006		   7.597	 -10.420	-295.781
	2007		   7.597	 -10.970	-295.881
	2008		   7.994	  -4.331	-228.425
	2009		   7.600	 -12.013	-283.650
	2010		   9.997	 -12.014	-294.880
	2011		   8.986	  -9.591	-294.821
	2012		   5.400	   0.987	-168.350
	2013		   7.200	  -3.010	-295.941
	2014		   8.799	   0.649	-146.723
	2015		   9.998	 -12.218	-292.362
	2016		   7.400	 -13.138	-295.321
	2017		   8.396	 -13.132	-295.821
	2018		   6.999	  -6.311	-293.323
	2019		   7.200	 -11.229	-295.961
	2020		  10.195	 -21.721	-295.961
	2021		   8.994	 -20.548	-296.321
	2022		   9.198	  -9.258	-296.021
	2023		   9.992	  -0.137	-295.961
	2024		   9.795	  -6.747	-296.241
	2025		  11.394	 -15.864	-283.782
	2026		   7.797	  -1.416	-266.551
	2027		  11.362	 -21.426	-296.541
	2028		  10.593	 -42.654	-296.101
	2029		   7.200	 -37.778	-294.542
	2030		   8.597	 -11.204	-278.797
	2031		   7.799	 -15.828	-293.581
	2032		   9.981	  -7.727	-286.621
	2033		   7.200	  -5.411	-235.940
	2034		  10.389	 -16.534	-296.960
	2035		  10.000	  -1.180	-145.139
	2036		   9.400	 -31.635	-296.341
	2037		   7.993	 -21.011	-296.121
	2038		  10.589	 -21.195	-294.182
	2039		  10.000	 -14.927	-294.682
	2040		   8.400	 -14.115	-295.761
	2041		   9.976	 -20.124	-294.162
	2042		  10.787	 -19.195	-293.401
	2043		   8.772	 -30.780	-295.380
	2044		   7.600	 -27.569	-294.002
	2045		  11.578	 -11.471	-281.528
	2046		   9.148	   0.572	-288.667
	2047		   8.980	 -18.804	-292.462
	2048		   9.600	  -5.725	-237.299
	2049		   9.199	   3.061	 -57.453
	2050		  10.184	  -3.068	-256.719
	2051		  10.591	  -2.276	-192.494
	2052		  10.999	 -10.759	-287.548
	2053		  11.396	   1.670	-230.031
	2054		   9.795	  -2.936	-231.763
	2055		   8.952	  -0.456	-226.219
	2056		   7.573	 -12.801	-230.525
	2057		   9.791	 -14.277	-237.240
	2058		   8.530	 -34.769	-296.180
	2059		   8.989	 -18.119	-294.841
	2060		  10.789	 -17.182	-296.381
	2061		   8.984	 -12.512	-295.061
	2062		   9.394	  -1.059	-202.489
	2063		  10.600	 -16.046	-276.286
	2064		  10.782	  -6.653	-296.940
	2065		   9.372	   1.546	-116.525
	2066		   8.889	  -7.408	-229.645
	2067		   8.997	 -10.811	-296.940
	2068		  10.596	  -2.255	-290.545
	2069		  11.394	  -4.019	-293.483
	2070		   7.994	  -9.166	-296.820
	2071		   9.795	  -3.370	-296.061
	2072		   9.393	 -12.791	-296.900
	2073		   8.600	 -37.571	-297.200
	2074		  10.988	 -32.895	-296.940
	2075		   8.981	  -7.727	-232.185
	2076		   9.800	 -24.838	-295.342
	2077		   9.984	  -9.445	-253.551
	2078		   7.752	 -25.787	-296.021
	2079		   7.796	 -23.097	-297.140
	2080		  11.783	 -18.290	-296.300
	2081		   9.773	 -18.379	-296.880
	2082		   9.984	 -14.829	-235.740
	2083		   9.599	 -37.087	-296.980
	2084		   9.400	 -28.559	-296.340
	2085		  10.597	 -34.163	-296.000
	2086		   9.560	 -22.610	-297.080
	2087		   8.399	 -26.260	-290.126
	2088		  10.741	 -16.402	-296.440
	2089		  10.599	 -13.137	-288.701
	2090		  10.324	 -19.052	-296.960
	2091		  11.196	  -7.664	-234.559
	2092		  10.197	  -4.960	-233.108
	2093		  10.395	 -34.826	-295.700
	2094		   6.583	 -22.272	-297.060
	2095		   9.393	 -42.302	-297.300
	2096		   9.786	 -42.106	-297.040
	2097		   8.795	 -31.002	-296.560
	2098		   8.600	 -15.869	-297.180
	2099		   8.392	 -25.723	-297.260
	2100		   9.200	 -32.942	-297.300
	2101		   9.599	 -29.684	-296.320
	2102		  10.591	 -20.649	-296.900
	2103		   9.795	 -38.805	-297.060
	2104		   9.199	 -24.578	-296.980
	2105		   9.597	 -23.201	-297.100
	2106		   9.998	 -10.466	-237.400
	2107		   7.767	 -10.491	-297.160
	2108		  11.396	 -38.809	-295.381
	2109		   9.999	 -32.780	-296.980
	2110		   7.797	 -12.362	-277.835
	2111		  10.195	 -23.060	-296.640
	2112		   9.353	 -18.144	-296.901
	2113		   9.000	 -25.353	-297.320
	2114		  10.195	  -8.896	-290.001
	2115		   6.966	 -14.379	-293.541
	2116		   9.786	 -30.874	-297.140
	2117		   9.594	 -31.205	-296.700
	2118		   6.593	 -19.272	-293.521
	2119		  10.388	 -14.802	-260.035
	2120		   7.792	 -17.758	-285.141
	2121		  10.585	 -14.060	-243.431
	2122		   7.780	 -18.004	-286.383
	2123		   7.800	  -7.358	-223.011
	2124		   9.795	  -5.848	-279.325
	2125		   9.798	 -15.207	-284.804
	2126		   9.397	  -9.972	-293.701
	2127		   6.790	 -16.724	-297.440
	2128		  10.186	 -43.899	-297.200
	2129		   7.767	 -31.503	-297.000
	2130		  10.200	 -28.395	-294.241
	2131		   8.994	 -19.137	-295.202
	2132		   7.981	 -19.677	-272.880
	2133		   7.783	 -34.262	-290.923
	2134		   9.394	 -19.391	-286.331
	2135		   8.969	 -12.192	-291.944
	2136		   6.990	 -12.406	-295.801
	2137		   8.374	 -30.381	-296.600
	2138		   7.800	 -14.214	-296.321
	2139		  10.378	 -13.581	-291.883
	2140		   8.197	 -11.511	-288.088
	2141		   7.999	   2.264	-116.031
	2142		   8.397	 -14.987	-292.963
	2143		  10.577	  -4.623	-239.383
	2144		   8.592	 -19.702	-296.120
	2145		   9.582	 -19.410	-297.200
	2146		   9.198	  -6.864	-230.883
	2147		  10.187	 -13.283	-297.320
	2148		   7.537	 -14.626	-291.424
	2149		   8.798	 -12.238	-296.400
	2150		   7.362	 -28.064	-296.400
	2151		   8.778	 -22.815	-296.700
	2152		   9.794	 -15.439	-291.984
	2153		   8.394	 -21.902	-296.760
	2154		   8.195	 -14.495	-296.940
	2155		  10.182	 -27.479	-237.540
	2156		  11.189	 -19.083	-297.080
	2157		   7.789	 -31.847	-297.000
	2158		   9.772	 -24.474	-294.462
	2159		   7.791	 -25.178	-297.400
	2160		   9.195	 -21.892	-297.160
	2161		   8.959	 -26.864	-295.182
	2162		  10.382	 -15.327	-295.981
	2163		   9.173	 -13.501	-293.003
	2164		  10.171	 -10.235	-296.940
	2165		   8.999	 -17.656	-297.240
	2166		   8.390	 -35.803	-297.100
	2167		   8.187	 -14.628	-296.980
	2168		   8.596	 -16.799	-297.440
	2169		  10.182	 -27.751	-296.780
	2170		   9.376	 -32.834	-297.200
	2171		   7.303	 -27.559	-297.380
	2172		   9.594	 -21.950	-294.003
	2173		   9.399	  -9.077	-251.456
	2174		  10.194	 -20.119	-295.181
	2175		  10.796	  -8.396	-230.505
	2176		  11.997	 -16.339	-296.620
	2177		  10.597	 -11.408	-296.680
	2178		  10.755	 -18.567	-297.180
	2179		   9.186	  -6.799	-288.488
	2180		   8.798	  -9.943	-293.283
	2181		  10.189	   0.107	-101.231
	2182		   7.792	  -2.362	-228.686
	2183		   7.384	  -4.545	-161.076
	2184		   9.790	  -5.668	-294.761
	2185		   8.191	 -11.573	-290.383
	2186		   9.387	  -0.844	-124.558
	2187		   9.791	  -9.328	-295.801
	2188		  10.792	   2.258	 -74.559
	2189		   8.976	  -3.295	-173.881
	2190		   8.175	  -2.756	-208.165
	2191		   9.781	 -17.654	-296.761
	2192		   8.791	  -2.398	-189.470
	2193		   8.990	 -11.607	-286.749
	2194		  10.594	  -2.172	-286.370
	2195		   9.172	  -8.991	-293.881
	2196		  10.774	 -12.275	-275.402
	2197		   8.991	  -7.473	-277.268
	2198		   9.998	 -10.846	-290.465
	2199		   7.390	 -20.950	-292.841
	2200		   9.574	  -8.649	-294.542
	2201		   8.997	 -11.811	-281.994
	2202		   8.176	 -21.561	-289.523
	2203		   9.778	 -12.160	-286.702
	2204		   8.791	 -13.704	-293.043
	2205		   8.199	 -15.823	-293.422
	2206		   9.378	  -8.679	-292.423
	2207		   8.995	  -2.701	-296.441
	2208		   9.996	  -7.881	-285.762
	2209		   8.370	 -13.045	-296.381
	2210		   9.195	  -7.588	-279.015
	2211		  10.194	 -10.872	-288.267
	2212		   9.158	  -5.321	-278.621
	2213		   8.578	  -9.326	-279.893
	2214		   8.775	  -8.656	-236.177
	2215		   9.791	  -5.125	-278.162
	2216		   7.999	  -3.809	-270.445
	2217		   9.788	 -21.285	-297.080
	2218		   7.791	 -15.130	-295.201
	2219		  10.799	  -3.455	-291.961
	2220		   9.191	  -3.583	-126.892
	2221		   9.183	  -4.766	-227.693
	2222		   9.993	 -11.686	-294.080
	2223		   7.992	 -12.934	-288.722
	2224		   8.197	  -0.525	-176.106
	2225		   8.573	  -7.618	-265.721
	2226		   8.793	 -10.136	-286.622
	2227		   8.393	 -15.400	-286.041
	2228		   9.795	 -16.044	-292.182
	2229		  10.585	 -19.904	-282.905
	2230		   9.392	  -3.162	-271.376
	2231		   8.773	  -7.030	-271.228
	2232		   7.565	  -9.758	-257.679
	2233		   7.371	  -9.139	-273.107
	2234		   7.566	  -2.726	-238.648
	2235		   8.537	  -1.870	-182.161
	2236		   8.988	  -5.360	-275.062
	2237		   8.581	   3.290	 -15.801
	2238		   7.196	 -12.249	-234.169
	2239		  10.364	   2.821	-225.949
	2240		   9.197	  -4.145	-243.185
	2241		   7.998	 -15.433	-233.380
	2242		   9.384	  -8.091	-287.521
	2243		  10.564	  -0.216	-236.640
	2244		   7.998	 -10.613	-290.441
	2245		   7.392	 -18.744	-289.786
	2246		   9.389	 -20.908	-296.021
	2247		  10.399	  -1.839	-220.676
	2248		  10.995	  -6.454	-284.372
	2249		   9.185	  -6.970	-254.789
	2250		   7.595	  -9.401	-273.480
	2251		   8.998	  -4.998	-262.257
	2252		   7.953	   0.623	-293.703
	2253		   9.371	  -3.713	-226.739
	2254		   7.582	  -1.070	 -84.597
	2255		   9.580	  -0.082	-237.336
	2256		   8.369	  -1.906	-273.003
	2257		   8.590	  -9.846	-292.423
	2258		  10.197	  -2.666	-282.455
	2259		   9.387	   2.063	 -89.040
	2260		   8.551	  -5.990	-264.010
	2261		   8.183	   3.214	   0.049
	2262		   9.992	  -4.260	-286.848
	2263		   8.995	  -4.263	-233.693
	2264		   7.155	  -7.298	-230.724
	2265		   7.398	  -1.799	-217.699
	2266		   9.381	  -6.458	-295.361
	2267		   9.776	  -7.451	-290.584
	2268		   9.790	 -10.848	-294.822
	2269		   9.000	 -12.246	-295.461
	2270		  10.394	 -10.655	-289.745
	2271		   8.176	  -5.288	-226.212
	2272		   8.987	 -12.256	-287.923
	2273		  10.188	 -10.538	-293.161
	2274		   6.989	 -18.402	-287.224
	2275		  11.394	  -7.396	-286.981
	2276		   8.567	 -11.383	-282.094
	2277		  10.190	  -2.012	-217.346
	2278		   8.799	  -7.971	-278.462
	2279		  10.198	  -5.274	-288.502
	2280		   7.792	  -2.453	-295.701
	2281		   8.591	  -8.573	-285.783
	2282		   6.791	  -3.487	-187.939
	2283		   8.590	  -6.270	-285.802
	2284		   6.996	 -11.255	-294.641
	2285		  10.595	   3.334	-225.508
	2286		   9.196	   2.998	 -90.892
	2287		   9.000	  -3.701	-281.165
	2288		   8.398	   2.427	-207.997
	2289		  10.993	  -6.853	-268.884
	2290		   9.186	  -2.931	-264.583
	2291		   8.389	  -1.966	-210.042
	2292		   8.800	  -0.900	-173.171
	2293		   8.187	  -6.725	-293.003
	2294		   8.591	 -11.050	-291.202
	2295		   7.794	  -5.676	-235.431
	2296		   9.798	  -0.718	-170.141
	2297		   8.993	  -7.306	-289.084
	2298		   9.993	   1.821	-207.925
	2299		   9.387	  -6.976	-248.785
	2300		   9.200	 -20.409	-296.580
	2301		   9.187	   1.186	-186.233
	2302		   8.196	  -2.492	-293.322
	2303		   8.392	  -3.674	-209.353
	2304		   8.785	   0.359	-174.877
	2305		   8.995	   2.307	-233.042
	2306		   8.593	  -6.093	-270.055
	2307		   8.990	  -1.191	-219.775
	2308		   7.197	  -7.475	-265.789
	2309		   7.597	  -9.681	-275.481
	2310		   7.396	  -8.401	-289.625
	2311		  10.791	 -12.124	-292.821
	2312		   8.995	   0.016	-226.776
	2313		  11.198	  -4.633	-286.504
	2314		   8.198	 -11.283	-278.251
	2315		   6.192	  -6.629	-285.163
	2316		   9.798	  -1.588	-295.201
	2317		   8.985	   3.281	 -61.017
	2318		   8.198	  -1.200	-291.283
	2319		   8.796	 -12.532	-289.146
	2320		   8.800	  -4.437	-283.010
	2321		   8.377	  -5.874	-169.390
	2322		   9.358	 -11.798	-290.944
	2323		   8.785	  -9.662	-293.582
	2324		   7.799	  -5.733	-293.423
	2325		   7.995	 -19.658	-296.061
	2326		   8.589	  -0.658	-272.963
	2327		  10.189	  -0.192	-228.762
	2328		   8.392	  -2.806	-226.150
	2329		   8.589	 -12.021	-292.302
	2330		   9.992	  -2.517	-226.191
	2331		   8.194	  -0.903	-290.822
	2332		   9.194	  -0.752	-236.481
	2333		   5.995	  -4.942	-226.568
	2334		  10.796	 -10.399	-248.803
	2335		   7.397	  -9.667	-272.721
	2336		   7.398	  -0.152	-237.768
	2337		   8.197	  -6.485	-293.861
	2338		   7.998	   2.329	 -30.091
	2339		   8.189	  -2.702	-289.423
	2340		   8.197	  -9.341	-294.462
	2341		   8.597	  -4.085	-281.608
	2342		   7.979	  -6.937	-295.161
	2343		   9.786	  -8.419	-287.342
	2344		   7.786	  -1.710	-145.195
	2345		   8.963	  -1.263	-189.463
	2346		   7.594	  -3.032	-208.223
	2347		   9.792	   0.500	-198.195
	2348		   8.396	   0.559	-283.584
	2349		   8.592	  -2.216	-277.950
	2350		   9.395	  -9.208	-261.910
	2351		   8.583	   2.425	-203.159
	2352		   7.396	   0.163	-172.584
	2353		   7.796	  -4.519	-292.963
	2354		   8.198	  -2.642	-266.846
	2355		   9.000	   1.539	-292.781
	2356		   8.399	   0.811	-113.837
	2357		   6.388	  -3.408	-279.262
	2358		   9.597	  -3.541	-294.261
	2359		   7.771	  -9.187	-221.278
	2360		   8.400	  -8.477	-283.104
	2361		   9.594	  -5.605	-288.424
	2362		   8.596	  -5.520	-265.543
	2363		   8.998	  -4.757	-215.932
	2364		   8.192	  -8.714	-289.744
	2365		   7.193	   1.927	-148.356
	2366		   8.393	  -0.592	-273.508
	2367		   8.194	   0.182	-235.495
	2368		   7.595	  -5.579	-267.065
	2369		   6.732	  -4.208	-239.472
	2370		   8.775	   2.163	 -80.643
	2371		  10.186	  -1.184	-288.781
	2372		   6.997	 -10.815	-283.021
	2373		   7.391	 -18.716	-282.302
	2374		   7.182	 -16.599	-287.648
	2375		   7.189	 -11.129	-278.244
	2376		   9.594	  -0.666	-165.888
	2377		   6.799	  -5.600	-283.105
	2378		   9.373	  -2.990	-215.991
	2379		   8.393	 -11.169	-292.041
	2380		   8.400	  -0.936	-243.532
	2381		   7.581	  -5.179	-289.425
	2382		   7.987	 -14.858	-252.907
	2383		   7.796	  -2.278	-210.639
	2384		   7.190	 -11.260	-289.504
	2385		   9.183	  -3.136	-206.324
	2386		  10.593	  -5.979	-287.342
	2387		   6.997	  -7.822	-287.642
	2388		   8.589	  -2.686	-269.364
	2389		   7.998	  -0.361	-199.467
	2390		   8.400	  -0.603	-270.257
	2391		   9.782	   0.656	-289.162
	2392		  10.391	  -3.268	-201.658
	2393		   8.587	  -6.848	-254.478
	2394		   6.584	 -11.467	-292.843
	2395		  10.592	  -4.343	-286.222
	2396		   9.995	  -8.315	-245.005
	2397		  10.591	  -9.611	-282.301
	2398		  10.200	  -4.172	-274.062
	2399		   9.799	  -1.274	-196.826
	2400		   8.392	  -4.522	-269.523
	2401		   8.194	  -4.400	-286.962
	2402		   6.800	 -10.216	-291.362
	2403		   7.997	  -9.490	-274.350
	2404		   7.791	  -6.115	-284.782
	2405		   8.197	  -2.628	-289.205
	2406		   9.994	   0.454	-129.894
	2407		   8.999	   4.432	  -0.144
	2408		   9.800	   4.879	 -10.582
	2409		   7.580	  -2.850	-282.465
	2410		   8.194	  -5.898	-291.084
	2411		   9.992	   0.946	-238.551
	2412		   9.795	   0.644	-204.960
	2413		   8.592	   4.387	 -23.317
	2414		   7.600	  -9.126	-272.782
	2415		  10.590	  -5.610	-265.469
	2416		   9.196	   4.310	 -27.804
	2417		  10.187	   4.355	 -92.303
	2418		   9.396	  -1.220	-227.073
	2419		   9.587	  -2.427	-265.469
	2420		   9.186	  -9.045	-255.712
	2421		   8.400	  -3.372	-235.339
	2422		   7.796	  -0.350	-203.536
	2423		   7.193	  -7.196	-270.782
	2424		   8.594	   3.539	 -13.549
	2425		   6.596	  -1.844	-180.366
	2426		   8.797	  -3.087	-226.909
	2427		   9.595	  -3.665	-289.504
	2428		   7.997	  -3.776	-277.863
	2429		   8.182	  -3.047	-223.166
	2430		   7.161	  -6.197	-289.502
	2431		   7.594	  -0.004	-261.463
	2432		   9.186	 -11.064	-294.461
	2433		   7.987	  -8.635	-281.550
	2434		   8.996	  -2.314	-286.662
	2435		   8.195	  -4.356	-272.809
	2436		   9.198	   1.662	-114.048
	2437		   7.596	  -5.316	-285.623
	2438		   9.597	  -1.216	-214.853
	2439		   6.780	   1.646	 -64.993
	2440		   7.200	  -8.781	-240.062
	2441		   8.595	   0.817	-183.137
	2442		   7.784	  -2.311	-233.371
	2443		   8.557	  -8.528	-283.341
	2444		   8.785	  -4.223	-235.679
	2445		   7.991	  -2.395	-206.020
	2446		   8.992	  -7.453	-281.601
	2447		   7.588	  -8.531	-271.846
	2448		   7.396	  -0.844	-144.513
	2449		   9.798	  -5.119	-215.699
	2450		   9.196	  -4.831	-273.370
	2451		   8.399	  -0.449	-209.099
	2452		   7.200	  -1.414	-160.264
	2453		   8.785	  -6.593	-260.801
	2454		   8.800	 -10.598	-285.163
	2455		   8.396	  -0.624	-174.977
	2456		   8.199	   0.402	-191.406
	2457		   6.531	  -1.040	-250.649
	2458		   8.385	  -2.288	-217.496
	2459		   6.184	  -3.711	-267.783
	2460		  10.595	  -6.211	-240.752
	2461		   8.192	 -11.844	-227.351
	2462		   9.375	  -0.567	-269.761
	2463		   9.765	  -3.629	-196.561
	2464		   7.590	  -6.449	-220.942
	2465		   9.395	  -3.923	-290.361
	2466		   8.995	  -1.031	-279.903
	2467		   8.981	 -11.324	-292.181
	2468		   9.195	  -0.638	-157.174
	2469		   7.572	  -6.260	-186.957
	2470		   8.791	  -1.215	-283.444
	2471		   7.559	 -15.330	-284.602
	2472		   8.999	 -18.644	-159.683
	2473		   9.792	 -15.768	-139.437
	2474		   9.194	 -29.571	-244.635
	2475		   7.398	 -30.544	-286.283
	2476		   8.355	 -33.424	-287.223
	2477		  10.178	 -21.591	-278.727
	2478		   7.725	  -6.908	-263.940
	2479		   6.794	  -4.905	-160.206
	2480		   8.197	  -9.138	-282.745
	2481		   8.795	  -7.770	-260.101
	2482		   8.385	   0.796	-168.509
	2483		   7.393	   0.987	-215.810
	2484		   9.998	 -14.257	-284.924
	2485		   7.196	 -21.563	-281.582
	2486		   7.387	 -15.531	-269.405
	2487		   8.770	 -14.837	-255.845
	2488		   8.975	  -8.471	-231.229
	2489		  11.584	  -4.605	-127.638
	2490		   9.590	  -8.196	-271.311
	2491		   7.381	  -2.795	-224.950
	2492		   9.194	  -5.206	-287.322
	2493		   8.596	 -11.505	-283.003
	2494		   9.798	 -12.313	-105.280
	2495		   7.983	 -21.260	-285.242
	2496		   9.397	  -6.852	-271.841
	2497		   8.944	 -16.467	-275.300
	2498		   8.977	  -5.312	-202.055
	2499		   9.158	 -17.282	-256.087
