# Evoluation started on 2016/06/01 16:37:26
# Generation	   Best 	   Average 	   Worst
	  0		   3.400	 -35.928	-297.040
	  1		   2.788	  -8.654	-297.160
	  2		   3.600	   1.206	  -0.010
	  3		   4.792	   0.865	 -86.674
	  4		   3.400	   0.226	 -97.155
	  5		   4.400	  -1.685	-134.434
	  6		   5.800	   1.741	 -13.770
	  7		   3.996	   0.377	 -95.490
	  8		   5.384	   0.696	 -58.119
	  9		   7.599	  -1.356	-161.328
	 10		   7.197	  -2.237	-245.335
	 11		  10.588	   2.695	 -11.739
	 12		   8.000	   1.359	 -84.681
	 13		   5.400	  -0.656	-248.569
	 14		   6.195	  -0.221	-252.050
	 15		   7.993	   0.954	 -40.358
	 16		   6.979	   1.608	  -5.814
	 17		   7.181	   1.096	 -58.600
	 18		   6.200	   0.887	 -58.148
	 19		   7.600	  -1.975	-156.839
	 20		   6.771	  -1.195	 -92.885
	 21		   6.599	  -2.330	-192.716
	 22		   7.197	  -0.150	-191.240
	 23		   7.395	   1.089	 -77.437
	 24		   5.600	  -1.114	-260.151
	 25		   5.600	   1.237	 -38.884
	 26		   6.596	   0.994	 -56.703
	 27		   9.196	  -1.953	-241.201
	 28		   5.979	  -1.436	-107.936
	 29		   5.997	  -3.958	-245.184
	 30		   7.159	  -1.873	-264.874
	 31		   9.400	  -2.793	-282.604
	 32		   7.398	  -3.033	-182.398
	 33		   8.198	  -1.029	-200.335
	 34		   8.198	  -2.726	-255.519
	 35		   6.197	  -3.757	-241.797
	 36		   8.189	  -0.920	-143.496
	 37		   6.792	  -9.744	-225.735
	 38		   8.948	   0.910	-182.456
	 39		   7.984	 -10.760	-258.793
	 40		   8.156	  -5.229	-188.391
	 41		   7.185	 -14.251	-284.344
	 42		   7.594	  -5.084	-144.129
	 43		   7.754	  -8.259	-194.692
	 44		   6.965	 -17.057	-262.595
	 45		   7.987	  -4.210	-246.339
	 46		   7.185	  -9.235	-234.275
	 47		  10.787	  -1.623	-245.864
	 48		  12.196	  -3.726	-253.946
	 49		   9.763	  -9.867	-273.564
	 50		   9.775	  -0.165	-119.222
	 51		  13.780	  -2.762	-250.929
	 52		  10.799	  -3.634	-243.432
	 53		   9.393	  -8.824	-258.964
	 54		  10.396	  -3.730	-259.651
	 55		   9.596	  -2.518	-214.461
	 56		  11.000	  -1.663	-100.107
	 57		   7.197	  -4.681	-221.728
	 58		  10.975	  -7.088	-194.821
	 59		  10.579	  -4.327	-245.185
	 60		  10.367	  -6.980	-235.033
	 61		  10.779	  -7.804	-265.130
	 62		  10.989	  -4.380	-267.928
	 63		  11.400	  -5.113	-273.424
	 64		  11.779	   1.898	 -92.209
	 65		  10.165	  -6.494	-261.628
	 66		  12.165	  -4.979	-253.511
	 67		  11.392	 -10.575	-214.853
	 68		  11.193	  -6.633	-264.025
	 69		  10.766	  -7.540	-267.617
	 70		  13.994	   1.474	-230.411
	 71		   9.991	   0.103	-235.099
	 72		   9.988	  -6.848	-247.085
	 73		  10.193	  -4.731	-278.804
	 74		  13.797	  -5.813	-288.205
	 75		  11.600	 -10.623	-235.177
	 76		  12.588	  -3.115	-286.145
	 77		  15.394	  -2.563	-201.616
	 78		  11.198	   0.631	-194.134
	 79		  12.598	  -3.562	-262.141
	 80		  10.577	  -6.077	-248.109
	 81		   9.995	  -0.312	-202.731
	 82		  11.599	  -5.140	-275.871
	 83		  13.187	 -16.898	-279.002
	 84		  10.743	  -6.110	-219.318
	 85		  10.166	  -5.776	-199.690
	 86		  12.146	  -9.778	-246.692
	 87		  10.951	  -6.974	-179.724
	 88		  12.779	  -7.676	-284.343
	 89		  11.347	  -6.965	-275.225
	 90		  14.188	  -1.849	-268.965
	 91		  10.567	  -5.222	-224.257
	 92		  11.400	  -6.188	-271.807
	 93		  12.394	  -6.018	-161.504
	 94		  11.981	 -10.754	-264.223
	 95		  11.584	 -11.739	-232.966
	 96		  12.379	  -4.715	-125.822
	 97		   9.978	  -3.280	-110.669
	 98		  14.165	  -9.308	-179.153
	 99		  14.000	 -16.570	-188.245
	100		   8.968	  -2.800	-212.638
	101		  10.179	 -11.499	-266.015
	102		  10.941	 -11.939	-215.765
	103		  13.193	  -5.291	-201.873
	104		  12.161	  -5.670	-104.059
	105		  13.788	 -14.703	-260.856
	106		  12.377	  -6.508	-167.889
	107		  11.179	  -0.507	-122.596
	108		  12.188	  -6.542	-253.513
	109		   8.171	 -14.455	-210.502
	110		  10.183	  -6.095	-206.612
	111		  11.542	  -0.847	 -93.914
	112		  11.597	  -7.388	-225.630
	113		  14.992	  -7.447	-221.367
	114		  13.375	   0.990	 -87.448
	115		  15.949	   0.525	-234.158
	116		  12.356	  -9.402	-244.112
	117		  13.175	  -4.719	-195.260
	118		  15.173	  -4.215	-162.708
	119		  12.765	  -6.064	-166.458
	120		  14.598	  -6.413	-248.658
	121		  12.982	  -2.708	-149.840
	122		  15.396	  -3.986	-195.916
	123		  13.380	  -5.411	-270.344
	124		  14.372	  -2.586	-185.545
	125		  16.595	 -11.115	-198.982
	126		  10.962	  -9.771	-182.432
	127		  11.570	  -1.894	-163.047
	128		  13.581	  -5.143	-244.668
	129		  13.799	   2.419	 -76.331
	130		  12.160	  -3.657	-206.430
	131		  12.176	  -0.788	-126.982
	132		  13.361	  -1.774	-158.958
	133		  14.750	  -6.016	-187.258
	134		  12.593	  -9.145	-284.223
	135		  13.378	  -9.704	-186.685
	136		  12.790	  -6.856	-261.630
	137		  17.592	  -4.038	-200.023
	138		  11.972	  -6.002	-172.858
	139		   8.981	  -4.194	-146.359
	140		  11.549	 -10.005	-261.907
	141		  12.173	  -2.852	-266.903
	142		  13.928	  -5.432	-214.451
	143		  10.774	  -0.239	 -70.143
	144		  14.569	  -5.760	-276.648
	145		  13.386	  -3.691	-170.514
	146		  11.396	  -6.560	-257.731
	147		   9.800	  -1.073	-183.321
	148		  12.759	   2.097	-150.114
	149		   9.548	  -5.590	-173.749
	150		  13.389	  -0.148	-263.270
	151		   8.200	  -0.888	-267.207
	152		  11.394	   3.161	-177.488
	153		  11.990	   1.376	-128.810
	154		  13.794	  -0.293	-121.315
	155		   8.987	   1.408	-108.079
	156		  14.598	  -0.649	-253.883
	157		  14.736	   0.299	-217.153
	158		  11.994	  -8.414	-251.358
	159		   9.736	 -14.318	-259.972
	160		  11.553	  -5.547	-263.952
	161		  11.762	  -4.869	-189.109
	162		  13.362	  -1.500	-220.628
	163		  10.756	   0.853	-108.131
	164		  13.568	   1.456	-160.053
	165		  13.187	  -4.782	-207.930
	166		   7.191	   1.371	-120.557
	167		  10.998	 -11.850	-274.022
	168		  12.991	  -0.474	-243.625
	169		  11.394	  -1.478	-248.583
	170		  13.199	  -6.380	-268.785
	171		  11.000	  -3.592	-232.609
	172		  10.600	  -2.103	-243.826
	173		  12.192	   4.126	 -94.534
	174		  15.000	   3.238	-164.310
	175		  14.784	   4.288	-127.611
	176		  12.397	  -0.547	-192.114
	177		  12.593	   1.649	-204.669
	178		  13.596	   1.489	-134.549
	179		  14.987	  -4.009	-269.385
	180		  13.977	  -3.427	-263.125
	181		  11.999	  -3.149	-236.674
	182		  13.555	   0.820	-135.713
	183		  14.600	  -8.385	-284.962
	184		  10.778	  -9.547	-259.265
	185		  12.754	   1.304	-146.213
	186		  12.593	  -6.082	-205.315
	187		  17.790	  -5.502	-275.293
	188		  11.181	   5.484	 -15.834
	189		  13.194	  -6.916	-261.543
	190		  12.395	  -7.873	-275.047
	191		  13.396	   3.874	-153.658
	192		  15.760	  -8.381	-267.325
	193		  11.593	  -9.561	-266.247
	194		  14.193	  -7.657	-288.022
	195		  14.389	 -16.836	-280.522
	196		  10.795	  -9.390	-254.085
	197		  13.795	   0.938	-223.639
	198		  14.797	  -1.849	-203.133
	199		  10.164	  -2.849	-287.324
	200		  13.158	  -8.558	-255.255
	201		  14.200	   2.699	-231.844
	202		  14.400	  -4.421	-262.600
	203		  13.570	  -2.342	-243.025
	204		  10.565	   0.299	-264.848
	205		  10.391	   5.066	 -27.252
	206		  10.774	  -6.954	-240.647
	207		  15.191	 -12.076	-252.430
	208		  11.966	 -10.279	-278.930
	209		  12.798	 -14.181	-260.475
	210		  16.585	  -1.694	-236.770
	211		  13.387	 -10.907	-249.904
	212		  13.388	  -8.072	-273.286
	213		  12.363	  -6.046	-255.777
	214		  14.592	  -9.809	-259.645
	215		  13.193	  -0.632	-251.648
	216		  14.394	  -9.360	-216.237
	217		  12.979	 -13.593	-276.723
	218		  18.381	   3.330	-275.047
	219		  13.595	  -8.946	-274.924
	220		  14.592	  -8.781	-254.831
	221		  16.996	  -4.913	-272.626
	222		  13.986	  -3.465	-189.000
	223		  14.200	  -0.729	-208.479
	224		  14.798	  -2.047	-223.323
	225		  16.600	  -6.217	-247.612
	226		  17.789	   0.074	-239.955
	227		  15.599	  -9.039	-272.724
	228		  13.794	  -2.886	-257.828
	229		  13.173	  -4.132	-238.393
	230		  12.790	   3.010	-198.048
	231		  14.179	   0.350	-221.691
	232		  14.974	  -0.048	-186.723
	233		  16.993	 -17.745	-271.184
	234		  12.999	  -7.962	-284.226
	235		  14.197	  -9.319	-177.193
	236		  13.399	  -8.235	-275.964
	237		  13.386	   1.810	-198.413
	238		  11.390	 -15.566	-289.062
	239		  13.400	 -11.546	-221.920
	240		  15.793	  -7.886	-259.985
	241		  17.572	 -11.474	-245.449
	242		  17.192	 -10.226	-232.116
	243		  15.587	   3.394	 -73.386
	244		  15.583	 -13.874	-291.162
	245		  13.594	  -2.396	-250.065
	246		  11.798	  -4.055	-282.003
	247		  14.395	  -0.458	-219.149
	248		  13.358	  -4.482	-222.240
	249		  11.999	 -10.634	-207.643
	250		  15.779	  -1.141	-256.390
	251		  20.390	  -4.847	-244.574
	252		  13.584	  -2.080	-229.157
	253		  13.589	 -10.588	-220.855
	254		  17.971	   0.183	-207.339
	255		  15.577	  -8.856	-243.209
	256		  13.189	  -5.499	-256.355
	257		  13.799	 -13.539	-276.523
	258		  15.768	  -0.160	-254.664
	259		  14.590	  -5.945	-214.639
	260		  17.377	  -0.820	-269.693
	261		  15.978	  -1.735	-283.444
	262		  14.596	   1.429	-267.768
	263		  13.132	  -9.457	-280.383
	264		  12.192	  -2.748	-193.171
	265		  18.795	  -0.002	-159.399
	266		  12.390	  -0.852	-150.529
	267		  15.754	 -10.463	-174.205
	268		  14.994	  -4.436	-190.994
	269		  14.381	  -3.391	-263.227
	270		  16.981	  -4.248	-267.042
	271		  11.170	  -5.222	-231.191
	272		  12.761	  -9.167	-199.792
	273		  15.577	  -6.997	-195.240
	274		  11.997	  -9.938	-257.550
	275		  12.775	  -4.866	-228.969
	276		  15.194	 -14.656	-279.825
	277		  12.999	 -11.164	-266.426
	278		  12.797	  -3.798	-252.845
	279		  14.184	  -7.993	-241.959
	280		  13.392	  -3.833	-270.806
	281		  13.187	 -17.296	-274.390
	282		  15.369	  -0.145	-211.449
	283		  13.994	  -3.093	-223.355
	284		  12.198	  -5.993	-246.864
	285		  14.572	  -9.809	-255.205
	286		  14.596	  -2.922	-176.532
	287		  18.199	  -3.350	-226.542
	288		  11.790	  -9.560	-245.732
	289		  13.184	  -1.210	-255.144
	290		  14.375	  -4.432	-248.534
	291		  13.789	 -22.463	-261.570
	292		  16.586	  -7.049	-260.468
	293		  13.188	  -7.280	-266.069
	294		  10.197	 -10.852	-211.742
	295		  15.400	 -14.444	-275.065
	296		  12.780	 -21.765	-271.624
	297		  12.198	  -5.300	-258.145
	298		  11.784	 -16.669	-285.043
	299		  14.980	  -7.107	-283.563
	300		  14.590	 -15.828	-236.129
	301		  13.167	 -16.053	-273.646
	302		  14.344	 -10.426	-269.301
	303		  12.195	 -15.472	-259.285
	304		  13.595	  -4.046	-248.756
	305		  13.580	 -12.690	-285.864
	306		  14.392	   0.638	-202.116
	307		  12.385	 -14.893	-280.127
	308		  11.374	  -7.779	-251.836
	309		  13.568	 -10.900	-218.534
	310		  12.992	  -0.375	-134.375
	311		  17.596	  -8.848	-293.561
	312		  14.195	  -5.553	-192.039
	313		  13.394	 -16.856	-288.762
	314		  14.197	  -0.432	-119.662
	315		  18.768	  -1.111	-266.557
	316		  13.392	 -12.051	-265.251
	317		  11.990	  -4.921	-185.255
	318		  13.797	  -7.256	-268.030
	319		  11.992	  -7.214	-264.293
	320		  11.799	  -1.215	-246.506
	321		  15.958	  -8.740	-275.305
	322		  11.379	 -14.973	-269.166
	323		  18.800	 -13.645	-244.095
	324		   9.976	 -15.998	-256.827
	325		  13.370	  -8.512	-222.599
	326		  16.165	  -8.314	-224.687
	327		  11.600	 -12.876	-225.080
	328		  13.388	 -16.564	-273.864
	329		  12.191	  -7.038	-179.633
	330		  10.598	  -6.067	-237.936
	331		   8.795	 -11.278	-149.014
	332		  13.584	  -1.199	 -99.121
	333		  15.559	  -2.120	-181.785
	334		  12.984	  -9.387	-216.757
	335		  13.981	 -15.230	-287.142
	336		  15.199	   1.492	-122.201
	337		  12.396	  -3.480	-282.463
	338		  13.789	  -5.164	-247.130
	339		  13.784	  -3.744	-190.976
	340		  15.384	  -9.756	-240.064
	341		  12.784	  -3.091	-207.212
	342		  14.592	  -6.247	-238.542
	343		  15.171	  -4.542	-218.075
	344		  16.593	  -5.325	-147.262
	345		  13.182	 -16.381	-242.348
	346		  19.779	  -7.080	-238.546
	347		  15.577	  -6.779	-192.681
	348		  14.781	  -9.750	-239.979
	349		  18.390	   2.011	-113.164
	350		  14.559	  -4.148	-174.752
	351		  14.397	 -15.942	-273.429
	352		  13.574	  -2.215	-132.505
	353		  14.990	 -12.459	-275.826
	354		  12.199	   0.731	-154.083
	355		  13.799	  -2.644	-232.262
	356		  10.796	  -2.443	-221.721
	357		  16.786	  -1.085	-231.620
	358		  14.770	   3.527	-106.615
	359		  14.775	   1.016	-131.721
	360		  12.399	   1.104	-272.525
	361		  16.589	  -2.852	-176.734
	362		  15.794	  -2.611	-185.957
	363		  16.592	  -1.098	-140.633
	364		  13.592	   0.872	-105.602
	365		  15.800	  -5.417	-172.640
	366		  14.593	  -0.846	-162.204
	367		  14.396	  -1.496	-243.402
	368		  13.779	  -9.916	-274.166
	369		  14.983	  -3.234	-186.314
	370		  12.792	  -3.025	-248.627
	371		  12.761	  -4.894	-257.716
	372		  18.379	  -6.175	-220.011
	373		  13.979	  -8.057	-201.996
	374		  16.994	  -4.010	-267.231
	375		  14.773	  -8.114	-271.873
	376		  15.400	   2.442	 -95.817
	377		  14.377	  -7.613	-283.842
	378		  14.973	 -14.821	-258.738
	379		  12.379	 -11.690	-262.962
	380		  13.788	  -6.978	-236.903
	381		  14.391	 -13.474	-279.283
	382		  16.391	  -8.619	-269.327
	383		  15.199	  -6.972	-268.297
	384		  16.000	  -6.721	-258.528
	385		  15.400	  -7.908	-255.686
	386		  12.400	  -0.247	-195.746
	387		  15.000	  -2.505	-265.168
	388		  13.200	  -3.902	-255.963
	389		  13.797	 -16.000	-267.305
	390		  12.995	  -6.086	-263.707
	391		  12.957	 -11.327	-270.005
	392		  16.996	 -11.148	-277.782
	393		  13.600	  -2.754	-234.210
	394		  12.400	  -7.491	-267.150
	395		  16.999	  -7.628	-268.865
	396		  12.399	 -14.133	-293.842
	397		  14.598	 -10.652	-215.150
	398		  18.198	  -4.372	-272.807
	399		  13.362	  -7.886	-238.188
	400		  13.199	  -0.764	-200.014
	401		  12.963	  -1.086	-150.416
	402		  13.757	   1.173	-184.833
	403		  17.587	  -1.067	-240.758
	404		  14.968	   1.749	 -95.870
	405		  11.593	  -9.566	-269.147
	406		  12.795	  -7.536	-263.307
	407		  11.397	  -6.396	-186.624
	408		  13.598	  -5.302	-287.662
	409		  10.563	 -15.687	-253.462
	410		  12.389	 -17.667	-256.108
	411		  14.796	  -5.956	-147.255
	412		  13.600	  -3.982	-179.014
	413		  11.361	 -11.434	-268.399
	414		  13.793	  -3.812	-211.985
	415		  12.383	 -17.718	-264.846
	416		  12.789	  -1.943	-244.365
	417		  13.593	  -7.832	-265.166
	418		  14.398	   0.034	-202.907
	419		  15.200	   1.609	-228.092
	420		  11.589	  -5.712	-279.084
	421		  12.594	 -10.277	-248.664
	422		  15.387	 -25.073	-284.302
	423		  13.783	 -15.347	-261.615
	424		  10.385	 -11.193	-281.802
	425		  12.000	 -13.594	-263.803
	426		  10.997	  -1.055	-184.285
	427		  11.759	  -5.803	-193.849
	428		  10.794	 -15.796	-267.321
	429		  10.375	  -5.983	-263.111
	430		  13.560	   1.872	-122.817
	431		  15.194	  -2.087	-282.403
	432		  10.196	   1.031	 -87.303
	433		   9.600	  -2.240	-267.532
	434		  14.767	   1.971	-263.944
	435		  10.775	  -9.992	-279.762
	436		  11.781	   1.104	-287.202
	437		  10.390	 -14.271	-265.868
	438		  13.976	 -13.241	-275.289
	439		  10.366	 -19.010	-288.926
	440		  13.784	  -8.021	-288.604
	441		  11.200	 -13.795	-280.505
	442		  12.795	  -9.037	-264.314
	443		  11.371	   2.158	-266.435
	444		  13.594	  -3.666	-225.168
	445		   9.778	 -10.836	-289.702
	446		  12.182	  -9.846	-275.744
	447		  11.396	 -15.047	-276.925
	448		   9.186	 -19.184	-291.561
	449		  11.387	 -10.981	-195.085
	450		  10.387	 -17.038	-282.209
	451		  10.187	 -13.507	-270.635
	452		  14.189	  -7.009	-282.424
	453		  11.599	  -8.236	-247.351
	454		  12.993	  -2.554	-263.657
	455		  14.189	  -1.931	-195.918
	456		  14.992	   0.337	-139.780
	457		  13.982	 -11.288	-263.572
	458		  15.999	  -8.413	-225.454
	459		  10.192	  -5.783	-267.532
	460		  13.800	  -3.967	-263.696
	461		  13.786	 -15.953	-284.624
	462		  10.399	 -14.910	-258.413
	463		  13.191	 -12.807	-251.696
	464		  12.190	  -3.703	-226.026
	465		  12.595	  -7.801	-271.680
	466		  14.193	  -2.765	-274.443
	467		  13.999	 -12.021	-244.263
	468		  14.996	  -5.559	-250.446
	469		  12.196	 -15.440	-288.323
	470		  11.192	  -5.765	-288.783
	471		  16.587	  -5.925	-268.415
	472		  15.000	  -0.595	-264.103
	473		  11.377	 -16.131	-269.253
	474		  13.391	 -10.788	-225.550
	475		  10.771	  -3.923	-272.595
	476		  14.592	  -2.250	-203.959
	477		  10.598	 -30.525	-277.863
	478		  15.190	  -9.725	-278.166
	479		  16.971	  -1.555	-259.938
	480		  13.995	  -6.471	-271.264
	481		  13.191	 -16.446	-275.547
	482		  14.994	 -14.971	-275.142
	483		  15.580	 -13.227	-273.193
	484		  14.398	  -0.746	-227.222
	485		  15.997	   1.468	-267.643
	486		  14.594	  -8.369	-291.421
	487		  15.958	   0.755	-275.603
	488		  13.198	   1.943	-234.478
	489		  10.397	  -2.857	-283.121
	490		  11.192	   3.945	 -88.409
	491		  13.599	  -6.922	-274.586
	492		  14.598	  -0.882	-192.072
	493		  13.192	   0.440	-172.218
	494		  15.975	   3.867	-119.668
	495		  14.194	  -9.083	-285.883
	496		  17.592	  -6.883	-205.345
	497		  13.960	 -18.393	-272.992
	498		  15.594	   0.186	 -96.981
	499		  12.976	  -9.243	-266.747
